13:03:35 **** Build of project bootloader_bsp ****
make -k all 
Running Make include in microblaze_0/libsrc/bram_v4_1/src
make -C microblaze_0/libsrc/bram_v4_1/src -s include  "SHELL=/bin/sh" "COMPILER=mb-gcc" "ARCHIVER=mb-ar" "COMPILER_FLAGS= -O2 -c -mcpu=v10.0 -mlittle-endian -mno-xl-soft-div -mno-xl-soft-mul -mxl-barrel-shift -mxl-multiply-high -mxl-pattern-compare" "EXTRA_COMPILER_FLAGS=-ffunction-sections -fdata-sections -Wall -Wextra"
Running Make include in microblaze_0/libsrc/cpu_v2_6/src
make -C microblaze_0/libsrc/cpu_v2_6/src -s include  "SHELL=/bin/sh" "COMPILER=mb-gcc" "ARCHIVER=mb-ar" "COMPILER_FLAGS= -O2 -c -mcpu=v10.0 -mlittle-endian -mno-xl-soft-div -mno-xl-soft-mul -mxl-barrel-shift -mxl-multiply-high -mxl-pattern-compare" "EXTRA_COMPILER_FLAGS=-ffunction-sections -fdata-sections -Wall -Wextra"
Running Make include in microblaze_0/libsrc/emaclite_v4_3/src
make -C microblaze_0/libsrc/emaclite_v4_3/src -s include  "SHELL=/bin/sh" "COMPILER=mb-gcc" "ARCHIVER=mb-ar" "COMPILER_FLAGS= -O2 -c -mcpu=v10.0 -mlittle-endian -mno-xl-soft-div -mno-xl-soft-mul -mxl-barrel-shift -mxl-multiply-high -mxl-pattern-compare" "EXTRA_COMPILER_FLAGS=-ffunction-sections -fdata-sections -Wall -Wextra"
Running Make include in microblaze_0/libsrc/gpio_v4_3/src
make -C microblaze_0/libsrc/gpio_v4_3/src -s include  "SHELL=/bin/sh" "COMPILER=mb-gcc" "ARCHIVER=mb-ar" "COMPILER_FLAGS= -O2 -c -mcpu=v10.0 -mlittle-endian -mno-xl-soft-div -mno-xl-soft-mul -mxl-barrel-shift -mxl-multiply-high -mxl-pattern-compare" "EXTRA_COMPILER_FLAGS=-ffunction-sections -fdata-sections -Wall -Wextra"
Running Make include in microblaze_0/libsrc/intc_v3_6/src
make -C microblaze_0/libsrc/intc_v3_6/src -s include  "SHELL=/bin/sh" "COMPILER=mb-gcc" "ARCHIVER=mb-ar" "COMPILER_FLAGS= -O2 -c -mcpu=v10.0 -mlittle-endian -mno-xl-soft-div -mno-xl-soft-mul -mxl-barrel-shift -mxl-multiply-high -mxl-pattern-compare" "EXTRA_COMPILER_FLAGS=-ffunction-sections -fdata-sections -Wall -Wextra"
Running Make include in microblaze_0/libsrc/spi_v4_2/src
make -C microblaze_0/libsrc/spi_v4_2/src -s include  "SHELL=/bin/sh" "COMPILER=mb-gcc" "ARCHIVER=mb-ar" "COMPILER_FLAGS= -O2 -c -mcpu=v10.0 -mlittle-endian -mno-xl-soft-div -mno-xl-soft-mul -mxl-barrel-shift -mxl-multiply-high -mxl-pattern-compare" "EXTRA_COMPILER_FLAGS=-ffunction-sections -fdata-sections -Wall -Wextra"
Running Make include in microblaze_0/libsrc/standalone_v6_3/src
make -C microblaze_0/libsrc/standalone_v6_3/src -s include  "SHELL=/bin/sh" "COMPILER=mb-gcc" "ARCHIVER=mb-ar" "COMPILER_FLAGS= -O2 -c -mcpu=v10.0 -mlittle-endian -mno-xl-soft-div -mno-xl-soft-mul -mxl-barrel-shift -mxl-multiply-high -mxl-pattern-compare" "EXTRA_COMPILER_FLAGS=-ffunction-sections -fdata-sections -Wall -Wextra"
Running Make include in microblaze_0/libsrc/tmrctr_v4_3/src
make -C microblaze_0/libsrc/tmrctr_v4_3/src -s include  "SHELL=/bin/sh" "COMPILER=mb-gcc" "ARCHIVER=mb-ar" "COMPILER_FLAGS= -O2 -c -mcpu=v10.0 -mlittle-endian -mno-xl-soft-div -mno-xl-soft-mul -mxl-barrel-shift -mxl-multiply-high -mxl-pattern-compare" "EXTRA_COMPILER_FLAGS=-ffunction-sections -fdata-sections -Wall -Wextra"
Running Make include in microblaze_0/libsrc/uartlite_v3_2/src
make -C microblaze_0/libsrc/uartlite_v3_2/src -s include  "SHELL=/bin/sh" "COMPILER=mb-gcc" "ARCHIVER=mb-ar" "COMPILER_FLAGS= -O2 -c -mcpu=v10.0 -mlittle-endian -mno-xl-soft-div -mno-xl-soft-mul -mxl-barrel-shift -mxl-multiply-high -mxl-pattern-compare" "EXTRA_COMPILER_FLAGS=-ffunction-sections -fdata-sections -Wall -Wextra"
Running Make include in microblaze_0/libsrc/xilisf_v5_8/src
make -C microblaze_0/libsrc/xilisf_v5_8/src -s include  "SHELL=/bin/sh" "COMPILER=mb-gcc" "ARCHIVER=mb-ar" "COMPILER_FLAGS= -O2 -c -mcpu=v10.0 -mlittle-endian -mno-xl-soft-div -mno-xl-soft-mul -mxl-barrel-shift -mxl-multiply-high -mxl-pattern-compare" "EXTRA_COMPILER_FLAGS=-ffunction-sections -fdata-sections -Wall -Wextra"
Running Make libs in microblaze_0/libsrc/bram_v4_1/src
make -C microblaze_0/libsrc/bram_v4_1/src -s libs  "SHELL=/bin/sh" "COMPILER=mb-gcc" "ARCHIVER=mb-ar" "COMPILER_FLAGS= -O2 -c -mcpu=v10.0 -mlittle-endian -mno-xl-soft-div -mno-xl-soft-mul -mxl-barrel-shift -mxl-multiply-high -mxl-pattern-compare" "EXTRA_COMPILER_FLAGS=-ffunction-sections -fdata-sections -Wall -Wextra"
Compiling bram
mb-ar: creating ../../../lib/libxil.a
Running Make libs in microblaze_0/libsrc/cpu_v2_6/src
make -C microblaze_0/libsrc/cpu_v2_6/src -s libs  "SHELL=/bin/sh" "COMPILER=mb-gcc" "ARCHIVER=mb-ar" "COMPILER_FLAGS= -O2 -c -mcpu=v10.0 -mlittle-endian -mno-xl-soft-div -mno-xl-soft-mul -mxl-barrel-shift -mxl-multiply-high -mxl-pattern-compare" "EXTRA_COMPILER_FLAGS=-ffunction-sections -fdata-sections -Wall -Wextra"
Compiling cpu
Running Make libs in microblaze_0/libsrc/emaclite_v4_3/src
make -C microblaze_0/libsrc/emaclite_v4_3/src -s libs  "SHELL=/bin/sh" "COMPILER=mb-gcc" "ARCHIVER=mb-ar" "COMPILER_FLAGS= -O2 -c -mcpu=v10.0 -mlittle-endian -mno-xl-soft-div -mno-xl-soft-mul -mxl-barrel-shift -mxl-multiply-high -mxl-pattern-compare" "EXTRA_COMPILER_FLAGS=-ffunction-sections -fdata-sections -Wall -Wextra"
Compiling emaclite
Running Make libs in microblaze_0/libsrc/gpio_v4_3/src
make -C microblaze_0/libsrc/gpio_v4_3/src -s libs  "SHELL=/bin/sh" "COMPILER=mb-gcc" "ARCHIVER=mb-ar" "COMPILER_FLAGS= -O2 -c -mcpu=v10.0 -mlittle-endian -mno-xl-soft-div -mno-xl-soft-mul -mxl-barrel-shift -mxl-multiply-high -mxl-pattern-compare" "EXTRA_COMPILER_FLAGS=-ffunction-sections -fdata-sections -Wall -Wextra"
Compiling gpio
Running Make libs in microblaze_0/libsrc/intc_v3_6/src
make -C microblaze_0/libsrc/intc_v3_6/src -s libs  "SHELL=/bin/sh" "COMPILER=mb-gcc" "ARCHIVER=mb-ar" "COMPILER_FLAGS= -O2 -c -mcpu=v10.0 -mlittle-endian -mno-xl-soft-div -mno-xl-soft-mul -mxl-barrel-shift -mxl-multiply-high -mxl-pattern-compare" "EXTRA_COMPILER_FLAGS=-ffunction-sections -fdata-sections -Wall -Wextra"
Compiling intc
Running Make libs in microblaze_0/libsrc/spi_v4_2/src
make -C microblaze_0/libsrc/spi_v4_2/src -s libs  "SHELL=/bin/sh" "COMPILER=mb-gcc" "ARCHIVER=mb-ar" "COMPILER_FLAGS= -O2 -c -mcpu=v10.0 -mlittle-endian -mno-xl-soft-div -mno-xl-soft-mul -mxl-barrel-shift -mxl-multiply-high -mxl-pattern-compare" "EXTRA_COMPILER_FLAGS=-ffunction-sections -fdata-sections -Wall -Wextra"
Compiling spi
Running Make libs in microblaze_0/libsrc/standalone_v6_3/src
make -C microblaze_0/libsrc/standalone_v6_3/src -s libs  "SHELL=/bin/sh" "COMPILER=mb-gcc" "ARCHIVER=mb-ar" "COMPILER_FLAGS= -O2 -c -mcpu=v10.0 -mlittle-endian -mno-xl-soft-div -mno-xl-soft-mul -mxl-barrel-shift -mxl-multiply-high -mxl-pattern-compare" "EXTRA_COMPILER_FLAGS=-ffunction-sections -fdata-sections -Wall -Wextra"
Compiling standalone
Running Make libs in microblaze_0/libsrc/tmrctr_v4_3/src
make -C microblaze_0/libsrc/tmrctr_v4_3/src -s libs  "SHELL=/bin/sh" "COMPILER=mb-gcc" "ARCHIVER=mb-ar" "COMPILER_FLAGS= -O2 -c -mcpu=v10.0 -mlittle-endian -mno-xl-soft-div -mno-xl-soft-mul -mxl-barrel-shift -mxl-multiply-high -mxl-pattern-compare" "EXTRA_COMPILER_FLAGS=-ffunction-sections -fdata-sections -Wall -Wextra"
Compiling tmrctr
Running Make libs in microblaze_0/libsrc/uartlite_v3_2/src
make -C microblaze_0/libsrc/uartlite_v3_2/src -s libs  "SHELL=/bin/sh" "COMPILER=mb-gcc" "ARCHIVER=mb-ar" "COMPILER_FLAGS= -O2 -c -mcpu=v10.0 -mlittle-endian -mno-xl-soft-div -mno-xl-soft-mul -mxl-barrel-shift -mxl-multiply-high -mxl-pattern-compare" "EXTRA_COMPILER_FLAGS=-ffunction-sections -fdata-sections -Wall -Wextra"
Compiling uartlite
Running Make libs in microblaze_0/libsrc/xilisf_v5_8/src
make -C microblaze_0/libsrc/xilisf_v5_8/src -s libs  "SHELL=/bin/sh" "COMPILER=mb-gcc" "ARCHIVER=mb-ar" "COMPILER_FLAGS= -O2 -c -mcpu=v10.0 -mlittle-endian -mno-xl-soft-div -mno-xl-soft-mul -mxl-barrel-shift -mxl-multiply-high -mxl-pattern-compare" "EXTRA_COMPILER_FLAGS=-ffunction-sections -fdata-sections -Wall -Wextra"
Compiling XilIsf Library
xilisf.c: In function 'XIsf_WriteEnable':
xilisf.c:1032:7: warning: unused variable 'NULLPtr' [-Wunused-variable]
  u8 * NULLPtr = NULL;
       ^~~~~~~
xilisf.c:1031:5: warning: unused variable 'WriteEnableBuf' [-Wunused-variable]
  u8 WriteEnableBuf[1] = {0};
     ^~~~~~~~~~~~~~
xilisf.c:1030:5: warning: unused variable 'Mode' [-Wunused-variable]
  u8 Mode;
     ^~~~
xilisf.c:1027:28: warning: unused parameter 'InstancePtr' [-Wunused-parameter]
 int XIsf_WriteEnable(XIsf *InstancePtr, u8 WriteEnable)
                            ^~~~~~~~~~~
xilisf.c:1027:44: warning: unused parameter 'WriteEnable' [-Wunused-parameter]
 int XIsf_WriteEnable(XIsf *InstancePtr, u8 WriteEnable)
                                            ^~~~~~~~~~~
xilisf.c: In function 'XIsf_Ioctl':
xilisf.c:1132:6: warning: unused variable 'NULLPtr' [-Wunused-variable]
  u8* NULLPtr = NULL;
      ^~~~~~~
xilisf.c:1131:5: warning: unused variable 'Mode' [-Wunused-variable]
  u8 Mode;
     ^~~~
xilisf.c:1128:22: warning: unused parameter 'InstancePtr' [-Wunused-parameter]
 int XIsf_Ioctl(XIsf *InstancePtr, XIsf_IoctlOperation Operation)
                      ^~~~~~~~~~~
xilisf.c:1128:55: warning: unused parameter 'Operation' [-Wunused-parameter]
 int XIsf_Ioctl(XIsf *InstancePtr, XIsf_IoctlOperation Operation)
                                                       ^~~~~~~~~
xilisf.c: In function 'XIsf_RegisterInterface':
xilisf.c:1342:37: warning: assignment from incompatible pointer type [-Wincompatible-pointer-types]
  InstancePtr->XIsf_Iface_SetOptions = XSpi_SetOptions;
                                     ^
xilisf.c:1343:41: warning: assignment from incompatible pointer type [-Wincompatible-pointer-types]
  InstancePtr->XIsf_Iface_SetSlaveSelect = XSpi_SetSlaveSelect;
                                         ^
xilisf.c:1344:35: warning: assignment from incompatible pointer type [-Wincompatible-pointer-types]
  InstancePtr->XIsf_Iface_Transfer = XSpi_Transfer;
                                   ^
xilisf.c: In function 'GetRealAddr':
xilisf.c:2147:6: warning: unused variable 'LqspiCr' [-Wunused-variable]
  u32 LqspiCr;
      ^~~~~~~
xilisf.c:2145:29: warning: unused parameter 'QspiPtr' [-Wunused-parameter]
 u32 GetRealAddr(XIsf_Iface *QspiPtr, u32 Address)
                             ^~~~~~~
At top level:
xilisf.c:537:12: warning: 'XIsf_FCTIndex' defined but not used [-Wunused-variable]
 static u32 XIsf_FCTIndex;
            ^~~~~~~~~~~~~
xilisf_erase.c: In function 'SectorErase':
xilisf_erase.c:315:14: warning: unused variable 'ReadStatusCmd' [-Wunused-variable]
  u8 FSRFlag, ReadStatusCmd;
              ^~~~~~~~~~~~~
xilisf_erase.c:315:5: warning: unused variable 'FSRFlag' [-Wunused-variable]
  u8 FSRFlag, ReadStatusCmd;
     ^~~~~~~
xilisf_erase.c:314:6: warning: unused variable 'WriteBfrPtr' [-Wunused-variable]
  u8 *WriteBfrPtr = InstancePtr->WriteBufPtr;
      ^~~~~~~~~~~
xilisf_erase.c:313:5: warning: unused variable 'ReadFlagSRCmd' [-Wunused-variable]
  u8 ReadFlagSRCmd[] = {READ_FLAG_STATUS_CMD, 0};
     ^~~~~~~~~~~~~
xilisf_erase.c:312:5: warning: unused variable 'ReadStatusCmdBuf' [-Wunused-variable]
  u8 ReadStatusCmdBuf[] = { READ_STATUS_CMD, 0 };
     ^~~~~~~~~~~~~~~~
xilisf_erase.c:311:5: warning: unused variable 'FlashStatus' [-Wunused-variable]
  u8 FlashStatus[2] = {0};
     ^~~~~~~~~~~
xilisf_erase.c:310:5: warning: unused variable 'FlagStatus' [-Wunused-variable]
  u8 FlagStatus[2] = {0};
     ^~~~~~~~~~
xilisf_erase.c:307:6: warning: unused variable 'BankSel' [-Wunused-variable]
  u32 BankSel;
      ^~~~~~~
xilisf_erase.c:306:5: warning: unused variable 'Mode' [-Wunused-variable]
  u8 Mode;
     ^~~~
xilisf_erase.c: In function 'SubSectorErase':
xilisf_erase.c:558:14: warning: unused variable 'ReadStatusCmd' [-Wunused-variable]
  u8 FSRFlag, ReadStatusCmd;
              ^~~~~~~~~~~~~
xilisf_erase.c:558:5: warning: unused variable 'FSRFlag' [-Wunused-variable]
  u8 FSRFlag, ReadStatusCmd;
     ^~~~~~~
xilisf_erase.c:557:6: warning: unused variable 'WriteBfrPtr' [-Wunused-variable]
  u8 *WriteBfrPtr = InstancePtr->WriteBufPtr;
      ^~~~~~~~~~~
xilisf_erase.c:556:5: warning: unused variable 'ReadFlagSRCmd' [-Wunused-variable]
  u8 ReadFlagSRCmd[] = {READ_FLAG_STATUS_CMD, 0};
     ^~~~~~~~~~~~~
xilisf_erase.c:555:5: warning: unused variable 'ReadStatusCmdBuf' [-Wunused-variable]
  u8 ReadStatusCmdBuf[] = { READ_STATUS_CMD, 0 };
     ^~~~~~~~~~~~~~~~
xilisf_erase.c:554:5: warning: unused variable 'FlashStatus' [-Wunused-variable]
  u8 FlashStatus[2] = {0};
     ^~~~~~~~~~~
xilisf_erase.c:553:5: warning: unused variable 'FlagStatus' [-Wunused-variable]
  u8 FlagStatus[2] = {0};
     ^~~~~~~~~~
xilisf_erase.c:552:6: warning: unused variable 'NULLPtr' [-Wunused-variable]
  u8* NULLPtr = NULL;
      ^~~~~~~
xilisf_erase.c:551:6: warning: unused variable 'RealAddr' [-Wunused-variable]
  u32 RealAddr;
      ^~~~~~~~
xilisf_erase.c:550:6: warning: unused variable 'BankSel' [-Wunused-variable]
  u32 BankSel;
      ^~~~~~~
xilisf_erase.c:549:5: warning: unused variable 'Mode' [-Wunused-variable]
  u8 Mode;
     ^~~~
xilisf_erase.c:546:50: warning: unused parameter 'Address' [-Wunused-parameter]
 static int SubSectorErase(XIsf *InstancePtr, u32 Address)
                                                  ^~~~~~~
xilisf_erase.c: In function 'BulkErase':
xilisf_erase.c:790:6: warning: unused variable 'NULLPtr' [-Wunused-variable]
  u8* NULLPtr = NULL;
      ^~~~~~~
xilisf_erase.c:787:28: warning: unused parameter 'InstancePtr' [-Wunused-parameter]
 static int BulkErase(XIsf *InstancePtr)
                            ^~~~~~~~~~~
xilisf_read.c: In function 'ReadData':
xilisf_read.c:390:6: warning: unused variable 'TempByteCnt' [-Wunused-variable]
  u32 TempByteCnt = LocalByteCnt;
      ^~~~~~~~~~~
xilisf_read.c:386:5: warning: unused variable 'ShiftSize' [-Wunused-variable]
  u8 ShiftSize;
     ^~~~~~~~~
xilisf_read.c:385:6: warning: unused variable 'BufferIndex' [-Wunused-variable]
  u32 BufferIndex;
      ^~~~~~~~~~~
xilisf_read.c:381:6: warning: unused variable 'BankSel' [-Wunused-variable]
  u32 BankSel;
      ^~~~~~~
xilisf_read.c:380:5: warning: unused variable 'Mode' [-Wunused-variable]
  u8 Mode;
     ^~~~
xilisf_read.c: In function 'FastReadData':
xilisf_read.c:616:6: warning: unused variable 'TempByteCnt' [-Wunused-variable]
  u32 TempByteCnt = LocalByteCnt;
      ^~~~~~~~~~~
xilisf_read.c:612:5: warning: unused variable 'ShiftSize' [-Wunused-variable]
  u8 ShiftSize;
     ^~~~~~~~~
xilisf_read.c:611:6: warning: unused variable 'BufferIndex' [-Wunused-variable]
  u32 BufferIndex;
      ^~~~~~~~~~~
xilisf_read.c:608:6: warning: unused variable 'BankSel' [-Wunused-variable]
  u32 BankSel;
      ^~~~~~~
xilisf_read.c:605:5: warning: unused variable 'Mode' [-Wunused-variable]
  u8 Mode;
     ^~~~
xilisf_spr.c: In function 'SprRead':
xilisf_spr.c:203:23: warning: comparison between signed and unsigned integer expressions [-Wsign-compare]
  for(Index = 1; Index < (InstancePtr->NumOfSectors +
                       ^
xilisf_spr.c: In function 'SprProgram':
xilisf_spr.c:263:23: warning: comparison between signed and unsigned integer expressions [-Wsign-compare]
  for(Index = 4; Index < (InstancePtr->NumOfSectors +
                       ^
xilisf_write.c: In function 'WriteData':
xilisf_write.c:425:5: warning: unused variable 'ReadFlagSRCmd' [-Wunused-variable]
  u8 ReadFlagSRCmd[] = {READ_FLAG_STATUS_CMD, 0};
     ^~~~~~~~~~~~~
xilisf_write.c:424:5: warning: unused variable 'ReadStatusCmdBuf' [-Wunused-variable]
  u8 ReadStatusCmdBuf[] = { READ_STATUS_CMD, 0 };
     ^~~~~~~~~~~~~~~~
xilisf_write.c:412:5: warning: unused variable 'FlashStatus' [-Wunused-variable]
  u8 FlashStatus[2] = {0};
     ^~~~~~~~~~~
xilisf_write.c:411:5: warning: unused variable 'FlagStatus' [-Wunused-variable]
  u8 FlagStatus[2] = {0};
     ^~~~~~~~~~
xilisf_write.c:408:6: warning: unused variable 'BankSel' [-Wunused-variable]
  u32 BankSel;
      ^~~~~~~
xilisf_write.c:406:5: warning: unused variable 'Mode' [-Wunused-variable]
  u8 Mode;
     ^~~~
xilisf_write.c: In function 'WriteSR':
xilisf_write.c:965:26: warning: unused parameter 'InstancePtr' [-Wunused-parameter]
 static int WriteSR(XIsf *InstancePtr, u8 SRData)
                          ^~~~~~~~~~~
xilisf_write.c:965:42: warning: unused parameter 'SRData' [-Wunused-parameter]
 static int WriteSR(XIsf *InstancePtr, u8 SRData)
                                          ^~~~~~
Finished building libraries

13:03:42 Build Finished (took 6s.914ms)

