
*** Running vivado
    with args -log arty_linux_p1_axi_gpio_2_0.vds -m64 -product Vivado -mode batch -messageDb vivado.pb -notrace -source arty_linux_p1_axi_gpio_2_0.tcl


****** Vivado v2017.2 (64-bit)
  **** SW Build 1909853 on Thu Jun 15 18:39:10 MDT 2017
  **** IP Build 1909766 on Thu Jun 15 19:58:00 MDT 2017
    ** Copyright 1986-2017 Xilinx, Inc. All Rights Reserved.

source arty_linux_p1_axi_gpio_2_0.tcl -notrace
Starting RTL Elaboration : Time (s): cpu = 00:00:07 ; elapsed = 00:00:07 . Memory (MB): peak = 1219.625 ; gain = 77.996 ; free physical = 140 ; free virtual = 10380
INFO: [Synth 8-638] synthesizing module 'arty_linux_p1_axi_gpio_2_0' [/home/ramprasad/arty_projects_10-7-2017/arty_linux/arty_linux.srcs/sources_1/bd/arty_linux_p1/ip/arty_linux_p1_axi_gpio_2_0/synth/arty_linux_p1_axi_gpio_2_0.vhd:90]
INFO: [Synth 8-638] synthesizing module 'axi_gpio' [/home/ramprasad/arty_projects_10-7-2017/arty_linux/arty_linux.srcs/sources_1/bd/arty_linux_p1/ipshared/cb07/hdl/axi_gpio_v2_0_vh_rfs.vhd:1257]
INFO: [Synth 8-638] synthesizing module 'axi_lite_ipif' [/home/ramprasad/arty_projects_10-7-2017/arty_linux/arty_linux.srcs/sources_1/bd/arty_linux_p1/ipshared/0ba0/hdl/axi_lite_ipif_v3_0_vh_rfs.vhd:2948]
INFO: [Synth 8-638] synthesizing module 'slave_attachment' [/home/ramprasad/arty_projects_10-7-2017/arty_linux/arty_linux.srcs/sources_1/bd/arty_linux_p1/ipshared/0ba0/hdl/axi_lite_ipif_v3_0_vh_rfs.vhd:2341]
INFO: [Synth 8-638] synthesizing module 'address_decoder' [/home/ramprasad/arty_projects_10-7-2017/arty_linux/arty_linux.srcs/sources_1/bd/arty_linux_p1/ipshared/0ba0/hdl/axi_lite_ipif_v3_0_vh_rfs.vhd:1775]
INFO: [Synth 8-638] synthesizing module 'pselect_f' [/home/ramprasad/arty_projects_10-7-2017/arty_linux/arty_linux.srcs/sources_1/bd/arty_linux_p1/ipshared/0ba0/hdl/axi_lite_ipif_v3_0_vh_rfs.vhd:1534]
INFO: [Synth 8-256] done synthesizing module 'pselect_f' (1#1) [/home/ramprasad/arty_projects_10-7-2017/arty_linux/arty_linux.srcs/sources_1/bd/arty_linux_p1/ipshared/0ba0/hdl/axi_lite_ipif_v3_0_vh_rfs.vhd:1534]
INFO: [Synth 8-638] synthesizing module 'pselect_f__parameterized0' [/home/ramprasad/arty_projects_10-7-2017/arty_linux/arty_linux.srcs/sources_1/bd/arty_linux_p1/ipshared/0ba0/hdl/axi_lite_ipif_v3_0_vh_rfs.vhd:1534]
INFO: [Synth 8-256] done synthesizing module 'pselect_f__parameterized0' (1#1) [/home/ramprasad/arty_projects_10-7-2017/arty_linux/arty_linux.srcs/sources_1/bd/arty_linux_p1/ipshared/0ba0/hdl/axi_lite_ipif_v3_0_vh_rfs.vhd:1534]
INFO: [Synth 8-638] synthesizing module 'pselect_f__parameterized1' [/home/ramprasad/arty_projects_10-7-2017/arty_linux/arty_linux.srcs/sources_1/bd/arty_linux_p1/ipshared/0ba0/hdl/axi_lite_ipif_v3_0_vh_rfs.vhd:1534]
INFO: [Synth 8-256] done synthesizing module 'pselect_f__parameterized1' (1#1) [/home/ramprasad/arty_projects_10-7-2017/arty_linux/arty_linux.srcs/sources_1/bd/arty_linux_p1/ipshared/0ba0/hdl/axi_lite_ipif_v3_0_vh_rfs.vhd:1534]
INFO: [Synth 8-638] synthesizing module 'pselect_f__parameterized2' [/home/ramprasad/arty_projects_10-7-2017/arty_linux/arty_linux.srcs/sources_1/bd/arty_linux_p1/ipshared/0ba0/hdl/axi_lite_ipif_v3_0_vh_rfs.vhd:1534]
INFO: [Synth 8-256] done synthesizing module 'pselect_f__parameterized2' (1#1) [/home/ramprasad/arty_projects_10-7-2017/arty_linux/arty_linux.srcs/sources_1/bd/arty_linux_p1/ipshared/0ba0/hdl/axi_lite_ipif_v3_0_vh_rfs.vhd:1534]
INFO: [Synth 8-638] synthesizing module 'pselect_f__parameterized3' [/home/ramprasad/arty_projects_10-7-2017/arty_linux/arty_linux.srcs/sources_1/bd/arty_linux_p1/ipshared/0ba0/hdl/axi_lite_ipif_v3_0_vh_rfs.vhd:1534]
INFO: [Synth 8-256] done synthesizing module 'pselect_f__parameterized3' (1#1) [/home/ramprasad/arty_projects_10-7-2017/arty_linux/arty_linux.srcs/sources_1/bd/arty_linux_p1/ipshared/0ba0/hdl/axi_lite_ipif_v3_0_vh_rfs.vhd:1534]
INFO: [Synth 8-638] synthesizing module 'pselect_f__parameterized4' [/home/ramprasad/arty_projects_10-7-2017/arty_linux/arty_linux.srcs/sources_1/bd/arty_linux_p1/ipshared/0ba0/hdl/axi_lite_ipif_v3_0_vh_rfs.vhd:1534]
INFO: [Synth 8-256] done synthesizing module 'pselect_f__parameterized4' (1#1) [/home/ramprasad/arty_projects_10-7-2017/arty_linux/arty_linux.srcs/sources_1/bd/arty_linux_p1/ipshared/0ba0/hdl/axi_lite_ipif_v3_0_vh_rfs.vhd:1534]
INFO: [Synth 8-638] synthesizing module 'pselect_f__parameterized5' [/home/ramprasad/arty_projects_10-7-2017/arty_linux/arty_linux.srcs/sources_1/bd/arty_linux_p1/ipshared/0ba0/hdl/axi_lite_ipif_v3_0_vh_rfs.vhd:1534]
INFO: [Synth 8-256] done synthesizing module 'pselect_f__parameterized5' (1#1) [/home/ramprasad/arty_projects_10-7-2017/arty_linux/arty_linux.srcs/sources_1/bd/arty_linux_p1/ipshared/0ba0/hdl/axi_lite_ipif_v3_0_vh_rfs.vhd:1534]
INFO: [Synth 8-638] synthesizing module 'pselect_f__parameterized6' [/home/ramprasad/arty_projects_10-7-2017/arty_linux/arty_linux.srcs/sources_1/bd/arty_linux_p1/ipshared/0ba0/hdl/axi_lite_ipif_v3_0_vh_rfs.vhd:1534]
INFO: [Synth 8-256] done synthesizing module 'pselect_f__parameterized6' (1#1) [/home/ramprasad/arty_projects_10-7-2017/arty_linux/arty_linux.srcs/sources_1/bd/arty_linux_p1/ipshared/0ba0/hdl/axi_lite_ipif_v3_0_vh_rfs.vhd:1534]
INFO: [Synth 8-638] synthesizing module 'pselect_f__parameterized7' [/home/ramprasad/arty_projects_10-7-2017/arty_linux/arty_linux.srcs/sources_1/bd/arty_linux_p1/ipshared/0ba0/hdl/axi_lite_ipif_v3_0_vh_rfs.vhd:1534]
INFO: [Synth 8-256] done synthesizing module 'pselect_f__parameterized7' (1#1) [/home/ramprasad/arty_projects_10-7-2017/arty_linux/arty_linux.srcs/sources_1/bd/arty_linux_p1/ipshared/0ba0/hdl/axi_lite_ipif_v3_0_vh_rfs.vhd:1534]
INFO: [Synth 8-638] synthesizing module 'pselect_f__parameterized8' [/home/ramprasad/arty_projects_10-7-2017/arty_linux/arty_linux.srcs/sources_1/bd/arty_linux_p1/ipshared/0ba0/hdl/axi_lite_ipif_v3_0_vh_rfs.vhd:1534]
INFO: [Synth 8-256] done synthesizing module 'pselect_f__parameterized8' (1#1) [/home/ramprasad/arty_projects_10-7-2017/arty_linux/arty_linux.srcs/sources_1/bd/arty_linux_p1/ipshared/0ba0/hdl/axi_lite_ipif_v3_0_vh_rfs.vhd:1534]
INFO: [Synth 8-638] synthesizing module 'pselect_f__parameterized9' [/home/ramprasad/arty_projects_10-7-2017/arty_linux/arty_linux.srcs/sources_1/bd/arty_linux_p1/ipshared/0ba0/hdl/axi_lite_ipif_v3_0_vh_rfs.vhd:1534]
INFO: [Synth 8-256] done synthesizing module 'pselect_f__parameterized9' (1#1) [/home/ramprasad/arty_projects_10-7-2017/arty_linux/arty_linux.srcs/sources_1/bd/arty_linux_p1/ipshared/0ba0/hdl/axi_lite_ipif_v3_0_vh_rfs.vhd:1534]
INFO: [Synth 8-638] synthesizing module 'pselect_f__parameterized10' [/home/ramprasad/arty_projects_10-7-2017/arty_linux/arty_linux.srcs/sources_1/bd/arty_linux_p1/ipshared/0ba0/hdl/axi_lite_ipif_v3_0_vh_rfs.vhd:1534]
INFO: [Synth 8-256] done synthesizing module 'pselect_f__parameterized10' (1#1) [/home/ramprasad/arty_projects_10-7-2017/arty_linux/arty_linux.srcs/sources_1/bd/arty_linux_p1/ipshared/0ba0/hdl/axi_lite_ipif_v3_0_vh_rfs.vhd:1534]
INFO: [Synth 8-638] synthesizing module 'pselect_f__parameterized11' [/home/ramprasad/arty_projects_10-7-2017/arty_linux/arty_linux.srcs/sources_1/bd/arty_linux_p1/ipshared/0ba0/hdl/axi_lite_ipif_v3_0_vh_rfs.vhd:1534]
INFO: [Synth 8-256] done synthesizing module 'pselect_f__parameterized11' (1#1) [/home/ramprasad/arty_projects_10-7-2017/arty_linux/arty_linux.srcs/sources_1/bd/arty_linux_p1/ipshared/0ba0/hdl/axi_lite_ipif_v3_0_vh_rfs.vhd:1534]
INFO: [Synth 8-638] synthesizing module 'pselect_f__parameterized12' [/home/ramprasad/arty_projects_10-7-2017/arty_linux/arty_linux.srcs/sources_1/bd/arty_linux_p1/ipshared/0ba0/hdl/axi_lite_ipif_v3_0_vh_rfs.vhd:1534]
INFO: [Synth 8-256] done synthesizing module 'pselect_f__parameterized12' (1#1) [/home/ramprasad/arty_projects_10-7-2017/arty_linux/arty_linux.srcs/sources_1/bd/arty_linux_p1/ipshared/0ba0/hdl/axi_lite_ipif_v3_0_vh_rfs.vhd:1534]
INFO: [Synth 8-638] synthesizing module 'pselect_f__parameterized13' [/home/ramprasad/arty_projects_10-7-2017/arty_linux/arty_linux.srcs/sources_1/bd/arty_linux_p1/ipshared/0ba0/hdl/axi_lite_ipif_v3_0_vh_rfs.vhd:1534]
INFO: [Synth 8-256] done synthesizing module 'pselect_f__parameterized13' (1#1) [/home/ramprasad/arty_projects_10-7-2017/arty_linux/arty_linux.srcs/sources_1/bd/arty_linux_p1/ipshared/0ba0/hdl/axi_lite_ipif_v3_0_vh_rfs.vhd:1534]
INFO: [Synth 8-638] synthesizing module 'pselect_f__parameterized14' [/home/ramprasad/arty_projects_10-7-2017/arty_linux/arty_linux.srcs/sources_1/bd/arty_linux_p1/ipshared/0ba0/hdl/axi_lite_ipif_v3_0_vh_rfs.vhd:1534]
INFO: [Synth 8-256] done synthesizing module 'pselect_f__parameterized14' (1#1) [/home/ramprasad/arty_projects_10-7-2017/arty_linux/arty_linux.srcs/sources_1/bd/arty_linux_p1/ipshared/0ba0/hdl/axi_lite_ipif_v3_0_vh_rfs.vhd:1534]
INFO: [Synth 8-638] synthesizing module 'pselect_f__parameterized15' [/home/ramprasad/arty_projects_10-7-2017/arty_linux/arty_linux.srcs/sources_1/bd/arty_linux_p1/ipshared/0ba0/hdl/axi_lite_ipif_v3_0_vh_rfs.vhd:1534]
INFO: [Synth 8-256] done synthesizing module 'pselect_f__parameterized15' (1#1) [/home/ramprasad/arty_projects_10-7-2017/arty_linux/arty_linux.srcs/sources_1/bd/arty_linux_p1/ipshared/0ba0/hdl/axi_lite_ipif_v3_0_vh_rfs.vhd:1534]
INFO: [Synth 8-638] synthesizing module 'pselect_f__parameterized16' [/home/ramprasad/arty_projects_10-7-2017/arty_linux/arty_linux.srcs/sources_1/bd/arty_linux_p1/ipshared/0ba0/hdl/axi_lite_ipif_v3_0_vh_rfs.vhd:1534]
INFO: [Synth 8-256] done synthesizing module 'pselect_f__parameterized16' (1#1) [/home/ramprasad/arty_projects_10-7-2017/arty_linux/arty_linux.srcs/sources_1/bd/arty_linux_p1/ipshared/0ba0/hdl/axi_lite_ipif_v3_0_vh_rfs.vhd:1534]
INFO: [Synth 8-638] synthesizing module 'pselect_f__parameterized17' [/home/ramprasad/arty_projects_10-7-2017/arty_linux/arty_linux.srcs/sources_1/bd/arty_linux_p1/ipshared/0ba0/hdl/axi_lite_ipif_v3_0_vh_rfs.vhd:1534]
INFO: [Synth 8-256] done synthesizing module 'pselect_f__parameterized17' (1#1) [/home/ramprasad/arty_projects_10-7-2017/arty_linux/arty_linux.srcs/sources_1/bd/arty_linux_p1/ipshared/0ba0/hdl/axi_lite_ipif_v3_0_vh_rfs.vhd:1534]
INFO: [Synth 8-638] synthesizing module 'pselect_f__parameterized18' [/home/ramprasad/arty_projects_10-7-2017/arty_linux/arty_linux.srcs/sources_1/bd/arty_linux_p1/ipshared/0ba0/hdl/axi_lite_ipif_v3_0_vh_rfs.vhd:1534]
INFO: [Synth 8-256] done synthesizing module 'pselect_f__parameterized18' (1#1) [/home/ramprasad/arty_projects_10-7-2017/arty_linux/arty_linux.srcs/sources_1/bd/arty_linux_p1/ipshared/0ba0/hdl/axi_lite_ipif_v3_0_vh_rfs.vhd:1534]
INFO: [Synth 8-638] synthesizing module 'pselect_f__parameterized19' [/home/ramprasad/arty_projects_10-7-2017/arty_linux/arty_linux.srcs/sources_1/bd/arty_linux_p1/ipshared/0ba0/hdl/axi_lite_ipif_v3_0_vh_rfs.vhd:1534]
INFO: [Synth 8-256] done synthesizing module 'pselect_f__parameterized19' (1#1) [/home/ramprasad/arty_projects_10-7-2017/arty_linux/arty_linux.srcs/sources_1/bd/arty_linux_p1/ipshared/0ba0/hdl/axi_lite_ipif_v3_0_vh_rfs.vhd:1534]
INFO: [Synth 8-638] synthesizing module 'pselect_f__parameterized20' [/home/ramprasad/arty_projects_10-7-2017/arty_linux/arty_linux.srcs/sources_1/bd/arty_linux_p1/ipshared/0ba0/hdl/axi_lite_ipif_v3_0_vh_rfs.vhd:1534]
INFO: [Synth 8-256] done synthesizing module 'pselect_f__parameterized20' (1#1) [/home/ramprasad/arty_projects_10-7-2017/arty_linux/arty_linux.srcs/sources_1/bd/arty_linux_p1/ipshared/0ba0/hdl/axi_lite_ipif_v3_0_vh_rfs.vhd:1534]
INFO: [Synth 8-256] done synthesizing module 'address_decoder' (2#1) [/home/ramprasad/arty_projects_10-7-2017/arty_linux/arty_linux.srcs/sources_1/bd/arty_linux_p1/ipshared/0ba0/hdl/axi_lite_ipif_v3_0_vh_rfs.vhd:1775]
INFO: [Synth 8-256] done synthesizing module 'slave_attachment' (3#1) [/home/ramprasad/arty_projects_10-7-2017/arty_linux/arty_linux.srcs/sources_1/bd/arty_linux_p1/ipshared/0ba0/hdl/axi_lite_ipif_v3_0_vh_rfs.vhd:2341]
INFO: [Synth 8-256] done synthesizing module 'axi_lite_ipif' (4#1) [/home/ramprasad/arty_projects_10-7-2017/arty_linux/arty_linux.srcs/sources_1/bd/arty_linux_p1/ipshared/0ba0/hdl/axi_lite_ipif_v3_0_vh_rfs.vhd:2948]
INFO: [Synth 8-638] synthesizing module 'interrupt_control' [/home/ramprasad/arty_projects_10-7-2017/arty_linux/arty_linux.srcs/sources_1/bd/arty_linux_p1/ipshared/e956/hdl/interrupt_control_v3_1_vh_rfs.vhd:259]
INFO: [Synth 8-256] done synthesizing module 'interrupt_control' (5#1) [/home/ramprasad/arty_projects_10-7-2017/arty_linux/arty_linux.srcs/sources_1/bd/arty_linux_p1/ipshared/e956/hdl/interrupt_control_v3_1_vh_rfs.vhd:259]
INFO: [Synth 8-638] synthesizing module 'GPIO_Core' [/home/ramprasad/arty_projects_10-7-2017/arty_linux/arty_linux.srcs/sources_1/bd/arty_linux_p1/ipshared/cb07/hdl/axi_gpio_v2_0_vh_rfs.vhd:177]
INFO: [Synth 8-638] synthesizing module 'cdc_sync' [/home/ramprasad/arty_projects_10-7-2017/arty_linux/arty_linux.srcs/sources_1/bd/arty_linux_p1/ipshared/52cb/hdl/lib_cdc_v1_0_rfs.vhd:106]
INFO: [Synth 8-256] done synthesizing module 'cdc_sync' (6#1) [/home/ramprasad/arty_projects_10-7-2017/arty_linux/arty_linux.srcs/sources_1/bd/arty_linux_p1/ipshared/52cb/hdl/lib_cdc_v1_0_rfs.vhd:106]
INFO: [Synth 8-638] synthesizing module 'cdc_sync__parameterized0' [/home/ramprasad/arty_projects_10-7-2017/arty_linux/arty_linux.srcs/sources_1/bd/arty_linux_p1/ipshared/52cb/hdl/lib_cdc_v1_0_rfs.vhd:106]
INFO: [Synth 8-256] done synthesizing module 'cdc_sync__parameterized0' (6#1) [/home/ramprasad/arty_projects_10-7-2017/arty_linux/arty_linux.srcs/sources_1/bd/arty_linux_p1/ipshared/52cb/hdl/lib_cdc_v1_0_rfs.vhd:106]
INFO: [Synth 8-256] done synthesizing module 'GPIO_Core' (7#1) [/home/ramprasad/arty_projects_10-7-2017/arty_linux/arty_linux.srcs/sources_1/bd/arty_linux_p1/ipshared/cb07/hdl/axi_gpio_v2_0_vh_rfs.vhd:177]
INFO: [Synth 8-256] done synthesizing module 'axi_gpio' (8#1) [/home/ramprasad/arty_projects_10-7-2017/arty_linux/arty_linux.srcs/sources_1/bd/arty_linux_p1/ipshared/cb07/hdl/axi_gpio_v2_0_vh_rfs.vhd:1257]
INFO: [Synth 8-256] done synthesizing module 'arty_linux_p1_axi_gpio_2_0' (9#1) [/home/ramprasad/arty_projects_10-7-2017/arty_linux/arty_linux.srcs/sources_1/bd/arty_linux_p1/ip/arty_linux_p1_axi_gpio_2_0/synth/arty_linux_p1_axi_gpio_2_0.vhd:90]
Finished RTL Elaboration : Time (s): cpu = 00:00:10 ; elapsed = 00:00:10 . Memory (MB): peak = 1263.133 ; gain = 121.504 ; free physical = 220 ; free virtual = 10359
Finished RTL Optimization Phase 1 : Time (s): cpu = 00:00:10 ; elapsed = 00:00:11 . Memory (MB): peak = 1263.133 ; gain = 121.504 ; free physical = 194 ; free virtual = 10333
INFO: [Device 21-403] Loading part xc7a35ticsg324-1L
Constraint Validation Runtime : Time (s): cpu = 00:00:00.09 ; elapsed = 00:00:00.09 . Memory (MB): peak = 1601.344 ; gain = 0.004 ; free physical = 230 ; free virtual = 9657
Finished Constraint Validation : Time (s): cpu = 00:00:25 ; elapsed = 00:00:29 . Memory (MB): peak = 1601.344 ; gain = 459.715 ; free physical = 330 ; free virtual = 9766
Finished Loading Part and Timing Information : Time (s): cpu = 00:00:25 ; elapsed = 00:00:29 . Memory (MB): peak = 1601.344 ; gain = 459.715 ; free physical = 330 ; free virtual = 9766
Finished applying 'set_property' XDC Constraints : Time (s): cpu = 00:00:25 ; elapsed = 00:00:29 . Memory (MB): peak = 1601.344 ; gain = 459.715 ; free physical = 330 ; free virtual = 9766
Finished RTL Optimization Phase 2 : Time (s): cpu = 00:00:27 ; elapsed = 00:00:30 . Memory (MB): peak = 1601.344 ; gain = 459.715 ; free physical = 340 ; free virtual = 9775
Finished Cross Boundary and Area Optimization : Time (s): cpu = 00:00:29 ; elapsed = 00:00:32 . Memory (MB): peak = 1601.348 ; gain = 459.719 ; free physical = 285 ; free virtual = 9723
Finished Applying XDC Timing Constraints : Time (s): cpu = 00:00:44 ; elapsed = 00:00:49 . Memory (MB): peak = 1601.348 ; gain = 459.719 ; free physical = 128 ; free virtual = 9345
Finished Timing Optimization : Time (s): cpu = 00:00:46 ; elapsed = 00:00:51 . Memory (MB): peak = 1601.348 ; gain = 459.719 ; free physical = 126 ; free virtual = 9304
Finished Technology Mapping : Time (s): cpu = 00:00:47 ; elapsed = 00:00:52 . Memory (MB): peak = 1601.348 ; gain = 459.719 ; free physical = 188 ; free virtual = 9286
Finished IO Insertion : Time (s): cpu = 00:00:47 ; elapsed = 00:00:53 . Memory (MB): peak = 1601.348 ; gain = 459.719 ; free physical = 201 ; free virtual = 9306
Finished Renaming Generated Instances : Time (s): cpu = 00:00:47 ; elapsed = 00:00:53 . Memory (MB): peak = 1601.348 ; gain = 459.719 ; free physical = 201 ; free virtual = 9306
Finished Rebuilding User Hierarchy : Time (s): cpu = 00:00:48 ; elapsed = 00:00:53 . Memory (MB): peak = 1601.348 ; gain = 459.719 ; free physical = 201 ; free virtual = 9306
Finished Renaming Generated Ports : Time (s): cpu = 00:00:48 ; elapsed = 00:00:53 . Memory (MB): peak = 1601.348 ; gain = 459.719 ; free physical = 201 ; free virtual = 9306
Finished Handling Custom Attributes : Time (s): cpu = 00:00:48 ; elapsed = 00:00:53 . Memory (MB): peak = 1601.348 ; gain = 459.719 ; free physical = 201 ; free virtual = 9307
Finished Renaming Generated Nets : Time (s): cpu = 00:00:48 ; elapsed = 00:00:53 . Memory (MB): peak = 1601.348 ; gain = 459.719 ; free physical = 201 ; free virtual = 9307

Report Cell Usage: 
+------+-----+------+
|      |Cell |Count |
+------+-----+------+
|1     |LUT1 |     2|
|2     |LUT2 |    40|
|3     |LUT3 |    12|
|4     |LUT4 |    30|
|5     |LUT5 |    66|
|6     |LUT6 |    46|
|7     |FDR  |   144|
|8     |FDRE |   244|
|9     |FDSE |    40|
+------+-----+------+
Finished Writing Synthesis Report : Time (s): cpu = 00:00:48 ; elapsed = 00:00:53 . Memory (MB): peak = 1601.348 ; gain = 459.719 ; free physical = 201 ; free virtual = 9307
synth_design: Time (s): cpu = 00:00:49 ; elapsed = 00:00:55 . Memory (MB): peak = 1601.348 ; gain = 472.301 ; free physical = 766 ; free virtual = 9887
