
*** Running vivado
    with args -log arty_linux_p1_axi_ethernetlite_0_0.vds -m64 -product Vivado -mode batch -messageDb vivado.pb -notrace -source arty_linux_p1_axi_ethernetlite_0_0.tcl


****** Vivado v2017.2 (64-bit)
  **** SW Build 1909853 on Thu Jun 15 18:39:10 MDT 2017
  **** IP Build 1909766 on Thu Jun 15 19:58:00 MDT 2017
    ** Copyright 1986-2017 Xilinx, Inc. All Rights Reserved.

source arty_linux_p1_axi_ethernetlite_0_0.tcl -notrace
Starting RTL Elaboration : Time (s): cpu = 00:00:09 ; elapsed = 00:00:09 . Memory (MB): peak = 1218.629 ; gain = 77.000 ; free physical = 1075 ; free virtual = 11346
INFO: [Synth 8-638] synthesizing module 'arty_linux_p1_axi_ethernetlite_0_0' [/home/ramprasad/arty_projects_10-7-2017/arty_linux/arty_linux.srcs/sources_1/bd/arty_linux_p1/ip/arty_linux_p1_axi_ethernetlite_0_0/synth/arty_linux_p1_axi_ethernetlite_0_0.vhd:98]
INFO: [Synth 8-638] synthesizing module 'axi_ethernetlite' [/home/ramprasad/arty_projects_10-7-2017/arty_linux/arty_linux.srcs/sources_1/bd/arty_linux_p1/ipshared/f341/hdl/axi_ethernetlite_v3_0_vh_rfs.vhd:13331]
INFO: [Synth 8-638] synthesizing module 'cdc_sync' [/home/ramprasad/arty_projects_10-7-2017/arty_linux/arty_linux.srcs/sources_1/bd/arty_linux_p1/ipshared/52cb/hdl/lib_cdc_v1_0_rfs.vhd:106]
INFO: [Synth 8-256] done synthesizing module 'cdc_sync' (1#1) [/home/ramprasad/arty_projects_10-7-2017/arty_linux/arty_linux.srcs/sources_1/bd/arty_linux_p1/ipshared/52cb/hdl/lib_cdc_v1_0_rfs.vhd:106]
INFO: [Synth 8-638] synthesizing module 'IBUF' [/opt/Xilinx/Vivado/2017.2/scripts/rt/data/unisim_comp.v:14470]
INFO: [Synth 8-256] done synthesizing module 'IBUF' (2#1) [/opt/Xilinx/Vivado/2017.2/scripts/rt/data/unisim_comp.v:14470]
INFO: [Synth 8-638] synthesizing module 'BUFG' [/opt/Xilinx/Vivado/2017.2/scripts/rt/data/unisim_comp.v:607]
INFO: [Synth 8-256] done synthesizing module 'BUFG' (3#1) [/opt/Xilinx/Vivado/2017.2/scripts/rt/data/unisim_comp.v:607]
INFO: [Synth 8-638] synthesizing module 'cdc_sync__parameterized0' [/home/ramprasad/arty_projects_10-7-2017/arty_linux/arty_linux.srcs/sources_1/bd/arty_linux_p1/ipshared/52cb/hdl/lib_cdc_v1_0_rfs.vhd:106]
INFO: [Synth 8-256] done synthesizing module 'cdc_sync__parameterized0' (3#1) [/home/ramprasad/arty_projects_10-7-2017/arty_linux/arty_linux.srcs/sources_1/bd/arty_linux_p1/ipshared/52cb/hdl/lib_cdc_v1_0_rfs.vhd:106]
INFO: [Synth 8-638] synthesizing module 'cdc_sync__parameterized1' [/home/ramprasad/arty_projects_10-7-2017/arty_linux/arty_linux.srcs/sources_1/bd/arty_linux_p1/ipshared/52cb/hdl/lib_cdc_v1_0_rfs.vhd:106]
INFO: [Synth 8-256] done synthesizing module 'cdc_sync__parameterized1' (3#1) [/home/ramprasad/arty_projects_10-7-2017/arty_linux/arty_linux.srcs/sources_1/bd/arty_linux_p1/ipshared/52cb/hdl/lib_cdc_v1_0_rfs.vhd:106]
INFO: [Synth 8-638] synthesizing module 'FDRE' [/opt/Xilinx/Vivado/2017.2/scripts/rt/data/unisim_comp.v:3964]
INFO: [Synth 8-256] done synthesizing module 'FDRE' (4#1) [/opt/Xilinx/Vivado/2017.2/scripts/rt/data/unisim_comp.v:3964]
INFO: [Synth 8-638] synthesizing module 'xemac' [/home/ramprasad/arty_projects_10-7-2017/arty_linux/arty_linux.srcs/sources_1/bd/arty_linux_p1/ipshared/f341/hdl/axi_ethernetlite_v3_0_vh_rfs.vhd:10813]
INFO: [Synth 8-638] synthesizing module 'FDR' [/opt/Xilinx/Vivado/2017.2/scripts/rt/data/unisim_comp.v:3951]
INFO: [Synth 8-256] done synthesizing module 'FDR' (5#1) [/opt/Xilinx/Vivado/2017.2/scripts/rt/data/unisim_comp.v:3951]
INFO: [Synth 8-638] synthesizing module 'axi_ethernetlite_v3_0_11_emac' [/home/ramprasad/arty_projects_10-7-2017/arty_linux/arty_linux.srcs/sources_1/bd/arty_linux_p1/ipshared/f341/hdl/axi_ethernetlite_v3_0_vh_rfs.vhd:10274]
INFO: [Synth 8-638] synthesizing module 'receive' [/home/ramprasad/arty_projects_10-7-2017/arty_linux/arty_linux.srcs/sources_1/bd/arty_linux_p1/ipshared/f341/hdl/axi_ethernetlite_v3_0_vh_rfs.vhd:8564]
INFO: [Synth 8-638] synthesizing module 'rx_statemachine' [/home/ramprasad/arty_projects_10-7-2017/arty_linux/arty_linux.srcs/sources_1/bd/arty_linux_p1/ipshared/f341/hdl/axi_ethernetlite_v3_0_vh_rfs.vhd:4290]
INFO: [Synth 8-638] synthesizing module 'FDS' [/opt/Xilinx/Vivado/2017.2/scripts/rt/data/unisim_comp.v:4087]
INFO: [Synth 8-256] done synthesizing module 'FDS' (6#1) [/opt/Xilinx/Vivado/2017.2/scripts/rt/data/unisim_comp.v:4087]
INFO: [Synth 8-256] done synthesizing module 'rx_statemachine' (7#1) [/home/ramprasad/arty_projects_10-7-2017/arty_linux/arty_linux.srcs/sources_1/bd/arty_linux_p1/ipshared/f341/hdl/axi_ethernetlite_v3_0_vh_rfs.vhd:4290]
INFO: [Synth 8-638] synthesizing module 'rx_intrfce' [/home/ramprasad/arty_projects_10-7-2017/arty_linux/arty_linux.srcs/sources_1/bd/arty_linux_p1/ipshared/f341/hdl/axi_ethernetlite_v3_0_vh_rfs.vhd:5305]
INFO: [Synth 8-638] synthesizing module 'async_fifo_fg' [/home/ramprasad/arty_projects_10-7-2017/arty_linux/arty_linux.srcs/sources_1/bd/arty_linux_p1/ipshared/c387/hdl/lib_fifo_v1_0_rfs.vhd:253]
INFO: [Synth 8-256] done synthesizing module 'async_fifo_fg' (27#1) [/home/ramprasad/arty_projects_10-7-2017/arty_linux/arty_linux.srcs/sources_1/bd/arty_linux_p1/ipshared/c387/hdl/lib_fifo_v1_0_rfs.vhd:253]
INFO: [Synth 8-256] done synthesizing module 'rx_intrfce' (28#1) [/home/ramprasad/arty_projects_10-7-2017/arty_linux/arty_linux.srcs/sources_1/bd/arty_linux_p1/ipshared/f341/hdl/axi_ethernetlite_v3_0_vh_rfs.vhd:5305]
INFO: [Synth 8-638] synthesizing module 'crcgenrx' [/home/ramprasad/arty_projects_10-7-2017/arty_linux/arty_linux.srcs/sources_1/bd/arty_linux_p1/ipshared/f341/hdl/axi_ethernetlite_v3_0_vh_rfs.vhd:6893]
INFO: [Synth 8-256] done synthesizing module 'crcgenrx' (29#1) [/home/ramprasad/arty_projects_10-7-2017/arty_linux/arty_linux.srcs/sources_1/bd/arty_linux_p1/ipshared/f341/hdl/axi_ethernetlite_v3_0_vh_rfs.vhd:6893]
INFO: [Synth 8-256] done synthesizing module 'receive' (30#1) [/home/ramprasad/arty_projects_10-7-2017/arty_linux/arty_linux.srcs/sources_1/bd/arty_linux_p1/ipshared/f341/hdl/axi_ethernetlite_v3_0_vh_rfs.vhd:8564]
INFO: [Synth 8-638] synthesizing module 'transmit' [/home/ramprasad/arty_projects_10-7-2017/arty_linux/arty_linux.srcs/sources_1/bd/arty_linux_p1/ipshared/f341/hdl/axi_ethernetlite_v3_0_vh_rfs.vhd:7691]
INFO: [Synth 8-638] synthesizing module 'crcgentx' [/home/ramprasad/arty_projects_10-7-2017/arty_linux/arty_linux.srcs/sources_1/bd/arty_linux_p1/ipshared/f341/hdl/axi_ethernetlite_v3_0_vh_rfs.vhd:6547]
INFO: [Synth 8-638] synthesizing module 'crcnibshiftreg' [/home/ramprasad/arty_projects_10-7-2017/arty_linux/arty_linux.srcs/sources_1/bd/arty_linux_p1/ipshared/f341/hdl/axi_ethernetlite_v3_0_vh_rfs.vhd:1918]
INFO: [Synth 8-256] done synthesizing module 'crcnibshiftreg' (31#1) [/home/ramprasad/arty_projects_10-7-2017/arty_linux/arty_linux.srcs/sources_1/bd/arty_linux_p1/ipshared/f341/hdl/axi_ethernetlite_v3_0_vh_rfs.vhd:1918]
INFO: [Synth 8-256] done synthesizing module 'crcgentx' (32#1) [/home/ramprasad/arty_projects_10-7-2017/arty_linux/arty_linux.srcs/sources_1/bd/arty_linux_p1/ipshared/f341/hdl/axi_ethernetlite_v3_0_vh_rfs.vhd:6547]
INFO: [Synth 8-638] synthesizing module 'tx_intrfce' [/home/ramprasad/arty_projects_10-7-2017/arty_linux/arty_linux.srcs/sources_1/bd/arty_linux_p1/ipshared/f341/hdl/axi_ethernetlite_v3_0_vh_rfs.vhd:3931]
INFO: [Synth 8-638] synthesizing module 'cdc_sync__parameterized2' [/home/ramprasad/arty_projects_10-7-2017/arty_linux/arty_linux.srcs/sources_1/bd/arty_linux_p1/ipshared/52cb/hdl/lib_cdc_v1_0_rfs.vhd:106]
INFO: [Synth 8-256] done synthesizing module 'cdc_sync__parameterized2' (32#1) [/home/ramprasad/arty_projects_10-7-2017/arty_linux/arty_linux.srcs/sources_1/bd/arty_linux_p1/ipshared/52cb/hdl/lib_cdc_v1_0_rfs.vhd:106]
INFO: [Synth 8-256] done synthesizing module 'tx_intrfce' (33#1) [/home/ramprasad/arty_projects_10-7-2017/arty_linux/arty_linux.srcs/sources_1/bd/arty_linux_p1/ipshared/f341/hdl/axi_ethernetlite_v3_0_vh_rfs.vhd:3931]
INFO: [Synth 8-638] synthesizing module 'mux_onehot_f' [/home/ramprasad/arty_projects_10-7-2017/arty_linux/arty_linux.srcs/sources_1/bd/arty_linux_p1/ipshared/f341/hdl/axi_ethernetlite_v3_0_vh_rfs.vhd:503]
INFO: [Synth 8-638] synthesizing module 'MUXCY' [/opt/Xilinx/Vivado/2017.2/scripts/rt/data/unisim_comp.v:21613]
INFO: [Synth 8-256] done synthesizing module 'MUXCY' (34#1) [/opt/Xilinx/Vivado/2017.2/scripts/rt/data/unisim_comp.v:21613]
INFO: [Synth 8-256] done synthesizing module 'mux_onehot_f' (35#1) [/home/ramprasad/arty_projects_10-7-2017/arty_linux/arty_linux.srcs/sources_1/bd/arty_linux_p1/ipshared/f341/hdl/axi_ethernetlite_v3_0_vh_rfs.vhd:503]
INFO: [Synth 8-638] synthesizing module 'ld_arith_reg' [/home/ramprasad/arty_projects_10-7-2017/arty_linux/arty_linux.srcs/sources_1/bd/arty_linux_p1/ipshared/f341/hdl/axi_ethernetlite_v3_0_vh_rfs.vhd:161]
INFO: [Synth 8-638] synthesizing module 'MULT_AND' [/opt/Xilinx/Vivado/2017.2/scripts/rt/data/unisim_comp.v:21602]
INFO: [Synth 8-256] done synthesizing module 'MULT_AND' (36#1) [/opt/Xilinx/Vivado/2017.2/scripts/rt/data/unisim_comp.v:21602]
INFO: [Synth 8-638] synthesizing module 'XORCY' [/opt/Xilinx/Vivado/2017.2/scripts/rt/data/unisim_comp.v:45685]
INFO: [Synth 8-256] done synthesizing module 'XORCY' (37#1) [/opt/Xilinx/Vivado/2017.2/scripts/rt/data/unisim_comp.v:45685]
INFO: [Synth 8-256] done synthesizing module 'ld_arith_reg' (38#1) [/home/ramprasad/arty_projects_10-7-2017/arty_linux/arty_linux.srcs/sources_1/bd/arty_linux_p1/ipshared/f341/hdl/axi_ethernetlite_v3_0_vh_rfs.vhd:161]
INFO: [Synth 8-638] synthesizing module 'tx_statemachine' [/home/ramprasad/arty_projects_10-7-2017/arty_linux/arty_linux.srcs/sources_1/bd/arty_linux_p1/ipshared/f341/hdl/axi_ethernetlite_v3_0_vh_rfs.vhd:2440]
INFO: [Synth 8-638] synthesizing module 'cntr5bit' [/home/ramprasad/arty_projects_10-7-2017/arty_linux/arty_linux.srcs/sources_1/bd/arty_linux_p1/ipshared/f341/hdl/axi_ethernetlite_v3_0_vh_rfs.vhd:2119]
INFO: [Synth 8-256] done synthesizing module 'cntr5bit' (39#1) [/home/ramprasad/arty_projects_10-7-2017/arty_linux/arty_linux.srcs/sources_1/bd/arty_linux_p1/ipshared/f341/hdl/axi_ethernetlite_v3_0_vh_rfs.vhd:2119]
INFO: [Synth 8-256] done synthesizing module 'tx_statemachine' (40#1) [/home/ramprasad/arty_projects_10-7-2017/arty_linux/arty_linux.srcs/sources_1/bd/arty_linux_p1/ipshared/f341/hdl/axi_ethernetlite_v3_0_vh_rfs.vhd:2440]
INFO: [Synth 8-638] synthesizing module 'deferral' [/home/ramprasad/arty_projects_10-7-2017/arty_linux/arty_linux.srcs/sources_1/bd/arty_linux_p1/ipshared/f341/hdl/axi_ethernetlite_v3_0_vh_rfs.vhd:6249]
INFO: [Synth 8-638] synthesizing module 'defer_state' [/home/ramprasad/arty_projects_10-7-2017/arty_linux/arty_linux.srcs/sources_1/bd/arty_linux_p1/ipshared/f341/hdl/axi_ethernetlite_v3_0_vh_rfs.vhd:1651]
INFO: [Synth 8-256] done synthesizing module 'defer_state' (41#1) [/home/ramprasad/arty_projects_10-7-2017/arty_linux/arty_linux.srcs/sources_1/bd/arty_linux_p1/ipshared/f341/hdl/axi_ethernetlite_v3_0_vh_rfs.vhd:1651]
INFO: [Synth 8-256] done synthesizing module 'deferral' (42#1) [/home/ramprasad/arty_projects_10-7-2017/arty_linux/arty_linux.srcs/sources_1/bd/arty_linux_p1/ipshared/f341/hdl/axi_ethernetlite_v3_0_vh_rfs.vhd:6249]
INFO: [Synth 8-638] synthesizing module 'ld_arith_reg__parameterized0' [/home/ramprasad/arty_projects_10-7-2017/arty_linux/arty_linux.srcs/sources_1/bd/arty_linux_p1/ipshared/f341/hdl/axi_ethernetlite_v3_0_vh_rfs.vhd:161]
INFO: [Synth 8-256] done synthesizing module 'ld_arith_reg__parameterized0' (42#1) [/home/ramprasad/arty_projects_10-7-2017/arty_linux/arty_linux.srcs/sources_1/bd/arty_linux_p1/ipshared/f341/hdl/axi_ethernetlite_v3_0_vh_rfs.vhd:161]
INFO: [Synth 8-638] synthesizing module 'ld_arith_reg__parameterized1' [/home/ramprasad/arty_projects_10-7-2017/arty_linux/arty_linux.srcs/sources_1/bd/arty_linux_p1/ipshared/f341/hdl/axi_ethernetlite_v3_0_vh_rfs.vhd:161]
INFO: [Synth 8-638] synthesizing module 'FDSE' [/opt/Xilinx/Vivado/2017.2/scripts/rt/data/unisim_comp.v:4100]
INFO: [Synth 8-256] done synthesizing module 'FDSE' (43#1) [/opt/Xilinx/Vivado/2017.2/scripts/rt/data/unisim_comp.v:4100]
INFO: [Synth 8-256] done synthesizing module 'ld_arith_reg__parameterized1' (43#1) [/home/ramprasad/arty_projects_10-7-2017/arty_linux/arty_linux.srcs/sources_1/bd/arty_linux_p1/ipshared/f341/hdl/axi_ethernetlite_v3_0_vh_rfs.vhd:161]
INFO: [Synth 8-256] done synthesizing module 'transmit' (44#1) [/home/ramprasad/arty_projects_10-7-2017/arty_linux/arty_linux.srcs/sources_1/bd/arty_linux_p1/ipshared/f341/hdl/axi_ethernetlite_v3_0_vh_rfs.vhd:7691]
INFO: [Synth 8-638] synthesizing module 'MacAddrRAM' [/home/ramprasad/arty_projects_10-7-2017/arty_linux/arty_linux.srcs/sources_1/bd/arty_linux_p1/ipshared/f341/hdl/axi_ethernetlite_v3_0_vh_rfs.vhd:8882]
INFO: [Synth 8-638] synthesizing module 'ram16x4' [/home/ramprasad/arty_projects_10-7-2017/arty_linux/arty_linux.srcs/sources_1/bd/arty_linux_p1/ipshared/f341/hdl/axi_ethernetlite_v3_0_vh_rfs.vhd:5612]
INFO: [Synth 8-638] synthesizing module 'RAM16X1S' [/opt/Xilinx/Vivado/2017.2/scripts/rt/data/unisim_comp.v:36944]
INFO: [Synth 8-256] done synthesizing module 'RAM16X1S' (45#1) [/opt/Xilinx/Vivado/2017.2/scripts/rt/data/unisim_comp.v:36944]
INFO: [Synth 8-256] done synthesizing module 'ram16x4' (46#1) [/home/ramprasad/arty_projects_10-7-2017/arty_linux/arty_linux.srcs/sources_1/bd/arty_linux_p1/ipshared/f341/hdl/axi_ethernetlite_v3_0_vh_rfs.vhd:5612]
INFO: [Synth 8-256] done synthesizing module 'MacAddrRAM' (47#1) [/home/ramprasad/arty_projects_10-7-2017/arty_linux/arty_linux.srcs/sources_1/bd/arty_linux_p1/ipshared/f341/hdl/axi_ethernetlite_v3_0_vh_rfs.vhd:8882]
INFO: [Synth 8-256] done synthesizing module 'axi_ethernetlite_v3_0_11_emac' (48#1) [/home/ramprasad/arty_projects_10-7-2017/arty_linux/arty_linux.srcs/sources_1/bd/arty_linux_p1/ipshared/f341/hdl/axi_ethernetlite_v3_0_vh_rfs.vhd:10274]
INFO: [Synth 8-638] synthesizing module 'emac_dpram' [/home/ramprasad/arty_projects_10-7-2017/arty_linux/arty_linux.srcs/sources_1/bd/arty_linux_p1/ipshared/f341/hdl/axi_ethernetlite_v3_0_vh_rfs.vhd:9672]
INFO: [Synth 8-638] synthesizing module 'xpm_memory_tdpram' [/opt/Xilinx/Vivado/2017.2/data/ip/xpm/xpm_memory/hdl/xpm_memory.sv:7275]
INFO: [Synth 8-638] synthesizing module 'xpm_memory_base' [/opt/Xilinx/Vivado/2017.2/data/ip/xpm/xpm_memory/hdl/xpm_memory.sv:58]
INFO: [Synth 8-256] done synthesizing module 'xpm_memory_base' (49#1) [/opt/Xilinx/Vivado/2017.2/data/ip/xpm/xpm_memory/hdl/xpm_memory.sv:58]
INFO: [Synth 8-256] done synthesizing module 'xpm_memory_tdpram' (50#1) [/opt/Xilinx/Vivado/2017.2/data/ip/xpm/xpm_memory/hdl/xpm_memory.sv:7275]
INFO: [Synth 8-256] done synthesizing module 'emac_dpram' (51#1) [/home/ramprasad/arty_projects_10-7-2017/arty_linux/arty_linux.srcs/sources_1/bd/arty_linux_p1/ipshared/f341/hdl/axi_ethernetlite_v3_0_vh_rfs.vhd:9672]
INFO: [Synth 8-638] synthesizing module 'mdio_if' [/home/ramprasad/arty_projects_10-7-2017/arty_linux/arty_linux.srcs/sources_1/bd/arty_linux_p1/ipshared/f341/hdl/axi_ethernetlite_v3_0_vh_rfs.vhd:9101]
INFO: [Synth 8-256] done synthesizing module 'mdio_if' (52#1) [/home/ramprasad/arty_projects_10-7-2017/arty_linux/arty_linux.srcs/sources_1/bd/arty_linux_p1/ipshared/f341/hdl/axi_ethernetlite_v3_0_vh_rfs.vhd:9101]
INFO: [Synth 8-256] done synthesizing module 'xemac' (53#1) [/home/ramprasad/arty_projects_10-7-2017/arty_linux/arty_linux.srcs/sources_1/bd/arty_linux_p1/ipshared/f341/hdl/axi_ethernetlite_v3_0_vh_rfs.vhd:10813]
INFO: [Synth 8-638] synthesizing module 'axi_interface' [/home/ramprasad/arty_projects_10-7-2017/arty_linux/arty_linux.srcs/sources_1/bd/arty_linux_p1/ipshared/f341/hdl/axi_ethernetlite_v3_0_vh_rfs.vhd:12303]
INFO: [Synth 8-256] done synthesizing module 'axi_interface' (54#1) [/home/ramprasad/arty_projects_10-7-2017/arty_linux/arty_linux.srcs/sources_1/bd/arty_linux_p1/ipshared/f341/hdl/axi_ethernetlite_v3_0_vh_rfs.vhd:12303]
INFO: [Synth 8-256] done synthesizing module 'axi_ethernetlite' (55#1) [/home/ramprasad/arty_projects_10-7-2017/arty_linux/arty_linux.srcs/sources_1/bd/arty_linux_p1/ipshared/f341/hdl/axi_ethernetlite_v3_0_vh_rfs.vhd:13331]
INFO: [Synth 8-256] done synthesizing module 'arty_linux_p1_axi_ethernetlite_0_0' (56#1) [/home/ramprasad/arty_projects_10-7-2017/arty_linux/arty_linux.srcs/sources_1/bd/arty_linux_p1/ip/arty_linux_p1_axi_ethernetlite_0_0/synth/arty_linux_p1_axi_ethernetlite_0_0.vhd:98]
Finished RTL Elaboration : Time (s): cpu = 00:00:26 ; elapsed = 00:00:27 . Memory (MB): peak = 1365.133 ; gain = 223.504 ; free physical = 618 ; free virtual = 10894
Finished RTL Optimization Phase 1 : Time (s): cpu = 00:00:27 ; elapsed = 00:00:28 . Memory (MB): peak = 1365.133 ; gain = 223.504 ; free physical = 590 ; free virtual = 10884
INFO: [Device 21-403] Loading part xc7a35ticsg324-1L
Constraint Validation Runtime : Time (s): cpu = 00:00:00.09 ; elapsed = 00:00:00.09 . Memory (MB): peak = 1620.000 ; gain = 0.004 ; free physical = 301 ; free virtual = 10573
Finished Constraint Validation : Time (s): cpu = 00:00:47 ; elapsed = 00:00:53 . Memory (MB): peak = 1620.000 ; gain = 478.371 ; free physical = 214 ; free virtual = 10410
Finished Loading Part and Timing Information : Time (s): cpu = 00:00:47 ; elapsed = 00:00:53 . Memory (MB): peak = 1620.000 ; gain = 478.371 ; free physical = 214 ; free virtual = 10410
Finished applying 'set_property' XDC Constraints : Time (s): cpu = 00:00:48 ; elapsed = 00:00:53 . Memory (MB): peak = 1620.000 ; gain = 478.371 ; free physical = 212 ; free virtual = 10408
Finished RTL Optimization Phase 2 : Time (s): cpu = 00:00:52 ; elapsed = 00:00:58 . Memory (MB): peak = 1620.000 ; gain = 478.371 ; free physical = 289 ; free virtual = 10446
Finished Cross Boundary and Area Optimization : Time (s): cpu = 00:00:59 ; elapsed = 00:01:06 . Memory (MB): peak = 1620.004 ; gain = 478.375 ; free physical = 188 ; free virtual = 10374
---------------------------------------------------------------------------------
Start ROM, RAM, DSP and Shift Register Reporting
---------------------------------------------------------------------------------

Block RAM: Preliminary Mapping  Report (see note below)
+-----------------+--------------------------------+------------------------+---+---+------------------------+---+---+------------------+--------+--------+
|Module Name      | RTL Object                     | PORT A (Depth x Width) | W | R | PORT B (Depth x Width) | W | R | Ports driving FF | RAMB18 | RAMB36 | 
+-----------------+--------------------------------+------------------------+---+---+------------------------+---+---+------------------+--------+--------+
|xpm_memory_base: | gen_wr_b.gen_word_wide.mem_reg | 4 K x 4(READ_FIRST)    | W | R | 512 x 32(READ_FIRST)   | W | R | Port A and B     | 0      | 1      | 
|xpm_memory_base: | gen_wr_b.gen_word_wide.mem_reg | 4 K x 4(READ_FIRST)    | W | R | 512 x 32(READ_FIRST)   | W | R | Port A and B     | 0      | 1      | 
|xpm_memory_base: | gen_wr_b.gen_word_wide.mem_reg | 4 K x 4(READ_FIRST)    | W | R | 512 x 32(READ_FIRST)   | W | R | Port A and B     | 0      | 1      | 
|xpm_memory_base: | gen_wr_b.gen_word_wide.mem_reg | 4 K x 4(READ_FIRST)    | W | R | 512 x 32(READ_FIRST)   | W | R | Port A and B     | 0      | 1      | 
+-----------------+--------------------------------+------------------------+---+---+------------------------+---+---+------------------+--------+--------+

Note: The table above is a preliminary report that shows the Block RAMs at the current stage of the synthesis flow. Some Block RAMs may be reimplemented as non Block RAM primitives later in the synthesis flow. Multiple instantiated Block RAMs are reported only once. 

Distributed RAM: Preliminary Mapping  Report (see note below)
+------------+----------------------------------------------------------------------------------------------------------------------------------------------------------------------------------+----------------+----------------------+--------------+
|Module Name | RTL Object                                                                                                                                                                       | Inference      | Size (Depth x Width) | Primitives   | 
+------------+----------------------------------------------------------------------------------------------------------------------------------------------------------------------------------+----------------+----------------------+--------------+
|U0          | XEMAC_I/EMAC_I/RX/INST_RX_INTRFCE/I_RX_FIFO/LEGACY_COREGEN_DEPTH.V6_S6_AND_LATER.I_ASYNC_FIFO_BRAM/inst_fifo_gen/gconvfifo.rf/grf.rf/gntv_or_sync_fifo.mem/gdm.dm_gen.dm/RAM_reg | User Attribute | 16 x 6               | RAM32M x 1   | 
|U0          | XEMAC_I/EMAC_I/TX/INST_TX_INTRFCE/I_TX_FIFO/LEGACY_COREGEN_DEPTH.V6_S6_AND_LATER.I_ASYNC_FIFO_BRAM/inst_fifo_gen/gconvfifo.rf/grf.rf/gntv_or_sync_fifo.mem/gdm.dm_gen.dm/RAM_reg | User Attribute | 16 x 6               | RAM32M x 1   | 
+------------+----------------------------------------------------------------------------------------------------------------------------------------------------------------------------------+----------------+----------------------+--------------+

Note: The table above is a preliminary report that shows the Distributed RAMs at the current stage of the synthesis flow. Some Distributed RAMs may be reimplemented as non Distributed RAM primitives later in the synthesis flow. Multiple instantiated RAMs are reported only once.
---------------------------------------------------------------------------------
Finished ROM, RAM, DSP and Shift Register Reporting
---------------------------------------------------------------------------------
Finished Applying XDC Timing Constraints : Time (s): cpu = 00:01:16 ; elapsed = 00:01:25 . Memory (MB): peak = 1620.004 ; gain = 478.375 ; free physical = 327 ; free virtual = 10489
Finished Timing Optimization : Time (s): cpu = 00:01:17 ; elapsed = 00:01:26 . Memory (MB): peak = 1620.004 ; gain = 478.375 ; free physical = 305 ; free virtual = 10467
Finished Technology Mapping : Time (s): cpu = 00:01:18 ; elapsed = 00:01:27 . Memory (MB): peak = 1628.004 ; gain = 486.375 ; free physical = 277 ; free virtual = 10439
Finished IO Insertion : Time (s): cpu = 00:01:19 ; elapsed = 00:01:28 . Memory (MB): peak = 1628.004 ; gain = 486.375 ; free physical = 232 ; free virtual = 10394
Finished Renaming Generated Instances : Time (s): cpu = 00:01:19 ; elapsed = 00:01:29 . Memory (MB): peak = 1628.004 ; gain = 486.375 ; free physical = 230 ; free virtual = 10391
Finished Rebuilding User Hierarchy : Time (s): cpu = 00:01:20 ; elapsed = 00:01:29 . Memory (MB): peak = 1628.004 ; gain = 486.375 ; free physical = 241 ; free virtual = 10378
Finished Renaming Generated Ports : Time (s): cpu = 00:01:20 ; elapsed = 00:01:29 . Memory (MB): peak = 1628.004 ; gain = 486.375 ; free physical = 237 ; free virtual = 10374
Finished Handling Custom Attributes : Time (s): cpu = 00:01:20 ; elapsed = 00:01:29 . Memory (MB): peak = 1628.004 ; gain = 486.375 ; free physical = 233 ; free virtual = 10362
Finished Renaming Generated Nets : Time (s): cpu = 00:01:20 ; elapsed = 00:01:29 . Memory (MB): peak = 1628.004 ; gain = 486.375 ; free physical = 229 ; free virtual = 10359

Report Cell Usage: 
+------+---------+------+
|      |Cell     |Count |
+------+---------+------+
|1     |BUFG     |     2|
|2     |CARRY4   |     9|
|3     |LUT1     |    42|
|4     |LUT2     |   121|
|5     |LUT3     |    80|
|6     |LUT4     |   154|
|7     |LUT5     |   102|
|8     |LUT6     |   209|
|9     |MULT_AND |    17|
|10    |MUXCY    |    25|
|11    |MUXF7    |     1|
|12    |RAM16X1S |     4|
|13    |RAM32M   |     2|
|14    |RAMB36E1 |     4|
|15    |XORCY    |    20|
|16    |FDCE     |   110|
|17    |FDPE     |    44|
|18    |FDR      |    79|
|19    |FDRE     |   373|
|20    |FDS      |     2|
|21    |FDSE     |    48|
|22    |IBUF     |     2|
+------+---------+------+
Finished Writing Synthesis Report : Time (s): cpu = 00:01:20 ; elapsed = 00:01:29 . Memory (MB): peak = 1628.004 ; gain = 486.375 ; free physical = 228 ; free virtual = 10357
synth_design: Time (s): cpu = 00:01:24 ; elapsed = 00:01:33 . Memory (MB): peak = 1628.012 ; gain = 498.965 ; free physical = 179 ; free virtual = 10249
