
*** Running vivado
    with args -log arty_linux_p1_axi_smc_0.vds -m64 -product Vivado -mode batch -messageDb vivado.pb -notrace -source arty_linux_p1_axi_smc_0.tcl


****** Vivado v2017.2 (64-bit)
  **** SW Build 1909853 on Thu Jun 15 18:39:10 MDT 2017
  **** IP Build 1909766 on Thu Jun 15 19:58:00 MDT 2017
    ** Copyright 1986-2017 Xilinx, Inc. All Rights Reserved.

source arty_linux_p1_axi_smc_0.tcl -notrace
Starting RTL Elaboration : Time (s): cpu = 00:00:08 ; elapsed = 00:00:09 . Memory (MB): peak = 1242.652 ; gain = 86.996 ; free physical = 811 ; free virtual = 11083
INFO: [Synth 8-638] synthesizing module 'arty_linux_p1_axi_smc_0' [/home/ramprasad/arty_projects_10-7-2017/arty_linux/arty_linux.srcs/sources_1/bd/arty_linux_p1/ip/arty_linux_p1_axi_smc_0/synth/arty_linux_p1_axi_smc_0.v:57]
INFO: [Synth 8-638] synthesizing module 'bd_de01' [/home/ramprasad/arty_projects_10-7-2017/arty_linux/arty_linux.srcs/sources_1/bd/arty_linux_p1/ip/arty_linux_p1_axi_smc_0/bd_0/hdl/bd_de01.v:13]
INFO: [Synth 8-638] synthesizing module 'clk_map_imp_QHFDBG' [/home/ramprasad/arty_projects_10-7-2017/arty_linux/arty_linux.srcs/sources_1/bd/arty_linux_p1/ip/arty_linux_p1_axi_smc_0/bd_0/hdl/bd_de01.v:1133]
INFO: [Synth 8-638] synthesizing module 'bd_de01_one_0' [/home/ramprasad/arty_projects_10-7-2017/arty_linux/arty_linux.srcs/sources_1/bd/arty_linux_p1/ip/arty_linux_p1_axi_smc_0/bd_0/ip/ip_0/synth/bd_de01_one_0.v:57]
INFO: [Synth 8-638] synthesizing module 'xlconstant_v1_1_3_xlconstant' [/home/ramprasad/arty_projects_10-7-2017/arty_linux/arty_linux.srcs/sources_1/bd/arty_linux_p1/ipshared/45df/hdl/xlconstant_v1_1_vl_rfs.v:23]
INFO: [Synth 8-256] done synthesizing module 'xlconstant_v1_1_3_xlconstant' (1#1) [/home/ramprasad/arty_projects_10-7-2017/arty_linux/arty_linux.srcs/sources_1/bd/arty_linux_p1/ipshared/45df/hdl/xlconstant_v1_1_vl_rfs.v:23]
INFO: [Synth 8-256] done synthesizing module 'bd_de01_one_0' (2#1) [/home/ramprasad/arty_projects_10-7-2017/arty_linux/arty_linux.srcs/sources_1/bd/arty_linux_p1/ip/arty_linux_p1_axi_smc_0/bd_0/ip/ip_0/synth/bd_de01_one_0.v:57]
INFO: [Synth 8-638] synthesizing module 'bd_de01_psr_aclk_0' [/home/ramprasad/arty_projects_10-7-2017/arty_linux/arty_linux.srcs/sources_1/bd/arty_linux_p1/ip/arty_linux_p1_axi_smc_0/bd_0/ip/ip_1/synth/bd_de01_psr_aclk_0.vhd:74]
INFO: [Synth 8-638] synthesizing module 'proc_sys_reset' [/home/ramprasad/arty_projects_10-7-2017/arty_linux/arty_linux.srcs/sources_1/bd/arty_linux_p1/ipshared/5db7/hdl/proc_sys_reset_v5_0_vh_rfs.vhd:1323]
INFO: [Synth 8-638] synthesizing module 'lpf' [/home/ramprasad/arty_projects_10-7-2017/arty_linux/arty_linux.srcs/sources_1/bd/arty_linux_p1/ipshared/5db7/hdl/proc_sys_reset_v5_0_vh_rfs.vhd:816]
INFO: [Synth 8-638] synthesizing module 'SRL16' [/opt/Xilinx/Vivado/2017.2/scripts/rt/data/unisim_comp.v:43657]
INFO: [Synth 8-256] done synthesizing module 'SRL16' (3#1) [/opt/Xilinx/Vivado/2017.2/scripts/rt/data/unisim_comp.v:43657]
INFO: [Synth 8-638] synthesizing module 'cdc_sync' [/home/ramprasad/arty_projects_10-7-2017/arty_linux/arty_linux.srcs/sources_1/bd/arty_linux_p1/ipshared/52cb/hdl/lib_cdc_v1_0_rfs.vhd:106]
INFO: [Synth 8-256] done synthesizing module 'cdc_sync' (4#1) [/home/ramprasad/arty_projects_10-7-2017/arty_linux/arty_linux.srcs/sources_1/bd/arty_linux_p1/ipshared/52cb/hdl/lib_cdc_v1_0_rfs.vhd:106]
INFO: [Synth 8-256] done synthesizing module 'lpf' (5#1) [/home/ramprasad/arty_projects_10-7-2017/arty_linux/arty_linux.srcs/sources_1/bd/arty_linux_p1/ipshared/5db7/hdl/proc_sys_reset_v5_0_vh_rfs.vhd:816]
INFO: [Synth 8-638] synthesizing module 'sequence_psr' [/home/ramprasad/arty_projects_10-7-2017/arty_linux/arty_linux.srcs/sources_1/bd/arty_linux_p1/ipshared/5db7/hdl/proc_sys_reset_v5_0_vh_rfs.vhd:301]
INFO: [Synth 8-638] synthesizing module 'upcnt_n' [/home/ramprasad/arty_projects_10-7-2017/arty_linux/arty_linux.srcs/sources_1/bd/arty_linux_p1/ipshared/5db7/hdl/proc_sys_reset_v5_0_vh_rfs.vhd:125]
INFO: [Synth 8-256] done synthesizing module 'upcnt_n' (6#1) [/home/ramprasad/arty_projects_10-7-2017/arty_linux/arty_linux.srcs/sources_1/bd/arty_linux_p1/ipshared/5db7/hdl/proc_sys_reset_v5_0_vh_rfs.vhd:125]
INFO: [Synth 8-256] done synthesizing module 'sequence_psr' (7#1) [/home/ramprasad/arty_projects_10-7-2017/arty_linux/arty_linux.srcs/sources_1/bd/arty_linux_p1/ipshared/5db7/hdl/proc_sys_reset_v5_0_vh_rfs.vhd:301]
INFO: [Synth 8-256] done synthesizing module 'proc_sys_reset' (8#1) [/home/ramprasad/arty_projects_10-7-2017/arty_linux/arty_linux.srcs/sources_1/bd/arty_linux_p1/ipshared/5db7/hdl/proc_sys_reset_v5_0_vh_rfs.vhd:1323]
INFO: [Synth 8-256] done synthesizing module 'bd_de01_psr_aclk_0' (9#1) [/home/ramprasad/arty_projects_10-7-2017/arty_linux/arty_linux.srcs/sources_1/bd/arty_linux_p1/ip/arty_linux_p1_axi_smc_0/bd_0/ip/ip_1/synth/bd_de01_psr_aclk_0.vhd:74]
INFO: [Synth 8-256] done synthesizing module 'clk_map_imp_QHFDBG' (10#1) [/home/ramprasad/arty_projects_10-7-2017/arty_linux/arty_linux.srcs/sources_1/bd/arty_linux_p1/ip/arty_linux_p1_axi_smc_0/bd_0/hdl/bd_de01.v:1133]
INFO: [Synth 8-638] synthesizing module 'm00_exit_pipeline_imp_1AKPR7B' [/home/ramprasad/arty_projects_10-7-2017/arty_linux/arty_linux.srcs/sources_1/bd/arty_linux_p1/ip/arty_linux_p1_axi_smc_0/bd_0/hdl/bd_de01.v:1183]
INFO: [Synth 8-638] synthesizing module 'bd_de01_m00e_0' [/home/ramprasad/arty_projects_10-7-2017/arty_linux/arty_linux.srcs/sources_1/bd/arty_linux_p1/ip/arty_linux_p1_axi_smc_0/bd_0/ip/ip_28/synth/bd_de01_m00e_0.sv:58]
INFO: [Synth 8-256] done synthesizing module 'bd_de01_m00e_0' (20#1) [/home/ramprasad/arty_projects_10-7-2017/arty_linux/arty_linux.srcs/sources_1/bd/arty_linux_p1/ip/arty_linux_p1_axi_smc_0/bd_0/ip/ip_28/synth/bd_de01_m00e_0.sv:58]
INFO: [Synth 8-256] done synthesizing module 'm00_exit_pipeline_imp_1AKPR7B' (21#1) [/home/ramprasad/arty_projects_10-7-2017/arty_linux/arty_linux.srcs/sources_1/bd/arty_linux_p1/ip/arty_linux_p1_axi_smc_0/bd_0/hdl/bd_de01.v:1183]
INFO: [Synth 8-638] synthesizing module 'm00_nodes_imp_1WSB0T7' [/home/ramprasad/arty_projects_10-7-2017/arty_linux/arty_linux.srcs/sources_1/bd/arty_linux_p1/ip/arty_linux_p1_axi_smc_0/bd_0/hdl/bd_de01.v:1554]
INFO: [Synth 8-638] synthesizing module 'bd_de01_m00arn_0' [/home/ramprasad/arty_projects_10-7-2017/arty_linux/arty_linux.srcs/sources_1/bd/arty_linux_p1/ip/arty_linux_p1_axi_smc_0/bd_0/ip/ip_23/synth/bd_de01_m00arn_0.sv:58]
INFO: [Synth 8-638] synthesizing module 'xpm_memory_base' [/opt/Xilinx/Vivado/2017.2/data/ip/xpm/xpm_memory/hdl/xpm_memory.sv:58]
INFO: [Synth 8-256] done synthesizing module 'xpm_memory_base' (27#1) [/opt/Xilinx/Vivado/2017.2/data/ip/xpm/xpm_memory/hdl/xpm_memory.sv:58]
INFO: [Synth 8-638] synthesizing module 'xpm_memory_base__parameterized0' [/opt/Xilinx/Vivado/2017.2/data/ip/xpm/xpm_memory/hdl/xpm_memory.sv:58]
INFO: [Synth 8-256] done synthesizing module 'xpm_memory_base__parameterized0' (30#1) [/opt/Xilinx/Vivado/2017.2/data/ip/xpm/xpm_memory/hdl/xpm_memory.sv:58]
INFO: [Synth 8-256] done synthesizing module 'bd_de01_m00arn_0' (36#1) [/home/ramprasad/arty_projects_10-7-2017/arty_linux/arty_linux.srcs/sources_1/bd/arty_linux_p1/ip/arty_linux_p1_axi_smc_0/bd_0/ip/ip_23/synth/bd_de01_m00arn_0.sv:58]
INFO: [Synth 8-638] synthesizing module 'bd_de01_m00awn_0' [/home/ramprasad/arty_projects_10-7-2017/arty_linux/arty_linux.srcs/sources_1/bd/arty_linux_p1/ip/arty_linux_p1_axi_smc_0/bd_0/ip/ip_25/synth/bd_de01_m00awn_0.sv:58]
INFO: [Synth 8-256] done synthesizing module 'bd_de01_m00awn_0' (37#1) [/home/ramprasad/arty_projects_10-7-2017/arty_linux/arty_linux.srcs/sources_1/bd/arty_linux_p1/ip/arty_linux_p1_axi_smc_0/bd_0/ip/ip_25/synth/bd_de01_m00awn_0.sv:58]
INFO: [Synth 8-638] synthesizing module 'bd_de01_m00bn_0' [/home/ramprasad/arty_projects_10-7-2017/arty_linux/arty_linux.srcs/sources_1/bd/arty_linux_p1/ip/arty_linux_p1_axi_smc_0/bd_0/ip/ip_27/synth/bd_de01_m00bn_0.sv:58]
INFO: [Synth 8-638] synthesizing module 'xpm_memory_base__parameterized1' [/opt/Xilinx/Vivado/2017.2/data/ip/xpm/xpm_memory/hdl/xpm_memory.sv:58]
INFO: [Synth 8-256] done synthesizing module 'xpm_memory_base__parameterized1' (37#1) [/opt/Xilinx/Vivado/2017.2/data/ip/xpm/xpm_memory/hdl/xpm_memory.sv:58]
INFO: [Synth 8-638] synthesizing module 'xpm_memory_base__parameterized2' [/opt/Xilinx/Vivado/2017.2/data/ip/xpm/xpm_memory/hdl/xpm_memory.sv:58]
INFO: [Synth 8-256] done synthesizing module 'xpm_memory_base__parameterized2' (37#1) [/opt/Xilinx/Vivado/2017.2/data/ip/xpm/xpm_memory/hdl/xpm_memory.sv:58]
INFO: [Synth 8-256] done synthesizing module 'bd_de01_m00bn_0' (38#1) [/home/ramprasad/arty_projects_10-7-2017/arty_linux/arty_linux.srcs/sources_1/bd/arty_linux_p1/ip/arty_linux_p1_axi_smc_0/bd_0/ip/ip_27/synth/bd_de01_m00bn_0.sv:58]
INFO: [Synth 8-638] synthesizing module 'bd_de01_m00rn_0' [/home/ramprasad/arty_projects_10-7-2017/arty_linux/arty_linux.srcs/sources_1/bd/arty_linux_p1/ip/arty_linux_p1_axi_smc_0/bd_0/ip/ip_24/synth/bd_de01_m00rn_0.sv:58]
INFO: [Synth 8-638] synthesizing module 'xpm_memory_base__parameterized3' [/opt/Xilinx/Vivado/2017.2/data/ip/xpm/xpm_memory/hdl/xpm_memory.sv:58]
INFO: [Synth 8-256] done synthesizing module 'xpm_memory_base__parameterized3' (38#1) [/opt/Xilinx/Vivado/2017.2/data/ip/xpm/xpm_memory/hdl/xpm_memory.sv:58]
INFO: [Synth 8-256] done synthesizing module 'bd_de01_m00rn_0' (39#1) [/home/ramprasad/arty_projects_10-7-2017/arty_linux/arty_linux.srcs/sources_1/bd/arty_linux_p1/ip/arty_linux_p1_axi_smc_0/bd_0/ip/ip_24/synth/bd_de01_m00rn_0.sv:58]
INFO: [Synth 8-638] synthesizing module 'bd_de01_m00wn_0' [/home/ramprasad/arty_projects_10-7-2017/arty_linux/arty_linux.srcs/sources_1/bd/arty_linux_p1/ip/arty_linux_p1_axi_smc_0/bd_0/ip/ip_26/synth/bd_de01_m00wn_0.sv:58]
INFO: [Synth 8-638] synthesizing module 'xpm_memory_base__parameterized4' [/opt/Xilinx/Vivado/2017.2/data/ip/xpm/xpm_memory/hdl/xpm_memory.sv:58]
INFO: [Synth 8-256] done synthesizing module 'xpm_memory_base__parameterized4' (39#1) [/opt/Xilinx/Vivado/2017.2/data/ip/xpm/xpm_memory/hdl/xpm_memory.sv:58]
INFO: [Synth 8-638] synthesizing module 'xpm_memory_base__parameterized5' [/opt/Xilinx/Vivado/2017.2/data/ip/xpm/xpm_memory/hdl/xpm_memory.sv:58]
INFO: [Synth 8-256] done synthesizing module 'xpm_memory_base__parameterized5' (39#1) [/opt/Xilinx/Vivado/2017.2/data/ip/xpm/xpm_memory/hdl/xpm_memory.sv:58]
INFO: [Synth 8-256] done synthesizing module 'bd_de01_m00wn_0' (40#1) [/home/ramprasad/arty_projects_10-7-2017/arty_linux/arty_linux.srcs/sources_1/bd/arty_linux_p1/ip/arty_linux_p1_axi_smc_0/bd_0/ip/ip_26/synth/bd_de01_m00wn_0.sv:58]
INFO: [Synth 8-256] done synthesizing module 'm00_nodes_imp_1WSB0T7' (41#1) [/home/ramprasad/arty_projects_10-7-2017/arty_linux/arty_linux.srcs/sources_1/bd/arty_linux_p1/ip/arty_linux_p1_axi_smc_0/bd_0/hdl/bd_de01.v:1554]
INFO: [Synth 8-638] synthesizing module 'bd_de01_m00s2a_0' [/home/ramprasad/arty_projects_10-7-2017/arty_linux/arty_linux.srcs/sources_1/bd/arty_linux_p1/ip/arty_linux_p1_axi_smc_0/bd_0/ip/ip_22/synth/bd_de01_m00s2a_0.sv:58]
INFO: [Synth 8-256] done synthesizing module 'bd_de01_m00s2a_0' (43#1) [/home/ramprasad/arty_projects_10-7-2017/arty_linux/arty_linux.srcs/sources_1/bd/arty_linux_p1/ip/arty_linux_p1_axi_smc_0/bd_0/ip/ip_22/synth/bd_de01_m00s2a_0.sv:58]
INFO: [Synth 8-638] synthesizing module 'bd_de01_s00a2s_0' [/home/ramprasad/arty_projects_10-7-2017/arty_linux/arty_linux.srcs/sources_1/bd/arty_linux_p1/ip/arty_linux_p1_axi_smc_0/bd_0/ip/ip_10/synth/bd_de01_s00a2s_0.sv:58]
INFO: [Synth 8-256] done synthesizing module 'bd_de01_s00a2s_0' (45#1) [/home/ramprasad/arty_projects_10-7-2017/arty_linux/arty_linux.srcs/sources_1/bd/arty_linux_p1/ip/arty_linux_p1_axi_smc_0/bd_0/ip/ip_10/synth/bd_de01_s00a2s_0.sv:58]
INFO: [Synth 8-638] synthesizing module 's00_entry_pipeline_imp_A968L0' [/home/ramprasad/arty_projects_10-7-2017/arty_linux/arty_linux.srcs/sources_1/bd/arty_linux_p1/ip/arty_linux_p1_axi_smc_0/bd_0/hdl/bd_de01.v:1859]
INFO: [Synth 8-638] synthesizing module 'bd_de01_s00mmu_0' [/home/ramprasad/arty_projects_10-7-2017/arty_linux/arty_linux.srcs/sources_1/bd/arty_linux_p1/ip/arty_linux_p1_axi_smc_0/bd_0/ip/ip_7/synth/bd_de01_s00mmu_0.sv:58]
INFO: [Synth 8-256] done synthesizing module 'bd_de01_s00mmu_0' (49#1) [/home/ramprasad/arty_projects_10-7-2017/arty_linux/arty_linux.srcs/sources_1/bd/arty_linux_p1/ip/arty_linux_p1_axi_smc_0/bd_0/ip/ip_7/synth/bd_de01_s00mmu_0.sv:58]
INFO: [Synth 8-638] synthesizing module 'bd_de01_s00sic_0' [/home/ramprasad/arty_projects_10-7-2017/arty_linux/arty_linux.srcs/sources_1/bd/arty_linux_p1/ip/arty_linux_p1_axi_smc_0/bd_0/ip/ip_9/synth/bd_de01_s00sic_0.sv:58]
INFO: [Synth 8-256] done synthesizing module 'bd_de01_s00sic_0' (54#1) [/home/ramprasad/arty_projects_10-7-2017/arty_linux/arty_linux.srcs/sources_1/bd/arty_linux_p1/ip/arty_linux_p1_axi_smc_0/bd_0/ip/ip_9/synth/bd_de01_s00sic_0.sv:58]
INFO: [Synth 8-638] synthesizing module 'bd_de01_s00tr_0' [/home/ramprasad/arty_projects_10-7-2017/arty_linux/arty_linux.srcs/sources_1/bd/arty_linux_p1/ip/arty_linux_p1_axi_smc_0/bd_0/ip/ip_8/synth/bd_de01_s00tr_0.sv:58]
INFO: [Synth 8-256] done synthesizing module 'bd_de01_s00tr_0' (57#1) [/home/ramprasad/arty_projects_10-7-2017/arty_linux/arty_linux.srcs/sources_1/bd/arty_linux_p1/ip/arty_linux_p1_axi_smc_0/bd_0/ip/ip_8/synth/bd_de01_s00tr_0.sv:58]
INFO: [Synth 8-256] done synthesizing module 's00_entry_pipeline_imp_A968L0' (58#1) [/home/ramprasad/arty_projects_10-7-2017/arty_linux/arty_linux.srcs/sources_1/bd/arty_linux_p1/ip/arty_linux_p1_axi_smc_0/bd_0/hdl/bd_de01.v:1859]
INFO: [Synth 8-638] synthesizing module 's00_nodes_imp_DOFZE6' [/home/ramprasad/arty_projects_10-7-2017/arty_linux/arty_linux.srcs/sources_1/bd/arty_linux_p1/ip/arty_linux_p1_axi_smc_0/bd_0/hdl/bd_de01.v:2470]
INFO: [Synth 8-638] synthesizing module 'bd_de01_sarn_0' [/home/ramprasad/arty_projects_10-7-2017/arty_linux/arty_linux.srcs/sources_1/bd/arty_linux_p1/ip/arty_linux_p1_axi_smc_0/bd_0/ip/ip_11/synth/bd_de01_sarn_0.sv:58]
INFO: [Synth 8-638] synthesizing module 'xpm_memory_base__parameterized6' [/opt/Xilinx/Vivado/2017.2/data/ip/xpm/xpm_memory/hdl/xpm_memory.sv:58]
INFO: [Synth 8-256] done synthesizing module 'xpm_memory_base__parameterized6' (58#1) [/opt/Xilinx/Vivado/2017.2/data/ip/xpm/xpm_memory/hdl/xpm_memory.sv:58]
INFO: [Synth 8-638] synthesizing module 'xpm_memory_base__parameterized7' [/opt/Xilinx/Vivado/2017.2/data/ip/xpm/xpm_memory/hdl/xpm_memory.sv:58]
INFO: [Synth 8-256] done synthesizing module 'xpm_memory_base__parameterized7' (58#1) [/opt/Xilinx/Vivado/2017.2/data/ip/xpm/xpm_memory/hdl/xpm_memory.sv:58]
INFO: [Synth 8-256] done synthesizing module 'bd_de01_sarn_0' (59#1) [/home/ramprasad/arty_projects_10-7-2017/arty_linux/arty_linux.srcs/sources_1/bd/arty_linux_p1/ip/arty_linux_p1_axi_smc_0/bd_0/ip/ip_11/synth/bd_de01_sarn_0.sv:58]
INFO: [Synth 8-638] synthesizing module 'bd_de01_sawn_0' [/home/ramprasad/arty_projects_10-7-2017/arty_linux/arty_linux.srcs/sources_1/bd/arty_linux_p1/ip/arty_linux_p1_axi_smc_0/bd_0/ip/ip_13/synth/bd_de01_sawn_0.sv:58]
INFO: [Synth 8-256] done synthesizing module 'bd_de01_sawn_0' (60#1) [/home/ramprasad/arty_projects_10-7-2017/arty_linux/arty_linux.srcs/sources_1/bd/arty_linux_p1/ip/arty_linux_p1_axi_smc_0/bd_0/ip/ip_13/synth/bd_de01_sawn_0.sv:58]
INFO: [Synth 8-638] synthesizing module 'bd_de01_sbn_0' [/home/ramprasad/arty_projects_10-7-2017/arty_linux/arty_linux.srcs/sources_1/bd/arty_linux_p1/ip/arty_linux_p1_axi_smc_0/bd_0/ip/ip_15/synth/bd_de01_sbn_0.sv:58]
INFO: [Synth 8-638] synthesizing module 'xpm_memory_base__parameterized8' [/opt/Xilinx/Vivado/2017.2/data/ip/xpm/xpm_memory/hdl/xpm_memory.sv:58]
INFO: [Synth 8-256] done synthesizing module 'xpm_memory_base__parameterized8' (60#1) [/opt/Xilinx/Vivado/2017.2/data/ip/xpm/xpm_memory/hdl/xpm_memory.sv:58]
INFO: [Synth 8-256] done synthesizing module 'bd_de01_sbn_0' (61#1) [/home/ramprasad/arty_projects_10-7-2017/arty_linux/arty_linux.srcs/sources_1/bd/arty_linux_p1/ip/arty_linux_p1_axi_smc_0/bd_0/ip/ip_15/synth/bd_de01_sbn_0.sv:58]
INFO: [Synth 8-638] synthesizing module 'bd_de01_srn_0' [/home/ramprasad/arty_projects_10-7-2017/arty_linux/arty_linux.srcs/sources_1/bd/arty_linux_p1/ip/arty_linux_p1_axi_smc_0/bd_0/ip/ip_12/synth/bd_de01_srn_0.sv:58]
INFO: [Synth 8-638] synthesizing module 'xpm_memory_base__parameterized9' [/opt/Xilinx/Vivado/2017.2/data/ip/xpm/xpm_memory/hdl/xpm_memory.sv:58]
INFO: [Synth 8-256] done synthesizing module 'xpm_memory_base__parameterized9' (62#1) [/opt/Xilinx/Vivado/2017.2/data/ip/xpm/xpm_memory/hdl/xpm_memory.sv:58]
INFO: [Synth 8-256] done synthesizing module 'bd_de01_srn_0' (63#1) [/home/ramprasad/arty_projects_10-7-2017/arty_linux/arty_linux.srcs/sources_1/bd/arty_linux_p1/ip/arty_linux_p1_axi_smc_0/bd_0/ip/ip_12/synth/bd_de01_srn_0.sv:58]
INFO: [Synth 8-638] synthesizing module 'bd_de01_swn_0' [/home/ramprasad/arty_projects_10-7-2017/arty_linux/arty_linux.srcs/sources_1/bd/arty_linux_p1/ip/arty_linux_p1_axi_smc_0/bd_0/ip/ip_14/synth/bd_de01_swn_0.sv:58]
INFO: [Synth 8-638] synthesizing module 'xpm_memory_base__parameterized10' [/opt/Xilinx/Vivado/2017.2/data/ip/xpm/xpm_memory/hdl/xpm_memory.sv:58]
INFO: [Synth 8-256] done synthesizing module 'xpm_memory_base__parameterized10' (65#1) [/opt/Xilinx/Vivado/2017.2/data/ip/xpm/xpm_memory/hdl/xpm_memory.sv:58]
INFO: [Synth 8-256] done synthesizing module 'bd_de01_swn_0' (66#1) [/home/ramprasad/arty_projects_10-7-2017/arty_linux/arty_linux.srcs/sources_1/bd/arty_linux_p1/ip/arty_linux_p1_axi_smc_0/bd_0/ip/ip_14/synth/bd_de01_swn_0.sv:58]
INFO: [Synth 8-256] done synthesizing module 's00_nodes_imp_DOFZE6' (67#1) [/home/ramprasad/arty_projects_10-7-2017/arty_linux/arty_linux.srcs/sources_1/bd/arty_linux_p1/ip/arty_linux_p1_axi_smc_0/bd_0/hdl/bd_de01.v:2470]
INFO: [Synth 8-638] synthesizing module 'bd_de01_s01a2s_0' [/home/ramprasad/arty_projects_10-7-2017/arty_linux/arty_linux.srcs/sources_1/bd/arty_linux_p1/ip/arty_linux_p1_axi_smc_0/bd_0/ip/ip_19/synth/bd_de01_s01a2s_0.sv:58]
INFO: [Synth 8-256] done synthesizing module 'bd_de01_s01a2s_0' (68#1) [/home/ramprasad/arty_projects_10-7-2017/arty_linux/arty_linux.srcs/sources_1/bd/arty_linux_p1/ip/arty_linux_p1_axi_smc_0/bd_0/ip/ip_19/synth/bd_de01_s01a2s_0.sv:58]
INFO: [Synth 8-638] synthesizing module 's01_entry_pipeline_imp_1H539CW' [/home/ramprasad/arty_projects_10-7-2017/arty_linux/arty_linux.srcs/sources_1/bd/arty_linux_p1/ip/arty_linux_p1_axi_smc_0/bd_0/hdl/bd_de01.v:2766]
INFO: [Synth 8-638] synthesizing module 'bd_de01_s01mmu_0' [/home/ramprasad/arty_projects_10-7-2017/arty_linux/arty_linux.srcs/sources_1/bd/arty_linux_p1/ip/arty_linux_p1_axi_smc_0/bd_0/ip/ip_16/synth/bd_de01_s01mmu_0.sv:58]
INFO: [Synth 8-256] done synthesizing module 'bd_de01_s01mmu_0' (69#1) [/home/ramprasad/arty_projects_10-7-2017/arty_linux/arty_linux.srcs/sources_1/bd/arty_linux_p1/ip/arty_linux_p1_axi_smc_0/bd_0/ip/ip_16/synth/bd_de01_s01mmu_0.sv:58]
INFO: [Synth 8-638] synthesizing module 'bd_de01_s01sic_0' [/home/ramprasad/arty_projects_10-7-2017/arty_linux/arty_linux.srcs/sources_1/bd/arty_linux_p1/ip/arty_linux_p1_axi_smc_0/bd_0/ip/ip_18/synth/bd_de01_s01sic_0.sv:58]
INFO: [Synth 8-256] done synthesizing module 'bd_de01_s01sic_0' (70#1) [/home/ramprasad/arty_projects_10-7-2017/arty_linux/arty_linux.srcs/sources_1/bd/arty_linux_p1/ip/arty_linux_p1_axi_smc_0/bd_0/ip/ip_18/synth/bd_de01_s01sic_0.sv:58]
INFO: [Synth 8-638] synthesizing module 'bd_de01_s01tr_0' [/home/ramprasad/arty_projects_10-7-2017/arty_linux/arty_linux.srcs/sources_1/bd/arty_linux_p1/ip/arty_linux_p1_axi_smc_0/bd_0/ip/ip_17/synth/bd_de01_s01tr_0.sv:58]
INFO: [Synth 8-256] done synthesizing module 'bd_de01_s01tr_0' (71#1) [/home/ramprasad/arty_projects_10-7-2017/arty_linux/arty_linux.srcs/sources_1/bd/arty_linux_p1/ip/arty_linux_p1_axi_smc_0/bd_0/ip/ip_17/synth/bd_de01_s01tr_0.sv:58]
INFO: [Synth 8-256] done synthesizing module 's01_entry_pipeline_imp_1H539CW' (72#1) [/home/ramprasad/arty_projects_10-7-2017/arty_linux/arty_linux.srcs/sources_1/bd/arty_linux_p1/ip/arty_linux_p1_axi_smc_0/bd_0/hdl/bd_de01.v:2766]
INFO: [Synth 8-638] synthesizing module 's01_nodes_imp_1BSOIVS' [/home/ramprasad/arty_projects_10-7-2017/arty_linux/arty_linux.srcs/sources_1/bd/arty_linux_p1/ip/arty_linux_p1_axi_smc_0/bd_0/hdl/bd_de01.v:3053]
INFO: [Synth 8-638] synthesizing module 'bd_de01_sarn_1' [/home/ramprasad/arty_projects_10-7-2017/arty_linux/arty_linux.srcs/sources_1/bd/arty_linux_p1/ip/arty_linux_p1_axi_smc_0/bd_0/ip/ip_20/synth/bd_de01_sarn_1.sv:58]
INFO: [Synth 8-256] done synthesizing module 'bd_de01_sarn_1' (73#1) [/home/ramprasad/arty_projects_10-7-2017/arty_linux/arty_linux.srcs/sources_1/bd/arty_linux_p1/ip/arty_linux_p1_axi_smc_0/bd_0/ip/ip_20/synth/bd_de01_sarn_1.sv:58]
INFO: [Synth 8-638] synthesizing module 'bd_de01_srn_1' [/home/ramprasad/arty_projects_10-7-2017/arty_linux/arty_linux.srcs/sources_1/bd/arty_linux_p1/ip/arty_linux_p1_axi_smc_0/bd_0/ip/ip_21/synth/bd_de01_srn_1.sv:58]
INFO: [Synth 8-256] done synthesizing module 'bd_de01_srn_1' (74#1) [/home/ramprasad/arty_projects_10-7-2017/arty_linux/arty_linux.srcs/sources_1/bd/arty_linux_p1/ip/arty_linux_p1_axi_smc_0/bd_0/ip/ip_21/synth/bd_de01_srn_1.sv:58]
INFO: [Synth 8-256] done synthesizing module 's01_nodes_imp_1BSOIVS' (75#1) [/home/ramprasad/arty_projects_10-7-2017/arty_linux/arty_linux.srcs/sources_1/bd/arty_linux_p1/ip/arty_linux_p1_axi_smc_0/bd_0/hdl/bd_de01.v:3053]
INFO: [Synth 8-638] synthesizing module 'switchboards_imp_P6AHOA' [/home/ramprasad/arty_projects_10-7-2017/arty_linux/arty_linux.srcs/sources_1/bd/arty_linux_p1/ip/arty_linux_p1_axi_smc_0/bd_0/hdl/bd_de01.v:3184]
INFO: [Synth 8-638] synthesizing module 'bd_de01_arsw_0' [/home/ramprasad/arty_projects_10-7-2017/arty_linux/arty_linux.srcs/sources_1/bd/arty_linux_p1/ip/arty_linux_p1_axi_smc_0/bd_0/ip/ip_2/synth/bd_de01_arsw_0.sv:57]
INFO: [Synth 8-256] done synthesizing module 'bd_de01_arsw_0' (78#1) [/home/ramprasad/arty_projects_10-7-2017/arty_linux/arty_linux.srcs/sources_1/bd/arty_linux_p1/ip/arty_linux_p1_axi_smc_0/bd_0/ip/ip_2/synth/bd_de01_arsw_0.sv:57]
INFO: [Synth 8-638] synthesizing module 'bd_de01_awsw_0' [/home/ramprasad/arty_projects_10-7-2017/arty_linux/arty_linux.srcs/sources_1/bd/arty_linux_p1/ip/arty_linux_p1_axi_smc_0/bd_0/ip/ip_4/synth/bd_de01_awsw_0.sv:57]
INFO: [Synth 8-256] done synthesizing module 'bd_de01_awsw_0' (79#1) [/home/ramprasad/arty_projects_10-7-2017/arty_linux/arty_linux.srcs/sources_1/bd/arty_linux_p1/ip/arty_linux_p1_axi_smc_0/bd_0/ip/ip_4/synth/bd_de01_awsw_0.sv:57]
INFO: [Synth 8-638] synthesizing module 'bd_de01_bsw_0' [/home/ramprasad/arty_projects_10-7-2017/arty_linux/arty_linux.srcs/sources_1/bd/arty_linux_p1/ip/arty_linux_p1_axi_smc_0/bd_0/ip/ip_6/synth/bd_de01_bsw_0.sv:57]
INFO: [Synth 8-256] done synthesizing module 'bd_de01_bsw_0' (80#1) [/home/ramprasad/arty_projects_10-7-2017/arty_linux/arty_linux.srcs/sources_1/bd/arty_linux_p1/ip/arty_linux_p1_axi_smc_0/bd_0/ip/ip_6/synth/bd_de01_bsw_0.sv:57]
INFO: [Synth 8-638] synthesizing module 'bd_de01_rsw_0' [/home/ramprasad/arty_projects_10-7-2017/arty_linux/arty_linux.srcs/sources_1/bd/arty_linux_p1/ip/arty_linux_p1_axi_smc_0/bd_0/ip/ip_3/synth/bd_de01_rsw_0.sv:57]
INFO: [Synth 8-256] done synthesizing module 'bd_de01_rsw_0' (81#1) [/home/ramprasad/arty_projects_10-7-2017/arty_linux/arty_linux.srcs/sources_1/bd/arty_linux_p1/ip/arty_linux_p1_axi_smc_0/bd_0/ip/ip_3/synth/bd_de01_rsw_0.sv:57]
INFO: [Synth 8-638] synthesizing module 'bd_de01_wsw_0' [/home/ramprasad/arty_projects_10-7-2017/arty_linux/arty_linux.srcs/sources_1/bd/arty_linux_p1/ip/arty_linux_p1_axi_smc_0/bd_0/ip/ip_5/synth/bd_de01_wsw_0.sv:57]
INFO: [Synth 8-256] done synthesizing module 'bd_de01_wsw_0' (82#1) [/home/ramprasad/arty_projects_10-7-2017/arty_linux/arty_linux.srcs/sources_1/bd/arty_linux_p1/ip/arty_linux_p1_axi_smc_0/bd_0/ip/ip_5/synth/bd_de01_wsw_0.sv:57]
INFO: [Synth 8-256] done synthesizing module 'switchboards_imp_P6AHOA' (83#1) [/home/ramprasad/arty_projects_10-7-2017/arty_linux/arty_linux.srcs/sources_1/bd/arty_linux_p1/ip/arty_linux_p1_axi_smc_0/bd_0/hdl/bd_de01.v:3184]
INFO: [Synth 8-256] done synthesizing module 'bd_de01' (84#1) [/home/ramprasad/arty_projects_10-7-2017/arty_linux/arty_linux.srcs/sources_1/bd/arty_linux_p1/ip/arty_linux_p1_axi_smc_0/bd_0/hdl/bd_de01.v:13]
INFO: [Synth 8-256] done synthesizing module 'arty_linux_p1_axi_smc_0' (85#1) [/home/ramprasad/arty_projects_10-7-2017/arty_linux/arty_linux.srcs/sources_1/bd/arty_linux_p1/ip/arty_linux_p1_axi_smc_0/synth/arty_linux_p1_axi_smc_0.v:57]
Finished RTL Elaboration : Time (s): cpu = 00:00:36 ; elapsed = 00:00:39 . Memory (MB): peak = 1404.160 ; gain = 248.504 ; free physical = 312 ; free virtual = 10582
Finished RTL Optimization Phase 1 : Time (s): cpu = 00:00:38 ; elapsed = 00:00:42 . Memory (MB): peak = 1404.160 ; gain = 248.504 ; free physical = 269 ; free virtual = 10547
INFO: [Device 21-403] Loading part xc7a35ticsg324-1L
Constraint Validation Runtime : Time (s): cpu = 00:00:06 ; elapsed = 00:00:03 . Memory (MB): peak = 2180.352 ; gain = 68.000 ; free physical = 340 ; free virtual = 10375
Finished Constraint Validation : Time (s): cpu = 00:02:00 ; elapsed = 00:02:03 . Memory (MB): peak = 2180.355 ; gain = 1024.699 ; free physical = 553 ; free virtual = 10588
Finished Loading Part and Timing Information : Time (s): cpu = 00:02:00 ; elapsed = 00:02:03 . Memory (MB): peak = 2180.355 ; gain = 1024.699 ; free physical = 553 ; free virtual = 10588
Finished applying 'set_property' XDC Constraints : Time (s): cpu = 00:02:00 ; elapsed = 00:02:03 . Memory (MB): peak = 2180.355 ; gain = 1024.699 ; free physical = 555 ; free virtual = 10591
Finished RTL Optimization Phase 2 : Time (s): cpu = 00:02:10 ; elapsed = 00:02:15 . Memory (MB): peak = 2180.355 ; gain = 1024.699 ; free physical = 371 ; free virtual = 10409
Finished Cross Boundary and Area Optimization : Time (s): cpu = 00:03:58 ; elapsed = 00:04:18 . Memory (MB): peak = 2180.359 ; gain = 1024.703 ; free physical = 137 ; free virtual = 9543
---------------------------------------------------------------------------------
Start ROM, RAM, DSP and Shift Register Reporting
---------------------------------------------------------------------------------

Distributed RAM: Preliminary Mapping  Report (see note below)
+-----------------------------------------------------------------------------------------------------------------------------------------------------------------------------------+----------------------------------+----------------+----------------------+----------------+
|Module Name                                                                                                                                                                        | RTL Object                       | Inference      | Size (Depth x Width) | Primitives     | 
+-----------------------------------------------------------------------------------------------------------------------------------------------------------------------------------+----------------------------------+----------------+----------------------+----------------+
|inst/i_0/\m00_nodes/m00_ar_node/inst /\inst_mi_handler/gen_normal_area.gen_node_prog_full.inst_node_prog_full/gen_xpm_memory_fifo.inst_fifo/gen_mem_rep[0].inst_xpm_memory         | gen_wr_a.gen_word_narrow.mem_reg | User Attribute | 32 x 1               | RAM32X1D x 1   | 
|inst/i_0/\m00_nodes/m00_ar_node/inst /\inst_mi_handler/gen_normal_area.inst_fifo_node_payld/gen_xpm_memory_fifo.inst_fifo/gen_mem_rep[0].inst_xpm_memory                           | gen_wr_a.gen_word_narrow.mem_reg | User Attribute | 32 x 158             | RAM32M x 27    | 
|inst/i_0/\m00_nodes/m00_aw_node/inst /\inst_mi_handler/gen_normal_area.gen_node_prog_full.inst_node_prog_full/gen_xpm_memory_fifo.inst_fifo/gen_mem_rep[0].inst_xpm_memory         | gen_wr_a.gen_word_narrow.mem_reg | User Attribute | 32 x 1               | RAM32X1D x 1   | 
|inst/i_0/\m00_nodes/m00_aw_node/inst /\inst_mi_handler/gen_normal_area.inst_fifo_node_payld/gen_xpm_memory_fifo.inst_fifo/gen_mem_rep[0].inst_xpm_memory                           | gen_wr_a.gen_word_narrow.mem_reg | User Attribute | 32 x 158             | RAM32M x 27    | 
|inst/i_0/\m00_nodes/m00_b_node/inst /\inst_mi_handler/gen_normal_area.gen_fifo_req.inst_fifo_req/gen_xpm_memory_fifo.inst_fifo/gen_mem_rep[0].inst_xpm_memory                      | gen_wr_a.gen_word_narrow.mem_reg | User Attribute | 32 x 19              | RAM32M x 4     | 
|inst/i_0/\m00_nodes/m00_b_node/inst /\inst_mi_handler/gen_normal_area.inst_fifo_node_payld/gen_xpm_memory_fifo.inst_fifo/gen_mem_rep[0].inst_xpm_memory                            | gen_wr_a.gen_word_narrow.mem_reg | User Attribute | 32 x 7               | RAM32M x 2     | 
|inst/i_0/\m00_nodes/m00_r_node/inst /\inst_mi_handler/gen_normal_area.gen_fifo_req.inst_fifo_req/gen_xpm_memory_fifo.inst_fifo/gen_mem_rep[0].inst_xpm_memory                      | gen_wr_a.gen_word_narrow.mem_reg | User Attribute | 32 x 19              | RAM32M x 4     | 
|inst/i_0/\m00_nodes/m00_r_node/inst /\inst_mi_handler/gen_normal_area.inst_fifo_node_payld/gen_xpm_memory_fifo.inst_fifo/gen_mem_rep[0].inst_xpm_memory                            | gen_wr_a.gen_word_narrow.mem_reg | User Attribute | 32 x 149             | RAM32M x 25    | 
|inst/i_0/\m00_nodes/m00_w_node/inst /\inst_si_handler/gen_si_handler.gen_request_fifos.gen_req_fifo[0].inst_req_fifo/gen_xpm_memory_fifo.inst_fifo/gen_mem_rep[0].inst_xpm_memory  | gen_wr_a.gen_word_narrow.mem_reg | User Attribute | 4 x 1                | RAM16X1D x 1   | 
|inst/i_0/\m00_nodes/m00_w_node/inst /\inst_si_handler/gen_si_handler.gen_request_fifos.gen_req_fifo[1].inst_req_fifo/gen_xpm_memory_fifo.inst_fifo/gen_mem_rep[0].inst_xpm_memory  | gen_wr_a.gen_word_narrow.mem_reg | User Attribute | 4 x 1                | RAM16X1D x 1   | 
|inst/i_0/\m00_nodes/m00_w_node/inst /\inst_mi_handler/gen_normal_area.gen_node_prog_full.inst_node_prog_full/gen_xpm_memory_fifo.inst_fifo/gen_mem_rep[0].inst_xpm_memory          | gen_wr_a.gen_word_narrow.mem_reg | User Attribute | 32 x 1               | RAM32X1D x 1   | 
|inst/i_0/\m00_nodes/m00_w_node/inst /\inst_mi_handler/gen_normal_area.inst_fifo_node_payld/gen_xpm_memory_fifo.inst_fifo/gen_mem_rep[0].inst_xpm_memory                            | gen_wr_a.gen_word_narrow.mem_reg | User Attribute | 32 x 178             | RAM32M x 30    | 
|inst/i_0/\s00_nodes/s00_ar_node/inst /\inst_mi_handler/gen_normal_area.gen_fifo_req.inst_fifo_req/gen_xpm_memory_fifo.inst_fifo/gen_mem_rep[0].inst_xpm_memory                     | gen_wr_a.gen_word_narrow.mem_reg | User Attribute | 32 x 18              | RAM32M x 3     | 
|inst/i_0/\s00_nodes/s00_ar_node/inst /\inst_mi_handler/gen_normal_area.inst_fifo_node_payld/gen_xpm_memory_fifo.inst_fifo/gen_mem_rep[0].inst_xpm_memory                           | gen_wr_a.gen_word_narrow.mem_reg | User Attribute | 32 x 140             | RAM32M x 24    | 
|inst/i_0/\s00_nodes/s00_aw_node/inst /\inst_mi_handler/gen_normal_area.gen_fifo_req.inst_fifo_req/gen_xpm_memory_fifo.inst_fifo/gen_mem_rep[0].inst_xpm_memory                     | gen_wr_a.gen_word_narrow.mem_reg | User Attribute | 32 x 18              | RAM32M x 3     | 
|inst/i_0/\s00_nodes/s00_aw_node/inst /\inst_mi_handler/gen_normal_area.inst_fifo_node_payld/gen_xpm_memory_fifo.inst_fifo/gen_mem_rep[0].inst_xpm_memory                           | gen_wr_a.gen_word_narrow.mem_reg | User Attribute | 32 x 140             | RAM32M x 24    | 
|inst/i_0/\s00_nodes/s00_b_node/inst /\inst_mi_handler/gen_normal_area.gen_node_prog_full.inst_node_prog_full/gen_xpm_memory_fifo.inst_fifo/gen_mem_rep[0].inst_xpm_memory          | gen_wr_a.gen_word_narrow.mem_reg | User Attribute | 32 x 1               | RAM32X1D x 1   | 
|inst/i_0/\s00_nodes/s00_b_node/inst /\inst_mi_handler/gen_normal_area.inst_fifo_node_payld/gen_xpm_memory_fifo.inst_fifo/gen_mem_rep[0].inst_xpm_memory                            | gen_wr_a.gen_word_narrow.mem_reg | User Attribute | 32 x 25              | RAM32M x 5     | 
|inst/i_0/\s00_nodes/s00_r_node/inst /\inst_mi_handler/gen_normal_area.gen_node_prog_full.inst_node_prog_full/gen_xpm_memory_fifo.inst_fifo/gen_mem_rep[0].inst_xpm_memory          | gen_wr_a.gen_word_narrow.mem_reg | User Attribute | 32 x 1               | RAM32X1D x 1   | 
|inst/i_0/\s00_nodes/s00_r_node/inst /\inst_mi_handler/gen_normal_area.inst_fifo_node_payld/gen_xpm_memory_fifo.inst_fifo/gen_mem_rep[0].inst_xpm_memory                            | gen_wr_a.gen_word_narrow.mem_reg | User Attribute | 32 x 168             | RAM32M x 28    | 
|inst/i_0/\s00_nodes/s00_w_node/inst /\inst_mi_handler/gen_normal_area.gen_fifo_req.inst_fifo_req/gen_xpm_memory_fifo.inst_fifo/gen_mem_rep[0].inst_xpm_memory                      | gen_wr_a.gen_word_narrow.mem_reg | User Attribute | 32 x 18              | RAM32M x 3     | 
|inst/i_0/\s00_nodes/s00_w_node/inst /\inst_mi_handler/gen_normal_area.inst_fifo_node_payld/gen_xpm_memory_fifo.inst_fifo/gen_mem_rep[0].inst_xpm_memory                            | gen_wr_a.gen_word_narrow.mem_reg | User Attribute | 32 x 160             | RAM32M x 27    | 
|inst/i_0/\s01_nodes/s01_ar_node/inst /\inst_mi_handler/gen_normal_area.gen_fifo_req.inst_fifo_req/gen_xpm_memory_fifo.inst_fifo/gen_mem_rep[0].inst_xpm_memory                     | gen_wr_a.gen_word_narrow.mem_reg | User Attribute | 32 x 18              | RAM32M x 3     | 
|inst/i_0/\s01_nodes/s01_ar_node/inst /\inst_mi_handler/gen_normal_area.inst_fifo_node_payld/gen_xpm_memory_fifo.inst_fifo/gen_mem_rep[0].inst_xpm_memory                           | gen_wr_a.gen_word_narrow.mem_reg | User Attribute | 32 x 140             | RAM32M x 24    | 
|inst/i_0/\s01_nodes/s01_r_node/inst /\inst_mi_handler/gen_normal_area.gen_node_prog_full.inst_node_prog_full/gen_xpm_memory_fifo.inst_fifo/gen_mem_rep[0].inst_xpm_memory          | gen_wr_a.gen_word_narrow.mem_reg | User Attribute | 32 x 1               | RAM32X1D x 1   | 
|inst/i_0/\s01_nodes/s01_r_node/inst /\inst_mi_handler/gen_normal_area.inst_fifo_node_payld/gen_xpm_memory_fifo.inst_fifo/gen_mem_rep[0].inst_xpm_memory                            | gen_wr_a.gen_word_narrow.mem_reg | User Attribute | 32 x 168             | RAM32M x 28    | 
+-----------------------------------------------------------------------------------------------------------------------------------------------------------------------------------+----------------------------------+----------------+----------------------+----------------+

Note: The table above is a preliminary report that shows the Distributed RAMs at the current stage of the synthesis flow. Some Distributed RAMs may be reimplemented as non Distributed RAM primitives later in the synthesis flow. Multiple instantiated RAMs are reported only once.
---------------------------------------------------------------------------------
Finished ROM, RAM, DSP and Shift Register Reporting
---------------------------------------------------------------------------------
Finished Applying XDC Timing Constraints : Time (s): cpu = 00:04:16 ; elapsed = 00:04:38 . Memory (MB): peak = 2180.359 ; gain = 1024.703 ; free physical = 352 ; free virtual = 9764
Finished Timing Optimization : Time (s): cpu = 00:04:24 ; elapsed = 00:04:47 . Memory (MB): peak = 2180.375 ; gain = 1024.719 ; free physical = 212 ; free virtual = 9546
Finished Technology Mapping : Time (s): cpu = 00:04:43 ; elapsed = 00:05:07 . Memory (MB): peak = 2180.375 ; gain = 1024.719 ; free physical = 136 ; free virtual = 9381
Finished IO Insertion : Time (s): cpu = 00:04:45 ; elapsed = 00:05:09 . Memory (MB): peak = 2180.375 ; gain = 1024.719 ; free physical = 133 ; free virtual = 9373
Finished Renaming Generated Instances : Time (s): cpu = 00:04:45 ; elapsed = 00:05:09 . Memory (MB): peak = 2180.375 ; gain = 1024.719 ; free physical = 132 ; free virtual = 9373
Finished Rebuilding User Hierarchy : Time (s): cpu = 00:04:50 ; elapsed = 00:05:14 . Memory (MB): peak = 2180.375 ; gain = 1024.719 ; free physical = 131 ; free virtual = 9334
Finished Renaming Generated Ports : Time (s): cpu = 00:04:50 ; elapsed = 00:05:14 . Memory (MB): peak = 2180.375 ; gain = 1024.719 ; free physical = 131 ; free virtual = 9333
Finished Handling Custom Attributes : Time (s): cpu = 00:04:51 ; elapsed = 00:05:15 . Memory (MB): peak = 2180.375 ; gain = 1024.719 ; free physical = 124 ; free virtual = 9326
Finished Renaming Generated Nets : Time (s): cpu = 00:04:51 ; elapsed = 00:05:15 . Memory (MB): peak = 2180.375 ; gain = 1024.719 ; free physical = 123 ; free virtual = 9325

Report Cell Usage: 
+------+---------+------+
|      |Cell     |Count |
+------+---------+------+
|1     |CARRY4   |     6|
|2     |LUT1     |   151|
|3     |LUT2     |   527|
|4     |LUT3     |   511|
|5     |LUT4     |  1359|
|6     |LUT5     |   456|
|7     |LUT6     |  1018|
|8     |MUXF7    |     2|
|9     |RAM16X1D |     2|
|10    |RAM32M   |   291|
|11    |RAM32X1D |     6|
|12    |SRL16    |     1|
|13    |SRLC32E  |   215|
|14    |FDR      |     4|
|15    |FDRE     |  4096|
|16    |FDSE     |   164|
+------+---------+------+
Finished Writing Synthesis Report : Time (s): cpu = 00:04:51 ; elapsed = 00:05:15 . Memory (MB): peak = 2180.375 ; gain = 1024.719 ; free physical = 123 ; free virtual = 9325
synth_design: Time (s): cpu = 00:05:03 ; elapsed = 00:05:28 . Memory (MB): peak = 2180.375 ; gain = 1037.301 ; free physical = 200 ; free virtual = 9241
