
*** Running vivado
    with args -log arty_linux_p1_wrapper.vds -m64 -product Vivado -mode batch -messageDb vivado.pb -notrace -source arty_linux_p1_wrapper.tcl


****** Vivado v2017.2 (64-bit)
  **** SW Build 1909853 on Thu Jun 15 18:39:10 MDT 2017
  **** IP Build 1909766 on Thu Jun 15 19:58:00 MDT 2017
    ** Copyright 1986-2017 Xilinx, Inc. All Rights Reserved.

source arty_linux_p1_wrapper.tcl -notrace
INFO: [IP_Flow 19-234] Refreshing IP repositories
INFO: [IP_Flow 19-1704] No user IP repositories specified
INFO: [IP_Flow 19-2313] Loaded Vivado IP repository '/opt/Xilinx/Vivado/2017.2/data/ip'.
add_files: Time (s): cpu = 00:00:09 ; elapsed = 00:00:12 . Memory (MB): peak = 1211.781 ; gain = 103.742 ; free physical = 889 ; free virtual = 10636
Command: synth_design -top arty_linux_p1_wrapper -part xc7a35ticsg324-1L
Starting synth_design
Attempting to get a license for feature 'Synthesis' and/or device 'xc7a35ti-csg324'
INFO: [Common 17-349] Got license for feature 'Synthesis' and/or device 'xc7a35ti-csg324'
INFO: Launching helper process for spawning children vivado processes
INFO: Helper process launched with PID 3505 
---------------------------------------------------------------------------------
Starting RTL Elaboration : Time (s): cpu = 00:00:04 ; elapsed = 00:00:04 . Memory (MB): peak = 1306.359 ; gain = 70.996 ; free physical = 782 ; free virtual = 10542
---------------------------------------------------------------------------------
INFO: [Synth 8-638] synthesizing module 'arty_linux_p1_wrapper' [/home/ramprasad/arty_projects_10-7-2017/arty_linux/arty_linux.srcs/sources_1/bd/arty_linux_p1/hdl/arty_linux_p1_wrapper.v:12]
INFO: [Synth 8-638] synthesizing module 'arty_linux_p1' [/home/ramprasad/arty_projects_10-7-2017/arty_linux/arty_linux.srcs/sources_1/bd/arty_linux_p1/hdl/arty_linux_p1.v:13]
INFO: [Synth 8-638] synthesizing module 'arty_linux_p1_axi_ethernetlite_0_0' [/home/ramprasad/arty_projects_10-7-2017/arty_linux/arty_linux.runs/synth_1/.Xil/Vivado-3494-ramprasad-ThinkPad-T420/realtime/arty_linux_p1_axi_ethernetlite_0_0_stub.v:6]
INFO: [Synth 8-256] done synthesizing module 'arty_linux_p1_axi_ethernetlite_0_0' (1#1) [/home/ramprasad/arty_projects_10-7-2017/arty_linux/arty_linux.runs/synth_1/.Xil/Vivado-3494-ramprasad-ThinkPad-T420/realtime/arty_linux_p1_axi_ethernetlite_0_0_stub.v:6]
INFO: [Synth 8-638] synthesizing module 'arty_linux_p1_axi_gpio_0_0' [/home/ramprasad/arty_projects_10-7-2017/arty_linux/arty_linux.runs/synth_1/.Xil/Vivado-3494-ramprasad-ThinkPad-T420/realtime/arty_linux_p1_axi_gpio_0_0_stub.v:6]
INFO: [Synth 8-256] done synthesizing module 'arty_linux_p1_axi_gpio_0_0' (2#1) [/home/ramprasad/arty_projects_10-7-2017/arty_linux/arty_linux.runs/synth_1/.Xil/Vivado-3494-ramprasad-ThinkPad-T420/realtime/arty_linux_p1_axi_gpio_0_0_stub.v:6]
INFO: [Synth 8-638] synthesizing module 'arty_linux_p1_axi_gpio_1_0' [/home/ramprasad/arty_projects_10-7-2017/arty_linux/arty_linux.runs/synth_1/.Xil/Vivado-3494-ramprasad-ThinkPad-T420/realtime/arty_linux_p1_axi_gpio_1_0_stub.v:6]
INFO: [Synth 8-256] done synthesizing module 'arty_linux_p1_axi_gpio_1_0' (3#1) [/home/ramprasad/arty_projects_10-7-2017/arty_linux/arty_linux.runs/synth_1/.Xil/Vivado-3494-ramprasad-ThinkPad-T420/realtime/arty_linux_p1_axi_gpio_1_0_stub.v:6]
INFO: [Synth 8-638] synthesizing module 'arty_linux_p1_axi_gpio_2_0' [/home/ramprasad/arty_projects_10-7-2017/arty_linux/arty_linux.runs/synth_1/.Xil/Vivado-3494-ramprasad-ThinkPad-T420/realtime/arty_linux_p1_axi_gpio_2_0_stub.v:6]
INFO: [Synth 8-256] done synthesizing module 'arty_linux_p1_axi_gpio_2_0' (4#1) [/home/ramprasad/arty_projects_10-7-2017/arty_linux/arty_linux.runs/synth_1/.Xil/Vivado-3494-ramprasad-ThinkPad-T420/realtime/arty_linux_p1_axi_gpio_2_0_stub.v:6]
INFO: [Synth 8-638] synthesizing module 'arty_linux_p1_axi_quad_spi_0_0' [/home/ramprasad/arty_projects_10-7-2017/arty_linux/arty_linux.runs/synth_1/.Xil/Vivado-3494-ramprasad-ThinkPad-T420/realtime/arty_linux_p1_axi_quad_spi_0_0_stub.v:6]
INFO: [Synth 8-256] done synthesizing module 'arty_linux_p1_axi_quad_spi_0_0' (5#1) [/home/ramprasad/arty_projects_10-7-2017/arty_linux/arty_linux.runs/synth_1/.Xil/Vivado-3494-ramprasad-ThinkPad-T420/realtime/arty_linux_p1_axi_quad_spi_0_0_stub.v:6]
WARNING: [Synth 8-350] instance 'axi_quad_spi_0' of module 'arty_linux_p1_axi_quad_spi_0_0' requires 39 connections, but only 38 given [/home/ramprasad/arty_projects_10-7-2017/arty_linux/arty_linux.srcs/sources_1/bd/arty_linux_p1/hdl/arty_linux_p1.v:669]
INFO: [Synth 8-638] synthesizing module 'arty_linux_p1_axi_smc_0' [/home/ramprasad/arty_projects_10-7-2017/arty_linux/arty_linux.runs/synth_1/.Xil/Vivado-3494-ramprasad-ThinkPad-T420/realtime/arty_linux_p1_axi_smc_0_stub.v:6]
INFO: [Synth 8-256] done synthesizing module 'arty_linux_p1_axi_smc_0' (6#1) [/home/ramprasad/arty_projects_10-7-2017/arty_linux/arty_linux.runs/synth_1/.Xil/Vivado-3494-ramprasad-ThinkPad-T420/realtime/arty_linux_p1_axi_smc_0_stub.v:6]
INFO: [Synth 8-638] synthesizing module 'arty_linux_p1_axi_timer_0_0' [/home/ramprasad/arty_projects_10-7-2017/arty_linux/arty_linux.runs/synth_1/.Xil/Vivado-3494-ramprasad-ThinkPad-T420/realtime/arty_linux_p1_axi_timer_0_0_stub.v:6]
INFO: [Synth 8-256] done synthesizing module 'arty_linux_p1_axi_timer_0_0' (7#1) [/home/ramprasad/arty_projects_10-7-2017/arty_linux/arty_linux.runs/synth_1/.Xil/Vivado-3494-ramprasad-ThinkPad-T420/realtime/arty_linux_p1_axi_timer_0_0_stub.v:6]
WARNING: [Synth 8-350] instance 'axi_timer_0' of module 'arty_linux_p1_axi_timer_0_0' requires 26 connections, but only 23 given [/home/ramprasad/arty_projects_10-7-2017/arty_linux/arty_linux.srcs/sources_1/bd/arty_linux_p1/hdl/arty_linux_p1.v:792]
INFO: [Synth 8-638] synthesizing module 'arty_linux_p1_axi_uartlite_0_0' [/home/ramprasad/arty_projects_10-7-2017/arty_linux/arty_linux.runs/synth_1/.Xil/Vivado-3494-ramprasad-ThinkPad-T420/realtime/arty_linux_p1_axi_uartlite_0_0_stub.v:6]
INFO: [Synth 8-256] done synthesizing module 'arty_linux_p1_axi_uartlite_0_0' (8#1) [/home/ramprasad/arty_projects_10-7-2017/arty_linux/arty_linux.runs/synth_1/.Xil/Vivado-3494-ramprasad-ThinkPad-T420/realtime/arty_linux_p1_axi_uartlite_0_0_stub.v:6]
INFO: [Synth 8-638] synthesizing module 'arty_linux_p1_clk_wiz_0_0' [/home/ramprasad/arty_projects_10-7-2017/arty_linux/arty_linux.runs/synth_1/.Xil/Vivado-3494-ramprasad-ThinkPad-T420/realtime/arty_linux_p1_clk_wiz_0_0_stub.v:5]
INFO: [Synth 8-256] done synthesizing module 'arty_linux_p1_clk_wiz_0_0' (9#1) [/home/ramprasad/arty_projects_10-7-2017/arty_linux/arty_linux.runs/synth_1/.Xil/Vivado-3494-ramprasad-ThinkPad-T420/realtime/arty_linux_p1_clk_wiz_0_0_stub.v:5]
WARNING: [Synth 8-350] instance 'clk_wiz_0' of module 'arty_linux_p1_clk_wiz_0_0' requires 6 connections, but only 5 given [/home/ramprasad/arty_projects_10-7-2017/arty_linux/arty_linux.srcs/sources_1/bd/arty_linux_p1/hdl/arty_linux_p1.v:839]
INFO: [Synth 8-638] synthesizing module 'arty_linux_p1_mdm_1_0' [/home/ramprasad/arty_projects_10-7-2017/arty_linux/arty_linux.runs/synth_1/.Xil/Vivado-3494-ramprasad-ThinkPad-T420/realtime/arty_linux_p1_mdm_1_0_stub.v:6]
INFO: [Synth 8-256] done synthesizing module 'arty_linux_p1_mdm_1_0' (10#1) [/home/ramprasad/arty_projects_10-7-2017/arty_linux/arty_linux.runs/synth_1/.Xil/Vivado-3494-ramprasad-ThinkPad-T420/realtime/arty_linux_p1_mdm_1_0_stub.v:6]
INFO: [Synth 8-638] synthesizing module 'arty_linux_p1_microblaze_0_0' [/home/ramprasad/arty_projects_10-7-2017/arty_linux/arty_linux.runs/synth_1/.Xil/Vivado-3494-ramprasad-ThinkPad-T420/realtime/arty_linux_p1_microblaze_0_0_stub.v:6]
INFO: [Synth 8-256] done synthesizing module 'arty_linux_p1_microblaze_0_0' (11#1) [/home/ramprasad/arty_projects_10-7-2017/arty_linux/arty_linux.runs/synth_1/.Xil/Vivado-3494-ramprasad-ThinkPad-T420/realtime/arty_linux_p1_microblaze_0_0_stub.v:6]
WARNING: [Synth 8-350] instance 'microblaze_0' of module 'arty_linux_p1_microblaze_0_0' requires 126 connections, but only 108 given [/home/ramprasad/arty_projects_10-7-2017/arty_linux/arty_linux.srcs/sources_1/bd/arty_linux_p1/hdl/arty_linux_p1.v:858]
INFO: [Synth 8-638] synthesizing module 'arty_linux_p1_microblaze_0_axi_intc_0' [/home/ramprasad/arty_projects_10-7-2017/arty_linux/arty_linux.runs/synth_1/.Xil/Vivado-3494-ramprasad-ThinkPad-T420/realtime/arty_linux_p1_microblaze_0_axi_intc_0_stub.v:6]
INFO: [Synth 8-256] done synthesizing module 'arty_linux_p1_microblaze_0_axi_intc_0' (12#1) [/home/ramprasad/arty_projects_10-7-2017/arty_linux/arty_linux.runs/synth_1/.Xil/Vivado-3494-ramprasad-ThinkPad-T420/realtime/arty_linux_p1_microblaze_0_axi_intc_0_stub.v:6]
INFO: [Synth 8-638] synthesizing module 'arty_linux_p1_microblaze_0_axi_periph_0' [/home/ramprasad/arty_projects_10-7-2017/arty_linux/arty_linux.srcs/sources_1/bd/arty_linux_p1/hdl/arty_linux_p1.v:1267]
INFO: [Synth 8-638] synthesizing module 'm00_couplers_imp_1YDKCIV' [/home/ramprasad/arty_projects_10-7-2017/arty_linux/arty_linux.srcs/sources_1/bd/arty_linux_p1/hdl/arty_linux_p1.v:2521]
INFO: [Synth 8-256] done synthesizing module 'm00_couplers_imp_1YDKCIV' (13#1) [/home/ramprasad/arty_projects_10-7-2017/arty_linux/arty_linux.srcs/sources_1/bd/arty_linux_p1/hdl/arty_linux_p1.v:2521]
INFO: [Synth 8-638] synthesizing module 'm01_couplers_imp_SJ96ER' [/home/ramprasad/arty_projects_10-7-2017/arty_linux/arty_linux.srcs/sources_1/bd/arty_linux_p1/hdl/arty_linux_p1.v:2653]
INFO: [Synth 8-256] done synthesizing module 'm01_couplers_imp_SJ96ER' (14#1) [/home/ramprasad/arty_projects_10-7-2017/arty_linux/arty_linux.srcs/sources_1/bd/arty_linux_p1/hdl/arty_linux_p1.v:2653]
INFO: [Synth 8-638] synthesizing module 'm02_couplers_imp_4HS6TQ' [/home/ramprasad/arty_projects_10-7-2017/arty_linux/arty_linux.srcs/sources_1/bd/arty_linux_p1/hdl/arty_linux_p1.v:2785]
INFO: [Synth 8-256] done synthesizing module 'm02_couplers_imp_4HS6TQ' (15#1) [/home/ramprasad/arty_projects_10-7-2017/arty_linux/arty_linux.srcs/sources_1/bd/arty_linux_p1/hdl/arty_linux_p1.v:2785]
INFO: [Synth 8-638] synthesizing module 'm03_couplers_imp_12MZVIY' [/home/ramprasad/arty_projects_10-7-2017/arty_linux/arty_linux.srcs/sources_1/bd/arty_linux_p1/hdl/arty_linux_p1.v:2917]
INFO: [Synth 8-256] done synthesizing module 'm03_couplers_imp_12MZVIY' (16#1) [/home/ramprasad/arty_projects_10-7-2017/arty_linux/arty_linux.srcs/sources_1/bd/arty_linux_p1/hdl/arty_linux_p1.v:2917]
INFO: [Synth 8-638] synthesizing module 'm04_couplers_imp_1YGTT6C' [/home/ramprasad/arty_projects_10-7-2017/arty_linux/arty_linux.srcs/sources_1/bd/arty_linux_p1/hdl/arty_linux_p1.v:3049]
INFO: [Synth 8-256] done synthesizing module 'm04_couplers_imp_1YGTT6C' (17#1) [/home/ramprasad/arty_projects_10-7-2017/arty_linux/arty_linux.srcs/sources_1/bd/arty_linux_p1/hdl/arty_linux_p1.v:3049]
INFO: [Synth 8-638] synthesizing module 'm05_couplers_imp_SGAXWG' [/home/ramprasad/arty_projects_10-7-2017/arty_linux/arty_linux.srcs/sources_1/bd/arty_linux_p1/hdl/arty_linux_p1.v:3181]
INFO: [Synth 8-256] done synthesizing module 'm05_couplers_imp_SGAXWG' (18#1) [/home/ramprasad/arty_projects_10-7-2017/arty_linux/arty_linux.srcs/sources_1/bd/arty_linux_p1/hdl/arty_linux_p1.v:3181]
INFO: [Synth 8-638] synthesizing module 'm06_couplers_imp_4K5CM5' [/home/ramprasad/arty_projects_10-7-2017/arty_linux/arty_linux.srcs/sources_1/bd/arty_linux_p1/hdl/arty_linux_p1.v:3313]
INFO: [Synth 8-256] done synthesizing module 'm06_couplers_imp_4K5CM5' (19#1) [/home/ramprasad/arty_projects_10-7-2017/arty_linux/arty_linux.srcs/sources_1/bd/arty_linux_p1/hdl/arty_linux_p1.v:3313]
INFO: [Synth 8-638] synthesizing module 'm07_couplers_imp_12LKFRD' [/home/ramprasad/arty_projects_10-7-2017/arty_linux/arty_linux.srcs/sources_1/bd/arty_linux_p1/hdl/arty_linux_p1.v:3445]
INFO: [Synth 8-256] done synthesizing module 'm07_couplers_imp_12LKFRD' (20#1) [/home/ramprasad/arty_projects_10-7-2017/arty_linux/arty_linux.srcs/sources_1/bd/arty_linux_p1/hdl/arty_linux_p1.v:3445]
INFO: [Synth 8-638] synthesizing module 's00_couplers_imp_1QTBSBC' [/home/ramprasad/arty_projects_10-7-2017/arty_linux/arty_linux.srcs/sources_1/bd/arty_linux_p1/hdl/arty_linux_p1.v:3811]
INFO: [Synth 8-256] done synthesizing module 's00_couplers_imp_1QTBSBC' (21#1) [/home/ramprasad/arty_projects_10-7-2017/arty_linux/arty_linux.srcs/sources_1/bd/arty_linux_p1/hdl/arty_linux_p1.v:3811]
INFO: [Synth 8-638] synthesizing module 'arty_linux_p1_xbar_0' [/home/ramprasad/arty_projects_10-7-2017/arty_linux/arty_linux.runs/synth_1/.Xil/Vivado-3494-ramprasad-ThinkPad-T420/realtime/arty_linux_p1_xbar_0_stub.v:6]
INFO: [Synth 8-256] done synthesizing module 'arty_linux_p1_xbar_0' (22#1) [/home/ramprasad/arty_projects_10-7-2017/arty_linux/arty_linux.runs/synth_1/.Xil/Vivado-3494-ramprasad-ThinkPad-T420/realtime/arty_linux_p1_xbar_0_stub.v:6]
WARNING: [Synth 8-350] instance 'xbar' of module 'arty_linux_p1_xbar_0' requires 40 connections, but only 38 given [/home/ramprasad/arty_projects_10-7-2017/arty_linux/arty_linux.srcs/sources_1/bd/arty_linux_p1/hdl/arty_linux_p1.v:2480]
INFO: [Synth 8-256] done synthesizing module 'arty_linux_p1_microblaze_0_axi_periph_0' (23#1) [/home/ramprasad/arty_projects_10-7-2017/arty_linux/arty_linux.srcs/sources_1/bd/arty_linux_p1/hdl/arty_linux_p1.v:1267]
INFO: [Synth 8-638] synthesizing module 'microblaze_0_local_memory_imp_8Z3Q24' [/home/ramprasad/arty_projects_10-7-2017/arty_linux/arty_linux.srcs/sources_1/bd/arty_linux_p1/hdl/arty_linux_p1.v:3577]
INFO: [Synth 8-638] synthesizing module 'arty_linux_p1_dlmb_bram_if_cntlr_0' [/home/ramprasad/arty_projects_10-7-2017/arty_linux/arty_linux.runs/synth_1/.Xil/Vivado-3494-ramprasad-ThinkPad-T420/realtime/arty_linux_p1_dlmb_bram_if_cntlr_0_stub.v:6]
INFO: [Synth 8-256] done synthesizing module 'arty_linux_p1_dlmb_bram_if_cntlr_0' (24#1) [/home/ramprasad/arty_projects_10-7-2017/arty_linux/arty_linux.runs/synth_1/.Xil/Vivado-3494-ramprasad-ThinkPad-T420/realtime/arty_linux_p1_dlmb_bram_if_cntlr_0_stub.v:6]
INFO: [Synth 8-638] synthesizing module 'arty_linux_p1_dlmb_v10_0' [/home/ramprasad/arty_projects_10-7-2017/arty_linux/arty_linux.runs/synth_1/.Xil/Vivado-3494-ramprasad-ThinkPad-T420/realtime/arty_linux_p1_dlmb_v10_0_stub.v:6]
INFO: [Synth 8-256] done synthesizing module 'arty_linux_p1_dlmb_v10_0' (25#1) [/home/ramprasad/arty_projects_10-7-2017/arty_linux/arty_linux.runs/synth_1/.Xil/Vivado-3494-ramprasad-ThinkPad-T420/realtime/arty_linux_p1_dlmb_v10_0_stub.v:6]
WARNING: [Synth 8-350] instance 'dlmb_v10' of module 'arty_linux_p1_dlmb_v10_0' requires 25 connections, but only 24 given [/home/ramprasad/arty_projects_10-7-2017/arty_linux/arty_linux.srcs/sources_1/bd/arty_linux_p1/hdl/arty_linux_p1.v:3723]
INFO: [Synth 8-638] synthesizing module 'arty_linux_p1_ilmb_bram_if_cntlr_0' [/home/ramprasad/arty_projects_10-7-2017/arty_linux/arty_linux.runs/synth_1/.Xil/Vivado-3494-ramprasad-ThinkPad-T420/realtime/arty_linux_p1_ilmb_bram_if_cntlr_0_stub.v:6]
INFO: [Synth 8-256] done synthesizing module 'arty_linux_p1_ilmb_bram_if_cntlr_0' (26#1) [/home/ramprasad/arty_projects_10-7-2017/arty_linux/arty_linux.runs/synth_1/.Xil/Vivado-3494-ramprasad-ThinkPad-T420/realtime/arty_linux_p1_ilmb_bram_if_cntlr_0_stub.v:6]
INFO: [Synth 8-638] synthesizing module 'arty_linux_p1_ilmb_v10_0' [/home/ramprasad/arty_projects_10-7-2017/arty_linux/arty_linux.runs/synth_1/.Xil/Vivado-3494-ramprasad-ThinkPad-T420/realtime/arty_linux_p1_ilmb_v10_0_stub.v:6]
INFO: [Synth 8-256] done synthesizing module 'arty_linux_p1_ilmb_v10_0' (27#1) [/home/ramprasad/arty_projects_10-7-2017/arty_linux/arty_linux.runs/synth_1/.Xil/Vivado-3494-ramprasad-ThinkPad-T420/realtime/arty_linux_p1_ilmb_v10_0_stub.v:6]
WARNING: [Synth 8-350] instance 'ilmb_v10' of module 'arty_linux_p1_ilmb_v10_0' requires 25 connections, but only 24 given [/home/ramprasad/arty_projects_10-7-2017/arty_linux/arty_linux.srcs/sources_1/bd/arty_linux_p1/hdl/arty_linux_p1.v:3769]
INFO: [Synth 8-638] synthesizing module 'arty_linux_p1_lmb_bram_0' [/home/ramprasad/arty_projects_10-7-2017/arty_linux/arty_linux.runs/synth_1/.Xil/Vivado-3494-ramprasad-ThinkPad-T420/realtime/arty_linux_p1_lmb_bram_0_stub.v:6]
INFO: [Synth 8-256] done synthesizing module 'arty_linux_p1_lmb_bram_0' (28#1) [/home/ramprasad/arty_projects_10-7-2017/arty_linux/arty_linux.runs/synth_1/.Xil/Vivado-3494-ramprasad-ThinkPad-T420/realtime/arty_linux_p1_lmb_bram_0_stub.v:6]
INFO: [Synth 8-256] done synthesizing module 'microblaze_0_local_memory_imp_8Z3Q24' (29#1) [/home/ramprasad/arty_projects_10-7-2017/arty_linux/arty_linux.srcs/sources_1/bd/arty_linux_p1/hdl/arty_linux_p1.v:3577]
INFO: [Synth 8-638] synthesizing module 'arty_linux_p1_microblaze_0_xlconcat_0' [/home/ramprasad/arty_projects_10-7-2017/arty_linux/arty_linux.runs/synth_1/.Xil/Vivado-3494-ramprasad-ThinkPad-T420/realtime/arty_linux_p1_microblaze_0_xlconcat_0_stub.v:6]
INFO: [Synth 8-256] done synthesizing module 'arty_linux_p1_microblaze_0_xlconcat_0' (30#1) [/home/ramprasad/arty_projects_10-7-2017/arty_linux/arty_linux.runs/synth_1/.Xil/Vivado-3494-ramprasad-ThinkPad-T420/realtime/arty_linux_p1_microblaze_0_xlconcat_0_stub.v:6]
INFO: [Synth 8-638] synthesizing module 'arty_linux_p1_mig_7series_0_0' [/home/ramprasad/arty_projects_10-7-2017/arty_linux/arty_linux.runs/synth_1/.Xil/Vivado-3494-ramprasad-ThinkPad-T420/realtime/arty_linux_p1_mig_7series_0_0_stub.v:5]
INFO: [Synth 8-256] done synthesizing module 'arty_linux_p1_mig_7series_0_0' (31#1) [/home/ramprasad/arty_projects_10-7-2017/arty_linux/arty_linux.runs/synth_1/.Xil/Vivado-3494-ramprasad-ThinkPad-T420/realtime/arty_linux_p1_mig_7series_0_0_stub.v:5]
WARNING: [Synth 8-350] instance 'mig_7series_0' of module 'arty_linux_p1_mig_7series_0_0' requires 64 connections, but only 57 given [/home/ramprasad/arty_projects_10-7-2017/arty_linux/arty_linux.srcs/sources_1/bd/arty_linux_p1/hdl/arty_linux_p1.v:1197]
INFO: [Synth 8-638] synthesizing module 'arty_linux_p1_rst_mig_7series_0_83M_0' [/home/ramprasad/arty_projects_10-7-2017/arty_linux/arty_linux.runs/synth_1/.Xil/Vivado-3494-ramprasad-ThinkPad-T420/realtime/arty_linux_p1_rst_mig_7series_0_83M_0_stub.v:6]
INFO: [Synth 8-256] done synthesizing module 'arty_linux_p1_rst_mig_7series_0_83M_0' (32#1) [/home/ramprasad/arty_projects_10-7-2017/arty_linux/arty_linux.runs/synth_1/.Xil/Vivado-3494-ramprasad-ThinkPad-T420/realtime/arty_linux_p1_rst_mig_7series_0_83M_0_stub.v:6]
WARNING: [Synth 8-350] instance 'rst_mig_7series_0_83M' of module 'arty_linux_p1_rst_mig_7series_0_83M_0' requires 10 connections, but only 9 given [/home/ramprasad/arty_projects_10-7-2017/arty_linux/arty_linux.srcs/sources_1/bd/arty_linux_p1/hdl/arty_linux_p1.v:1255]
INFO: [Synth 8-256] done synthesizing module 'arty_linux_p1' (33#1) [/home/ramprasad/arty_projects_10-7-2017/arty_linux/arty_linux.srcs/sources_1/bd/arty_linux_p1/hdl/arty_linux_p1.v:13]
INFO: [Synth 8-638] synthesizing module 'IOBUF' [/opt/Xilinx/Vivado/2017.2/scripts/rt/data/unisim_comp.v:17657]
	Parameter DRIVE bound to: 12 - type: integer 
	Parameter IBUF_LOW_PWR bound to: TRUE - type: string 
	Parameter IOSTANDARD bound to: DEFAULT - type: string 
	Parameter SLEW bound to: SLOW - type: string 
INFO: [Synth 8-256] done synthesizing module 'IOBUF' (34#1) [/opt/Xilinx/Vivado/2017.2/scripts/rt/data/unisim_comp.v:17657]
INFO: [Synth 8-256] done synthesizing module 'arty_linux_p1_wrapper' (35#1) [/home/ramprasad/arty_projects_10-7-2017/arty_linux/arty_linux.srcs/sources_1/bd/arty_linux_p1/hdl/arty_linux_p1_wrapper.v:12]
WARNING: [Synth 8-3331] design s00_couplers_imp_1QTBSBC has unconnected port M_ACLK
WARNING: [Synth 8-3331] design s00_couplers_imp_1QTBSBC has unconnected port M_ARESETN
WARNING: [Synth 8-3331] design s00_couplers_imp_1QTBSBC has unconnected port S_ACLK
WARNING: [Synth 8-3331] design s00_couplers_imp_1QTBSBC has unconnected port S_ARESETN
WARNING: [Synth 8-3331] design m07_couplers_imp_12LKFRD has unconnected port M_ACLK
WARNING: [Synth 8-3331] design m07_couplers_imp_12LKFRD has unconnected port M_ARESETN
WARNING: [Synth 8-3331] design m07_couplers_imp_12LKFRD has unconnected port S_ACLK
WARNING: [Synth 8-3331] design m07_couplers_imp_12LKFRD has unconnected port S_ARESETN
WARNING: [Synth 8-3331] design m06_couplers_imp_4K5CM5 has unconnected port M_ACLK
WARNING: [Synth 8-3331] design m06_couplers_imp_4K5CM5 has unconnected port M_ARESETN
WARNING: [Synth 8-3331] design m06_couplers_imp_4K5CM5 has unconnected port S_ACLK
WARNING: [Synth 8-3331] design m06_couplers_imp_4K5CM5 has unconnected port S_ARESETN
WARNING: [Synth 8-3331] design m05_couplers_imp_SGAXWG has unconnected port M_ACLK
WARNING: [Synth 8-3331] design m05_couplers_imp_SGAXWG has unconnected port M_ARESETN
WARNING: [Synth 8-3331] design m05_couplers_imp_SGAXWG has unconnected port S_ACLK
WARNING: [Synth 8-3331] design m05_couplers_imp_SGAXWG has unconnected port S_ARESETN
WARNING: [Synth 8-3331] design m04_couplers_imp_1YGTT6C has unconnected port M_ACLK
WARNING: [Synth 8-3331] design m04_couplers_imp_1YGTT6C has unconnected port M_ARESETN
WARNING: [Synth 8-3331] design m04_couplers_imp_1YGTT6C has unconnected port S_ACLK
WARNING: [Synth 8-3331] design m04_couplers_imp_1YGTT6C has unconnected port S_ARESETN
WARNING: [Synth 8-3331] design m03_couplers_imp_12MZVIY has unconnected port M_ACLK
WARNING: [Synth 8-3331] design m03_couplers_imp_12MZVIY has unconnected port M_ARESETN
WARNING: [Synth 8-3331] design m03_couplers_imp_12MZVIY has unconnected port S_ACLK
WARNING: [Synth 8-3331] design m03_couplers_imp_12MZVIY has unconnected port S_ARESETN
WARNING: [Synth 8-3331] design m02_couplers_imp_4HS6TQ has unconnected port M_ACLK
WARNING: [Synth 8-3331] design m02_couplers_imp_4HS6TQ has unconnected port M_ARESETN
WARNING: [Synth 8-3331] design m02_couplers_imp_4HS6TQ has unconnected port S_ACLK
WARNING: [Synth 8-3331] design m02_couplers_imp_4HS6TQ has unconnected port S_ARESETN
WARNING: [Synth 8-3331] design m01_couplers_imp_SJ96ER has unconnected port M_ACLK
WARNING: [Synth 8-3331] design m01_couplers_imp_SJ96ER has unconnected port M_ARESETN
WARNING: [Synth 8-3331] design m01_couplers_imp_SJ96ER has unconnected port S_ACLK
WARNING: [Synth 8-3331] design m01_couplers_imp_SJ96ER has unconnected port S_ARESETN
WARNING: [Synth 8-3331] design m00_couplers_imp_1YDKCIV has unconnected port M_ACLK
WARNING: [Synth 8-3331] design m00_couplers_imp_1YDKCIV has unconnected port M_ARESETN
WARNING: [Synth 8-3331] design m00_couplers_imp_1YDKCIV has unconnected port S_ACLK
WARNING: [Synth 8-3331] design m00_couplers_imp_1YDKCIV has unconnected port S_ARESETN
---------------------------------------------------------------------------------
Finished RTL Elaboration : Time (s): cpu = 00:00:05 ; elapsed = 00:00:05 . Memory (MB): peak = 1347.867 ; gain = 112.504 ; free physical = 786 ; free virtual = 10547
---------------------------------------------------------------------------------

Report Check Netlist: 
+------+------------------+-------+---------+-------+------------------+
|      |Item              |Errors |Warnings |Status |Description       |
+------+------------------+-------+---------+-------+------------------+
|1     |multi_driven_nets |      0|        0|Passed |Multi driven nets |
+------+------------------+-------+---------+-------+------------------+
---------------------------------------------------------------------------------
Finished RTL Optimization Phase 1 : Time (s): cpu = 00:00:05 ; elapsed = 00:00:05 . Memory (MB): peak = 1347.867 ; gain = 112.504 ; free physical = 788 ; free virtual = 10549
---------------------------------------------------------------------------------
INFO: [Netlist 29-17] Analyzing 59 Unisim elements for replacement
INFO: [Netlist 29-28] Unisim Transformation completed in 0 CPU seconds
INFO: [Device 21-403] Loading part xc7a35ticsg324-1L
INFO: [Project 1-570] Preparing netlist for logic optimization

Processing XDC Constraints
Initializing timing engine
Parsing XDC File [/home/ramprasad/arty_projects_10-7-2017/arty_linux/arty_linux.runs/synth_1/.Xil/Vivado-3494-ramprasad-ThinkPad-T420/dcp43/arty_linux_p1_clk_wiz_0_0_in_context.xdc] for cell 'arty_linux_p1_i/clk_wiz_0'
Finished Parsing XDC File [/home/ramprasad/arty_projects_10-7-2017/arty_linux/arty_linux.runs/synth_1/.Xil/Vivado-3494-ramprasad-ThinkPad-T420/dcp43/arty_linux_p1_clk_wiz_0_0_in_context.xdc] for cell 'arty_linux_p1_i/clk_wiz_0'
Parsing XDC File [/home/ramprasad/arty_projects_10-7-2017/arty_linux/arty_linux.runs/synth_1/.Xil/Vivado-3494-ramprasad-ThinkPad-T420/dcp45/arty_linux_p1_mig_7series_0_0_in_context.xdc] for cell 'arty_linux_p1_i/mig_7series_0'
Finished Parsing XDC File [/home/ramprasad/arty_projects_10-7-2017/arty_linux/arty_linux.runs/synth_1/.Xil/Vivado-3494-ramprasad-ThinkPad-T420/dcp45/arty_linux_p1_mig_7series_0_0_in_context.xdc] for cell 'arty_linux_p1_i/mig_7series_0'
Parsing XDC File [/home/ramprasad/arty_projects_10-7-2017/arty_linux/arty_linux.runs/synth_1/.Xil/Vivado-3494-ramprasad-ThinkPad-T420/dcp47/arty_linux_p1_microblaze_0_0_in_context.xdc] for cell 'arty_linux_p1_i/microblaze_0'
Finished Parsing XDC File [/home/ramprasad/arty_projects_10-7-2017/arty_linux/arty_linux.runs/synth_1/.Xil/Vivado-3494-ramprasad-ThinkPad-T420/dcp47/arty_linux_p1_microblaze_0_0_in_context.xdc] for cell 'arty_linux_p1_i/microblaze_0'
Parsing XDC File [/home/ramprasad/arty_projects_10-7-2017/arty_linux/arty_linux.runs/synth_1/.Xil/Vivado-3494-ramprasad-ThinkPad-T420/dcp49/arty_linux_p1_microblaze_0_axi_intc_0_in_context.xdc] for cell 'arty_linux_p1_i/microblaze_0_axi_intc'
Finished Parsing XDC File [/home/ramprasad/arty_projects_10-7-2017/arty_linux/arty_linux.runs/synth_1/.Xil/Vivado-3494-ramprasad-ThinkPad-T420/dcp49/arty_linux_p1_microblaze_0_axi_intc_0_in_context.xdc] for cell 'arty_linux_p1_i/microblaze_0_axi_intc'
Parsing XDC File [/home/ramprasad/arty_projects_10-7-2017/arty_linux/arty_linux.runs/synth_1/.Xil/Vivado-3494-ramprasad-ThinkPad-T420/dcp51/arty_linux_p1_microblaze_0_xlconcat_0_in_context.xdc] for cell 'arty_linux_p1_i/microblaze_0_xlconcat'
Finished Parsing XDC File [/home/ramprasad/arty_projects_10-7-2017/arty_linux/arty_linux.runs/synth_1/.Xil/Vivado-3494-ramprasad-ThinkPad-T420/dcp51/arty_linux_p1_microblaze_0_xlconcat_0_in_context.xdc] for cell 'arty_linux_p1_i/microblaze_0_xlconcat'
Parsing XDC File [/home/ramprasad/arty_projects_10-7-2017/arty_linux/arty_linux.runs/synth_1/.Xil/Vivado-3494-ramprasad-ThinkPad-T420/dcp53/arty_linux_p1_mdm_1_0_in_context.xdc] for cell 'arty_linux_p1_i/mdm_1'
Finished Parsing XDC File [/home/ramprasad/arty_projects_10-7-2017/arty_linux/arty_linux.runs/synth_1/.Xil/Vivado-3494-ramprasad-ThinkPad-T420/dcp53/arty_linux_p1_mdm_1_0_in_context.xdc] for cell 'arty_linux_p1_i/mdm_1'
Parsing XDC File [/home/ramprasad/arty_projects_10-7-2017/arty_linux/arty_linux.runs/synth_1/.Xil/Vivado-3494-ramprasad-ThinkPad-T420/dcp55/arty_linux_p1_rst_mig_7series_0_83M_0_in_context.xdc] for cell 'arty_linux_p1_i/rst_mig_7series_0_83M'
Finished Parsing XDC File [/home/ramprasad/arty_projects_10-7-2017/arty_linux/arty_linux.runs/synth_1/.Xil/Vivado-3494-ramprasad-ThinkPad-T420/dcp55/arty_linux_p1_rst_mig_7series_0_83M_0_in_context.xdc] for cell 'arty_linux_p1_i/rst_mig_7series_0_83M'
Parsing XDC File [/home/ramprasad/arty_projects_10-7-2017/arty_linux/arty_linux.runs/synth_1/.Xil/Vivado-3494-ramprasad-ThinkPad-T420/dcp57/arty_linux_p1_axi_uartlite_0_0_in_context.xdc] for cell 'arty_linux_p1_i/axi_uartlite_0'
Finished Parsing XDC File [/home/ramprasad/arty_projects_10-7-2017/arty_linux/arty_linux.runs/synth_1/.Xil/Vivado-3494-ramprasad-ThinkPad-T420/dcp57/arty_linux_p1_axi_uartlite_0_0_in_context.xdc] for cell 'arty_linux_p1_i/axi_uartlite_0'
Parsing XDC File [/home/ramprasad/arty_projects_10-7-2017/arty_linux/arty_linux.runs/synth_1/.Xil/Vivado-3494-ramprasad-ThinkPad-T420/dcp59/arty_linux_p1_axi_ethernetlite_0_0_in_context.xdc] for cell 'arty_linux_p1_i/axi_ethernetlite_0'
Finished Parsing XDC File [/home/ramprasad/arty_projects_10-7-2017/arty_linux/arty_linux.runs/synth_1/.Xil/Vivado-3494-ramprasad-ThinkPad-T420/dcp59/arty_linux_p1_axi_ethernetlite_0_0_in_context.xdc] for cell 'arty_linux_p1_i/axi_ethernetlite_0'
Parsing XDC File [/home/ramprasad/arty_projects_10-7-2017/arty_linux/arty_linux.runs/synth_1/.Xil/Vivado-3494-ramprasad-ThinkPad-T420/dcp61/arty_linux_p1_axi_timer_0_0_in_context.xdc] for cell 'arty_linux_p1_i/axi_timer_0'
Finished Parsing XDC File [/home/ramprasad/arty_projects_10-7-2017/arty_linux/arty_linux.runs/synth_1/.Xil/Vivado-3494-ramprasad-ThinkPad-T420/dcp61/arty_linux_p1_axi_timer_0_0_in_context.xdc] for cell 'arty_linux_p1_i/axi_timer_0'
Parsing XDC File [/home/ramprasad/arty_projects_10-7-2017/arty_linux/arty_linux.runs/synth_1/.Xil/Vivado-3494-ramprasad-ThinkPad-T420/dcp63/arty_linux_p1_axi_smc_0_in_context.xdc] for cell 'arty_linux_p1_i/axi_smc'
Finished Parsing XDC File [/home/ramprasad/arty_projects_10-7-2017/arty_linux/arty_linux.runs/synth_1/.Xil/Vivado-3494-ramprasad-ThinkPad-T420/dcp63/arty_linux_p1_axi_smc_0_in_context.xdc] for cell 'arty_linux_p1_i/axi_smc'
Parsing XDC File [/home/ramprasad/arty_projects_10-7-2017/arty_linux/arty_linux.runs/synth_1/.Xil/Vivado-3494-ramprasad-ThinkPad-T420/dcp65/arty_linux_p1_xbar_0_in_context.xdc] for cell 'arty_linux_p1_i/microblaze_0_axi_periph/xbar'
Finished Parsing XDC File [/home/ramprasad/arty_projects_10-7-2017/arty_linux/arty_linux.runs/synth_1/.Xil/Vivado-3494-ramprasad-ThinkPad-T420/dcp65/arty_linux_p1_xbar_0_in_context.xdc] for cell 'arty_linux_p1_i/microblaze_0_axi_periph/xbar'
Parsing XDC File [/home/ramprasad/arty_projects_10-7-2017/arty_linux/arty_linux.runs/synth_1/.Xil/Vivado-3494-ramprasad-ThinkPad-T420/dcp67/arty_linux_p1_dlmb_v10_0_in_context.xdc] for cell 'arty_linux_p1_i/microblaze_0_local_memory/dlmb_v10'
Finished Parsing XDC File [/home/ramprasad/arty_projects_10-7-2017/arty_linux/arty_linux.runs/synth_1/.Xil/Vivado-3494-ramprasad-ThinkPad-T420/dcp67/arty_linux_p1_dlmb_v10_0_in_context.xdc] for cell 'arty_linux_p1_i/microblaze_0_local_memory/dlmb_v10'
Parsing XDC File [/home/ramprasad/arty_projects_10-7-2017/arty_linux/arty_linux.runs/synth_1/.Xil/Vivado-3494-ramprasad-ThinkPad-T420/dcp69/arty_linux_p1_ilmb_v10_0_in_context.xdc] for cell 'arty_linux_p1_i/microblaze_0_local_memory/ilmb_v10'
Finished Parsing XDC File [/home/ramprasad/arty_projects_10-7-2017/arty_linux/arty_linux.runs/synth_1/.Xil/Vivado-3494-ramprasad-ThinkPad-T420/dcp69/arty_linux_p1_ilmb_v10_0_in_context.xdc] for cell 'arty_linux_p1_i/microblaze_0_local_memory/ilmb_v10'
Parsing XDC File [/home/ramprasad/arty_projects_10-7-2017/arty_linux/arty_linux.runs/synth_1/.Xil/Vivado-3494-ramprasad-ThinkPad-T420/dcp71/arty_linux_p1_dlmb_bram_if_cntlr_0_in_context.xdc] for cell 'arty_linux_p1_i/microblaze_0_local_memory/dlmb_bram_if_cntlr'
Finished Parsing XDC File [/home/ramprasad/arty_projects_10-7-2017/arty_linux/arty_linux.runs/synth_1/.Xil/Vivado-3494-ramprasad-ThinkPad-T420/dcp71/arty_linux_p1_dlmb_bram_if_cntlr_0_in_context.xdc] for cell 'arty_linux_p1_i/microblaze_0_local_memory/dlmb_bram_if_cntlr'
Parsing XDC File [/home/ramprasad/arty_projects_10-7-2017/arty_linux/arty_linux.runs/synth_1/.Xil/Vivado-3494-ramprasad-ThinkPad-T420/dcp73/arty_linux_p1_ilmb_bram_if_cntlr_0_in_context.xdc] for cell 'arty_linux_p1_i/microblaze_0_local_memory/ilmb_bram_if_cntlr'
Finished Parsing XDC File [/home/ramprasad/arty_projects_10-7-2017/arty_linux/arty_linux.runs/synth_1/.Xil/Vivado-3494-ramprasad-ThinkPad-T420/dcp73/arty_linux_p1_ilmb_bram_if_cntlr_0_in_context.xdc] for cell 'arty_linux_p1_i/microblaze_0_local_memory/ilmb_bram_if_cntlr'
Parsing XDC File [/home/ramprasad/arty_projects_10-7-2017/arty_linux/arty_linux.runs/synth_1/.Xil/Vivado-3494-ramprasad-ThinkPad-T420/dcp75/arty_linux_p1_lmb_bram_0_in_context.xdc] for cell 'arty_linux_p1_i/microblaze_0_local_memory/lmb_bram'
Finished Parsing XDC File [/home/ramprasad/arty_projects_10-7-2017/arty_linux/arty_linux.runs/synth_1/.Xil/Vivado-3494-ramprasad-ThinkPad-T420/dcp75/arty_linux_p1_lmb_bram_0_in_context.xdc] for cell 'arty_linux_p1_i/microblaze_0_local_memory/lmb_bram'
Parsing XDC File [/home/ramprasad/arty_projects_10-7-2017/arty_linux/arty_linux.runs/synth_1/.Xil/Vivado-3494-ramprasad-ThinkPad-T420/dcp77/arty_linux_p1_axi_gpio_0_0_in_context.xdc] for cell 'arty_linux_p1_i/axi_gpio_0'
Finished Parsing XDC File [/home/ramprasad/arty_projects_10-7-2017/arty_linux/arty_linux.runs/synth_1/.Xil/Vivado-3494-ramprasad-ThinkPad-T420/dcp77/arty_linux_p1_axi_gpio_0_0_in_context.xdc] for cell 'arty_linux_p1_i/axi_gpio_0'
Parsing XDC File [/home/ramprasad/arty_projects_10-7-2017/arty_linux/arty_linux.runs/synth_1/.Xil/Vivado-3494-ramprasad-ThinkPad-T420/dcp79/arty_linux_p1_axi_gpio_1_0_in_context.xdc] for cell 'arty_linux_p1_i/axi_gpio_1'
Finished Parsing XDC File [/home/ramprasad/arty_projects_10-7-2017/arty_linux/arty_linux.runs/synth_1/.Xil/Vivado-3494-ramprasad-ThinkPad-T420/dcp79/arty_linux_p1_axi_gpio_1_0_in_context.xdc] for cell 'arty_linux_p1_i/axi_gpio_1'
Parsing XDC File [/home/ramprasad/arty_projects_10-7-2017/arty_linux/arty_linux.runs/synth_1/.Xil/Vivado-3494-ramprasad-ThinkPad-T420/dcp81/arty_linux_p1_axi_gpio_2_0_in_context.xdc] for cell 'arty_linux_p1_i/axi_gpio_2'
Finished Parsing XDC File [/home/ramprasad/arty_projects_10-7-2017/arty_linux/arty_linux.runs/synth_1/.Xil/Vivado-3494-ramprasad-ThinkPad-T420/dcp81/arty_linux_p1_axi_gpio_2_0_in_context.xdc] for cell 'arty_linux_p1_i/axi_gpio_2'
Parsing XDC File [/home/ramprasad/arty_projects_10-7-2017/arty_linux/arty_linux.runs/synth_1/.Xil/Vivado-3494-ramprasad-ThinkPad-T420/dcp83/arty_linux_p1_axi_quad_spi_0_0_in_context.xdc] for cell 'arty_linux_p1_i/axi_quad_spi_0'
Finished Parsing XDC File [/home/ramprasad/arty_projects_10-7-2017/arty_linux/arty_linux.runs/synth_1/.Xil/Vivado-3494-ramprasad-ThinkPad-T420/dcp83/arty_linux_p1_axi_quad_spi_0_0_in_context.xdc] for cell 'arty_linux_p1_i/axi_quad_spi_0'
Parsing XDC File [/home/ramprasad/arty_projects_10-7-2017/arty_linux/arty_linux.srcs/constrs_1/new/eth_ref_clk.xdc]
Finished Parsing XDC File [/home/ramprasad/arty_projects_10-7-2017/arty_linux/arty_linux.srcs/constrs_1/new/eth_ref_clk.xdc]
INFO: [Project 1-236] Implementation specific constraints were found while reading constraint file [/home/ramprasad/arty_projects_10-7-2017/arty_linux/arty_linux.srcs/constrs_1/new/eth_ref_clk.xdc]. These constraints will be ignored for synthesis but will be used in implementation. Impacted constraints are listed in the file [.Xil/arty_linux_p1_wrapper_propImpl.xdc].
Resolution: To avoid this warning, move constraints listed in [.Xil/arty_linux_p1_wrapper_propImpl.xdc] to another XDC file and exclude this new file from synthesis with the used_in_synthesis property (File Properties dialog in GUI) and re-run elaboration/synthesis.
Parsing XDC File [/home/ramprasad/arty_projects_10-7-2017/arty_linux/arty_linux.runs/synth_1/dont_touch.xdc]
Finished Parsing XDC File [/home/ramprasad/arty_projects_10-7-2017/arty_linux/arty_linux.runs/synth_1/dont_touch.xdc]
Completed Processing XDC Constraints

INFO: [Project 1-111] Unisim Transformation Summary:
  A total of 59 instances were transformed.
  IOBUF => IOBUF (IBUF, OBUFT): 59 instances

Constraint Validation Runtime : Time (s): cpu = 00:00:00.02 ; elapsed = 00:00:00.02 . Memory (MB): peak = 1680.680 ; gain = 0.004 ; free physical = 552 ; free virtual = 10314
WARNING: [Timing 38-316] Clock period '20.000' specified during out-of-context synthesis of instance 'arty_linux_p1_i/axi_quad_spi_0' at clock pin 'ext_spi_clk' is different from the actual clock period '6.000', this can lead to different synthesis results.
WARNING: [Timing 38-316] Clock period '20.000' specified during out-of-context synthesis of instance 'arty_linux_p1_i/microblaze_0_local_memory/lmb_bram' at clock pin 'clka' is different from the actual clock period '12.000', this can lead to different synthesis results.
---------------------------------------------------------------------------------
Finished Constraint Validation : Time (s): cpu = 00:00:15 ; elapsed = 00:00:15 . Memory (MB): peak = 1680.680 ; gain = 445.316 ; free physical = 634 ; free virtual = 10391
---------------------------------------------------------------------------------
---------------------------------------------------------------------------------
Start Loading Part and Timing Information
---------------------------------------------------------------------------------
Loading part: xc7a35ticsg324-1L
---------------------------------------------------------------------------------
Finished Loading Part and Timing Information : Time (s): cpu = 00:00:15 ; elapsed = 00:00:15 . Memory (MB): peak = 1680.680 ; gain = 445.316 ; free physical = 634 ; free virtual = 10391
---------------------------------------------------------------------------------
---------------------------------------------------------------------------------
Start Applying 'set_property' XDC Constraints
---------------------------------------------------------------------------------
Applied set_property IO_BUFFER_TYPE = NONE for sys_clock. (constraint file  /home/ramprasad/arty_projects_10-7-2017/arty_linux/arty_linux.runs/synth_1/.Xil/Vivado-3494-ramprasad-ThinkPad-T420/dcp43/arty_linux_p1_clk_wiz_0_0_in_context.xdc, line 5).
Applied set_property CLOCK_BUFFER_TYPE = NONE for sys_clock. (constraint file  /home/ramprasad/arty_projects_10-7-2017/arty_linux/arty_linux.runs/synth_1/.Xil/Vivado-3494-ramprasad-ThinkPad-T420/dcp43/arty_linux_p1_clk_wiz_0_0_in_context.xdc, line 6).
Applied set_property IO_BUFFER_TYPE = NONE for ddr3_sdram_addr[0]. (constraint file  /home/ramprasad/arty_projects_10-7-2017/arty_linux/arty_linux.runs/synth_1/.Xil/Vivado-3494-ramprasad-ThinkPad-T420/dcp45/arty_linux_p1_mig_7series_0_0_in_context.xdc, line 2).
Applied set_property CLOCK_BUFFER_TYPE = NONE for ddr3_sdram_addr[0]. (constraint file  /home/ramprasad/arty_projects_10-7-2017/arty_linux/arty_linux.runs/synth_1/.Xil/Vivado-3494-ramprasad-ThinkPad-T420/dcp45/arty_linux_p1_mig_7series_0_0_in_context.xdc, line 3).
Applied set_property IO_BUFFER_TYPE = NONE for ddr3_sdram_addr[10]. (constraint file  /home/ramprasad/arty_projects_10-7-2017/arty_linux/arty_linux.runs/synth_1/.Xil/Vivado-3494-ramprasad-ThinkPad-T420/dcp45/arty_linux_p1_mig_7series_0_0_in_context.xdc, line 4).
Applied set_property CLOCK_BUFFER_TYPE = NONE for ddr3_sdram_addr[10]. (constraint file  /home/ramprasad/arty_projects_10-7-2017/arty_linux/arty_linux.runs/synth_1/.Xil/Vivado-3494-ramprasad-ThinkPad-T420/dcp45/arty_linux_p1_mig_7series_0_0_in_context.xdc, line 5).
Applied set_property IO_BUFFER_TYPE = NONE for ddr3_sdram_addr[11]. (constraint file  /home/ramprasad/arty_projects_10-7-2017/arty_linux/arty_linux.runs/synth_1/.Xil/Vivado-3494-ramprasad-ThinkPad-T420/dcp45/arty_linux_p1_mig_7series_0_0_in_context.xdc, line 6).
Applied set_property CLOCK_BUFFER_TYPE = NONE for ddr3_sdram_addr[11]. (constraint file  /home/ramprasad/arty_projects_10-7-2017/arty_linux/arty_linux.runs/synth_1/.Xil/Vivado-3494-ramprasad-ThinkPad-T420/dcp45/arty_linux_p1_mig_7series_0_0_in_context.xdc, line 7).
Applied set_property IO_BUFFER_TYPE = NONE for ddr3_sdram_addr[12]. (constraint file  /home/ramprasad/arty_projects_10-7-2017/arty_linux/arty_linux.runs/synth_1/.Xil/Vivado-3494-ramprasad-ThinkPad-T420/dcp45/arty_linux_p1_mig_7series_0_0_in_context.xdc, line 8).
Applied set_property CLOCK_BUFFER_TYPE = NONE for ddr3_sdram_addr[12]. (constraint file  /home/ramprasad/arty_projects_10-7-2017/arty_linux/arty_linux.runs/synth_1/.Xil/Vivado-3494-ramprasad-ThinkPad-T420/dcp45/arty_linux_p1_mig_7series_0_0_in_context.xdc, line 9).
Applied set_property IO_BUFFER_TYPE = NONE for ddr3_sdram_addr[13]. (constraint file  /home/ramprasad/arty_projects_10-7-2017/arty_linux/arty_linux.runs/synth_1/.Xil/Vivado-3494-ramprasad-ThinkPad-T420/dcp45/arty_linux_p1_mig_7series_0_0_in_context.xdc, line 10).
Applied set_property CLOCK_BUFFER_TYPE = NONE for ddr3_sdram_addr[13]. (constraint file  /home/ramprasad/arty_projects_10-7-2017/arty_linux/arty_linux.runs/synth_1/.Xil/Vivado-3494-ramprasad-ThinkPad-T420/dcp45/arty_linux_p1_mig_7series_0_0_in_context.xdc, line 11).
Applied set_property IO_BUFFER_TYPE = NONE for ddr3_sdram_addr[1]. (constraint file  /home/ramprasad/arty_projects_10-7-2017/arty_linux/arty_linux.runs/synth_1/.Xil/Vivado-3494-ramprasad-ThinkPad-T420/dcp45/arty_linux_p1_mig_7series_0_0_in_context.xdc, line 12).
Applied set_property CLOCK_BUFFER_TYPE = NONE for ddr3_sdram_addr[1]. (constraint file  /home/ramprasad/arty_projects_10-7-2017/arty_linux/arty_linux.runs/synth_1/.Xil/Vivado-3494-ramprasad-ThinkPad-T420/dcp45/arty_linux_p1_mig_7series_0_0_in_context.xdc, line 13).
Applied set_property IO_BUFFER_TYPE = NONE for ddr3_sdram_addr[2]. (constraint file  /home/ramprasad/arty_projects_10-7-2017/arty_linux/arty_linux.runs/synth_1/.Xil/Vivado-3494-ramprasad-ThinkPad-T420/dcp45/arty_linux_p1_mig_7series_0_0_in_context.xdc, line 14).
Applied set_property CLOCK_BUFFER_TYPE = NONE for ddr3_sdram_addr[2]. (constraint file  /home/ramprasad/arty_projects_10-7-2017/arty_linux/arty_linux.runs/synth_1/.Xil/Vivado-3494-ramprasad-ThinkPad-T420/dcp45/arty_linux_p1_mig_7series_0_0_in_context.xdc, line 15).
Applied set_property IO_BUFFER_TYPE = NONE for ddr3_sdram_addr[3]. (constraint file  /home/ramprasad/arty_projects_10-7-2017/arty_linux/arty_linux.runs/synth_1/.Xil/Vivado-3494-ramprasad-ThinkPad-T420/dcp45/arty_linux_p1_mig_7series_0_0_in_context.xdc, line 16).
Applied set_property CLOCK_BUFFER_TYPE = NONE for ddr3_sdram_addr[3]. (constraint file  /home/ramprasad/arty_projects_10-7-2017/arty_linux/arty_linux.runs/synth_1/.Xil/Vivado-3494-ramprasad-ThinkPad-T420/dcp45/arty_linux_p1_mig_7series_0_0_in_context.xdc, line 17).
Applied set_property IO_BUFFER_TYPE = NONE for ddr3_sdram_addr[4]. (constraint file  /home/ramprasad/arty_projects_10-7-2017/arty_linux/arty_linux.runs/synth_1/.Xil/Vivado-3494-ramprasad-ThinkPad-T420/dcp45/arty_linux_p1_mig_7series_0_0_in_context.xdc, line 18).
Applied set_property CLOCK_BUFFER_TYPE = NONE for ddr3_sdram_addr[4]. (constraint file  /home/ramprasad/arty_projects_10-7-2017/arty_linux/arty_linux.runs/synth_1/.Xil/Vivado-3494-ramprasad-ThinkPad-T420/dcp45/arty_linux_p1_mig_7series_0_0_in_context.xdc, line 19).
Applied set_property IO_BUFFER_TYPE = NONE for ddr3_sdram_addr[5]. (constraint file  /home/ramprasad/arty_projects_10-7-2017/arty_linux/arty_linux.runs/synth_1/.Xil/Vivado-3494-ramprasad-ThinkPad-T420/dcp45/arty_linux_p1_mig_7series_0_0_in_context.xdc, line 20).
Applied set_property CLOCK_BUFFER_TYPE = NONE for ddr3_sdram_addr[5]. (constraint file  /home/ramprasad/arty_projects_10-7-2017/arty_linux/arty_linux.runs/synth_1/.Xil/Vivado-3494-ramprasad-ThinkPad-T420/dcp45/arty_linux_p1_mig_7series_0_0_in_context.xdc, line 21).
Applied set_property IO_BUFFER_TYPE = NONE for ddr3_sdram_addr[6]. (constraint file  /home/ramprasad/arty_projects_10-7-2017/arty_linux/arty_linux.runs/synth_1/.Xil/Vivado-3494-ramprasad-ThinkPad-T420/dcp45/arty_linux_p1_mig_7series_0_0_in_context.xdc, line 22).
Applied set_property CLOCK_BUFFER_TYPE = NONE for ddr3_sdram_addr[6]. (constraint file  /home/ramprasad/arty_projects_10-7-2017/arty_linux/arty_linux.runs/synth_1/.Xil/Vivado-3494-ramprasad-ThinkPad-T420/dcp45/arty_linux_p1_mig_7series_0_0_in_context.xdc, line 23).
Applied set_property IO_BUFFER_TYPE = NONE for ddr3_sdram_addr[7]. (constraint file  /home/ramprasad/arty_projects_10-7-2017/arty_linux/arty_linux.runs/synth_1/.Xil/Vivado-3494-ramprasad-ThinkPad-T420/dcp45/arty_linux_p1_mig_7series_0_0_in_context.xdc, line 24).
Applied set_property CLOCK_BUFFER_TYPE = NONE for ddr3_sdram_addr[7]. (constraint file  /home/ramprasad/arty_projects_10-7-2017/arty_linux/arty_linux.runs/synth_1/.Xil/Vivado-3494-ramprasad-ThinkPad-T420/dcp45/arty_linux_p1_mig_7series_0_0_in_context.xdc, line 25).
Applied set_property IO_BUFFER_TYPE = NONE for ddr3_sdram_addr[8]. (constraint file  /home/ramprasad/arty_projects_10-7-2017/arty_linux/arty_linux.runs/synth_1/.Xil/Vivado-3494-ramprasad-ThinkPad-T420/dcp45/arty_linux_p1_mig_7series_0_0_in_context.xdc, line 26).
Applied set_property CLOCK_BUFFER_TYPE = NONE for ddr3_sdram_addr[8]. (constraint file  /home/ramprasad/arty_projects_10-7-2017/arty_linux/arty_linux.runs/synth_1/.Xil/Vivado-3494-ramprasad-ThinkPad-T420/dcp45/arty_linux_p1_mig_7series_0_0_in_context.xdc, line 27).
Applied set_property IO_BUFFER_TYPE = NONE for ddr3_sdram_addr[9]. (constraint file  /home/ramprasad/arty_projects_10-7-2017/arty_linux/arty_linux.runs/synth_1/.Xil/Vivado-3494-ramprasad-ThinkPad-T420/dcp45/arty_linux_p1_mig_7series_0_0_in_context.xdc, line 28).
Applied set_property CLOCK_BUFFER_TYPE = NONE for ddr3_sdram_addr[9]. (constraint file  /home/ramprasad/arty_projects_10-7-2017/arty_linux/arty_linux.runs/synth_1/.Xil/Vivado-3494-ramprasad-ThinkPad-T420/dcp45/arty_linux_p1_mig_7series_0_0_in_context.xdc, line 29).
Applied set_property IO_BUFFER_TYPE = NONE for ddr3_sdram_ba[0]. (constraint file  /home/ramprasad/arty_projects_10-7-2017/arty_linux/arty_linux.runs/synth_1/.Xil/Vivado-3494-ramprasad-ThinkPad-T420/dcp45/arty_linux_p1_mig_7series_0_0_in_context.xdc, line 30).
Applied set_property CLOCK_BUFFER_TYPE = NONE for ddr3_sdram_ba[0]. (constraint file  /home/ramprasad/arty_projects_10-7-2017/arty_linux/arty_linux.runs/synth_1/.Xil/Vivado-3494-ramprasad-ThinkPad-T420/dcp45/arty_linux_p1_mig_7series_0_0_in_context.xdc, line 31).
Applied set_property IO_BUFFER_TYPE = NONE for ddr3_sdram_ba[1]. (constraint file  /home/ramprasad/arty_projects_10-7-2017/arty_linux/arty_linux.runs/synth_1/.Xil/Vivado-3494-ramprasad-ThinkPad-T420/dcp45/arty_linux_p1_mig_7series_0_0_in_context.xdc, line 32).
Applied set_property CLOCK_BUFFER_TYPE = NONE for ddr3_sdram_ba[1]. (constraint file  /home/ramprasad/arty_projects_10-7-2017/arty_linux/arty_linux.runs/synth_1/.Xil/Vivado-3494-ramprasad-ThinkPad-T420/dcp45/arty_linux_p1_mig_7series_0_0_in_context.xdc, line 33).
Applied set_property IO_BUFFER_TYPE = NONE for ddr3_sdram_ba[2]. (constraint file  /home/ramprasad/arty_projects_10-7-2017/arty_linux/arty_linux.runs/synth_1/.Xil/Vivado-3494-ramprasad-ThinkPad-T420/dcp45/arty_linux_p1_mig_7series_0_0_in_context.xdc, line 34).
Applied set_property CLOCK_BUFFER_TYPE = NONE for ddr3_sdram_ba[2]. (constraint file  /home/ramprasad/arty_projects_10-7-2017/arty_linux/arty_linux.runs/synth_1/.Xil/Vivado-3494-ramprasad-ThinkPad-T420/dcp45/arty_linux_p1_mig_7series_0_0_in_context.xdc, line 35).
Applied set_property IO_BUFFER_TYPE = NONE for ddr3_sdram_cas_n. (constraint file  /home/ramprasad/arty_projects_10-7-2017/arty_linux/arty_linux.runs/synth_1/.Xil/Vivado-3494-ramprasad-ThinkPad-T420/dcp45/arty_linux_p1_mig_7series_0_0_in_context.xdc, line 36).
Applied set_property CLOCK_BUFFER_TYPE = NONE for ddr3_sdram_cas_n. (constraint file  /home/ramprasad/arty_projects_10-7-2017/arty_linux/arty_linux.runs/synth_1/.Xil/Vivado-3494-ramprasad-ThinkPad-T420/dcp45/arty_linux_p1_mig_7series_0_0_in_context.xdc, line 37).
Applied set_property IO_BUFFER_TYPE = NONE for ddr3_sdram_ck_n[0]. (constraint file  /home/ramprasad/arty_projects_10-7-2017/arty_linux/arty_linux.runs/synth_1/.Xil/Vivado-3494-ramprasad-ThinkPad-T420/dcp45/arty_linux_p1_mig_7series_0_0_in_context.xdc, line 38).
Applied set_property CLOCK_BUFFER_TYPE = NONE for ddr3_sdram_ck_n[0]. (constraint file  /home/ramprasad/arty_projects_10-7-2017/arty_linux/arty_linux.runs/synth_1/.Xil/Vivado-3494-ramprasad-ThinkPad-T420/dcp45/arty_linux_p1_mig_7series_0_0_in_context.xdc, line 39).
Applied set_property IO_BUFFER_TYPE = NONE for ddr3_sdram_ck_p[0]. (constraint file  /home/ramprasad/arty_projects_10-7-2017/arty_linux/arty_linux.runs/synth_1/.Xil/Vivado-3494-ramprasad-ThinkPad-T420/dcp45/arty_linux_p1_mig_7series_0_0_in_context.xdc, line 40).
Applied set_property CLOCK_BUFFER_TYPE = NONE for ddr3_sdram_ck_p[0]. (constraint file  /home/ramprasad/arty_projects_10-7-2017/arty_linux/arty_linux.runs/synth_1/.Xil/Vivado-3494-ramprasad-ThinkPad-T420/dcp45/arty_linux_p1_mig_7series_0_0_in_context.xdc, line 41).
Applied set_property IO_BUFFER_TYPE = NONE for ddr3_sdram_cke[0]. (constraint file  /home/ramprasad/arty_projects_10-7-2017/arty_linux/arty_linux.runs/synth_1/.Xil/Vivado-3494-ramprasad-ThinkPad-T420/dcp45/arty_linux_p1_mig_7series_0_0_in_context.xdc, line 42).
Applied set_property CLOCK_BUFFER_TYPE = NONE for ddr3_sdram_cke[0]. (constraint file  /home/ramprasad/arty_projects_10-7-2017/arty_linux/arty_linux.runs/synth_1/.Xil/Vivado-3494-ramprasad-ThinkPad-T420/dcp45/arty_linux_p1_mig_7series_0_0_in_context.xdc, line 43).
Applied set_property IO_BUFFER_TYPE = NONE for ddr3_sdram_cs_n[0]. (constraint file  /home/ramprasad/arty_projects_10-7-2017/arty_linux/arty_linux.runs/synth_1/.Xil/Vivado-3494-ramprasad-ThinkPad-T420/dcp45/arty_linux_p1_mig_7series_0_0_in_context.xdc, line 44).
Applied set_property CLOCK_BUFFER_TYPE = NONE for ddr3_sdram_cs_n[0]. (constraint file  /home/ramprasad/arty_projects_10-7-2017/arty_linux/arty_linux.runs/synth_1/.Xil/Vivado-3494-ramprasad-ThinkPad-T420/dcp45/arty_linux_p1_mig_7series_0_0_in_context.xdc, line 45).
Applied set_property IO_BUFFER_TYPE = NONE for ddr3_sdram_dm[0]. (constraint file  /home/ramprasad/arty_projects_10-7-2017/arty_linux/arty_linux.runs/synth_1/.Xil/Vivado-3494-ramprasad-ThinkPad-T420/dcp45/arty_linux_p1_mig_7series_0_0_in_context.xdc, line 46).
Applied set_property CLOCK_BUFFER_TYPE = NONE for ddr3_sdram_dm[0]. (constraint file  /home/ramprasad/arty_projects_10-7-2017/arty_linux/arty_linux.runs/synth_1/.Xil/Vivado-3494-ramprasad-ThinkPad-T420/dcp45/arty_linux_p1_mig_7series_0_0_in_context.xdc, line 47).
Applied set_property IO_BUFFER_TYPE = NONE for ddr3_sdram_dm[1]. (constraint file  /home/ramprasad/arty_projects_10-7-2017/arty_linux/arty_linux.runs/synth_1/.Xil/Vivado-3494-ramprasad-ThinkPad-T420/dcp45/arty_linux_p1_mig_7series_0_0_in_context.xdc, line 48).
Applied set_property CLOCK_BUFFER_TYPE = NONE for ddr3_sdram_dm[1]. (constraint file  /home/ramprasad/arty_projects_10-7-2017/arty_linux/arty_linux.runs/synth_1/.Xil/Vivado-3494-ramprasad-ThinkPad-T420/dcp45/arty_linux_p1_mig_7series_0_0_in_context.xdc, line 49).
Applied set_property IO_BUFFER_TYPE = NONE for ddr3_sdram_dq[0]. (constraint file  /home/ramprasad/arty_projects_10-7-2017/arty_linux/arty_linux.runs/synth_1/.Xil/Vivado-3494-ramprasad-ThinkPad-T420/dcp45/arty_linux_p1_mig_7series_0_0_in_context.xdc, line 50).
Applied set_property CLOCK_BUFFER_TYPE = NONE for ddr3_sdram_dq[0]. (constraint file  /home/ramprasad/arty_projects_10-7-2017/arty_linux/arty_linux.runs/synth_1/.Xil/Vivado-3494-ramprasad-ThinkPad-T420/dcp45/arty_linux_p1_mig_7series_0_0_in_context.xdc, line 51).
Applied set_property IO_BUFFER_TYPE = NONE for ddr3_sdram_dq[10]. (constraint file  /home/ramprasad/arty_projects_10-7-2017/arty_linux/arty_linux.runs/synth_1/.Xil/Vivado-3494-ramprasad-ThinkPad-T420/dcp45/arty_linux_p1_mig_7series_0_0_in_context.xdc, line 52).
Applied set_property CLOCK_BUFFER_TYPE = NONE for ddr3_sdram_dq[10]. (constraint file  /home/ramprasad/arty_projects_10-7-2017/arty_linux/arty_linux.runs/synth_1/.Xil/Vivado-3494-ramprasad-ThinkPad-T420/dcp45/arty_linux_p1_mig_7series_0_0_in_context.xdc, line 53).
Applied set_property IO_BUFFER_TYPE = NONE for ddr3_sdram_dq[11]. (constraint file  /home/ramprasad/arty_projects_10-7-2017/arty_linux/arty_linux.runs/synth_1/.Xil/Vivado-3494-ramprasad-ThinkPad-T420/dcp45/arty_linux_p1_mig_7series_0_0_in_context.xdc, line 54).
Applied set_property CLOCK_BUFFER_TYPE = NONE for ddr3_sdram_dq[11]. (constraint file  /home/ramprasad/arty_projects_10-7-2017/arty_linux/arty_linux.runs/synth_1/.Xil/Vivado-3494-ramprasad-ThinkPad-T420/dcp45/arty_linux_p1_mig_7series_0_0_in_context.xdc, line 55).
Applied set_property IO_BUFFER_TYPE = NONE for ddr3_sdram_dq[12]. (constraint file  /home/ramprasad/arty_projects_10-7-2017/arty_linux/arty_linux.runs/synth_1/.Xil/Vivado-3494-ramprasad-ThinkPad-T420/dcp45/arty_linux_p1_mig_7series_0_0_in_context.xdc, line 56).
Applied set_property CLOCK_BUFFER_TYPE = NONE for ddr3_sdram_dq[12]. (constraint file  /home/ramprasad/arty_projects_10-7-2017/arty_linux/arty_linux.runs/synth_1/.Xil/Vivado-3494-ramprasad-ThinkPad-T420/dcp45/arty_linux_p1_mig_7series_0_0_in_context.xdc, line 57).
Applied set_property IO_BUFFER_TYPE = NONE for ddr3_sdram_dq[13]. (constraint file  /home/ramprasad/arty_projects_10-7-2017/arty_linux/arty_linux.runs/synth_1/.Xil/Vivado-3494-ramprasad-ThinkPad-T420/dcp45/arty_linux_p1_mig_7series_0_0_in_context.xdc, line 58).
Applied set_property CLOCK_BUFFER_TYPE = NONE for ddr3_sdram_dq[13]. (constraint file  /home/ramprasad/arty_projects_10-7-2017/arty_linux/arty_linux.runs/synth_1/.Xil/Vivado-3494-ramprasad-ThinkPad-T420/dcp45/arty_linux_p1_mig_7series_0_0_in_context.xdc, line 59).
Applied set_property IO_BUFFER_TYPE = NONE for ddr3_sdram_dq[14]. (constraint file  /home/ramprasad/arty_projects_10-7-2017/arty_linux/arty_linux.runs/synth_1/.Xil/Vivado-3494-ramprasad-ThinkPad-T420/dcp45/arty_linux_p1_mig_7series_0_0_in_context.xdc, line 60).
Applied set_property CLOCK_BUFFER_TYPE = NONE for ddr3_sdram_dq[14]. (constraint file  /home/ramprasad/arty_projects_10-7-2017/arty_linux/arty_linux.runs/synth_1/.Xil/Vivado-3494-ramprasad-ThinkPad-T420/dcp45/arty_linux_p1_mig_7series_0_0_in_context.xdc, line 61).
Applied set_property IO_BUFFER_TYPE = NONE for ddr3_sdram_dq[15]. (constraint file  /home/ramprasad/arty_projects_10-7-2017/arty_linux/arty_linux.runs/synth_1/.Xil/Vivado-3494-ramprasad-ThinkPad-T420/dcp45/arty_linux_p1_mig_7series_0_0_in_context.xdc, line 62).
Applied set_property CLOCK_BUFFER_TYPE = NONE for ddr3_sdram_dq[15]. (constraint file  /home/ramprasad/arty_projects_10-7-2017/arty_linux/arty_linux.runs/synth_1/.Xil/Vivado-3494-ramprasad-ThinkPad-T420/dcp45/arty_linux_p1_mig_7series_0_0_in_context.xdc, line 63).
Applied set_property IO_BUFFER_TYPE = NONE for ddr3_sdram_dq[1]. (constraint file  /home/ramprasad/arty_projects_10-7-2017/arty_linux/arty_linux.runs/synth_1/.Xil/Vivado-3494-ramprasad-ThinkPad-T420/dcp45/arty_linux_p1_mig_7series_0_0_in_context.xdc, line 64).
Applied set_property CLOCK_BUFFER_TYPE = NONE for ddr3_sdram_dq[1]. (constraint file  /home/ramprasad/arty_projects_10-7-2017/arty_linux/arty_linux.runs/synth_1/.Xil/Vivado-3494-ramprasad-ThinkPad-T420/dcp45/arty_linux_p1_mig_7series_0_0_in_context.xdc, line 65).
Applied set_property IO_BUFFER_TYPE = NONE for ddr3_sdram_dq[2]. (constraint file  /home/ramprasad/arty_projects_10-7-2017/arty_linux/arty_linux.runs/synth_1/.Xil/Vivado-3494-ramprasad-ThinkPad-T420/dcp45/arty_linux_p1_mig_7series_0_0_in_context.xdc, line 66).
Applied set_property CLOCK_BUFFER_TYPE = NONE for ddr3_sdram_dq[2]. (constraint file  /home/ramprasad/arty_projects_10-7-2017/arty_linux/arty_linux.runs/synth_1/.Xil/Vivado-3494-ramprasad-ThinkPad-T420/dcp45/arty_linux_p1_mig_7series_0_0_in_context.xdc, line 67).
Applied set_property IO_BUFFER_TYPE = NONE for ddr3_sdram_dq[3]. (constraint file  /home/ramprasad/arty_projects_10-7-2017/arty_linux/arty_linux.runs/synth_1/.Xil/Vivado-3494-ramprasad-ThinkPad-T420/dcp45/arty_linux_p1_mig_7series_0_0_in_context.xdc, line 68).
Applied set_property CLOCK_BUFFER_TYPE = NONE for ddr3_sdram_dq[3]. (constraint file  /home/ramprasad/arty_projects_10-7-2017/arty_linux/arty_linux.runs/synth_1/.Xil/Vivado-3494-ramprasad-ThinkPad-T420/dcp45/arty_linux_p1_mig_7series_0_0_in_context.xdc, line 69).
Applied set_property IO_BUFFER_TYPE = NONE for ddr3_sdram_dq[4]. (constraint file  /home/ramprasad/arty_projects_10-7-2017/arty_linux/arty_linux.runs/synth_1/.Xil/Vivado-3494-ramprasad-ThinkPad-T420/dcp45/arty_linux_p1_mig_7series_0_0_in_context.xdc, line 70).
Applied set_property CLOCK_BUFFER_TYPE = NONE for ddr3_sdram_dq[4]. (constraint file  /home/ramprasad/arty_projects_10-7-2017/arty_linux/arty_linux.runs/synth_1/.Xil/Vivado-3494-ramprasad-ThinkPad-T420/dcp45/arty_linux_p1_mig_7series_0_0_in_context.xdc, line 71).
Applied set_property IO_BUFFER_TYPE = NONE for ddr3_sdram_dq[5]. (constraint file  /home/ramprasad/arty_projects_10-7-2017/arty_linux/arty_linux.runs/synth_1/.Xil/Vivado-3494-ramprasad-ThinkPad-T420/dcp45/arty_linux_p1_mig_7series_0_0_in_context.xdc, line 72).
Applied set_property CLOCK_BUFFER_TYPE = NONE for ddr3_sdram_dq[5]. (constraint file  /home/ramprasad/arty_projects_10-7-2017/arty_linux/arty_linux.runs/synth_1/.Xil/Vivado-3494-ramprasad-ThinkPad-T420/dcp45/arty_linux_p1_mig_7series_0_0_in_context.xdc, line 73).
Applied set_property IO_BUFFER_TYPE = NONE for ddr3_sdram_dq[6]. (constraint file  /home/ramprasad/arty_projects_10-7-2017/arty_linux/arty_linux.runs/synth_1/.Xil/Vivado-3494-ramprasad-ThinkPad-T420/dcp45/arty_linux_p1_mig_7series_0_0_in_context.xdc, line 74).
Applied set_property CLOCK_BUFFER_TYPE = NONE for ddr3_sdram_dq[6]. (constraint file  /home/ramprasad/arty_projects_10-7-2017/arty_linux/arty_linux.runs/synth_1/.Xil/Vivado-3494-ramprasad-ThinkPad-T420/dcp45/arty_linux_p1_mig_7series_0_0_in_context.xdc, line 75).
Applied set_property IO_BUFFER_TYPE = NONE for ddr3_sdram_dq[7]. (constraint file  /home/ramprasad/arty_projects_10-7-2017/arty_linux/arty_linux.runs/synth_1/.Xil/Vivado-3494-ramprasad-ThinkPad-T420/dcp45/arty_linux_p1_mig_7series_0_0_in_context.xdc, line 76).
Applied set_property CLOCK_BUFFER_TYPE = NONE for ddr3_sdram_dq[7]. (constraint file  /home/ramprasad/arty_projects_10-7-2017/arty_linux/arty_linux.runs/synth_1/.Xil/Vivado-3494-ramprasad-ThinkPad-T420/dcp45/arty_linux_p1_mig_7series_0_0_in_context.xdc, line 77).
Applied set_property IO_BUFFER_TYPE = NONE for ddr3_sdram_dq[8]. (constraint file  /home/ramprasad/arty_projects_10-7-2017/arty_linux/arty_linux.runs/synth_1/.Xil/Vivado-3494-ramprasad-ThinkPad-T420/dcp45/arty_linux_p1_mig_7series_0_0_in_context.xdc, line 78).
Applied set_property CLOCK_BUFFER_TYPE = NONE for ddr3_sdram_dq[8]. (constraint file  /home/ramprasad/arty_projects_10-7-2017/arty_linux/arty_linux.runs/synth_1/.Xil/Vivado-3494-ramprasad-ThinkPad-T420/dcp45/arty_linux_p1_mig_7series_0_0_in_context.xdc, line 79).
Applied set_property IO_BUFFER_TYPE = NONE for ddr3_sdram_dq[9]. (constraint file  /home/ramprasad/arty_projects_10-7-2017/arty_linux/arty_linux.runs/synth_1/.Xil/Vivado-3494-ramprasad-ThinkPad-T420/dcp45/arty_linux_p1_mig_7series_0_0_in_context.xdc, line 80).
Applied set_property CLOCK_BUFFER_TYPE = NONE for ddr3_sdram_dq[9]. (constraint file  /home/ramprasad/arty_projects_10-7-2017/arty_linux/arty_linux.runs/synth_1/.Xil/Vivado-3494-ramprasad-ThinkPad-T420/dcp45/arty_linux_p1_mig_7series_0_0_in_context.xdc, line 81).
Applied set_property IO_BUFFER_TYPE = NONE for ddr3_sdram_dqs_n[0]. (constraint file  /home/ramprasad/arty_projects_10-7-2017/arty_linux/arty_linux.runs/synth_1/.Xil/Vivado-3494-ramprasad-ThinkPad-T420/dcp45/arty_linux_p1_mig_7series_0_0_in_context.xdc, line 82).
Applied set_property CLOCK_BUFFER_TYPE = NONE for ddr3_sdram_dqs_n[0]. (constraint file  /home/ramprasad/arty_projects_10-7-2017/arty_linux/arty_linux.runs/synth_1/.Xil/Vivado-3494-ramprasad-ThinkPad-T420/dcp45/arty_linux_p1_mig_7series_0_0_in_context.xdc, line 83).
Applied set_property IO_BUFFER_TYPE = NONE for ddr3_sdram_dqs_n[1]. (constraint file  /home/ramprasad/arty_projects_10-7-2017/arty_linux/arty_linux.runs/synth_1/.Xil/Vivado-3494-ramprasad-ThinkPad-T420/dcp45/arty_linux_p1_mig_7series_0_0_in_context.xdc, line 84).
Applied set_property CLOCK_BUFFER_TYPE = NONE for ddr3_sdram_dqs_n[1]. (constraint file  /home/ramprasad/arty_projects_10-7-2017/arty_linux/arty_linux.runs/synth_1/.Xil/Vivado-3494-ramprasad-ThinkPad-T420/dcp45/arty_linux_p1_mig_7series_0_0_in_context.xdc, line 85).
Applied set_property IO_BUFFER_TYPE = NONE for ddr3_sdram_dqs_p[0]. (constraint file  /home/ramprasad/arty_projects_10-7-2017/arty_linux/arty_linux.runs/synth_1/.Xil/Vivado-3494-ramprasad-ThinkPad-T420/dcp45/arty_linux_p1_mig_7series_0_0_in_context.xdc, line 86).
Applied set_property CLOCK_BUFFER_TYPE = NONE for ddr3_sdram_dqs_p[0]. (constraint file  /home/ramprasad/arty_projects_10-7-2017/arty_linux/arty_linux.runs/synth_1/.Xil/Vivado-3494-ramprasad-ThinkPad-T420/dcp45/arty_linux_p1_mig_7series_0_0_in_context.xdc, line 87).
Applied set_property IO_BUFFER_TYPE = NONE for ddr3_sdram_dqs_p[1]. (constraint file  /home/ramprasad/arty_projects_10-7-2017/arty_linux/arty_linux.runs/synth_1/.Xil/Vivado-3494-ramprasad-ThinkPad-T420/dcp45/arty_linux_p1_mig_7series_0_0_in_context.xdc, line 88).
Applied set_property CLOCK_BUFFER_TYPE = NONE for ddr3_sdram_dqs_p[1]. (constraint file  /home/ramprasad/arty_projects_10-7-2017/arty_linux/arty_linux.runs/synth_1/.Xil/Vivado-3494-ramprasad-ThinkPad-T420/dcp45/arty_linux_p1_mig_7series_0_0_in_context.xdc, line 89).
Applied set_property IO_BUFFER_TYPE = NONE for ddr3_sdram_odt[0]. (constraint file  /home/ramprasad/arty_projects_10-7-2017/arty_linux/arty_linux.runs/synth_1/.Xil/Vivado-3494-ramprasad-ThinkPad-T420/dcp45/arty_linux_p1_mig_7series_0_0_in_context.xdc, line 90).
Applied set_property CLOCK_BUFFER_TYPE = NONE for ddr3_sdram_odt[0]. (constraint file  /home/ramprasad/arty_projects_10-7-2017/arty_linux/arty_linux.runs/synth_1/.Xil/Vivado-3494-ramprasad-ThinkPad-T420/dcp45/arty_linux_p1_mig_7series_0_0_in_context.xdc, line 91).
Applied set_property IO_BUFFER_TYPE = NONE for ddr3_sdram_ras_n. (constraint file  /home/ramprasad/arty_projects_10-7-2017/arty_linux/arty_linux.runs/synth_1/.Xil/Vivado-3494-ramprasad-ThinkPad-T420/dcp45/arty_linux_p1_mig_7series_0_0_in_context.xdc, line 92).
Applied set_property CLOCK_BUFFER_TYPE = NONE for ddr3_sdram_ras_n. (constraint file  /home/ramprasad/arty_projects_10-7-2017/arty_linux/arty_linux.runs/synth_1/.Xil/Vivado-3494-ramprasad-ThinkPad-T420/dcp45/arty_linux_p1_mig_7series_0_0_in_context.xdc, line 93).
Applied set_property IO_BUFFER_TYPE = NONE for ddr3_sdram_reset_n. (constraint file  /home/ramprasad/arty_projects_10-7-2017/arty_linux/arty_linux.runs/synth_1/.Xil/Vivado-3494-ramprasad-ThinkPad-T420/dcp45/arty_linux_p1_mig_7series_0_0_in_context.xdc, line 94).
Applied set_property CLOCK_BUFFER_TYPE = NONE for ddr3_sdram_reset_n. (constraint file  /home/ramprasad/arty_projects_10-7-2017/arty_linux/arty_linux.runs/synth_1/.Xil/Vivado-3494-ramprasad-ThinkPad-T420/dcp45/arty_linux_p1_mig_7series_0_0_in_context.xdc, line 95).
Applied set_property IO_BUFFER_TYPE = NONE for ddr3_sdram_we_n. (constraint file  /home/ramprasad/arty_projects_10-7-2017/arty_linux/arty_linux.runs/synth_1/.Xil/Vivado-3494-ramprasad-ThinkPad-T420/dcp45/arty_linux_p1_mig_7series_0_0_in_context.xdc, line 96).
Applied set_property CLOCK_BUFFER_TYPE = NONE for ddr3_sdram_we_n. (constraint file  /home/ramprasad/arty_projects_10-7-2017/arty_linux/arty_linux.runs/synth_1/.Xil/Vivado-3494-ramprasad-ThinkPad-T420/dcp45/arty_linux_p1_mig_7series_0_0_in_context.xdc, line 97).
Applied set_property IO_BUFFER_TYPE = NONE for eth_mii_rx_clk. (constraint file  /home/ramprasad/arty_projects_10-7-2017/arty_linux/arty_linux.runs/synth_1/.Xil/Vivado-3494-ramprasad-ThinkPad-T420/dcp59/arty_linux_p1_axi_ethernetlite_0_0_in_context.xdc, line 3).
Applied set_property CLOCK_BUFFER_TYPE = NONE for eth_mii_rx_clk. (constraint file  /home/ramprasad/arty_projects_10-7-2017/arty_linux/arty_linux.runs/synth_1/.Xil/Vivado-3494-ramprasad-ThinkPad-T420/dcp59/arty_linux_p1_axi_ethernetlite_0_0_in_context.xdc, line 4).
Applied set_property IO_BUFFER_TYPE = NONE for eth_mii_tx_clk. (constraint file  /home/ramprasad/arty_projects_10-7-2017/arty_linux/arty_linux.runs/synth_1/.Xil/Vivado-3494-ramprasad-ThinkPad-T420/dcp59/arty_linux_p1_axi_ethernetlite_0_0_in_context.xdc, line 5).
Applied set_property CLOCK_BUFFER_TYPE = NONE for eth_mii_tx_clk. (constraint file  /home/ramprasad/arty_projects_10-7-2017/arty_linux/arty_linux.runs/synth_1/.Xil/Vivado-3494-ramprasad-ThinkPad-T420/dcp59/arty_linux_p1_axi_ethernetlite_0_0_in_context.xdc, line 6).
Applied set_property DONT_TOUCH = true for arty_linux_p1_i. (constraint file  auto generated constraint, line ).
Applied set_property DONT_TOUCH = true for arty_linux_p1_i/axi_ethernetlite_0. (constraint file  auto generated constraint, line ).
Applied set_property DONT_TOUCH = true for arty_linux_p1_i/axi_gpio_0. (constraint file  auto generated constraint, line ).
Applied set_property DONT_TOUCH = true for arty_linux_p1_i/axi_gpio_1. (constraint file  auto generated constraint, line ).
Applied set_property DONT_TOUCH = true for arty_linux_p1_i/axi_gpio_2. (constraint file  auto generated constraint, line ).
Applied set_property DONT_TOUCH = true for arty_linux_p1_i/axi_quad_spi_0. (constraint file  auto generated constraint, line ).
Applied set_property DONT_TOUCH = true for arty_linux_p1_i/axi_smc. (constraint file  auto generated constraint, line ).
Applied set_property DONT_TOUCH = true for arty_linux_p1_i/axi_timer_0. (constraint file  auto generated constraint, line ).
Applied set_property DONT_TOUCH = true for arty_linux_p1_i/axi_uartlite_0. (constraint file  auto generated constraint, line ).
Applied set_property DONT_TOUCH = true for arty_linux_p1_i/clk_wiz_0. (constraint file  auto generated constraint, line ).
Applied set_property DONT_TOUCH = true for arty_linux_p1_i/mdm_1. (constraint file  auto generated constraint, line ).
Applied set_property DONT_TOUCH = true for arty_linux_p1_i/microblaze_0. (constraint file  auto generated constraint, line ).
Applied set_property DONT_TOUCH = true for arty_linux_p1_i/microblaze_0_axi_intc. (constraint file  auto generated constraint, line ).
Applied set_property DONT_TOUCH = true for arty_linux_p1_i/microblaze_0_axi_periph. (constraint file  auto generated constraint, line ).
Applied set_property DONT_TOUCH = true for arty_linux_p1_i/microblaze_0_axi_periph/xbar. (constraint file  auto generated constraint, line ).
Applied set_property DONT_TOUCH = true for arty_linux_p1_i/microblaze_0_local_memory/dlmb_bram_if_cntlr. (constraint file  auto generated constraint, line ).
Applied set_property DONT_TOUCH = true for arty_linux_p1_i/microblaze_0_local_memory/dlmb_v10. (constraint file  auto generated constraint, line ).
Applied set_property DONT_TOUCH = true for arty_linux_p1_i/microblaze_0_local_memory/ilmb_bram_if_cntlr. (constraint file  auto generated constraint, line ).
Applied set_property DONT_TOUCH = true for arty_linux_p1_i/microblaze_0_local_memory/ilmb_v10. (constraint file  auto generated constraint, line ).
Applied set_property DONT_TOUCH = true for arty_linux_p1_i/microblaze_0_local_memory/lmb_bram. (constraint file  auto generated constraint, line ).
Applied set_property DONT_TOUCH = true for arty_linux_p1_i/microblaze_0_xlconcat. (constraint file  auto generated constraint, line ).
Applied set_property DONT_TOUCH = true for arty_linux_p1_i/mig_7series_0. (constraint file  auto generated constraint, line ).
Applied set_property DONT_TOUCH = true for arty_linux_p1_i/rst_mig_7series_0_83M. (constraint file  auto generated constraint, line ).
---------------------------------------------------------------------------------
Finished applying 'set_property' XDC Constraints : Time (s): cpu = 00:00:15 ; elapsed = 00:00:16 . Memory (MB): peak = 1680.680 ; gain = 445.316 ; free physical = 636 ; free virtual = 10393
---------------------------------------------------------------------------------
---------------------------------------------------------------------------------
Finished RTL Optimization Phase 2 : Time (s): cpu = 00:00:15 ; elapsed = 00:00:16 . Memory (MB): peak = 1680.680 ; gain = 445.316 ; free physical = 636 ; free virtual = 10394
---------------------------------------------------------------------------------

Report RTL Partitions: 
+-+--------------+------------+----------+
| |RTL Partition |Replication |Instances |
+-+--------------+------------+----------+
+-+--------------+------------+----------+
---------------------------------------------------------------------------------
Start RTL Component Statistics 
---------------------------------------------------------------------------------
Detailed RTL Component Info : 
---------------------------------------------------------------------------------
Finished RTL Component Statistics 
---------------------------------------------------------------------------------
---------------------------------------------------------------------------------
Start RTL Hierarchical Component Statistics 
---------------------------------------------------------------------------------
Hierarchical RTL Component report 
---------------------------------------------------------------------------------
Finished RTL Hierarchical Component Statistics
---------------------------------------------------------------------------------
---------------------------------------------------------------------------------
Start Part Resource Summary
---------------------------------------------------------------------------------
Part Resources:
DSPs: 90 (col length:60)
BRAMs: 100 (col length: RAMB18 60 RAMB36 30)
---------------------------------------------------------------------------------
Finished Part Resource Summary
---------------------------------------------------------------------------------
---------------------------------------------------------------------------------
Start Cross Boundary and Area Optimization
---------------------------------------------------------------------------------
WARNING: [Synth 8-3331] design arty_linux_p1_microblaze_0_axi_periph_0 has unconnected port M00_ACLK
WARNING: [Synth 8-3331] design arty_linux_p1_microblaze_0_axi_periph_0 has unconnected port M00_ARESETN
WARNING: [Synth 8-3331] design arty_linux_p1_microblaze_0_axi_periph_0 has unconnected port M01_ACLK
WARNING: [Synth 8-3331] design arty_linux_p1_microblaze_0_axi_periph_0 has unconnected port M01_ARESETN
WARNING: [Synth 8-3331] design arty_linux_p1_microblaze_0_axi_periph_0 has unconnected port M02_ACLK
WARNING: [Synth 8-3331] design arty_linux_p1_microblaze_0_axi_periph_0 has unconnected port M02_ARESETN
WARNING: [Synth 8-3331] design arty_linux_p1_microblaze_0_axi_periph_0 has unconnected port M03_ACLK
WARNING: [Synth 8-3331] design arty_linux_p1_microblaze_0_axi_periph_0 has unconnected port M03_ARESETN
WARNING: [Synth 8-3331] design arty_linux_p1_microblaze_0_axi_periph_0 has unconnected port M04_ACLK
WARNING: [Synth 8-3331] design arty_linux_p1_microblaze_0_axi_periph_0 has unconnected port M04_ARESETN
WARNING: [Synth 8-3331] design arty_linux_p1_microblaze_0_axi_periph_0 has unconnected port M05_ACLK
WARNING: [Synth 8-3331] design arty_linux_p1_microblaze_0_axi_periph_0 has unconnected port M05_ARESETN
WARNING: [Synth 8-3331] design arty_linux_p1_microblaze_0_axi_periph_0 has unconnected port M06_ACLK
WARNING: [Synth 8-3331] design arty_linux_p1_microblaze_0_axi_periph_0 has unconnected port M06_ARESETN
WARNING: [Synth 8-3331] design arty_linux_p1_microblaze_0_axi_periph_0 has unconnected port M07_ACLK
WARNING: [Synth 8-3331] design arty_linux_p1_microblaze_0_axi_periph_0 has unconnected port M07_ARESETN
WARNING: [Synth 8-3331] design arty_linux_p1_microblaze_0_axi_periph_0 has unconnected port S00_ACLK
WARNING: [Synth 8-3331] design arty_linux_p1_microblaze_0_axi_periph_0 has unconnected port S00_ARESETN
---------------------------------------------------------------------------------
Finished Cross Boundary and Area Optimization : Time (s): cpu = 00:00:16 ; elapsed = 00:00:16 . Memory (MB): peak = 1680.680 ; gain = 445.316 ; free physical = 626 ; free virtual = 10384
---------------------------------------------------------------------------------

Report RTL Partitions: 
+-+--------------+------------+----------+
| |RTL Partition |Replication |Instances |
+-+--------------+------------+----------+
+-+--------------+------------+----------+
---------------------------------------------------------------------------------
Start Applying XDC Timing Constraints
---------------------------------------------------------------------------------
INFO: [Synth 8-5578] Moved timing constraint from pin 'arty_linux_p1_i/clk_wiz_0/clk_out1' to pin 'arty_linux_p1_i/clk_wiz_0/bbstub_clk_out1/O'
INFO: [Synth 8-5578] Moved timing constraint from pin 'arty_linux_p1_i/clk_wiz_0/clk_out2' to pin 'arty_linux_p1_i/clk_wiz_0/bbstub_clk_out2/O'
INFO: [Synth 8-5578] Moved timing constraint from pin 'arty_linux_p1_i/clk_wiz_0/clk_out3' to pin 'arty_linux_p1_i/clk_wiz_0/bbstub_clk_out3/O'
INFO: [Synth 8-5578] Moved timing constraint from pin 'arty_linux_p1_i/mig_7series_0/ui_clk' to pin 'arty_linux_p1_i/mig_7series_0/bbstub_ui_clk/O'
INFO: [Synth 8-5578] Moved timing constraint from pin 'arty_linux_p1_i/mdm_1/Dbg_Clk_0' to pin 'arty_linux_p1_i/mdm_1/bbstub_Dbg_Clk_0/O'
INFO: [Synth 8-5578] Moved timing constraint from pin 'arty_linux_p1_i/mdm_1/Dbg_Update_0' to pin 'arty_linux_p1_i/mdm_1/bbstub_Dbg_Update_0/O'
INFO: [Synth 8-5578] Moved timing constraint from pin 'arty_linux_p1_i/microblaze_0_local_memory/dlmb_bram_if_cntlr/BRAM_Clk_A' to pin 'arty_linux_p1_i/microblaze_0_local_memory/dlmb_bram_if_cntlr/bbstub_BRAM_Clk_A/O'
INFO: [Synth 8-5578] Moved timing constraint from pin 'arty_linux_p1_i/microblaze_0_local_memory/ilmb_bram_if_cntlr/BRAM_Clk_A' to pin 'arty_linux_p1_i/microblaze_0_local_memory/ilmb_bram_if_cntlr/bbstub_BRAM_Clk_A/O'
INFO: [Synth 8-5819] Moved 8 constraints on hierarchical pins to their respective driving/loading pins
---------------------------------------------------------------------------------
Finished Applying XDC Timing Constraints : Time (s): cpu = 00:00:23 ; elapsed = 00:00:24 . Memory (MB): peak = 1680.680 ; gain = 445.316 ; free physical = 475 ; free virtual = 10263
---------------------------------------------------------------------------------
---------------------------------------------------------------------------------
Start Timing Optimization
---------------------------------------------------------------------------------
---------------------------------------------------------------------------------
Finished Timing Optimization : Time (s): cpu = 00:00:23 ; elapsed = 00:00:24 . Memory (MB): peak = 1680.680 ; gain = 445.316 ; free physical = 474 ; free virtual = 10263
---------------------------------------------------------------------------------

Report RTL Partitions: 
+-+--------------+------------+----------+
| |RTL Partition |Replication |Instances |
+-+--------------+------------+----------+
+-+--------------+------------+----------+
---------------------------------------------------------------------------------
Start Technology Mapping
---------------------------------------------------------------------------------
---------------------------------------------------------------------------------
Finished Technology Mapping : Time (s): cpu = 00:00:23 ; elapsed = 00:00:24 . Memory (MB): peak = 1680.680 ; gain = 445.316 ; free physical = 473 ; free virtual = 10262
---------------------------------------------------------------------------------

Report RTL Partitions: 
+-+--------------+------------+----------+
| |RTL Partition |Replication |Instances |
+-+--------------+------------+----------+
+-+--------------+------------+----------+
---------------------------------------------------------------------------------
Start IO Insertion
---------------------------------------------------------------------------------
---------------------------------------------------------------------------------
Start Flattening Before IO Insertion
---------------------------------------------------------------------------------
---------------------------------------------------------------------------------
Finished Flattening Before IO Insertion
---------------------------------------------------------------------------------
---------------------------------------------------------------------------------
Start Final Netlist Cleanup
---------------------------------------------------------------------------------
---------------------------------------------------------------------------------
Finished Final Netlist Cleanup
---------------------------------------------------------------------------------
---------------------------------------------------------------------------------
Finished IO Insertion : Time (s): cpu = 00:00:24 ; elapsed = 00:00:25 . Memory (MB): peak = 1680.680 ; gain = 445.316 ; free physical = 466 ; free virtual = 10257
---------------------------------------------------------------------------------

Report Check Netlist: 
+------+------------------+-------+---------+-------+------------------+
|      |Item              |Errors |Warnings |Status |Description       |
+------+------------------+-------+---------+-------+------------------+
|1     |multi_driven_nets |      0|        0|Passed |Multi driven nets |
+------+------------------+-------+---------+-------+------------------+
---------------------------------------------------------------------------------
Start Renaming Generated Instances
---------------------------------------------------------------------------------
---------------------------------------------------------------------------------
Finished Renaming Generated Instances : Time (s): cpu = 00:00:24 ; elapsed = 00:00:25 . Memory (MB): peak = 1680.680 ; gain = 445.316 ; free physical = 465 ; free virtual = 10256
---------------------------------------------------------------------------------

Report RTL Partitions: 
+-+--------------+------------+----------+
| |RTL Partition |Replication |Instances |
+-+--------------+------------+----------+
+-+--------------+------------+----------+
---------------------------------------------------------------------------------
Start Rebuilding User Hierarchy
---------------------------------------------------------------------------------
---------------------------------------------------------------------------------
Finished Rebuilding User Hierarchy : Time (s): cpu = 00:00:24 ; elapsed = 00:00:25 . Memory (MB): peak = 1680.680 ; gain = 445.316 ; free physical = 463 ; free virtual = 10253
---------------------------------------------------------------------------------
---------------------------------------------------------------------------------
Start Renaming Generated Ports
---------------------------------------------------------------------------------
---------------------------------------------------------------------------------
Finished Renaming Generated Ports : Time (s): cpu = 00:00:24 ; elapsed = 00:00:25 . Memory (MB): peak = 1680.680 ; gain = 445.316 ; free physical = 462 ; free virtual = 10253
---------------------------------------------------------------------------------
---------------------------------------------------------------------------------
Start Handling Custom Attributes
---------------------------------------------------------------------------------
---------------------------------------------------------------------------------
Finished Handling Custom Attributes : Time (s): cpu = 00:00:24 ; elapsed = 00:00:25 . Memory (MB): peak = 1680.680 ; gain = 445.316 ; free physical = 462 ; free virtual = 10252
---------------------------------------------------------------------------------
---------------------------------------------------------------------------------
Start Renaming Generated Nets
---------------------------------------------------------------------------------
---------------------------------------------------------------------------------
Finished Renaming Generated Nets : Time (s): cpu = 00:00:24 ; elapsed = 00:00:25 . Memory (MB): peak = 1680.680 ; gain = 445.316 ; free physical = 461 ; free virtual = 10251
---------------------------------------------------------------------------------
---------------------------------------------------------------------------------
Start Writing Synthesis Report
---------------------------------------------------------------------------------

Report BlackBoxes: 
+------+--------------------------------------+----------+
|      |BlackBox name                         |Instances |
+------+--------------------------------------+----------+
|1     |arty_linux_p1_xbar_0                  |         1|
|2     |arty_linux_p1_axi_ethernetlite_0_0    |         1|
|3     |arty_linux_p1_axi_gpio_0_0            |         1|
|4     |arty_linux_p1_axi_gpio_1_0            |         1|
|5     |arty_linux_p1_axi_gpio_2_0            |         1|
|6     |arty_linux_p1_axi_quad_spi_0_0        |         1|
|7     |arty_linux_p1_axi_smc_0               |         1|
|8     |arty_linux_p1_axi_timer_0_0           |         1|
|9     |arty_linux_p1_axi_uartlite_0_0        |         1|
|10    |arty_linux_p1_clk_wiz_0_0             |         1|
|11    |arty_linux_p1_mdm_1_0                 |         1|
|12    |arty_linux_p1_microblaze_0_0          |         1|
|13    |arty_linux_p1_microblaze_0_axi_intc_0 |         1|
|14    |arty_linux_p1_microblaze_0_xlconcat_0 |         1|
|15    |arty_linux_p1_mig_7series_0_0         |         1|
|16    |arty_linux_p1_rst_mig_7series_0_83M_0 |         1|
|17    |arty_linux_p1_dlmb_bram_if_cntlr_0    |         1|
|18    |arty_linux_p1_dlmb_v10_0              |         1|
|19    |arty_linux_p1_ilmb_bram_if_cntlr_0    |         1|
|20    |arty_linux_p1_ilmb_v10_0              |         1|
|21    |arty_linux_p1_lmb_bram_0              |         1|
+------+--------------------------------------+----------+

Report Cell Usage: 
+------+--------------------------------------+------+
|      |Cell                                  |Count |
+------+--------------------------------------+------+
|1     |arty_linux_p1_axi_ethernetlite_0_0    |     1|
|2     |arty_linux_p1_axi_gpio_0_0            |     1|
|3     |arty_linux_p1_axi_gpio_1_0            |     1|
|4     |arty_linux_p1_axi_gpio_2_0            |     1|
|5     |arty_linux_p1_axi_quad_spi_0_0        |     1|
|6     |arty_linux_p1_axi_smc_0               |     1|
|7     |arty_linux_p1_axi_timer_0_0           |     1|
|8     |arty_linux_p1_axi_uartlite_0_0        |     1|
|9     |arty_linux_p1_clk_wiz_0_0             |     1|
|10    |arty_linux_p1_dlmb_bram_if_cntlr_0    |     1|
|11    |arty_linux_p1_dlmb_v10_0              |     1|
|12    |arty_linux_p1_ilmb_bram_if_cntlr_0    |     1|
|13    |arty_linux_p1_ilmb_v10_0              |     1|
|14    |arty_linux_p1_lmb_bram_0              |     1|
|15    |arty_linux_p1_mdm_1_0                 |     1|
|16    |arty_linux_p1_microblaze_0_0          |     1|
|17    |arty_linux_p1_microblaze_0_axi_intc_0 |     1|
|18    |arty_linux_p1_microblaze_0_xlconcat_0 |     1|
|19    |arty_linux_p1_mig_7series_0_0         |     1|
|20    |arty_linux_p1_rst_mig_7series_0_83M_0 |     1|
|21    |arty_linux_p1_xbar_0                  |     1|
|22    |IBUF                                  |    18|
|23    |IOBUF                                 |    59|
|24    |OBUF                                  |     9|
+------+--------------------------------------+------+

Report Instance Areas: 
+------+------------------------------+----------------------------------------+------+
|      |Instance                      |Module                                  |Cells |
+------+------------------------------+----------------------------------------+------+
|1     |top                           |                                        |  3096|
|2     |  arty_linux_p1_i             |arty_linux_p1                           |  3010|
|3     |    microblaze_0_axi_periph   |arty_linux_p1_microblaze_0_axi_periph_0 |   929|
|4     |    microblaze_0_local_memory |microblaze_0_local_memory_imp_8Z3Q24    |   494|
+------+------------------------------+----------------------------------------+------+
---------------------------------------------------------------------------------
Finished Writing Synthesis Report : Time (s): cpu = 00:00:24 ; elapsed = 00:00:25 . Memory (MB): peak = 1680.680 ; gain = 445.316 ; free physical = 460 ; free virtual = 10251
---------------------------------------------------------------------------------
Synthesis finished with 0 errors, 0 critical warnings and 18 warnings.
Synthesis Optimization Runtime : Time (s): cpu = 00:00:18 ; elapsed = 00:00:18 . Memory (MB): peak = 1680.680 ; gain = 112.504 ; free physical = 507 ; free virtual = 10297
Synthesis Optimization Complete : Time (s): cpu = 00:00:24 ; elapsed = 00:00:25 . Memory (MB): peak = 1680.684 ; gain = 445.316 ; free physical = 508 ; free virtual = 10299
INFO: [Project 1-571] Translating synthesized netlist
INFO: [Netlist 29-17] Analyzing 77 Unisim elements for replacement
INFO: [Netlist 29-28] Unisim Transformation completed in 0 CPU seconds
INFO: [Project 1-570] Preparing netlist for logic optimization
INFO: [Opt 31-138] Pushed 0 inverter(s) to 0 load pin(s).
INFO: [Project 1-111] Unisim Transformation Summary:
  A total of 59 instances were transformed.
  IOBUF => IOBUF (IBUF, OBUFT): 59 instances

95 Infos, 65 Warnings, 0 Critical Warnings and 0 Errors encountered.
synth_design completed successfully
synth_design: Time (s): cpu = 00:00:26 ; elapsed = 00:00:27 . Memory (MB): peak = 1680.684 ; gain = 468.902 ; free physical = 445 ; free virtual = 10231
INFO: [Common 17-1381] The checkpoint '/home/ramprasad/arty_projects_10-7-2017/arty_linux/arty_linux.runs/synth_1/arty_linux_p1_wrapper.dcp' has been generated.
report_utilization: Time (s): cpu = 00:00:00.09 ; elapsed = 00:00:00.12 . Memory (MB): peak = 1680.684 ; gain = 0.000 ; free physical = 490 ; free virtual = 10276
INFO: [Common 17-206] Exiting Vivado at Sat Jul 15 12:32:32 2017...
