
*** Running vivado
    with args -log arty_linux_p1_microblaze_0_xlconcat_0.vds -m64 -product Vivado -mode batch -messageDb vivado.pb -notrace -source arty_linux_p1_microblaze_0_xlconcat_0.tcl


****** Vivado v2017.2 (64-bit)
  **** SW Build 1909853 on Thu Jun 15 18:39:10 MDT 2017
  **** IP Build 1909766 on Thu Jun 15 19:58:00 MDT 2017
    ** Copyright 1986-2017 Xilinx, Inc. All Rights Reserved.

source arty_linux_p1_microblaze_0_xlconcat_0.tcl -notrace
Starting RTL Elaboration : Time (s): cpu = 00:00:07 ; elapsed = 00:00:08 . Memory (MB): peak = 1211.617 ; gain = 71.996 ; free physical = 140 ; free virtual = 10380
INFO: [Synth 8-638] synthesizing module 'arty_linux_p1_microblaze_0_xlconcat_0' [/home/ramprasad/arty_projects_10-7-2017/arty_linux/arty_linux.srcs/sources_1/bd/arty_linux_p1/ip/arty_linux_p1_microblaze_0_xlconcat_0/synth/arty_linux_p1_microblaze_0_xlconcat_0.v:58]
INFO: [Synth 8-638] synthesizing module 'xlconcat_v2_1_1_xlconcat' [/home/ramprasad/arty_projects_10-7-2017/arty_linux/arty_linux.srcs/sources_1/bd/arty_linux_p1/ipshared/73b7/hdl/xlconcat_v2_1_vl_rfs.v:14]
INFO: [Synth 8-256] done synthesizing module 'xlconcat_v2_1_1_xlconcat' (1#1) [/home/ramprasad/arty_projects_10-7-2017/arty_linux/arty_linux.srcs/sources_1/bd/arty_linux_p1/ipshared/73b7/hdl/xlconcat_v2_1_vl_rfs.v:14]
INFO: [Synth 8-256] done synthesizing module 'arty_linux_p1_microblaze_0_xlconcat_0' (2#1) [/home/ramprasad/arty_projects_10-7-2017/arty_linux/arty_linux.srcs/sources_1/bd/arty_linux_p1/ip/arty_linux_p1_microblaze_0_xlconcat_0/synth/arty_linux_p1_microblaze_0_xlconcat_0.v:58]
Finished RTL Elaboration : Time (s): cpu = 00:00:08 ; elapsed = 00:00:10 . Memory (MB): peak = 1252.125 ; gain = 112.504 ; free physical = 186 ; free virtual = 10327
Finished RTL Optimization Phase 1 : Time (s): cpu = 00:00:09 ; elapsed = 00:00:10 . Memory (MB): peak = 1252.125 ; gain = 112.504 ; free physical = 185 ; free virtual = 10326
INFO: [Device 21-403] Loading part xc7a35ticsg324-1L
Constraint Validation Runtime : Time (s): cpu = 00:00:00.02 ; elapsed = 00:00:00.09 . Memory (MB): peak = 1492.336 ; gain = 0.000 ; free physical = 197 ; free virtual = 9623
Finished Constraint Validation : Time (s): cpu = 00:00:23 ; elapsed = 00:00:28 . Memory (MB): peak = 1492.336 ; gain = 352.715 ; free physical = 335 ; free virtual = 9763
Finished Loading Part and Timing Information : Time (s): cpu = 00:00:23 ; elapsed = 00:00:28 . Memory (MB): peak = 1492.336 ; gain = 352.715 ; free physical = 333 ; free virtual = 9761
Finished applying 'set_property' XDC Constraints : Time (s): cpu = 00:00:23 ; elapsed = 00:00:28 . Memory (MB): peak = 1492.336 ; gain = 352.715 ; free physical = 333 ; free virtual = 9761
Finished RTL Optimization Phase 2 : Time (s): cpu = 00:00:23 ; elapsed = 00:00:29 . Memory (MB): peak = 1492.336 ; gain = 352.715 ; free physical = 333 ; free virtual = 9761
Finished Cross Boundary and Area Optimization : Time (s): cpu = 00:00:24 ; elapsed = 00:00:29 . Memory (MB): peak = 1492.336 ; gain = 352.715 ; free physical = 322 ; free virtual = 9751
Finished Applying XDC Timing Constraints : Time (s): cpu = 00:00:39 ; elapsed = 00:00:45 . Memory (MB): peak = 1536.336 ; gain = 396.715 ; free physical = 171 ; free virtual = 9493
Finished Timing Optimization : Time (s): cpu = 00:00:39 ; elapsed = 00:00:45 . Memory (MB): peak = 1536.336 ; gain = 396.715 ; free physical = 170 ; free virtual = 9492
Finished Technology Mapping : Time (s): cpu = 00:00:39 ; elapsed = 00:00:45 . Memory (MB): peak = 1546.355 ; gain = 406.734 ; free physical = 169 ; free virtual = 9491
Finished IO Insertion : Time (s): cpu = 00:00:40 ; elapsed = 00:00:46 . Memory (MB): peak = 1546.355 ; gain = 406.734 ; free physical = 158 ; free virtual = 9480
Finished Renaming Generated Instances : Time (s): cpu = 00:00:40 ; elapsed = 00:00:46 . Memory (MB): peak = 1546.355 ; gain = 406.734 ; free physical = 158 ; free virtual = 9480
Finished Rebuilding User Hierarchy : Time (s): cpu = 00:00:40 ; elapsed = 00:00:46 . Memory (MB): peak = 1546.355 ; gain = 406.734 ; free physical = 158 ; free virtual = 9480
Finished Renaming Generated Ports : Time (s): cpu = 00:00:40 ; elapsed = 00:00:46 . Memory (MB): peak = 1546.355 ; gain = 406.734 ; free physical = 158 ; free virtual = 9480
Finished Handling Custom Attributes : Time (s): cpu = 00:00:40 ; elapsed = 00:00:46 . Memory (MB): peak = 1546.355 ; gain = 406.734 ; free physical = 158 ; free virtual = 9480
Finished Renaming Generated Nets : Time (s): cpu = 00:00:40 ; elapsed = 00:00:46 . Memory (MB): peak = 1546.355 ; gain = 406.734 ; free physical = 158 ; free virtual = 9480

Report Cell Usage: 
+-+-----+------+
| |Cell |Count |
+-+-----+------+
+-+-----+------+
Finished Writing Synthesis Report : Time (s): cpu = 00:00:40 ; elapsed = 00:00:46 . Memory (MB): peak = 1546.355 ; gain = 406.734 ; free physical = 158 ; free virtual = 9480
synth_design: Time (s): cpu = 00:00:41 ; elapsed = 00:00:48 . Memory (MB): peak = 1550.359 ; gain = 423.320 ; free physical = 148 ; free virtual = 9430
