
*** Running vivado
    with args -log arty_linux_p1_clk_wiz_0_0.vds -m64 -product Vivado -mode batch -messageDb vivado.pb -notrace -source arty_linux_p1_clk_wiz_0_0.tcl


****** Vivado v2017.2 (64-bit)
  **** SW Build 1909853 on Thu Jun 15 18:39:10 MDT 2017
  **** IP Build 1909766 on Thu Jun 15 19:58:00 MDT 2017
    ** Copyright 1986-2017 Xilinx, Inc. All Rights Reserved.

source arty_linux_p1_clk_wiz_0_0.tcl -notrace
Starting RTL Elaboration : Time (s): cpu = 00:00:09 ; elapsed = 00:00:10 . Memory (MB): peak = 1211.621 ; gain = 71.996 ; free physical = 129 ; free virtual = 11436
INFO: [Synth 8-638] synthesizing module 'arty_linux_p1_clk_wiz_0_0' [/home/ramprasad/arty_projects_10-7-2017/arty_linux/arty_linux.srcs/sources_1/bd/arty_linux_p1/ip/arty_linux_p1_clk_wiz_0_0/arty_linux_p1_clk_wiz_0_0.v:72]
INFO: [Synth 8-638] synthesizing module 'arty_linux_p1_clk_wiz_0_0_clk_wiz' [/home/ramprasad/arty_projects_10-7-2017/arty_linux/arty_linux.srcs/sources_1/bd/arty_linux_p1/ip/arty_linux_p1_clk_wiz_0_0/arty_linux_p1_clk_wiz_0_0_clk_wiz.v:70]
INFO: [Synth 8-638] synthesizing module 'IBUF' [/opt/Xilinx/Vivado/2017.2/scripts/rt/data/unisim_comp.v:14470]
INFO: [Synth 8-256] done synthesizing module 'IBUF' (1#1) [/opt/Xilinx/Vivado/2017.2/scripts/rt/data/unisim_comp.v:14470]
INFO: [Synth 8-638] synthesizing module 'MMCME2_ADV' [/opt/Xilinx/Vivado/2017.2/scripts/rt/data/unisim_comp.v:20759]
INFO: [Synth 8-256] done synthesizing module 'MMCME2_ADV' (2#1) [/opt/Xilinx/Vivado/2017.2/scripts/rt/data/unisim_comp.v:20759]
INFO: [Synth 8-638] synthesizing module 'BUFG' [/opt/Xilinx/Vivado/2017.2/scripts/rt/data/unisim_comp.v:607]
INFO: [Synth 8-256] done synthesizing module 'BUFG' (3#1) [/opt/Xilinx/Vivado/2017.2/scripts/rt/data/unisim_comp.v:607]
INFO: [Synth 8-256] done synthesizing module 'arty_linux_p1_clk_wiz_0_0_clk_wiz' (4#1) [/home/ramprasad/arty_projects_10-7-2017/arty_linux/arty_linux.srcs/sources_1/bd/arty_linux_p1/ip/arty_linux_p1_clk_wiz_0_0/arty_linux_p1_clk_wiz_0_0_clk_wiz.v:70]
INFO: [Synth 8-256] done synthesizing module 'arty_linux_p1_clk_wiz_0_0' (5#1) [/home/ramprasad/arty_projects_10-7-2017/arty_linux/arty_linux.srcs/sources_1/bd/arty_linux_p1/ip/arty_linux_p1_clk_wiz_0_0/arty_linux_p1_clk_wiz_0_0.v:72]
Finished RTL Elaboration : Time (s): cpu = 00:00:11 ; elapsed = 00:00:12 . Memory (MB): peak = 1253.129 ; gain = 113.504 ; free physical = 237 ; free virtual = 11342
Finished RTL Optimization Phase 1 : Time (s): cpu = 00:00:11 ; elapsed = 00:00:12 . Memory (MB): peak = 1253.129 ; gain = 113.504 ; free physical = 280 ; free virtual = 11384
INFO: [Device 21-403] Loading part xc7a35ticsg324-1L
Constraint Validation Runtime : Time (s): cpu = 00:00:00.03 ; elapsed = 00:00:00.03 . Memory (MB): peak = 1508.348 ; gain = 0.004 ; free physical = 161 ; free virtual = 10638
Finished Constraint Validation : Time (s): cpu = 00:00:28 ; elapsed = 00:00:32 . Memory (MB): peak = 1508.348 ; gain = 368.723 ; free physical = 360 ; free virtual = 10838
Finished Loading Part and Timing Information : Time (s): cpu = 00:00:28 ; elapsed = 00:00:32 . Memory (MB): peak = 1508.348 ; gain = 368.723 ; free physical = 360 ; free virtual = 10838
Finished applying 'set_property' XDC Constraints : Time (s): cpu = 00:00:28 ; elapsed = 00:00:32 . Memory (MB): peak = 1508.348 ; gain = 368.723 ; free physical = 353 ; free virtual = 10831
Finished RTL Optimization Phase 2 : Time (s): cpu = 00:00:28 ; elapsed = 00:00:32 . Memory (MB): peak = 1508.348 ; gain = 368.723 ; free physical = 356 ; free virtual = 10834
Finished Cross Boundary and Area Optimization : Time (s): cpu = 00:00:29 ; elapsed = 00:00:32 . Memory (MB): peak = 1516.352 ; gain = 376.727 ; free physical = 334 ; free virtual = 10814
Finished Applying XDC Timing Constraints : Time (s): cpu = 00:00:44 ; elapsed = 00:00:50 . Memory (MB): peak = 1555.355 ; gain = 415.730 ; free physical = 158 ; free virtual = 10371
Finished Timing Optimization : Time (s): cpu = 00:00:44 ; elapsed = 00:00:50 . Memory (MB): peak = 1555.355 ; gain = 415.730 ; free physical = 158 ; free virtual = 10370
Finished Technology Mapping : Time (s): cpu = 00:00:44 ; elapsed = 00:00:50 . Memory (MB): peak = 1564.367 ; gain = 424.742 ; free physical = 157 ; free virtual = 10368
Finished IO Insertion : Time (s): cpu = 00:00:46 ; elapsed = 00:00:51 . Memory (MB): peak = 1564.367 ; gain = 424.742 ; free physical = 209 ; free virtual = 10413
Finished Renaming Generated Instances : Time (s): cpu = 00:00:46 ; elapsed = 00:00:51 . Memory (MB): peak = 1564.367 ; gain = 424.742 ; free physical = 209 ; free virtual = 10413
Finished Rebuilding User Hierarchy : Time (s): cpu = 00:00:46 ; elapsed = 00:00:52 . Memory (MB): peak = 1564.367 ; gain = 424.742 ; free physical = 201 ; free virtual = 10406
Finished Renaming Generated Ports : Time (s): cpu = 00:00:46 ; elapsed = 00:00:52 . Memory (MB): peak = 1564.367 ; gain = 424.742 ; free physical = 195 ; free virtual = 10400
Finished Handling Custom Attributes : Time (s): cpu = 00:00:46 ; elapsed = 00:00:52 . Memory (MB): peak = 1564.367 ; gain = 424.742 ; free physical = 201 ; free virtual = 10406
Finished Renaming Generated Nets : Time (s): cpu = 00:00:46 ; elapsed = 00:00:52 . Memory (MB): peak = 1564.367 ; gain = 424.742 ; free physical = 201 ; free virtual = 10405

Report Cell Usage: 
+------+-----------+------+
|      |Cell       |Count |
+------+-----------+------+
|1     |BUFG       |     4|
|2     |LUT1       |     1|
|3     |MMCME2_ADV |     1|
|4     |IBUF       |     1|
+------+-----------+------+
Finished Writing Synthesis Report : Time (s): cpu = 00:00:46 ; elapsed = 00:00:52 . Memory (MB): peak = 1564.367 ; gain = 424.742 ; free physical = 201 ; free virtual = 10405
synth_design: Time (s): cpu = 00:00:47 ; elapsed = 00:00:53 . Memory (MB): peak = 1570.367 ; gain = 443.324 ; free physical = 190 ; free virtual = 10396
