
*** Running vivado
    with args -log arty_linux_p1_mdm_1_0.vds -m64 -product Vivado -mode batch -messageDb vivado.pb -notrace -source arty_linux_p1_mdm_1_0.tcl


****** Vivado v2017.2 (64-bit)
  **** SW Build 1909853 on Thu Jun 15 18:39:10 MDT 2017
  **** IP Build 1909766 on Thu Jun 15 19:58:00 MDT 2017
    ** Copyright 1986-2017 Xilinx, Inc. All Rights Reserved.

source arty_linux_p1_mdm_1_0.tcl -notrace
Starting RTL Elaboration : Time (s): cpu = 00:00:08 ; elapsed = 00:00:09 . Memory (MB): peak = 1221.637 ; gain = 68.996 ; free physical = 135 ; free virtual = 11419
INFO: [Synth 8-638] synthesizing module 'arty_linux_p1_mdm_1_0' [/home/ramprasad/arty_projects_10-7-2017/arty_linux/arty_linux.srcs/sources_1/bd/arty_linux_p1/ip/arty_linux_p1_mdm_1_0/synth/arty_linux_p1_mdm_1_0.vhd:74]
INFO: [Synth 8-638] synthesizing module 'MDM' [/home/ramprasad/arty_projects_10-7-2017/arty_linux/arty_linux.srcs/sources_1/bd/arty_linux_p1/ipshared/5967/hdl/mdm_v3_2_vh_rfs.vhd:13762]
INFO: [Synth 8-638] synthesizing module 'MB_BSCANE2' [/home/ramprasad/arty_projects_10-7-2017/arty_linux/arty_linux.srcs/sources_1/bd/arty_linux_p1/ipshared/5967/hdl/mdm_v3_2_vh_rfs.vhd:277]
INFO: [Synth 8-256] done synthesizing module 'MB_BSCANE2' (1#1) [/home/ramprasad/arty_projects_10-7-2017/arty_linux/arty_linux.srcs/sources_1/bd/arty_linux_p1/ipshared/5967/hdl/mdm_v3_2_vh_rfs.vhd:277]
INFO: [Synth 8-638] synthesizing module 'MB_BUFG' [/home/ramprasad/arty_projects_10-7-2017/arty_linux/arty_linux.srcs/sources_1/bd/arty_linux_p1/ipshared/5967/hdl/mdm_v3_2_vh_rfs.vhd:328]
INFO: [Synth 8-256] done synthesizing module 'MB_BUFG' (2#1) [/home/ramprasad/arty_projects_10-7-2017/arty_linux/arty_linux.srcs/sources_1/bd/arty_linux_p1/ipshared/5967/hdl/mdm_v3_2_vh_rfs.vhd:328]
INFO: [Synth 8-638] synthesizing module 'MDM_Core' [/home/ramprasad/arty_projects_10-7-2017/arty_linux/arty_linux.srcs/sources_1/bd/arty_linux_p1/ipshared/5967/hdl/mdm_v3_2_vh_rfs.vhd:6642]
INFO: [Synth 8-638] synthesizing module 'JTAG_CONTROL' [/home/ramprasad/arty_projects_10-7-2017/arty_linux/arty_linux.srcs/sources_1/bd/arty_linux_p1/ipshared/5967/hdl/mdm_v3_2_vh_rfs.vhd:3115]
INFO: [Synth 8-638] synthesizing module 'MB_FDC_1' [/home/ramprasad/arty_projects_10-7-2017/arty_linux/arty_linux.srcs/sources_1/bd/arty_linux_p1/ipshared/5967/hdl/mdm_v3_2_vh_rfs.vhd:630]
INFO: [Synth 8-256] done synthesizing module 'MB_FDC_1' (3#1) [/home/ramprasad/arty_projects_10-7-2017/arty_linux/arty_linux.srcs/sources_1/bd/arty_linux_p1/ipshared/5967/hdl/mdm_v3_2_vh_rfs.vhd:630]
INFO: [Synth 8-638] synthesizing module 'MB_FDRE_1' [/home/ramprasad/arty_projects_10-7-2017/arty_linux/arty_linux.srcs/sources_1/bd/arty_linux_p1/ipshared/5967/hdl/mdm_v3_2_vh_rfs.vhd:690]
INFO: [Synth 8-256] done synthesizing module 'MB_FDRE_1' (4#1) [/home/ramprasad/arty_projects_10-7-2017/arty_linux/arty_linux.srcs/sources_1/bd/arty_linux_p1/ipshared/5967/hdl/mdm_v3_2_vh_rfs.vhd:690]
INFO: [Synth 8-638] synthesizing module 'MB_SRL16E' [/home/ramprasad/arty_projects_10-7-2017/arty_linux/arty_linux.srcs/sources_1/bd/arty_linux_p1/ipshared/5967/hdl/mdm_v3_2_vh_rfs.vhd:759]
INFO: [Synth 8-256] done synthesizing module 'MB_SRL16E' (5#1) [/home/ramprasad/arty_projects_10-7-2017/arty_linux/arty_linux.srcs/sources_1/bd/arty_linux_p1/ipshared/5967/hdl/mdm_v3_2_vh_rfs.vhd:759]
INFO: [Synth 8-638] synthesizing module 'MB_SRL16E__parameterized1' [/home/ramprasad/arty_projects_10-7-2017/arty_linux/arty_linux.srcs/sources_1/bd/arty_linux_p1/ipshared/5967/hdl/mdm_v3_2_vh_rfs.vhd:759]
INFO: [Synth 8-256] done synthesizing module 'MB_SRL16E__parameterized1' (5#1) [/home/ramprasad/arty_projects_10-7-2017/arty_linux/arty_linux.srcs/sources_1/bd/arty_linux_p1/ipshared/5967/hdl/mdm_v3_2_vh_rfs.vhd:759]
INFO: [Synth 8-638] synthesizing module 'MB_SRL16E__parameterized3' [/home/ramprasad/arty_projects_10-7-2017/arty_linux/arty_linux.srcs/sources_1/bd/arty_linux_p1/ipshared/5967/hdl/mdm_v3_2_vh_rfs.vhd:759]
INFO: [Synth 8-256] done synthesizing module 'MB_SRL16E__parameterized3' (5#1) [/home/ramprasad/arty_projects_10-7-2017/arty_linux/arty_linux.srcs/sources_1/bd/arty_linux_p1/ipshared/5967/hdl/mdm_v3_2_vh_rfs.vhd:759]
INFO: [Synth 8-638] synthesizing module 'MB_SRL16E__parameterized5' [/home/ramprasad/arty_projects_10-7-2017/arty_linux/arty_linux.srcs/sources_1/bd/arty_linux_p1/ipshared/5967/hdl/mdm_v3_2_vh_rfs.vhd:759]
INFO: [Synth 8-256] done synthesizing module 'MB_SRL16E__parameterized5' (5#1) [/home/ramprasad/arty_projects_10-7-2017/arty_linux/arty_linux.srcs/sources_1/bd/arty_linux_p1/ipshared/5967/hdl/mdm_v3_2_vh_rfs.vhd:759]
INFO: [Synth 8-256] done synthesizing module 'JTAG_CONTROL' (6#1) [/home/ramprasad/arty_projects_10-7-2017/arty_linux/arty_linux.srcs/sources_1/bd/arty_linux_p1/ipshared/5967/hdl/mdm_v3_2_vh_rfs.vhd:3115]
INFO: [Synth 8-256] done synthesizing module 'MDM_Core' (7#1) [/home/ramprasad/arty_projects_10-7-2017/arty_linux/arty_linux.srcs/sources_1/bd/arty_linux_p1/ipshared/5967/hdl/mdm_v3_2_vh_rfs.vhd:6642]
INFO: [Synth 8-256] done synthesizing module 'MDM' (8#1) [/home/ramprasad/arty_projects_10-7-2017/arty_linux/arty_linux.srcs/sources_1/bd/arty_linux_p1/ipshared/5967/hdl/mdm_v3_2_vh_rfs.vhd:13762]
INFO: [Synth 8-256] done synthesizing module 'arty_linux_p1_mdm_1_0' (9#1) [/home/ramprasad/arty_projects_10-7-2017/arty_linux/arty_linux.srcs/sources_1/bd/arty_linux_p1/ip/arty_linux_p1_mdm_1_0/synth/arty_linux_p1_mdm_1_0.vhd:74]
Finished RTL Elaboration : Time (s): cpu = 00:00:12 ; elapsed = 00:00:13 . Memory (MB): peak = 1272.145 ; gain = 119.504 ; free physical = 128 ; free virtual = 11220
Finished RTL Optimization Phase 1 : Time (s): cpu = 00:00:13 ; elapsed = 00:00:13 . Memory (MB): peak = 1272.145 ; gain = 119.504 ; free physical = 132 ; free virtual = 11192
INFO: [Device 21-403] Loading part xc7a35ticsg324-1L
Constraint Validation Runtime : Time (s): cpu = 00:00:00.05 ; elapsed = 00:00:00.05 . Memory (MB): peak = 1606.352 ; gain = 1.000 ; free physical = 257 ; free virtual = 10734
Finished Constraint Validation : Time (s): cpu = 00:00:30 ; elapsed = 00:00:32 . Memory (MB): peak = 1606.355 ; gain = 453.715 ; free physical = 310 ; free virtual = 10797
Finished Loading Part and Timing Information : Time (s): cpu = 00:00:30 ; elapsed = 00:00:32 . Memory (MB): peak = 1606.355 ; gain = 453.715 ; free physical = 310 ; free virtual = 10797
Finished applying 'set_property' XDC Constraints : Time (s): cpu = 00:00:30 ; elapsed = 00:00:32 . Memory (MB): peak = 1606.355 ; gain = 453.715 ; free physical = 311 ; free virtual = 10798
Finished RTL Optimization Phase 2 : Time (s): cpu = 00:00:31 ; elapsed = 00:00:33 . Memory (MB): peak = 1606.355 ; gain = 453.715 ; free physical = 297 ; free virtual = 10784
Finished Cross Boundary and Area Optimization : Time (s): cpu = 00:00:33 ; elapsed = 00:00:35 . Memory (MB): peak = 1606.359 ; gain = 453.719 ; free physical = 258 ; free virtual = 10745
Finished Applying XDC Timing Constraints : Time (s): cpu = 00:00:49 ; elapsed = 00:00:52 . Memory (MB): peak = 1606.359 ; gain = 453.719 ; free physical = 173 ; free virtual = 10378
Finished Timing Optimization : Time (s): cpu = 00:00:49 ; elapsed = 00:00:52 . Memory (MB): peak = 1606.359 ; gain = 453.719 ; free physical = 144 ; free virtual = 10351
Finished Technology Mapping : Time (s): cpu = 00:00:50 ; elapsed = 00:00:53 . Memory (MB): peak = 1606.359 ; gain = 453.719 ; free physical = 152 ; free virtual = 10360
Finished IO Insertion : Time (s): cpu = 00:00:50 ; elapsed = 00:00:54 . Memory (MB): peak = 1606.359 ; gain = 453.719 ; free physical = 150 ; free virtual = 10359
Finished Renaming Generated Instances : Time (s): cpu = 00:00:50 ; elapsed = 00:00:54 . Memory (MB): peak = 1606.359 ; gain = 453.719 ; free physical = 153 ; free virtual = 10362
Finished Rebuilding User Hierarchy : Time (s): cpu = 00:00:50 ; elapsed = 00:00:54 . Memory (MB): peak = 1606.359 ; gain = 453.719 ; free physical = 154 ; free virtual = 10364
Finished Renaming Generated Ports : Time (s): cpu = 00:00:50 ; elapsed = 00:00:54 . Memory (MB): peak = 1606.359 ; gain = 453.719 ; free physical = 151 ; free virtual = 10361
Finished Handling Custom Attributes : Time (s): cpu = 00:00:50 ; elapsed = 00:00:54 . Memory (MB): peak = 1606.359 ; gain = 453.719 ; free physical = 149 ; free virtual = 10359
Finished Renaming Generated Nets : Time (s): cpu = 00:00:50 ; elapsed = 00:00:54 . Memory (MB): peak = 1606.359 ; gain = 453.719 ; free physical = 149 ; free virtual = 10358

Report Cell Usage: 
+------+--------+------+
|      |Cell    |Count |
+------+--------+------+
|1     |BSCANE2 |     1|
|2     |BUFG    |     1|
|3     |LUT1    |     2|
|4     |LUT2    |    14|
|5     |LUT3    |    28|
|6     |LUT4    |    14|
|7     |LUT5    |    17|
|8     |LUT6    |    34|
|9     |SRL16E  |     7|
|10    |FDCE    |   100|
|11    |FDC_1   |     1|
|12    |FDPE    |     7|
|13    |FDRE    |     3|
|14    |FDRE_1  |     1|
+------+--------+------+
Finished Writing Synthesis Report : Time (s): cpu = 00:00:50 ; elapsed = 00:00:54 . Memory (MB): peak = 1606.359 ; gain = 453.719 ; free physical = 149 ; free virtual = 10358
synth_design: Time (s): cpu = 00:00:52 ; elapsed = 00:00:55 . Memory (MB): peak = 1606.359 ; gain = 466.301 ; free physical = 1799 ; free virtual = 12008
