11:43:15 INFO  : Registering command handlers for SDK TCF services
11:43:22 INFO  : Launching XSCT server: xsct -n -interactive /home/ramprasad/arty_projects_10-7-2017/arty_linux/arty_linux.sdk/temp_xsdb_launch_script.tcl
11:43:25 INFO  : XSCT server has started successfully.
11:43:35 INFO  : Successfully done setting XSCT server connection channel  
11:43:35 INFO  : Successfully done setting SDK workspace  
11:43:35 INFO  : Processing command line option -hwspec /home/ramprasad/arty_projects_10-7-2017/arty_linux/arty_linux.sdk/arty_linux_p1_wrapper.hdf.
11:56:01 INFO  : Connected to target on host '127.0.0.1' and port '3121'.
11:56:01 INFO  : 'targets -set -filter {jtag_cable_name =~ "Digilent Arty 210319A27878A" && level==0} -index 0' command is executed.
11:56:03 INFO  : FPGA configured successfully with bitstream "/home/ramprasad/arty_projects_10-7-2017/arty_linux/arty_linux.sdk/arty_linux_p1_wrapper_hw_platform_0/download.bit"
12:00:21 INFO  : Connected to target on host '127.0.0.1' and port '3121'.
12:00:21 INFO  : 'targets -set -filter {jtag_cable_name =~ "Digilent Arty 210319A27878A" && level==0} -index 0' command is executed.
12:00:23 INFO  : FPGA configured successfully with bitstream "/home/ramprasad/arty_projects_10-7-2017/arty_linux/arty_linux.sdk/arty_linux_p1_wrapper_hw_platform_0/download.bit"
12:01:21 INFO  : 'targets -set -filter {jtag_cable_name =~ "Digilent Arty 210319A27878A" && level==0} -index 0' command is executed.
12:01:21 INFO  : 'fpga -state' command is executed.
12:01:21 INFO  : Connected to target on host '127.0.0.1' and port '3121'.
12:01:21 INFO  : Jtag cable 'Digilent Arty 210319A27878A' is selected.
12:01:21 INFO  : 'jtag frequency' command is executed.
12:01:21 INFO  : Context for processor 'microblaze_0' is selected.
12:01:21 INFO  : Processor reset is completed for 'microblaze_0'.
12:01:21 INFO  : Context for processor 'microblaze_0' is selected.
12:01:22 INFO  : The application '/home/ramprasad/arty_projects_10-7-2017/arty_linux/arty_linux.sdk/hello_world_10_7_17/Debug/hello_world_10_7_17.elf' is downloaded to processor 'microblaze_0'.
12:01:22 INFO  : ----------------XSDB Script----------------
connect -url tcp:127.0.0.1:3121
targets -set -nocase -filter {name =~ "microblaze*#0" && bscan=="USER2"  && jtag_cable_name =~ "Digilent Arty 210319A27878A"} -index 0
rst -processor
targets -set -nocase -filter {name =~ "microblaze*#0" && bscan=="USER2"  && jtag_cable_name =~ "Digilent Arty 210319A27878A"} -index 0
dow /home/ramprasad/arty_projects_10-7-2017/arty_linux/arty_linux.sdk/hello_world_10_7_17/Debug/hello_world_10_7_17.elf
----------------End of Script----------------

12:01:22 INFO  : Memory regions updated for context MicroBlaze #0
12:01:22 INFO  : Memory regions updated for context MicroBlaze Debug Module at USER2
12:01:22 INFO  : Context for processor 'microblaze_0' is selected.
12:01:22 INFO  : 'con' command is executed.
12:01:22 INFO  : ----------------XSDB Script (After Launch)----------------
targets -set -nocase -filter {name =~ "microblaze*#0" && bscan=="USER2"  && jtag_cable_name =~ "Digilent Arty 210319A27878A"} -index 0
con
----------------End of Script----------------

12:01:22 INFO  : Launch script is exported to file '/home/ramprasad/arty_projects_10-7-2017/arty_linux/arty_linux.sdk/.sdk/launch_scripts/xilinx_c-c++_application_(system_debugger)/system_debugger_using_debug_hello_world_10_7_17.elf_on_local.tcl'
12:01:36 INFO  : Disconnected from the channel tcfchan#1.
12:01:37 INFO  : 'targets -set -filter {jtag_cable_name =~ "Digilent Arty 210319A27878A" && level==0} -index 0' command is executed.
12:01:37 INFO  : 'fpga -state' command is executed.
12:01:37 INFO  : Connected to target on host '127.0.0.1' and port '3121'.
12:01:38 INFO  : Jtag cable 'Digilent Arty 210319A27878A' is selected.
12:01:38 INFO  : 'jtag frequency' command is executed.
12:01:38 INFO  : Context for processor 'microblaze_0' is selected.
12:01:38 INFO  : Processor reset is completed for 'microblaze_0'.
12:01:38 INFO  : Context for processor 'microblaze_0' is selected.
12:01:38 INFO  : The application '/home/ramprasad/arty_projects_10-7-2017/arty_linux/arty_linux.sdk/hello_world_10_7_17/Debug/hello_world_10_7_17.elf' is downloaded to processor 'microblaze_0'.
12:01:38 INFO  : ----------------XSDB Script----------------
connect -url tcp:127.0.0.1:3121
targets -set -nocase -filter {name =~ "microblaze*#0" && bscan=="USER2"  && jtag_cable_name =~ "Digilent Arty 210319A27878A"} -index 0
rst -processor
targets -set -nocase -filter {name =~ "microblaze*#0" && bscan=="USER2"  && jtag_cable_name =~ "Digilent Arty 210319A27878A"} -index 0
dow /home/ramprasad/arty_projects_10-7-2017/arty_linux/arty_linux.sdk/hello_world_10_7_17/Debug/hello_world_10_7_17.elf
----------------End of Script----------------

12:01:38 INFO  : Memory regions updated for context MicroBlaze #0
12:01:38 INFO  : Memory regions updated for context MicroBlaze Debug Module at USER2
12:01:38 INFO  : Context for processor 'microblaze_0' is selected.
12:01:38 INFO  : 'con' command is executed.
12:01:38 INFO  : ----------------XSDB Script (After Launch)----------------
targets -set -nocase -filter {name =~ "microblaze*#0" && bscan=="USER2"  && jtag_cable_name =~ "Digilent Arty 210319A27878A"} -index 0
con
----------------End of Script----------------

12:01:38 INFO  : Launch script is exported to file '/home/ramprasad/arty_projects_10-7-2017/arty_linux/arty_linux.sdk/.sdk/launch_scripts/xilinx_c-c++_application_(system_debugger)/system_debugger_using_debug_hello_world_10_7_17.elf_on_local.tcl'
12:02:16 INFO  : Disconnected from the channel tcfchan#2.
12:02:17 INFO  : 'targets -set -filter {jtag_cable_name =~ "Digilent Arty 210319A27878A" && level==0} -index 0' command is executed.
12:02:17 INFO  : 'fpga -state' command is executed.
12:02:17 INFO  : Connected to target on host '127.0.0.1' and port '3121'.
12:02:17 INFO  : Jtag cable 'Digilent Arty 210319A27878A' is selected.
12:02:17 INFO  : 'jtag frequency' command is executed.
12:02:17 INFO  : Context for processor 'microblaze_0' is selected.
12:02:18 INFO  : Processor reset is completed for 'microblaze_0'.
12:02:18 INFO  : Context for processor 'microblaze_0' is selected.
12:02:18 INFO  : The application '/home/ramprasad/arty_projects_10-7-2017/arty_linux/arty_linux.sdk/hello_world_10_7_17/Debug/hello_world_10_7_17.elf' is downloaded to processor 'microblaze_0'.
12:02:18 INFO  : ----------------XSDB Script----------------
connect -url tcp:127.0.0.1:3121
targets -set -nocase -filter {name =~ "microblaze*#0" && bscan=="USER2"  && jtag_cable_name =~ "Digilent Arty 210319A27878A"} -index 0
rst -processor
targets -set -nocase -filter {name =~ "microblaze*#0" && bscan=="USER2"  && jtag_cable_name =~ "Digilent Arty 210319A27878A"} -index 0
dow /home/ramprasad/arty_projects_10-7-2017/arty_linux/arty_linux.sdk/hello_world_10_7_17/Debug/hello_world_10_7_17.elf
----------------End of Script----------------

12:02:18 INFO  : Memory regions updated for context MicroBlaze #0
12:02:18 INFO  : Memory regions updated for context MicroBlaze Debug Module at USER2
12:02:18 INFO  : Context for processor 'microblaze_0' is selected.
12:02:18 INFO  : 'con' command is executed.
12:02:18 INFO  : ----------------XSDB Script (After Launch)----------------
targets -set -nocase -filter {name =~ "microblaze*#0" && bscan=="USER2"  && jtag_cable_name =~ "Digilent Arty 210319A27878A"} -index 0
con
----------------End of Script----------------

12:02:18 INFO  : Launch script is exported to file '/home/ramprasad/arty_projects_10-7-2017/arty_linux/arty_linux.sdk/.sdk/launch_scripts/xilinx_c-c++_application_(system_debugger)/system_debugger_using_debug_hello_world_10_7_17.elf_on_local.tcl'
12:02:41 INFO  : Connected to target on host '127.0.0.1' and port '3121'.
12:02:42 INFO  : 'targets -set -filter {jtag_cable_name =~ "Digilent Arty 210319A27878A" && level==0} -index 0' command is executed.
12:02:43 INFO  : FPGA configured successfully with bitstream "/home/ramprasad/arty_projects_10-7-2017/arty_linux/arty_linux.sdk/arty_linux_p1_wrapper_hw_platform_0/download.bit"
12:02:52 INFO  : Disconnected from the channel tcfchan#3.
12:02:53 INFO  : 'targets -set -filter {jtag_cable_name =~ "Digilent Arty 210319A27878A" && level==0} -index 0' command is executed.
12:02:53 INFO  : 'fpga -state' command is executed.
12:02:53 INFO  : Connected to target on host '127.0.0.1' and port '3121'.
12:02:53 INFO  : Jtag cable 'Digilent Arty 210319A27878A' is selected.
12:02:53 INFO  : 'jtag frequency' command is executed.
12:02:53 INFO  : Context for processor 'microblaze_0' is selected.
12:02:53 INFO  : Processor reset is completed for 'microblaze_0'.
12:02:53 INFO  : Context for processor 'microblaze_0' is selected.
12:02:53 INFO  : The application '/home/ramprasad/arty_projects_10-7-2017/arty_linux/arty_linux.sdk/hello_world_10_7_17/Debug/hello_world_10_7_17.elf' is downloaded to processor 'microblaze_0'.
12:02:53 INFO  : ----------------XSDB Script----------------
connect -url tcp:127.0.0.1:3121
targets -set -nocase -filter {name =~ "microblaze*#0" && bscan=="USER2"  && jtag_cable_name =~ "Digilent Arty 210319A27878A"} -index 0
rst -processor
targets -set -nocase -filter {name =~ "microblaze*#0" && bscan=="USER2"  && jtag_cable_name =~ "Digilent Arty 210319A27878A"} -index 0
dow /home/ramprasad/arty_projects_10-7-2017/arty_linux/arty_linux.sdk/hello_world_10_7_17/Debug/hello_world_10_7_17.elf
----------------End of Script----------------

12:02:53 INFO  : Memory regions updated for context MicroBlaze #0
12:02:53 INFO  : Memory regions updated for context MicroBlaze Debug Module at USER2
12:02:54 INFO  : Context for processor 'microblaze_0' is selected.
12:02:54 INFO  : 'con' command is executed.
12:02:54 INFO  : ----------------XSDB Script (After Launch)----------------
targets -set -nocase -filter {name =~ "microblaze*#0" && bscan=="USER2"  && jtag_cable_name =~ "Digilent Arty 210319A27878A"} -index 0
con
----------------End of Script----------------

12:02:54 INFO  : Launch script is exported to file '/home/ramprasad/arty_projects_10-7-2017/arty_linux/arty_linux.sdk/.sdk/launch_scripts/xilinx_c-c++_application_(system_debugger)/system_debugger_using_debug_hello_world_10_7_17.elf_on_local.tcl'
12:03:47 INFO  : Disconnected from the channel tcfchan#4.
12:03:49 INFO  : 'targets -set -filter {jtag_cable_name =~ "Digilent Arty 210319A27878A" && level==0} -index 0' command is executed.
12:03:49 INFO  : 'fpga -state' command is executed.
12:03:49 INFO  : Connected to target on host '127.0.0.1' and port '3121'.
12:03:49 INFO  : Jtag cable 'Digilent Arty 210319A27878A' is selected.
12:03:49 INFO  : 'jtag frequency' command is executed.
12:03:49 INFO  : Context for processor 'microblaze_0' is selected.
12:03:49 INFO  : Processor reset is completed for 'microblaze_0'.
12:03:49 INFO  : Context for processor 'microblaze_0' is selected.
12:03:49 INFO  : The application '/home/ramprasad/arty_projects_10-7-2017/arty_linux/arty_linux.sdk/hello_world_10_7_17/Debug/hello_world_10_7_17.elf' is downloaded to processor 'microblaze_0'.
12:03:49 INFO  : ----------------XSDB Script----------------
connect -url tcp:127.0.0.1:3121
targets -set -nocase -filter {name =~ "microblaze*#0" && bscan=="USER2"  && jtag_cable_name =~ "Digilent Arty 210319A27878A"} -index 0
rst -processor
targets -set -nocase -filter {name =~ "microblaze*#0" && bscan=="USER2"  && jtag_cable_name =~ "Digilent Arty 210319A27878A"} -index 0
dow /home/ramprasad/arty_projects_10-7-2017/arty_linux/arty_linux.sdk/hello_world_10_7_17/Debug/hello_world_10_7_17.elf
----------------End of Script----------------

12:03:49 INFO  : Memory regions updated for context MicroBlaze #0
12:03:49 INFO  : Memory regions updated for context MicroBlaze Debug Module at USER2
12:03:49 INFO  : Context for processor 'microblaze_0' is selected.
12:03:49 INFO  : 'con' command is executed.
12:03:49 INFO  : ----------------XSDB Script (After Launch)----------------
targets -set -nocase -filter {name =~ "microblaze*#0" && bscan=="USER2"  && jtag_cable_name =~ "Digilent Arty 210319A27878A"} -index 0
con
----------------End of Script----------------

12:03:49 INFO  : Launch script is exported to file '/home/ramprasad/arty_projects_10-7-2017/arty_linux/arty_linux.sdk/.sdk/launch_scripts/xilinx_c-c++_application_(system_debugger)/system_debugger_using_debug_hello_world_10_7_17.elf_on_local.tcl'
12:03:55 INFO  : Disconnected from the channel tcfchan#5.
12:03:56 INFO  : 'targets -set -filter {jtag_cable_name =~ "Digilent Arty 210319A27878A" && level==0} -index 0' command is executed.
12:03:56 INFO  : 'fpga -state' command is executed.
12:03:56 INFO  : Connected to target on host '127.0.0.1' and port '3121'.
12:03:56 INFO  : Jtag cable 'Digilent Arty 210319A27878A' is selected.
12:03:56 INFO  : 'jtag frequency' command is executed.
12:03:56 INFO  : Context for processor 'microblaze_0' is selected.
12:03:56 INFO  : Processor reset is completed for 'microblaze_0'.
12:03:57 INFO  : Context for processor 'microblaze_0' is selected.
12:03:57 INFO  : The application '/home/ramprasad/arty_projects_10-7-2017/arty_linux/arty_linux.sdk/hello_world_10_7_17/Debug/hello_world_10_7_17.elf' is downloaded to processor 'microblaze_0'.
12:03:57 INFO  : ----------------XSDB Script----------------
connect -url tcp:127.0.0.1:3121
targets -set -nocase -filter {name =~ "microblaze*#0" && bscan=="USER2"  && jtag_cable_name =~ "Digilent Arty 210319A27878A"} -index 0
rst -processor
targets -set -nocase -filter {name =~ "microblaze*#0" && bscan=="USER2"  && jtag_cable_name =~ "Digilent Arty 210319A27878A"} -index 0
dow /home/ramprasad/arty_projects_10-7-2017/arty_linux/arty_linux.sdk/hello_world_10_7_17/Debug/hello_world_10_7_17.elf
----------------End of Script----------------

12:03:57 INFO  : Memory regions updated for context MicroBlaze #0
12:03:57 INFO  : Memory regions updated for context MicroBlaze Debug Module at USER2
12:03:57 INFO  : Context for processor 'microblaze_0' is selected.
12:03:57 INFO  : 'con' command is executed.
12:03:57 INFO  : ----------------XSDB Script (After Launch)----------------
targets -set -nocase -filter {name =~ "microblaze*#0" && bscan=="USER2"  && jtag_cable_name =~ "Digilent Arty 210319A27878A"} -index 0
con
----------------End of Script----------------

12:03:57 INFO  : Launch script is exported to file '/home/ramprasad/arty_projects_10-7-2017/arty_linux/arty_linux.sdk/.sdk/launch_scripts/xilinx_c-c++_application_(system_debugger)/system_debugger_using_debug_hello_world_10_7_17.elf_on_local.tcl'
12:04:04 INFO  : Disconnected from the channel tcfchan#6.
12:04:05 INFO  : 'targets -set -filter {jtag_cable_name =~ "Digilent Arty 210319A27878A" && level==0} -index 0' command is executed.
12:04:05 INFO  : 'fpga -state' command is executed.
12:04:05 INFO  : Connected to target on host '127.0.0.1' and port '3121'.
12:04:05 INFO  : Jtag cable 'Digilent Arty 210319A27878A' is selected.
12:04:05 INFO  : 'jtag frequency' command is executed.
12:04:05 INFO  : Context for processor 'microblaze_0' is selected.
12:04:05 INFO  : Processor reset is completed for 'microblaze_0'.
12:04:05 INFO  : Context for processor 'microblaze_0' is selected.
12:04:06 INFO  : The application '/home/ramprasad/arty_projects_10-7-2017/arty_linux/arty_linux.sdk/hello_world_10_7_17/Debug/hello_world_10_7_17.elf' is downloaded to processor 'microblaze_0'.
12:04:06 INFO  : ----------------XSDB Script----------------
connect -url tcp:127.0.0.1:3121
targets -set -nocase -filter {name =~ "microblaze*#0" && bscan=="USER2"  && jtag_cable_name =~ "Digilent Arty 210319A27878A"} -index 0
rst -processor
targets -set -nocase -filter {name =~ "microblaze*#0" && bscan=="USER2"  && jtag_cable_name =~ "Digilent Arty 210319A27878A"} -index 0
dow /home/ramprasad/arty_projects_10-7-2017/arty_linux/arty_linux.sdk/hello_world_10_7_17/Debug/hello_world_10_7_17.elf
----------------End of Script----------------

12:04:06 INFO  : Memory regions updated for context MicroBlaze #0
12:04:06 INFO  : Memory regions updated for context MicroBlaze Debug Module at USER2
12:04:06 INFO  : Context for processor 'microblaze_0' is selected.
12:04:06 INFO  : 'con' command is executed.
12:04:06 INFO  : ----------------XSDB Script (After Launch)----------------
targets -set -nocase -filter {name =~ "microblaze*#0" && bscan=="USER2"  && jtag_cable_name =~ "Digilent Arty 210319A27878A"} -index 0
con
----------------End of Script----------------

12:04:06 INFO  : Launch script is exported to file '/home/ramprasad/arty_projects_10-7-2017/arty_linux/arty_linux.sdk/.sdk/launch_scripts/xilinx_c-c++_application_(system_debugger)/system_debugger_using_debug_hello_world_10_7_17.elf_on_local.tcl'
12:09:32 INFO  : Connected to target on host '127.0.0.1' and port '3121'.
12:09:32 INFO  : 'targets -set -filter {jtag_cable_name =~ "Digilent Arty 210319A27878A" && level==0} -index 0' command is executed.
12:09:33 INFO  : FPGA configured successfully with bitstream "/home/ramprasad/arty_projects_10-7-2017/arty_linux/arty_linux.sdk/arty_linux_p1_wrapper_hw_platform_0/download.bit"
12:09:48 INFO  : Disconnected from the channel tcfchan#7.
12:09:49 INFO  : 'targets -set -filter {jtag_cable_name =~ "Digilent Arty 210319A27878A" && level==0} -index 0' command is executed.
12:09:49 INFO  : 'fpga -state' command is executed.
12:09:49 INFO  : Connected to target on host '127.0.0.1' and port '3121'.
12:09:49 INFO  : Jtag cable 'Digilent Arty 210319A27878A' is selected.
12:09:49 INFO  : 'jtag frequency' command is executed.
12:09:49 INFO  : Context for processor 'microblaze_0' is selected.
12:09:49 INFO  : Processor reset is completed for 'microblaze_0'.
12:09:49 INFO  : Context for processor 'microblaze_0' is selected.
12:09:49 INFO  : The application '/home/ramprasad/arty_projects_10-7-2017/arty_linux/arty_linux.sdk/hello_world_10_7_17/Debug/hello_world_10_7_17.elf' is downloaded to processor 'microblaze_0'.
12:09:49 INFO  : ----------------XSDB Script----------------
connect -url tcp:127.0.0.1:3121
targets -set -nocase -filter {name =~ "microblaze*#0" && bscan=="USER2"  && jtag_cable_name =~ "Digilent Arty 210319A27878A"} -index 0
rst -processor
targets -set -nocase -filter {name =~ "microblaze*#0" && bscan=="USER2"  && jtag_cable_name =~ "Digilent Arty 210319A27878A"} -index 0
dow /home/ramprasad/arty_projects_10-7-2017/arty_linux/arty_linux.sdk/hello_world_10_7_17/Debug/hello_world_10_7_17.elf
----------------End of Script----------------

12:09:49 INFO  : Memory regions updated for context MicroBlaze #0
12:09:49 INFO  : Memory regions updated for context MicroBlaze Debug Module at USER2
12:09:49 INFO  : Context for processor 'microblaze_0' is selected.
12:09:49 INFO  : 'con' command is executed.
12:09:49 INFO  : ----------------XSDB Script (After Launch)----------------
targets -set -nocase -filter {name =~ "microblaze*#0" && bscan=="USER2"  && jtag_cable_name =~ "Digilent Arty 210319A27878A"} -index 0
con
----------------End of Script----------------

12:09:49 INFO  : Launch script is exported to file '/home/ramprasad/arty_projects_10-7-2017/arty_linux/arty_linux.sdk/.sdk/launch_scripts/xilinx_c-c++_application_(system_debugger)/system_debugger_using_debug_hello_world_10_7_17.elf_on_local.tcl'
12:10:45 INFO  : Disconnected from the channel tcfchan#8.
12:10:46 INFO  : 'targets -set -filter {jtag_cable_name =~ "Digilent Arty 210319A27878A" && level==0} -index 0' command is executed.
12:10:46 INFO  : 'fpga -state' command is executed.
12:10:46 INFO  : Connected to target on host '127.0.0.1' and port '3121'.
12:10:46 INFO  : Jtag cable 'Digilent Arty 210319A27878A' is selected.
12:10:46 INFO  : 'jtag frequency' command is executed.
12:10:46 INFO  : Context for processor 'microblaze_0' is selected.
12:10:46 INFO  : Processor reset is completed for 'microblaze_0'.
12:10:46 INFO  : Context for processor 'microblaze_0' is selected.
12:10:47 INFO  : The application '/home/ramprasad/arty_projects_10-7-2017/arty_linux/arty_linux.sdk/hello_world_10_7_17/Debug/hello_world_10_7_17.elf' is downloaded to processor 'microblaze_0'.
12:10:47 INFO  : ----------------XSDB Script----------------
connect -url tcp:127.0.0.1:3121
targets -set -nocase -filter {name =~ "microblaze*#0" && bscan=="USER2"  && jtag_cable_name =~ "Digilent Arty 210319A27878A"} -index 0
rst -processor
targets -set -nocase -filter {name =~ "microblaze*#0" && bscan=="USER2"  && jtag_cable_name =~ "Digilent Arty 210319A27878A"} -index 0
dow /home/ramprasad/arty_projects_10-7-2017/arty_linux/arty_linux.sdk/hello_world_10_7_17/Debug/hello_world_10_7_17.elf
----------------End of Script----------------

12:10:47 INFO  : Memory regions updated for context MicroBlaze #0
12:10:47 INFO  : Memory regions updated for context MicroBlaze Debug Module at USER2
12:10:47 INFO  : Context for processor 'microblaze_0' is selected.
12:10:47 INFO  : 'con' command is executed.
12:10:47 INFO  : ----------------XSDB Script (After Launch)----------------
targets -set -nocase -filter {name =~ "microblaze*#0" && bscan=="USER2"  && jtag_cable_name =~ "Digilent Arty 210319A27878A"} -index 0
con
----------------End of Script----------------

12:10:47 INFO  : Launch script is exported to file '/home/ramprasad/arty_projects_10-7-2017/arty_linux/arty_linux.sdk/.sdk/launch_scripts/xilinx_c-c++_application_(system_debugger)/system_debugger_using_debug_hello_world_10_7_17.elf_on_local.tcl'
12:13:26 INFO  : Disconnected from the channel tcfchan#9.
12:13:27 INFO  : 'targets -set -filter {jtag_cable_name =~ "Digilent Arty 210319A27878A" && level==0} -index 0' command is executed.
12:13:27 INFO  : 'fpga -state' command is executed.
12:13:27 INFO  : Connected to target on host '127.0.0.1' and port '3121'.
12:13:28 INFO  : Jtag cable 'Digilent Arty 210319A27878A' is selected.
12:13:28 INFO  : 'jtag frequency' command is executed.
12:13:28 INFO  : Context for processor 'microblaze_0' is selected.
12:13:28 INFO  : Processor reset is completed for 'microblaze_0'.
12:13:28 INFO  : Context for processor 'microblaze_0' is selected.
12:13:28 INFO  : The application '/home/ramprasad/arty_projects_10-7-2017/arty_linux/arty_linux.sdk/hello_world_10_7_17/Debug/hello_world_10_7_17.elf' is downloaded to processor 'microblaze_0'.
12:13:28 INFO  : ----------------XSDB Script----------------
connect -url tcp:127.0.0.1:3121
targets -set -nocase -filter {name =~ "microblaze*#0" && bscan=="USER2"  && jtag_cable_name =~ "Digilent Arty 210319A27878A"} -index 0
rst -processor
targets -set -nocase -filter {name =~ "microblaze*#0" && bscan=="USER2"  && jtag_cable_name =~ "Digilent Arty 210319A27878A"} -index 0
dow /home/ramprasad/arty_projects_10-7-2017/arty_linux/arty_linux.sdk/hello_world_10_7_17/Debug/hello_world_10_7_17.elf
----------------End of Script----------------

12:13:28 INFO  : Memory regions updated for context MicroBlaze #0
12:13:28 INFO  : Memory regions updated for context MicroBlaze Debug Module at USER2
12:13:28 INFO  : Context for processor 'microblaze_0' is selected.
12:13:28 INFO  : 'con' command is executed.
12:13:28 INFO  : ----------------XSDB Script (After Launch)----------------
targets -set -nocase -filter {name =~ "microblaze*#0" && bscan=="USER2"  && jtag_cable_name =~ "Digilent Arty 210319A27878A"} -index 0
con
----------------End of Script----------------

12:13:28 INFO  : Launch script is exported to file '/home/ramprasad/arty_projects_10-7-2017/arty_linux/arty_linux.sdk/.sdk/launch_scripts/xilinx_c-c++_application_(system_debugger)/system_debugger_using_debug_hello_world_10_7_17.elf_on_local.tcl'
12:13:58 INFO  : Connected to target on host '127.0.0.1' and port '3121'.
12:13:58 INFO  : 'targets -set -filter {jtag_cable_name =~ "Digilent Arty 210319A27878A" && level==0} -index 0' command is executed.
12:13:59 INFO  : FPGA configured successfully with bitstream "/home/ramprasad/arty_projects_10-7-2017/arty_linux/arty_linux.sdk/arty_linux_p1_wrapper_hw_platform_0/download.bit"
12:14:26 INFO  : Disconnected from the channel tcfchan#10.
12:14:27 INFO  : 'targets -set -filter {jtag_cable_name =~ "Digilent Arty 210319A27878A" && level==0} -index 0' command is executed.
12:14:27 INFO  : 'fpga -state' command is executed.
12:14:27 INFO  : Connected to target on host '127.0.0.1' and port '3121'.
12:14:27 INFO  : Jtag cable 'Digilent Arty 210319A27878A' is selected.
12:14:27 INFO  : 'jtag frequency' command is executed.
12:14:27 INFO  : Context for processor 'microblaze_0' is selected.
12:14:27 INFO  : Processor reset is completed for 'microblaze_0'.
12:14:27 INFO  : Context for processor 'microblaze_0' is selected.
12:14:28 INFO  : The application '/home/ramprasad/arty_projects_10-7-2017/arty_linux/arty_linux.sdk/hello_world_10_7_17/Debug/hello_world_10_7_17.elf' is downloaded to processor 'microblaze_0'.
12:14:28 INFO  : ----------------XSDB Script----------------
connect -url tcp:127.0.0.1:3121
targets -set -nocase -filter {name =~ "microblaze*#0" && bscan=="USER2"  && jtag_cable_name =~ "Digilent Arty 210319A27878A"} -index 0
rst -processor
targets -set -nocase -filter {name =~ "microblaze*#0" && bscan=="USER2"  && jtag_cable_name =~ "Digilent Arty 210319A27878A"} -index 0
dow /home/ramprasad/arty_projects_10-7-2017/arty_linux/arty_linux.sdk/hello_world_10_7_17/Debug/hello_world_10_7_17.elf
----------------End of Script----------------

12:14:28 INFO  : Memory regions updated for context MicroBlaze #0
12:14:28 INFO  : Memory regions updated for context MicroBlaze Debug Module at USER2
12:14:28 INFO  : Context for processor 'microblaze_0' is selected.
12:14:28 INFO  : 'con' command is executed.
12:14:28 INFO  : ----------------XSDB Script (After Launch)----------------
targets -set -nocase -filter {name =~ "microblaze*#0" && bscan=="USER2"  && jtag_cable_name =~ "Digilent Arty 210319A27878A"} -index 0
con
----------------End of Script----------------

12:14:28 INFO  : Launch script is exported to file '/home/ramprasad/arty_projects_10-7-2017/arty_linux/arty_linux.sdk/.sdk/launch_scripts/xilinx_c-c++_application_(system_debugger)/system_debugger_using_debug_hello_world_10_7_17.elf_on_local.tcl'
12:14:32 INFO  : Disconnected from the channel tcfchan#11.
12:14:34 INFO  : 'targets -set -filter {jtag_cable_name =~ "Digilent Arty 210319A27878A" && level==0} -index 0' command is executed.
12:14:34 INFO  : 'fpga -state' command is executed.
12:14:34 INFO  : Connected to target on host '127.0.0.1' and port '3121'.
12:14:34 INFO  : Jtag cable 'Digilent Arty 210319A27878A' is selected.
12:14:34 INFO  : 'jtag frequency' command is executed.
12:14:34 INFO  : Context for processor 'microblaze_0' is selected.
12:14:34 INFO  : Processor reset is completed for 'microblaze_0'.
12:14:34 INFO  : Context for processor 'microblaze_0' is selected.
12:14:34 INFO  : The application '/home/ramprasad/arty_projects_10-7-2017/arty_linux/arty_linux.sdk/hello_world_10_7_17/Debug/hello_world_10_7_17.elf' is downloaded to processor 'microblaze_0'.
12:14:34 INFO  : ----------------XSDB Script----------------
connect -url tcp:127.0.0.1:3121
targets -set -nocase -filter {name =~ "microblaze*#0" && bscan=="USER2"  && jtag_cable_name =~ "Digilent Arty 210319A27878A"} -index 0
rst -processor
targets -set -nocase -filter {name =~ "microblaze*#0" && bscan=="USER2"  && jtag_cable_name =~ "Digilent Arty 210319A27878A"} -index 0
dow /home/ramprasad/arty_projects_10-7-2017/arty_linux/arty_linux.sdk/hello_world_10_7_17/Debug/hello_world_10_7_17.elf
----------------End of Script----------------

12:14:34 INFO  : Memory regions updated for context MicroBlaze #0
12:14:34 INFO  : Memory regions updated for context MicroBlaze Debug Module at USER2
12:14:34 INFO  : Context for processor 'microblaze_0' is selected.
12:14:34 INFO  : 'con' command is executed.
12:14:34 INFO  : ----------------XSDB Script (After Launch)----------------
targets -set -nocase -filter {name =~ "microblaze*#0" && bscan=="USER2"  && jtag_cable_name =~ "Digilent Arty 210319A27878A"} -index 0
con
----------------End of Script----------------

12:14:34 INFO  : Launch script is exported to file '/home/ramprasad/arty_projects_10-7-2017/arty_linux/arty_linux.sdk/.sdk/launch_scripts/xilinx_c-c++_application_(system_debugger)/system_debugger_using_debug_hello_world_10_7_17.elf_on_local.tcl'
12:15:01 INFO  : Disconnected from the channel tcfchan#12.
12:15:03 INFO  : 'targets -set -filter {jtag_cable_name =~ "Digilent Arty 210319A27878A" && level==0} -index 0' command is executed.
12:15:03 INFO  : 'fpga -state' command is executed.
12:15:03 INFO  : Connected to target on host '127.0.0.1' and port '3121'.
12:15:03 INFO  : Jtag cable 'Digilent Arty 210319A27878A' is selected.
12:15:03 INFO  : 'jtag frequency' command is executed.
12:15:03 INFO  : Context for processor 'microblaze_0' is selected.
12:15:03 INFO  : Processor reset is completed for 'microblaze_0'.
12:15:03 INFO  : Context for processor 'microblaze_0' is selected.
12:15:03 INFO  : The application '/home/ramprasad/arty_projects_10-7-2017/arty_linux/arty_linux.sdk/hello_world_10_7_17/Debug/hello_world_10_7_17.elf' is downloaded to processor 'microblaze_0'.
12:15:03 INFO  : ----------------XSDB Script----------------
connect -url tcp:127.0.0.1:3121
targets -set -nocase -filter {name =~ "microblaze*#0" && bscan=="USER2"  && jtag_cable_name =~ "Digilent Arty 210319A27878A"} -index 0
rst -processor
targets -set -nocase -filter {name =~ "microblaze*#0" && bscan=="USER2"  && jtag_cable_name =~ "Digilent Arty 210319A27878A"} -index 0
dow /home/ramprasad/arty_projects_10-7-2017/arty_linux/arty_linux.sdk/hello_world_10_7_17/Debug/hello_world_10_7_17.elf
----------------End of Script----------------

12:15:03 INFO  : Memory regions updated for context MicroBlaze #0
12:15:03 INFO  : Memory regions updated for context MicroBlaze Debug Module at USER2
12:15:03 INFO  : Context for processor 'microblaze_0' is selected.
12:15:03 INFO  : 'con' command is executed.
12:15:03 INFO  : ----------------XSDB Script (After Launch)----------------
targets -set -nocase -filter {name =~ "microblaze*#0" && bscan=="USER2"  && jtag_cable_name =~ "Digilent Arty 210319A27878A"} -index 0
con
----------------End of Script----------------

12:15:03 INFO  : Launch script is exported to file '/home/ramprasad/arty_projects_10-7-2017/arty_linux/arty_linux.sdk/.sdk/launch_scripts/xilinx_c-c++_application_(system_debugger)/system_debugger_using_debug_hello_world_10_7_17.elf_on_local.tcl'
12:15:25 INFO  : Disconnected from the channel tcfchan#13.
12:15:26 INFO  : 'targets -set -filter {jtag_cable_name =~ "Digilent Arty 210319A27878A" && level==0} -index 0' command is executed.
12:15:26 INFO  : 'fpga -state' command is executed.
12:15:26 INFO  : Connected to target on host '127.0.0.1' and port '3121'.
12:15:26 INFO  : Jtag cable 'Digilent Arty 210319A27878A' is selected.
12:15:26 INFO  : 'jtag frequency' command is executed.
12:15:26 INFO  : Context for processor 'microblaze_0' is selected.
12:15:26 INFO  : Processor reset is completed for 'microblaze_0'.
12:15:26 INFO  : Context for processor 'microblaze_0' is selected.
12:15:26 INFO  : The application '/home/ramprasad/arty_projects_10-7-2017/arty_linux/arty_linux.sdk/hello_world_10_7_17/Debug/hello_world_10_7_17.elf' is downloaded to processor 'microblaze_0'.
12:15:26 INFO  : ----------------XSDB Script----------------
connect -url tcp:127.0.0.1:3121
targets -set -nocase -filter {name =~ "microblaze*#0" && bscan=="USER2"  && jtag_cable_name =~ "Digilent Arty 210319A27878A"} -index 0
rst -processor
targets -set -nocase -filter {name =~ "microblaze*#0" && bscan=="USER2"  && jtag_cable_name =~ "Digilent Arty 210319A27878A"} -index 0
dow /home/ramprasad/arty_projects_10-7-2017/arty_linux/arty_linux.sdk/hello_world_10_7_17/Debug/hello_world_10_7_17.elf
----------------End of Script----------------

12:15:27 INFO  : Memory regions updated for context MicroBlaze #0
12:15:27 INFO  : Memory regions updated for context MicroBlaze Debug Module at USER2
12:15:27 INFO  : Context for processor 'microblaze_0' is selected.
12:15:27 INFO  : 'con' command is executed.
12:15:27 INFO  : ----------------XSDB Script (After Launch)----------------
targets -set -nocase -filter {name =~ "microblaze*#0" && bscan=="USER2"  && jtag_cable_name =~ "Digilent Arty 210319A27878A"} -index 0
con
----------------End of Script----------------

12:15:27 INFO  : Launch script is exported to file '/home/ramprasad/arty_projects_10-7-2017/arty_linux/arty_linux.sdk/.sdk/launch_scripts/xilinx_c-c++_application_(system_debugger)/system_debugger_using_debug_hello_world_10_7_17.elf_on_local.tcl'
12:15:36 INFO  : Disconnected from the channel tcfchan#14.
12:15:38 INFO  : 'targets -set -filter {jtag_cable_name =~ "Digilent Arty 210319A27878A" && level==0} -index 0' command is executed.
12:15:38 INFO  : 'fpga -state' command is executed.
12:15:38 INFO  : Connected to target on host '127.0.0.1' and port '3121'.
12:15:38 INFO  : Jtag cable 'Digilent Arty 210319A27878A' is selected.
12:15:38 INFO  : 'jtag frequency' command is executed.
12:15:38 INFO  : Context for processor 'microblaze_0' is selected.
12:15:38 INFO  : Processor reset is completed for 'microblaze_0'.
12:15:38 INFO  : Context for processor 'microblaze_0' is selected.
12:15:38 INFO  : The application '/home/ramprasad/arty_projects_10-7-2017/arty_linux/arty_linux.sdk/hello_world_10_7_17/Debug/hello_world_10_7_17.elf' is downloaded to processor 'microblaze_0'.
12:15:38 INFO  : ----------------XSDB Script----------------
connect -url tcp:127.0.0.1:3121
targets -set -nocase -filter {name =~ "microblaze*#0" && bscan=="USER2"  && jtag_cable_name =~ "Digilent Arty 210319A27878A"} -index 0
rst -processor
targets -set -nocase -filter {name =~ "microblaze*#0" && bscan=="USER2"  && jtag_cable_name =~ "Digilent Arty 210319A27878A"} -index 0
dow /home/ramprasad/arty_projects_10-7-2017/arty_linux/arty_linux.sdk/hello_world_10_7_17/Debug/hello_world_10_7_17.elf
----------------End of Script----------------

12:15:38 INFO  : Memory regions updated for context MicroBlaze #0
12:15:38 INFO  : Memory regions updated for context MicroBlaze Debug Module at USER2
12:15:38 INFO  : Context for processor 'microblaze_0' is selected.
12:15:38 INFO  : 'con' command is executed.
12:15:38 INFO  : ----------------XSDB Script (After Launch)----------------
targets -set -nocase -filter {name =~ "microblaze*#0" && bscan=="USER2"  && jtag_cable_name =~ "Digilent Arty 210319A27878A"} -index 0
con
----------------End of Script----------------

12:15:38 INFO  : Launch script is exported to file '/home/ramprasad/arty_projects_10-7-2017/arty_linux/arty_linux.sdk/.sdk/launch_scripts/xilinx_c-c++_application_(system_debugger)/system_debugger_using_debug_hello_world_10_7_17.elf_on_local.tcl'
12:16:15 INFO  : Disconnected from the channel tcfchan#15.
12:16:16 INFO  : 'targets -set -filter {jtag_cable_name =~ "Digilent Arty 210319A27878A" && level==0} -index 0' command is executed.
12:16:16 INFO  : 'fpga -state' command is executed.
12:16:16 INFO  : Connected to target on host '127.0.0.1' and port '3121'.
12:16:16 INFO  : Jtag cable 'Digilent Arty 210319A27878A' is selected.
12:16:16 INFO  : 'jtag frequency' command is executed.
12:16:16 INFO  : Context for processor 'microblaze_0' is selected.
12:16:16 INFO  : Processor reset is completed for 'microblaze_0'.
12:16:16 INFO  : Context for processor 'microblaze_0' is selected.
12:16:16 INFO  : The application '/home/ramprasad/arty_projects_10-7-2017/arty_linux/arty_linux.sdk/hello_world_10_7_17/Debug/hello_world_10_7_17.elf' is downloaded to processor 'microblaze_0'.
12:16:16 INFO  : ----------------XSDB Script----------------
connect -url tcp:127.0.0.1:3121
targets -set -nocase -filter {name =~ "microblaze*#0" && bscan=="USER2"  && jtag_cable_name =~ "Digilent Arty 210319A27878A"} -index 0
rst -processor
targets -set -nocase -filter {name =~ "microblaze*#0" && bscan=="USER2"  && jtag_cable_name =~ "Digilent Arty 210319A27878A"} -index 0
dow /home/ramprasad/arty_projects_10-7-2017/arty_linux/arty_linux.sdk/hello_world_10_7_17/Debug/hello_world_10_7_17.elf
----------------End of Script----------------

12:16:16 INFO  : Memory regions updated for context MicroBlaze #0
12:16:16 INFO  : Memory regions updated for context MicroBlaze Debug Module at USER2
12:16:16 INFO  : Context for processor 'microblaze_0' is selected.
12:16:16 INFO  : 'con' command is executed.
12:16:16 INFO  : ----------------XSDB Script (After Launch)----------------
targets -set -nocase -filter {name =~ "microblaze*#0" && bscan=="USER2"  && jtag_cable_name =~ "Digilent Arty 210319A27878A"} -index 0
con
----------------End of Script----------------

12:16:16 INFO  : Launch script is exported to file '/home/ramprasad/arty_projects_10-7-2017/arty_linux/arty_linux.sdk/.sdk/launch_scripts/xilinx_c-c++_application_(system_debugger)/system_debugger_using_debug_hello_world_10_7_17.elf_on_local.tcl'
12:41:36 INFO  : Saving repository preferences.
12:41:36 INFO  : Reading in cores from local repositories: 
		 /home/ramprasad/petaLinuxBinaries/device_tree/device-tree-xlnx
12:41:36 INFO  : Cleaning BSP projects in the workspace.
16:29:29 INFO  : Connected to target on host '127.0.0.1' and port '3121'.
16:29:29 INFO  : 'targets -set -filter {jtag_cable_name =~ "Digilent Arty 210319A27878A" && level==0} -index 0' command is executed.
16:29:30 INFO  : FPGA configured successfully with bitstream "/home/ramprasad/arty_projects_10-7-2017/arty_linux/arty_linux.sdk/arty_linux_p1_wrapper_hw_platform_0/download.bit"
16:37:15 ERROR : (XSDB Server)unexpected arguments: md mdm

16:37:38 ERROR : (XSDB Server)invalid command name "?"
ambiguous command name "?": after append apply array auto_execok auto_import auto_load auto_load_index auto_qualify backtrace binary bpadd bpdisable bpenable bplist bpremove bpstatus break bt build_project case catch cd chan changebsp clean_project clock close closebsp closehw con concat configapp configbsp configparams connect continue create_app_project create_bsp_project create_hw_project create_project createapp createbsp createhw createlib decode_event_counters delete_projects deleteprojects dict dis disconnect dow elfverify enable_info_messages encoding eof error eval exec exit export_to_ds5 expr fblocked fconfigure fcopy file fileevent flush for foreach format fpga gdbremote get_app_templates get_build_config get_configurable_ip get_design_properties get_param_value get_projects get_slaves get_user_repo_path get_workspace getaddrmap getdrivers getlibs getos getperipherals getprojects gets getws glob global help history hsi hsiutils if import_projects import_sources importprojects importsources incr info init_ps interp interp0 join jtag jtagterminal lappend lassign lindex linsert list llength load loadhw locals lrange lrepeat lreplace lreverse lsearch lset lsort mask_poll mask_write mb_drrd mb_drwr mbprofile mdm_drrd mdm_drwr memmap mrd mwr namespace nxt nxti open openbsp openhw osa package pconfig petalinux-boot petalinux-build petalinux-config petalinux-create petalinux-install-path petalinux-package petalinux-util pid pkg_mkIndex pread print proc process profile projects puts pwd read readjtaguart regenbsp regexp regsub removelib rename repo return rrd rst rwr scan sdk seek set set_build_config set_user_repo_path set_workspace setdriver setlib setosversion setup_hsm_environment setws socket source split state stop stp stpi stpout string subst svf switch targets tcf tclLog tclPkgSetup tclPkgUnknown tell tfile time toolchain trace unknown unload unloadhw unset update updatehw updatemss uplevel upvar variable verify version vwait while xsdb xsdb_abort_clear xsdb_check_idle_timeout xsdb_command_handler xsdb_connect_handler xsdb_disconnect_handler xsdbserver

16:38:34 ERROR : (XSDB Server)unknown or ambiguous subcommand "help": must be claim, device_properties, disclaim, frequency, lock, sequence, servers, targets, or unlock

16:38:37 ERROR : (XSDB Server)unknown or ambiguous subcommand "-help": must be claim, device_properties, disclaim, frequency, lock, sequence, servers, targets, or unlock

16:38:40 ERROR : (XSDB Server)wrong # args: should be "jtag subcommand ?argument ...?"

16:38:44 ERROR : (XSDB Server)unknown or ambiguous subcommand "--help": must be claim, device_properties, disclaim, frequency, lock, sequence, servers, targets, or unlock

18:02:41 ERROR : (XSDB Server)invalid command name "download"

18:03:21 ERROR : (XSDB Server)Code 16 Time 1499690001505 Format {Invalid context}

18:04:06 ERROR : (XSDB Server)ambiguous command name "mdm": mdm_drrd mdm_drwr
18:04:06 ERROR : (XSDB Server)

18:04:29 ERROR : (XSDB Server)wrong # args: should be "info subcommand ?argument ...?"

18:04:34 ERROR : (XSDB Server)invalid command name "registers"

18:06:49 ERROR : (XSDB Server)invalid command name "download"

18:06:53 ERROR : (XSDB Server)unknown command or category "downlaod": must be categories, commands, connections, breakpoints, download, memory, registers, running, reset, streams, sdk, petalinux, hsi, miscellaneous, connect, disconnect, targets, rrd, rwr, state, stop, con, stp, nxt, stpi, nxti, stpout, dis, mrd, mwr, osa, memmap, dow, verify, mask_poll, mask_write, init_ps, rst, fpga, bpadd, bpremove, bpenable, bpdisable, bplist, bpstatus, jtagterminal, readjtaguart, loadhw, unloadhw, mdm_drwr, mb_drwr, mdm_drrd, mb_drrd, print, locals, backtrace, configparams, version, profile, mbprofile, jtag, jtag targets, jtag sequence, jtag device_properties, jtag lock, jtag unlock, jtag claim, jtag disclaim, jtag frequency, jtag skew, jtag servers, tfile, tfile open, tfile close, tfile read, tfile write, tfile stat, tfile lstat, tfile fstat, tfile setstat, tfile fsetstat, tfile remove, tfile rmdir, tfile mkdir, tfile realpath, tfile rename, tfile readlink, tfile symlink, tfile opendir, tfile readdir, tfile copy, tfile user, tfile roots, tfile ls, xsdbserver start, xsdbserver stop, xsdbserver disconnect, xsdbserver version, gdbremote connect, gdbremote disconnect, svf, svf config, svf generate, svf mwr, svf dow, svf stop, svf con, svf delay, openhw, closehw, openbsp, closebsp, updatemss, getaddrmap, getperipherals, repo, configbsp, setlib, removelib, getlibs, setdriver, getdrivers, setosversion, getos, regenbsp, setws, getws, createhw, updatehw, changebsp, createbsp, createapp, createlib, projects, importprojects, importsources, getprojects, deleteprojects, configapp, toolchain, petalinux-install-path, hsi create_dt_node, hsi create_dt_tree, hsi current_dt_tree, hsi get_dt_nodes, hsi get_dt_trees, hsi close_hw_design, hsi current_hw_design, hsi get_cells, hsi get_hw_designs, hsi get_hw_files, hsi get_intf_nets, hsi get_intf_pins, hsi get_intf_ports, hsi get_mem_ranges, hsi get_nets, hsi get_pins, hsi get_ports, hsi open_hw_design, hsi write_ps_configuration, hsi add_library, hsi close_sw_design, hsi create_comp_param, hsi create_node, hsi create_sw_design, hsi current_sw_design, hsi delete_objs, hsi generate_app, hsi generate_bsp, hsi generate_target, hsi get_arrays, hsi get_comp_params, hsi get_drivers, hsi get_fields, hsi get_libs, hsi get_nodes, hsi get_os, hsi get_registers, hsi get_sw_cores, hsi get_sw_designs, hsi get_sw_interfaces, hsi get_sw_processor, hsi open_sw_design, hsi set_repo_path, hsi create_property, hsi get_property, hsi list_property, hsi list_property_value, hsi report_property, hsi reset_property, hsi set_property, hsi get_param, hsi list_param, hsi report_param, hsi reset_param, hsi set_param, hsi get_msg_config, hsi report_environment, hsi reset_msg_config, hsi reset_msg_count, hsi set_msg_config, hsi list_features, hsi load_features, hsi register_proc, hsi unregister_proc

18:07:17 ERROR : (XSDB Server)Code 16 Time 1499690001505 Format {Invalid context}

18:07:29 ERROR : (XSDB Server)wrong # args: should be "dow ?options? file ?address?"

18:08:20 ERROR : (XSDB Server)invalid command name "elp"
18:08:20 ERROR : (XSDB Server)

18:09:09 ERROR : (XSDB Server)couldn't change working directory to "simpleImage.arty_linux": no such file or directory

18:09:39 ERROR : (XSDB Server)Code 16 Time 1499690001505 Format {Invalid context}

18:10:12 ERROR : (XSDB Server)unexpected arguments: 0x80000000

18:10:43 ERROR : (XSDB Server)child process exited abnormally
18:10:43 ERROR : (XSDB Server)

18:12:35 ERROR : (XSDB Server)unknown command or category "device_properties": must be categories, commands, connections, breakpoints, download, memory, registers, running, reset, streams, sdk, petalinux, hsi, miscellaneous, connect, disconnect, targets, rrd, rwr, state, stop, con, stp, nxt, stpi, nxti, stpout, dis, mrd, mwr, osa, memmap, dow, verify, mask_poll, mask_write, init_ps, rst, fpga, bpadd, bpremove, bpenable, bpdisable, bplist, bpstatus, jtagterminal, readjtaguart, loadhw, unloadhw, mdm_drwr, mb_drwr, mdm_drrd, mb_drrd, print, locals, backtrace, configparams, version, profile, mbprofile, jtag, jtag targets, jtag sequence, jtag device_properties, jtag lock, jtag unlock, jtag claim, jtag disclaim, jtag frequency, jtag skew, jtag servers, tfile, tfile open, tfile close, tfile read, tfile write, tfile stat, tfile lstat, tfile fstat, tfile setstat, tfile fsetstat, tfile remove, tfile rmdir, tfile mkdir, tfile realpath, tfile rename, tfile readlink, tfile symlink, tfile opendir, tfile readdir, tfile copy, tfile user, tfile roots, tfile ls, xsdbserver start, xsdbserver stop, xsdbserver disconnect, xsdbserver version, gdbremote connect, gdbremote disconnect, svf, svf config, svf generate, svf mwr, svf dow, svf stop, svf con, svf delay, openhw, closehw, openbsp, closebsp, updatemss, getaddrmap, getperipherals, repo, configbsp, setlib, removelib, getlibs, setdriver, getdrivers, setosversion, getos, regenbsp, setws, getws, createhw, updatehw, changebsp, createbsp, createapp, createlib, projects, importprojects, importsources, getprojects, deleteprojects, configapp, toolchain, petalinux-install-path, hsi create_dt_node, hsi create_dt_tree, hsi current_dt_tree, hsi get_dt_nodes, hsi get_dt_trees, hsi close_hw_design, hsi current_hw_design, hsi get_cells, hsi get_hw_designs, hsi get_hw_files, hsi get_intf_nets, hsi get_intf_pins, hsi get_intf_ports, hsi get_mem_ranges, hsi get_nets, hsi get_pins, hsi get_ports, hsi open_hw_design, hsi write_ps_configuration, hsi add_library, hsi close_sw_design, hsi create_comp_param, hsi create_node, hsi create_sw_design, hsi current_sw_design, hsi delete_objs, hsi generate_app, hsi generate_bsp, hsi generate_target, hsi get_arrays, hsi get_comp_params, hsi get_drivers, hsi get_fields, hsi get_libs, hsi get_nodes, hsi get_os, hsi get_registers, hsi get_sw_cores, hsi get_sw_designs, hsi get_sw_interfaces, hsi get_sw_processor, hsi open_sw_design, hsi set_repo_path, hsi create_property, hsi get_property, hsi list_property, hsi list_property_value, hsi report_property, hsi reset_property, hsi set_property, hsi get_param, hsi list_param, hsi report_param, hsi reset_param, hsi set_param, hsi get_msg_config, hsi report_environment, hsi reset_msg_config, hsi reset_msg_count, hsi set_msg_config, hsi list_features, hsi load_features, hsi register_proc, hsi unregister_proc

18:12:44 ERROR : (XSDB Server)unknown command or category "device_properties": must be categories, commands, connections, breakpoints, download, memory, registers, running, reset, streams, sdk, petalinux, hsi, miscellaneous, connect, disconnect, targets, rrd, rwr, state, stop, con, stp, nxt, stpi, nxti, stpout, dis, mrd, mwr, osa, memmap, dow, verify, mask_poll, mask_write, init_ps, rst, fpga, bpadd, bpremove, bpenable, bpdisable, bplist, bpstatus, jtagterminal, readjtaguart, loadhw, unloadhw, mdm_drwr, mb_drwr, mdm_drrd, mb_drrd, print, locals, backtrace, configparams, version, profile, mbprofile, jtag, jtag targets, jtag sequence, jtag device_properties, jtag lock, jtag unlock, jtag claim, jtag disclaim, jtag frequency, jtag skew, jtag servers, tfile, tfile open, tfile close, tfile read, tfile write, tfile stat, tfile lstat, tfile fstat, tfile setstat, tfile fsetstat, tfile remove, tfile rmdir, tfile mkdir, tfile realpath, tfile rename, tfile readlink, tfile symlink, tfile opendir, tfile readdir, tfile copy, tfile user, tfile roots, tfile ls, xsdbserver start, xsdbserver stop, xsdbserver disconnect, xsdbserver version, gdbremote connect, gdbremote disconnect, svf, svf config, svf generate, svf mwr, svf dow, svf stop, svf con, svf delay, openhw, closehw, openbsp, closebsp, updatemss, getaddrmap, getperipherals, repo, configbsp, setlib, removelib, getlibs, setdriver, getdrivers, setosversion, getos, regenbsp, setws, getws, createhw, updatehw, changebsp, createbsp, createapp, createlib, projects, importprojects, importsources, getprojects, deleteprojects, configapp, toolchain, petalinux-install-path, hsi create_dt_node, hsi create_dt_tree, hsi current_dt_tree, hsi get_dt_nodes, hsi get_dt_trees, hsi close_hw_design, hsi current_hw_design, hsi get_cells, hsi get_hw_designs, hsi get_hw_files, hsi get_intf_nets, hsi get_intf_pins, hsi get_intf_ports, hsi get_mem_ranges, hsi get_nets, hsi get_pins, hsi get_ports, hsi open_hw_design, hsi write_ps_configuration, hsi add_library, hsi close_sw_design, hsi create_comp_param, hsi create_node, hsi create_sw_design, hsi current_sw_design, hsi delete_objs, hsi generate_app, hsi generate_bsp, hsi generate_target, hsi get_arrays, hsi get_comp_params, hsi get_drivers, hsi get_fields, hsi get_libs, hsi get_nodes, hsi get_os, hsi get_registers, hsi get_sw_cores, hsi get_sw_designs, hsi get_sw_interfaces, hsi get_sw_processor, hsi open_sw_design, hsi set_repo_path, hsi create_property, hsi get_property, hsi list_property, hsi list_property_value, hsi report_property, hsi reset_property, hsi set_property, hsi get_param, hsi list_param, hsi report_param, hsi reset_param, hsi set_param, hsi get_msg_config, hsi report_environment, hsi reset_msg_config, hsi reset_msg_count, hsi set_msg_config, hsi list_features, hsi load_features, hsi register_proc, hsi unregister_proc

18:12:52 ERROR : (XSDB Server)wrong # of args: should be "jtag device_properties idcode or dict"

18:12:59 ERROR : (XSDB Server)Channel closed

18:13:14 ERROR : (XSDB Server)channel "tcfchan#16" closed

18:15:44 ERROR : (XSDB Server)option -host require 1 arguments

18:16:03 ERROR : (XSDB Server)bad option '-list': -set -regexp -nocase -filter -index -target-properties -timeout -help
18:16:03 ERROR : (XSDB Server)

18:16:48 ERROR : (XSDB Server)filter syntax error near column 18

18:17:20 ERROR : (XSDB Server)filter syntax error near column 19

18:17:27 ERROR : (XSDB Server)filter syntax error near column 20

18:17:32 ERROR : (XSDB Server)filter syntax error near column 18

18:18:41 ERROR : (XSDB Server)filter syntax error near column 16

18:18:45 ERROR : (XSDB Server)filter syntax error near column 17

18:19:00 ERROR : (XSDB Server)filter syntax error near column 23

18:19:09 ERROR : (XSDB Server)can't read "params(filter)": no such element in array

18:19:22 ERROR : (XSDB Server)Code 16 Time 1499690807972 Format {Invalid context}

18:19:36 ERROR : (XSDB Server)unsupported reset

18:19:58 ERROR : (XSDB Server)unsupported reset

18:20:07 ERROR : (XSDB Server)srst not supported for target

18:20:12 ERROR : (XSDB Server)unsupported reset

18:20:16 ERROR : (XSDB Server)unsupported reset

18:20:55 ERROR : (XSDB Server)Code 16 Time 1499691055459 Format {Invalid context}

18:21:22 ERROR : (XSDB Server)Code 16 Time 1499691055459 Format {Invalid context}

18:22:33 ERROR : (XSDB Server)Code 16 Time 1499691055459 Format {Invalid context}

18:29:14 INFO  : Connected to target on host '127.0.0.1' and port '3121'.
18:29:14 INFO  : 'targets -set -filter {jtag_cable_name =~ "Digilent Arty 210319A27878A" && level==0} -index 0' command is executed.
18:29:16 INFO  : FPGA configured successfully with bitstream "/home/ramprasad/arty_projects_10-7-2017/arty_linux/arty_linux.sdk/arty_linux_p1_wrapper_hw_platform_0/download.bit"
18:36:42 INFO  : Connected to target on host '127.0.0.1' and port '3121'.
18:36:42 INFO  : 'targets -set -filter {jtag_cable_name =~ "Digilent Arty 210319A27878A" && level==0} -index 0' command is executed.
18:36:43 INFO  : FPGA configured successfully with bitstream "/home/ramprasad/arty_projects_10-7-2017/arty_linux/arty_linux.sdk/arty_linux_p1_wrapper_hw_platform_0/download.bit"
13:00:00 INFO  : Launching XSCT server: xsct -n -interactive /home/ramprasad/arty_projects_10-7-2017/arty_linux/arty_linux.sdk/temp_xsdb_launch_script.tcl
13:03:00 ERROR : Timed out. 180 seconds have elapsed while waiting for XSCT server to launch.
10:21:01 INFO  : Launching XSCT server: xsct -n -interactive /home/ramprasad/arty_projects_10-7-2017/arty_linux/arty_linux.sdk/temp_xsdb_launch_script.tcl
10:21:11 INFO  : XSCT server has started successfully.
10:21:12 INFO  : Successfully done setting XSCT server connection channel  
10:21:12 INFO  : Successfully done setting SDK workspace  
10:21:23 INFO  : Registering command handlers for SDK TCF services
10:22:11 INFO  : Restoring local repository preferences: 
		 /home/ramprasad/petaLinuxBinaries/device_tree/device-tree-xlnx
10:22:11 INFO  : Processing command line option -hwspec /home/ramprasad/arty_projects_10-7-2017/arty_linux/arty_linux.sdk/arty_linux_p1_wrapper.hdf.
10:22:12 INFO  : Checking for hwspec changes in the project arty_linux_p1_wrapper_hw_platform_0.
10:22:14 INFO  : BSP Project P/arty_linux_p1_bsp has been successfully migrated.
10:22:54 INFO  : Connected to target on host '127.0.0.1' and port '3121'.
10:22:54 INFO  : 'targets -set -filter {jtag_cable_name =~ "Digilent Arty 210319A27878A" && level==0} -index 0' command is executed.
10:22:56 INFO  : FPGA configured successfully with bitstream "/home/ramprasad/arty_projects_10-7-2017/arty_linux/arty_linux.sdk/arty_linux_p1_wrapper_hw_platform_0/download.bit"
10:47:33 INFO  : Connected to target on host '127.0.0.1' and port '3121'.
10:47:33 INFO  : 'targets -set -filter {jtag_cable_name =~ "Digilent Arty 210319A27878A" && level==0} -index 0' command is executed.
10:47:36 INFO  : FPGA configured successfully with bitstream "/home/ramprasad/arty_projects_10-7-2017/arty_linux/arty_linux.sdk/arty_linux_p1_wrapper_hw_platform_0/download.bit"
12:03:34 INFO  : Connected to target on host '127.0.0.1' and port '3121'.
12:03:34 INFO  : 'targets -set -filter {jtag_cable_name =~ "Digilent Arty 210319A27878A" && level==0} -index 0' command is executed.
12:03:37 INFO  : FPGA configured successfully with bitstream "/home/ramprasad/arty_projects_10-7-2017/arty_linux/arty_linux.sdk/arty_linux_p1_wrapper_hw_platform_0/download.bit"
12:50:19 INFO  : SDK has detected change in the last modified timestamps for source hardware specification file Source:1499930256000,  Project:1499666753000
12:50:19 INFO  : Project arty_linux_p1_wrapper_hw_platform_0's source hardware specification located at /home/ramprasad/arty_projects_10-7-2017/arty_linux/arty_linux.sdk/arty_linux_p1_wrapper.hdf is now different from the local copy.
		 The local copy will be replaced with the source specification and your workspace will be updated.
12:50:48 INFO  : Project arty_linux_p1_wrapper_hw_platform_0's source hardware specification location will not be monitored anymore.
13:00:21 INFO  : Launching XSCT server: xsct -n -interactive /home/ramprasad/arty_projects_10-7-2017/arty_linux/arty_linux.sdk/temp_xsdb_launch_script.tcl
13:03:21 ERROR : Timed out. 180 seconds have elapsed while waiting for XSCT server to launch.
13:13:57 ERROR : (XSDB Server)Terminated

13:21:34 INFO  : Launching XSCT server: xsct -n -interactive /home/ramprasad/arty_projects_10-7-2017/arty_linux/arty_linux.sdk/temp_xsdb_launch_script.tcl
13:24:34 ERROR : Timed out. 180 seconds have elapsed while waiting for XSCT server to launch.
13:28:17 ERROR : (XSDB Server)Hangup

13:35:36 INFO  : Launching XSCT server: xsct -n -interactive /home/ramprasad/arty_projects_10-7-2017/arty_linux/arty_linux.sdk/temp_xsdb_launch_script.tcl
13:35:37 INFO  : XSCT server has started successfully.
13:35:38 INFO  : Successfully done setting XSCT server connection channel  
13:35:38 INFO  : Successfully done setting SDK workspace  
13:35:41 INFO  : Registering command handlers for SDK TCF services
13:35:55 INFO  : Restoring local repository preferences: 
		 /home/ramprasad/petaLinuxBinaries/device_tree/device-tree-xlnx
13:35:55 INFO  : Processing command line option -hwspec /home/ramprasad/arty_projects_10-7-2017/arty_linux/arty_linux.sdk/arty_linux_p1_wrapper.hdf.
13:35:58 INFO  : BSP Project P/arty_linux_p1_bsp has been successfully migrated.
13:43:17 INFO  : Launching XSCT server: xsct -n -interactive /home/ramprasad/arty_projects_10-7-2017/arty_linux/arty_linux.sdk/temp_xsdb_launch_script.tcl
13:43:18 INFO  : XSCT server has started successfully.
13:43:18 INFO  : Successfully done setting XSCT server connection channel  
13:43:19 INFO  : Successfully done setting SDK workspace  
13:43:20 INFO  : Registering command handlers for SDK TCF services
13:43:21 INFO  : Restoring local repository preferences: 
		 /home/ramprasad/petaLinuxBinaries/device_tree/device-tree-xlnx
13:43:21 INFO  : Processing command line option -hwspec /home/ramprasad/arty_projects_10-7-2017/arty_linux/arty_linux.sdk/arty_linux_p1_wrapper.hdf.
13:43:22 INFO  : Checking for hwspec changes in the project arty_linux_p1_wrapper_hw_platform_1.
13:43:24 INFO  : BSP Project P/arty_linux_p1_bsp has been successfully migrated.
13:47:21 INFO  : Saving repository preferences.
12:24:38 INFO  : Launching XSCT server: xsct -n -interactive /home/ramprasad/arty_projects_10-7-2017/arty_linux/arty_linux.sdk/temp_xsdb_launch_script.tcl
12:24:38 INFO  : Registering command handlers for SDK TCF services
12:24:41 INFO  : XSCT server has started successfully.
12:24:41 INFO  : Successfully done setting XSCT server connection channel  
12:24:54 INFO  : Successfully done setting SDK workspace  
12:24:54 INFO  : Restoring local repository preferences: 
		 /home/ramprasad/petaLinuxBinaries/device_tree/device-tree-xlnx
12:24:54 INFO  : Processing command line option -hwspec /home/ramprasad/arty_projects_10-7-2017/arty_linux/arty_linux.sdk/arty_linux_p1_wrapper.hdf.
12:53:01 INFO  : Launching XSCT server: xsct -n -interactive /home/ramprasad/arty_projects_10-7-2017/arty_linux/arty_linux.sdk/temp_xsdb_launch_script.tcl
12:56:01 ERROR : Timed out. 180 seconds have elapsed while waiting for XSCT server to launch.
13:02:42 INFO  : Launching XSCT server: xsct -n -interactive /home/ramprasad/arty_projects_10-7-2017/arty_linux/arty_linux.sdk/temp_xsdb_launch_script.tcl
13:02:43 INFO  : XSCT server has started successfully.
13:02:43 INFO  : Successfully done setting XSCT server connection channel  
13:02:44 INFO  : Successfully done setting SDK workspace  
13:02:47 INFO  : Registering command handlers for SDK TCF services
13:03:02 INFO  : Restoring local repository preferences: 
		 /home/ramprasad/petaLinuxBinaries/device_tree/device-tree-xlnx
13:03:03 INFO  : Processing command line option -hwspec /home/ramprasad/arty_projects_10-7-2017/arty_linux/arty_linux.sdk/arty_linux_p1_wrapper.hdf.
13:03:03 INFO  : Checking for hwspec changes in the project arty_linux_p1_wrapper_hw_platform_2.
13:03:03 INFO  : SDK has detected change in the last modified timestamps for source hardware specification file Source:1500102923000,  Project:1499930256000
13:03:03 INFO  : The hardware specification for project 'arty_linux_p1_wrapper_hw_platform_2' is different from /home/ramprasad/arty_projects_10-7-2017/arty_linux/arty_linux.sdk/arty_linux_p1_wrapper.hdf.
13:03:03 INFO  : Copied contents of /home/ramprasad/arty_projects_10-7-2017/arty_linux/arty_linux.sdk/arty_linux_p1_wrapper.hdf into /arty_linux_p1_wrapper_hw_platform_2/system.hdf.
13:03:03 INFO  : Synchronizing projects in the workspace with the hardware platform specification changes.
13:03:04 INFO  : Clearing existing target manager status.
13:03:10 INFO  : Workspace synchronized with the new hardware specification file. Cleaning dependent projects...
13:03:10 WARN  : Linker script will not be updated automatically. Users need to update it manually.
13:05:15 ERROR : Unexpected error while parsing XMD response : com.google.gson.JsonSyntaxException: com.google.gson.stream.MalformedJsonException: invalid number or unquoted string near 
