
*** Running vivado
    with args -log arty_linux_p1_xbar_0.vds -m64 -product Vivado -mode batch -messageDb vivado.pb -notrace -source arty_linux_p1_xbar_0.tcl


****** Vivado v2017.2 (64-bit)
  **** SW Build 1909853 on Thu Jun 15 18:39:10 MDT 2017
  **** IP Build 1909766 on Thu Jun 15 19:58:00 MDT 2017
    ** Copyright 1986-2017 Xilinx, Inc. All Rights Reserved.

source arty_linux_p1_xbar_0.tcl -notrace
Starting RTL Elaboration : Time (s): cpu = 00:00:10 ; elapsed = 00:00:11 . Memory (MB): peak = 1225.645 ; gain = 80.000 ; free physical = 2231 ; free virtual = 11380
INFO: [Synth 8-638] synthesizing module 'arty_linux_p1_xbar_0' [/home/ramprasad/arty_projects_10-7-2017/arty_linux/arty_linux.srcs/sources_1/bd/arty_linux_p1/ip/arty_linux_p1_xbar_0/synth/arty_linux_p1_xbar_0.v:59]
INFO: [Synth 8-638] synthesizing module 'axi_crossbar_v2_1_14_axi_crossbar' [/home/ramprasad/arty_projects_10-7-2017/arty_linux/arty_linux.srcs/sources_1/bd/arty_linux_p1/ipshared/f582/hdl/axi_crossbar_v2_1_vl_rfs.v:4882]
INFO: [Synth 8-638] synthesizing module 'axi_crossbar_v2_1_14_crossbar_sasd' [/home/ramprasad/arty_projects_10-7-2017/arty_linux/arty_linux.srcs/sources_1/bd/arty_linux_p1/ipshared/f582/hdl/axi_crossbar_v2_1_vl_rfs.v:1240]
INFO: [Synth 8-638] synthesizing module 'axi_crossbar_v2_1_14_addr_decoder' [/home/ramprasad/arty_projects_10-7-2017/arty_linux/arty_linux.srcs/sources_1/bd/arty_linux_p1/ipshared/f582/hdl/axi_crossbar_v2_1_vl_rfs.v:794]
INFO: [Synth 8-638] synthesizing module 'generic_baseblocks_v2_1_0_comparator_static' [/home/ramprasad/arty_projects_10-7-2017/arty_linux/arty_linux.srcs/sources_1/bd/arty_linux_p1/ipshared/f9c1/hdl/generic_baseblocks_v2_1_vl_rfs.v:2133]
INFO: [Synth 8-638] synthesizing module 'generic_baseblocks_v2_1_0_carry_and' [/home/ramprasad/arty_projects_10-7-2017/arty_linux/arty_linux.srcs/sources_1/bd/arty_linux_p1/ipshared/f9c1/hdl/generic_baseblocks_v2_1_vl_rfs.v:62]
INFO: [Synth 8-256] done synthesizing module 'generic_baseblocks_v2_1_0_carry_and' (1#1) [/home/ramprasad/arty_projects_10-7-2017/arty_linux/arty_linux.srcs/sources_1/bd/arty_linux_p1/ipshared/f9c1/hdl/generic_baseblocks_v2_1_vl_rfs.v:62]
INFO: [Synth 8-256] done synthesizing module 'generic_baseblocks_v2_1_0_comparator_static' (2#1) [/home/ramprasad/arty_projects_10-7-2017/arty_linux/arty_linux.srcs/sources_1/bd/arty_linux_p1/ipshared/f9c1/hdl/generic_baseblocks_v2_1_vl_rfs.v:2133]
INFO: [Synth 8-638] synthesizing module 'generic_baseblocks_v2_1_0_comparator_static__parameterized0' [/home/ramprasad/arty_projects_10-7-2017/arty_linux/arty_linux.srcs/sources_1/bd/arty_linux_p1/ipshared/f9c1/hdl/generic_baseblocks_v2_1_vl_rfs.v:2133]
INFO: [Synth 8-256] done synthesizing module 'generic_baseblocks_v2_1_0_comparator_static__parameterized0' (2#1) [/home/ramprasad/arty_projects_10-7-2017/arty_linux/arty_linux.srcs/sources_1/bd/arty_linux_p1/ipshared/f9c1/hdl/generic_baseblocks_v2_1_vl_rfs.v:2133]
INFO: [Synth 8-638] synthesizing module 'generic_baseblocks_v2_1_0_comparator_static__parameterized1' [/home/ramprasad/arty_projects_10-7-2017/arty_linux/arty_linux.srcs/sources_1/bd/arty_linux_p1/ipshared/f9c1/hdl/generic_baseblocks_v2_1_vl_rfs.v:2133]
INFO: [Synth 8-256] done synthesizing module 'generic_baseblocks_v2_1_0_comparator_static__parameterized1' (2#1) [/home/ramprasad/arty_projects_10-7-2017/arty_linux/arty_linux.srcs/sources_1/bd/arty_linux_p1/ipshared/f9c1/hdl/generic_baseblocks_v2_1_vl_rfs.v:2133]
INFO: [Synth 8-638] synthesizing module 'generic_baseblocks_v2_1_0_comparator_static__parameterized2' [/home/ramprasad/arty_projects_10-7-2017/arty_linux/arty_linux.srcs/sources_1/bd/arty_linux_p1/ipshared/f9c1/hdl/generic_baseblocks_v2_1_vl_rfs.v:2133]
INFO: [Synth 8-256] done synthesizing module 'generic_baseblocks_v2_1_0_comparator_static__parameterized2' (2#1) [/home/ramprasad/arty_projects_10-7-2017/arty_linux/arty_linux.srcs/sources_1/bd/arty_linux_p1/ipshared/f9c1/hdl/generic_baseblocks_v2_1_vl_rfs.v:2133]
INFO: [Synth 8-256] done synthesizing module 'axi_crossbar_v2_1_14_addr_decoder' (3#1) [/home/ramprasad/arty_projects_10-7-2017/arty_linux/arty_linux.srcs/sources_1/bd/arty_linux_p1/ipshared/f582/hdl/axi_crossbar_v2_1_vl_rfs.v:794]
INFO: [Synth 8-638] synthesizing module 'axi_crossbar_v2_1_14_decerr_slave' [/home/ramprasad/arty_projects_10-7-2017/arty_linux/arty_linux.srcs/sources_1/bd/arty_linux_p1/ipshared/f582/hdl/axi_crossbar_v2_1_vl_rfs.v:3500]
INFO: [Synth 8-256] done synthesizing module 'axi_crossbar_v2_1_14_decerr_slave' (4#1) [/home/ramprasad/arty_projects_10-7-2017/arty_linux/arty_linux.srcs/sources_1/bd/arty_linux_p1/ipshared/f582/hdl/axi_crossbar_v2_1_vl_rfs.v:3500]
INFO: [Synth 8-638] synthesizing module 'axi_crossbar_v2_1_14_addr_arbiter_sasd' [/home/ramprasad/arty_projects_10-7-2017/arty_linux/arty_linux.srcs/sources_1/bd/arty_linux_p1/ipshared/f582/hdl/axi_crossbar_v2_1_vl_rfs.v:65]
INFO: [Synth 8-256] done synthesizing module 'axi_crossbar_v2_1_14_addr_arbiter_sasd' (5#1) [/home/ramprasad/arty_projects_10-7-2017/arty_linux/arty_linux.srcs/sources_1/bd/arty_linux_p1/ipshared/f582/hdl/axi_crossbar_v2_1_vl_rfs.v:65]
INFO: [Synth 8-638] synthesizing module 'axi_crossbar_v2_1_14_splitter' [/home/ramprasad/arty_projects_10-7-2017/arty_linux/arty_linux.srcs/sources_1/bd/arty_linux_p1/ipshared/f582/hdl/axi_crossbar_v2_1_vl_rfs.v:4459]
INFO: [Synth 8-256] done synthesizing module 'axi_crossbar_v2_1_14_splitter' (6#1) [/home/ramprasad/arty_projects_10-7-2017/arty_linux/arty_linux.srcs/sources_1/bd/arty_linux_p1/ipshared/f582/hdl/axi_crossbar_v2_1_vl_rfs.v:4459]
INFO: [Synth 8-638] synthesizing module 'axi_crossbar_v2_1_14_splitter__parameterized0' [/home/ramprasad/arty_projects_10-7-2017/arty_linux/arty_linux.srcs/sources_1/bd/arty_linux_p1/ipshared/f582/hdl/axi_crossbar_v2_1_vl_rfs.v:4459]
INFO: [Synth 8-256] done synthesizing module 'axi_crossbar_v2_1_14_splitter__parameterized0' (6#1) [/home/ramprasad/arty_projects_10-7-2017/arty_linux/arty_linux.srcs/sources_1/bd/arty_linux_p1/ipshared/f582/hdl/axi_crossbar_v2_1_vl_rfs.v:4459]
INFO: [Synth 8-638] synthesizing module 'generic_baseblocks_v2_1_0_mux_enc' [/home/ramprasad/arty_projects_10-7-2017/arty_linux/arty_linux.srcs/sources_1/bd/arty_linux_p1/ipshared/f9c1/hdl/generic_baseblocks_v2_1_vl_rfs.v:2452]
INFO: [Synth 8-256] done synthesizing module 'generic_baseblocks_v2_1_0_mux_enc' (7#1) [/home/ramprasad/arty_projects_10-7-2017/arty_linux/arty_linux.srcs/sources_1/bd/arty_linux_p1/ipshared/f9c1/hdl/generic_baseblocks_v2_1_vl_rfs.v:2452]
INFO: [Synth 8-638] synthesizing module 'generic_baseblocks_v2_1_0_mux_enc__parameterized0' [/home/ramprasad/arty_projects_10-7-2017/arty_linux/arty_linux.srcs/sources_1/bd/arty_linux_p1/ipshared/f9c1/hdl/generic_baseblocks_v2_1_vl_rfs.v:2452]
INFO: [Synth 8-256] done synthesizing module 'generic_baseblocks_v2_1_0_mux_enc__parameterized0' (7#1) [/home/ramprasad/arty_projects_10-7-2017/arty_linux/arty_linux.srcs/sources_1/bd/arty_linux_p1/ipshared/f9c1/hdl/generic_baseblocks_v2_1_vl_rfs.v:2452]
INFO: [Synth 8-638] synthesizing module 'generic_baseblocks_v2_1_0_mux_enc__parameterized1' [/home/ramprasad/arty_projects_10-7-2017/arty_linux/arty_linux.srcs/sources_1/bd/arty_linux_p1/ipshared/f9c1/hdl/generic_baseblocks_v2_1_vl_rfs.v:2452]
INFO: [Synth 8-256] done synthesizing module 'generic_baseblocks_v2_1_0_mux_enc__parameterized1' (7#1) [/home/ramprasad/arty_projects_10-7-2017/arty_linux/arty_linux.srcs/sources_1/bd/arty_linux_p1/ipshared/f9c1/hdl/generic_baseblocks_v2_1_vl_rfs.v:2452]
INFO: [Synth 8-638] synthesizing module 'axi_register_slice_v2_1_13_axic_register_slice' [/home/ramprasad/arty_projects_10-7-2017/arty_linux/arty_linux.srcs/sources_1/bd/arty_linux_p1/ipshared/55c0/hdl/axi_register_slice_v2_1_vl_rfs.v:85]
INFO: [Synth 8-256] done synthesizing module 'axi_register_slice_v2_1_13_axic_register_slice' (8#1) [/home/ramprasad/arty_projects_10-7-2017/arty_linux/arty_linux.srcs/sources_1/bd/arty_linux_p1/ipshared/55c0/hdl/axi_register_slice_v2_1_vl_rfs.v:85]
INFO: [Synth 8-638] synthesizing module 'generic_baseblocks_v2_1_0_mux_enc__parameterized2' [/home/ramprasad/arty_projects_10-7-2017/arty_linux/arty_linux.srcs/sources_1/bd/arty_linux_p1/ipshared/f9c1/hdl/generic_baseblocks_v2_1_vl_rfs.v:2452]
INFO: [Synth 8-256] done synthesizing module 'generic_baseblocks_v2_1_0_mux_enc__parameterized2' (8#1) [/home/ramprasad/arty_projects_10-7-2017/arty_linux/arty_linux.srcs/sources_1/bd/arty_linux_p1/ipshared/f9c1/hdl/generic_baseblocks_v2_1_vl_rfs.v:2452]
INFO: [Synth 8-256] done synthesizing module 'axi_crossbar_v2_1_14_crossbar_sasd' (9#1) [/home/ramprasad/arty_projects_10-7-2017/arty_linux/arty_linux.srcs/sources_1/bd/arty_linux_p1/ipshared/f582/hdl/axi_crossbar_v2_1_vl_rfs.v:1240]
INFO: [Synth 8-256] done synthesizing module 'axi_crossbar_v2_1_14_axi_crossbar' (10#1) [/home/ramprasad/arty_projects_10-7-2017/arty_linux/arty_linux.srcs/sources_1/bd/arty_linux_p1/ipshared/f582/hdl/axi_crossbar_v2_1_vl_rfs.v:4882]
INFO: [Synth 8-256] done synthesizing module 'arty_linux_p1_xbar_0' (11#1) [/home/ramprasad/arty_projects_10-7-2017/arty_linux/arty_linux.srcs/sources_1/bd/arty_linux_p1/ip/arty_linux_p1_xbar_0/synth/arty_linux_p1_xbar_0.v:59]
Finished RTL Elaboration : Time (s): cpu = 00:00:21 ; elapsed = 00:00:23 . Memory (MB): peak = 1347.148 ; gain = 201.504 ; free physical = 1868 ; free virtual = 11018
Finished RTL Optimization Phase 1 : Time (s): cpu = 00:00:22 ; elapsed = 00:00:24 . Memory (MB): peak = 1347.148 ; gain = 201.504 ; free physical = 1859 ; free virtual = 11010
INFO: [Device 21-403] Loading part xc7a35ticsg324-1L
Constraint Validation Runtime : Time (s): cpu = 00:00:00.14 ; elapsed = 00:00:00.18 . Memory (MB): peak = 1606.016 ; gain = 0.004 ; free physical = 2091 ; free virtual = 11242
Finished Constraint Validation : Time (s): cpu = 00:00:43 ; elapsed = 00:00:47 . Memory (MB): peak = 1606.016 ; gain = 460.371 ; free physical = 1968 ; free virtual = 11120
Finished Loading Part and Timing Information : Time (s): cpu = 00:00:43 ; elapsed = 00:00:47 . Memory (MB): peak = 1606.016 ; gain = 460.371 ; free physical = 1968 ; free virtual = 11120
Finished applying 'set_property' XDC Constraints : Time (s): cpu = 00:00:43 ; elapsed = 00:00:47 . Memory (MB): peak = 1606.016 ; gain = 460.371 ; free physical = 1967 ; free virtual = 11118
Finished RTL Optimization Phase 2 : Time (s): cpu = 00:00:44 ; elapsed = 00:00:48 . Memory (MB): peak = 1606.016 ; gain = 460.371 ; free physical = 1912 ; free virtual = 11063
Finished Cross Boundary and Area Optimization : Time (s): cpu = 00:00:46 ; elapsed = 00:00:50 . Memory (MB): peak = 1606.020 ; gain = 460.375 ; free physical = 1804 ; free virtual = 10955
Finished Applying XDC Timing Constraints : Time (s): cpu = 00:01:04 ; elapsed = 00:01:10 . Memory (MB): peak = 1606.020 ; gain = 460.375 ; free physical = 1872 ; free virtual = 11025
Finished Timing Optimization : Time (s): cpu = 00:01:06 ; elapsed = 00:01:11 . Memory (MB): peak = 1606.020 ; gain = 460.375 ; free physical = 1837 ; free virtual = 10991
Finished Technology Mapping : Time (s): cpu = 00:01:06 ; elapsed = 00:01:12 . Memory (MB): peak = 1606.020 ; gain = 460.375 ; free physical = 1828 ; free virtual = 10982
Finished IO Insertion : Time (s): cpu = 00:01:08 ; elapsed = 00:01:13 . Memory (MB): peak = 1606.020 ; gain = 460.375 ; free physical = 1746 ; free virtual = 10900
Finished Renaming Generated Instances : Time (s): cpu = 00:01:08 ; elapsed = 00:01:13 . Memory (MB): peak = 1606.020 ; gain = 460.375 ; free physical = 1746 ; free virtual = 10900
Finished Rebuilding User Hierarchy : Time (s): cpu = 00:01:08 ; elapsed = 00:01:13 . Memory (MB): peak = 1606.020 ; gain = 460.375 ; free physical = 1744 ; free virtual = 10897
Finished Renaming Generated Ports : Time (s): cpu = 00:01:08 ; elapsed = 00:01:13 . Memory (MB): peak = 1606.020 ; gain = 460.375 ; free physical = 1744 ; free virtual = 10898
Finished Handling Custom Attributes : Time (s): cpu = 00:01:08 ; elapsed = 00:01:13 . Memory (MB): peak = 1606.020 ; gain = 460.375 ; free physical = 1744 ; free virtual = 10898
Finished Renaming Generated Nets : Time (s): cpu = 00:01:08 ; elapsed = 00:01:13 . Memory (MB): peak = 1606.020 ; gain = 460.375 ; free physical = 1744 ; free virtual = 10898

Report Cell Usage: 
+------+-----+------+
|      |Cell |Count |
+------+-----+------+
|1     |LUT1 |     2|
|2     |LUT2 |    14|
|3     |LUT3 |    45|
|4     |LUT4 |    49|
|5     |LUT5 |    62|
|6     |LUT6 |    62|
|7     |FDRE |   133|
+------+-----+------+
Finished Writing Synthesis Report : Time (s): cpu = 00:01:08 ; elapsed = 00:01:13 . Memory (MB): peak = 1606.020 ; gain = 460.375 ; free physical = 1744 ; free virtual = 10898
synth_design: Time (s): cpu = 00:01:10 ; elapsed = 00:01:16 . Memory (MB): peak = 1606.020 ; gain = 472.957 ; free physical = 1830 ; free virtual = 10984
