
*** Running vivado
    with args -log arty_linux_p1_lmb_bram_0.vds -m64 -product Vivado -mode batch -messageDb vivado.pb -notrace -source arty_linux_p1_lmb_bram_0.tcl


****** Vivado v2017.2 (64-bit)
  **** SW Build 1909853 on Thu Jun 15 18:39:10 MDT 2017
  **** IP Build 1909766 on Thu Jun 15 19:58:00 MDT 2017
    ** Copyright 1986-2017 Xilinx, Inc. All Rights Reserved.

source arty_linux_p1_lmb_bram_0.tcl -notrace
Starting RTL Elaboration : Time (s): cpu = 00:00:10 ; elapsed = 00:00:11 . Memory (MB): peak = 1210.625 ; gain = 71.000 ; free physical = 268 ; free virtual = 9602
INFO: [Synth 8-638] synthesizing module 'arty_linux_p1_lmb_bram_0' [/home/ramprasad/arty_projects_10-7-2017/arty_linux/arty_linux.srcs/sources_1/bd/arty_linux_p1/ip/arty_linux_p1_lmb_bram_0/synth/arty_linux_p1_lmb_bram_0.vhd:78]
INFO: [Synth 8-256] done synthesizing module 'arty_linux_p1_lmb_bram_0' (11#1) [/home/ramprasad/arty_projects_10-7-2017/arty_linux/arty_linux.srcs/sources_1/bd/arty_linux_p1/ip/arty_linux_p1_lmb_bram_0/synth/arty_linux_p1_lmb_bram_0.vhd:78]
Finished RTL Elaboration : Time (s): cpu = 00:01:54 ; elapsed = 00:02:01 . Memory (MB): peak = 1411.496 ; gain = 271.871 ; free physical = 2569 ; free virtual = 11685
Finished RTL Optimization Phase 1 : Time (s): cpu = 00:01:55 ; elapsed = 00:02:01 . Memory (MB): peak = 1411.496 ; gain = 271.871 ; free physical = 2558 ; free virtual = 11675
INFO: [Device 21-403] Loading part xc7a35ticsg324-1L
Constraint Validation Runtime : Time (s): cpu = 00:00:00.05 ; elapsed = 00:00:00.05 . Memory (MB): peak = 1562.355 ; gain = 0.004 ; free physical = 2177 ; free virtual = 11294
Finished Constraint Validation : Time (s): cpu = 00:02:14 ; elapsed = 00:02:21 . Memory (MB): peak = 1562.355 ; gain = 422.730 ; free physical = 1986 ; free virtual = 11136
Finished Loading Part and Timing Information : Time (s): cpu = 00:02:14 ; elapsed = 00:02:21 . Memory (MB): peak = 1562.355 ; gain = 422.730 ; free physical = 1986 ; free virtual = 11136
Finished applying 'set_property' XDC Constraints : Time (s): cpu = 00:02:14 ; elapsed = 00:02:21 . Memory (MB): peak = 1562.355 ; gain = 422.730 ; free physical = 1987 ; free virtual = 11137
Finished RTL Optimization Phase 2 : Time (s): cpu = 00:02:14 ; elapsed = 00:02:22 . Memory (MB): peak = 1562.355 ; gain = 422.730 ; free physical = 1915 ; free virtual = 11065
Finished Cross Boundary and Area Optimization : Time (s): cpu = 00:02:15 ; elapsed = 00:02:23 . Memory (MB): peak = 1562.355 ; gain = 422.730 ; free physical = 1853 ; free virtual = 11003
Finished Applying XDC Timing Constraints : Time (s): cpu = 00:02:33 ; elapsed = 00:02:42 . Memory (MB): peak = 1563.352 ; gain = 423.727 ; free physical = 1847 ; free virtual = 10997
Finished Timing Optimization : Time (s): cpu = 00:02:33 ; elapsed = 00:02:42 . Memory (MB): peak = 1563.352 ; gain = 423.727 ; free physical = 1884 ; free virtual = 11034
Finished Technology Mapping : Time (s): cpu = 00:02:33 ; elapsed = 00:02:42 . Memory (MB): peak = 1573.367 ; gain = 433.742 ; free physical = 1878 ; free virtual = 11027
Finished IO Insertion : Time (s): cpu = 00:02:35 ; elapsed = 00:02:44 . Memory (MB): peak = 1573.367 ; gain = 433.742 ; free physical = 1781 ; free virtual = 10931
Finished Renaming Generated Instances : Time (s): cpu = 00:02:35 ; elapsed = 00:02:44 . Memory (MB): peak = 1573.367 ; gain = 433.742 ; free physical = 1780 ; free virtual = 10930
Finished Rebuilding User Hierarchy : Time (s): cpu = 00:02:35 ; elapsed = 00:02:44 . Memory (MB): peak = 1573.367 ; gain = 433.742 ; free physical = 1777 ; free virtual = 10927
Finished Renaming Generated Ports : Time (s): cpu = 00:02:35 ; elapsed = 00:02:44 . Memory (MB): peak = 1573.367 ; gain = 433.742 ; free physical = 1777 ; free virtual = 10927
Finished Handling Custom Attributes : Time (s): cpu = 00:02:35 ; elapsed = 00:02:44 . Memory (MB): peak = 1573.367 ; gain = 433.742 ; free physical = 1774 ; free virtual = 10924
Finished Renaming Generated Nets : Time (s): cpu = 00:02:35 ; elapsed = 00:02:44 . Memory (MB): peak = 1573.367 ; gain = 433.742 ; free physical = 1774 ; free virtual = 10924

Report Cell Usage: 
+------+---------+------+
|      |Cell     |Count |
+------+---------+------+
|1     |RAMB36E1 |     8|
+------+---------+------+
Finished Writing Synthesis Report : Time (s): cpu = 00:02:35 ; elapsed = 00:02:44 . Memory (MB): peak = 1573.367 ; gain = 433.742 ; free physical = 1773 ; free virtual = 10923
synth_design: Time (s): cpu = 00:02:37 ; elapsed = 00:02:46 . Memory (MB): peak = 1577.371 ; gain = 450.328 ; free physical = 1931 ; free virtual = 11081
