MIG: 10:50:31 : xml_input_file: board.prj
MIG: 10:50:31 : Absolute path of xml_input_file: /home/ramprasad/arty_projects_10-7-2017/arty_linux/arty_linux.srcs/sources_1/bd/arty_linux_p1/ip/arty_linux_p1_mig_7series_0_0/board.prj
MIG: 10:50:31 : xml_input_file: board.prj
MIG: 10:50:31 : Absolute path of xml_input_file: /home/ramprasad/arty_projects_10-7-2017/arty_linux/arty_linux.srcs/sources_1/bd/arty_linux_p1/ip/arty_linux_p1_mig_7series_0_0/board.prj
MIG: 10:50:31 : In updateAllModelParams
MIG: 10:50:31 : ################# RUNNING MIG BATCH ###################
MIG: 10:50:31 : Writing IN file for 'arty_linux_p1_mig_7series_0_0'...compDirPath: /opt/Xilinx/Vivado/2017.2/data/ip/xilinx/mig_7series_v4_0... instDirPath: /home/ramprasad/arty_projects_10-7-2017/arty_linux/arty_linux.srcs/sources_1/bd/arty_linux_p1/ip/arty_linux_p1_mig_7series_0_0
MIG: 10:50:31 : synp_flow:  -- synthesis_mode: Other
MIG: 10:50:31 : outputDirectory: /home/ramprasad/arty_projects_10-7-2017/arty_linux/arty_linux.srcs/sources_1/bd/arty_linux_p1/ip/arty_linux_p1_mig_7series_0_0/_tmp/
MIG: 10:50:31 : vivado_mode: xpg_bd
MIG: 10:50:31 : isPortInterface: 0
MIG: 10:50:31 : isPortInterface: 0
MIG: 10:50:31 : isPortInterface: 0
MIG: 10:50:31 : isPortInterface: 0
MIG: 10:50:31 : isPortInterface: 0
MIG: 10:50:31 : isPortInterface: 0
MIG: 10:50:31 : isPortInterface: 0
MIG: 10:50:31 : isPortInterface: 0
MIG: 10:50:31 : isPortInterface: 0
MIG: 10:50:31 : isPortInterface: 0
MIG: 10:50:31 : isPortInterface: 0
MIG: 10:50:31 : isPortInterface: 0
MIG: 10:50:31 : isPortInterface: 0
MIG: 10:50:31 : isPortInterface: 0
MIG: 10:50:31 : isPortInterface: 0
MIG: 10:50:31 : isPortInterface: 0
MIG: 10:50:31 : isPortInterface: 0
MIG: 10:50:31 : isPortInterface: 0
MIG: 10:50:31 : isPortInterface: 0
MIG: 10:50:31 : isPortInterface: 0
MIG: 10:50:31 : isPortInterface: 0
MIG: 10:50:31 : isPortInterface: 0
MIG: 10:50:31 : isPortInterface: 0
MIG: 10:50:31 : isPortInterface: 0
MIG: 10:50:31 : isPortInterface: 0
MIG: 10:50:31 : isPortInterface: 0
MIG: 10:50:31 : isPortInterface: 0
MIG: 10:50:31 : isPortInterface: 0
MIG: 10:50:31 : isPortInterface: 0
MIG: 10:50:31 : isPortInterface: 0
MIG: 10:50:31 : isPortInterface: 0
MIG: 10:50:31 : isPortInterface: 0
MIG: 10:50:31 : isPortInterface: 0
MIG: 10:50:31 : isPortInterface: 0
MIG: 10:50:31 : isPortInterface: 0
MIG: 10:50:31 : isPortInterface: 0
MIG: 10:50:31 : isPortInterface: 0
MIG: 10:50:31 : isPortInterface: 0
MIG: 10:50:31 : isPortInterface: 0
MIG: 10:50:31 : isPortInterface: 0
MIG: 10:50:31 : isPortInterface: 0
MIG: 10:50:31 : isPortInterface: 0
MIG: 10:50:31 : isPortInterface: 0
MIG: 10:50:31 : isPortInterface: 0
MIG: 10:50:31 : isPortInterface: 0
MIG: 10:50:31 : isPortInterface: 0
MIG: 10:50:31 : isPortInterface: 0
MIG: 10:50:31 : isPortInterface: 0
MIG: 10:50:31 : isPortInterface: 0
MIG: 10:50:31 : isPortInterface: 0
MIG: 10:50:31 : isPortInterface: 0
MIG: 10:50:31 : isPortInterface: 0
MIG: 10:50:31 : isPortInterface: 0
MIG: 10:50:31 : isPortInterface: 0
MIG: 10:50:31 : isPortInterface: 0
MIG: 10:50:31 : isPortInterface: 0
MIG: 10:50:31 : isPortInterface: 0
MIG: 10:50:31 : isPortInterface: 0
MIG: 10:50:31 : isPortInterface: 0
MIG: 10:50:31 : isPortInterface: 0
MIG: 10:50:31 : isPortInterface: 0
MIG: 10:50:31 : isPortInterface: 0
MIG: 10:50:31 : isPortInterface: 0
MIG: 10:50:31 : isPortInterface: 0
MIG: 10:50:31 : isPortInterface: 0
MIG: 10:50:31 : isPortInterface: 0
MIG: 10:50:31 : isPortInterface: 0
MIG: 10:50:31 : isPortInterface: 0
MIG: 10:50:31 : isPortInterface: 0
MIG: 10:50:31 : isPortInterface: 0
MIG: 10:50:31 : isPortInterface: 0
MIG: 10:50:31 : isPortInterface: 0
MIG: 10:50:31 : isPortInterface: 0
MIG: 10:50:31 : isPortInterface: 0
MIG: 10:50:31 : isPortInterface: 0
MIG: 10:50:31 : isPortInterface: 0
MIG: 10:50:31 : isPortInterface: 0
MIG: 10:50:31 : isPortInterface: 0
MIG: 10:50:31 : isPortInterface: 0
MIG: 10:50:31 : isPortInterface: 0
MIG: 10:50:31 : isPortInterface: 0
MIG: 10:50:31 : isPortInterface: 0
MIG: 10:50:31 : isPortInterface: 0
MIG: 10:50:31 : isPortInterface: 0
MIG: 10:50:31 : isPortInterface: 0
MIG: 10:50:31 : isPortInterface: 0
MIG: 10:50:31 : isPortInterface: 0
MIG: 10:50:31 : isPortInterface: 0
MIG: 10:50:31 : isPortInterface: 0
MIG: 10:50:31 : isPortInterface: 0
MIG: 10:50:31 : isPortInterface: 0
MIG: 10:50:31 : isPortInterface: 0
MIG: 10:50:31 : isPortInterface: 0
MIG: 10:50:31 : isPortInterface: 0
MIG: 10:50:31 : isPortInterface: 0
MIG: 10:50:31 : isPortInterface: 0
MIG: 10:50:31 : isPortInterface: 0
MIG: 10:50:31 : isPortInterface: 0
MIG: 10:50:31 : isPortInterface: 0
MIG: 10:50:31 : isPortInterface: 0
MIG: 10:50:31 : isPortInterface: 0
MIG: 10:50:31 : isPortInterface: 0
MIG: 10:50:31 : isPortInterface: 0
MIG: 10:50:31 : isPortInterface: 0
MIG: 10:50:31 : isPortInterface: 0
MIG: 10:50:31 : isPortInterface: 0
MIG: 10:50:31 : isPortInterface: 0
MIG: 10:50:31 : isPortInterface: 0
MIG: 10:50:31 : isPortInterface: 0
MIG: 10:50:31 : isPortInterface: 0
MIG: 10:50:31 : isPortInterface: 0
MIG: 10:50:31 : isPortInterface: 0
MIG: 10:50:31 : isPortInterface: 0
MIG: 10:50:31 : isPortInterface: 0
MIG: 10:50:31 : isPortInterface: 0
MIG: 10:50:31 : isPortInterface: 0
MIG: 10:50:31 : isPortInterface: 0
MIG: 10:50:31 : isPortInterface: 0
MIG: 10:50:31 : isPortInterface: 0
MIG: 10:50:31 : isPortInterface: 0
MIG: 10:50:31 : isPortInterface: 0
MIG: 10:50:31 : isPortInterface: 0
MIG: 10:50:31 : isPortInterface: 0
MIG: 10:50:31 : isPortInterface: 1
MIG: 10:50:31 : isPortInterface: 0
MIG: 10:50:31 : isPortInterface: 0
MIG: 10:50:31 : isPortInterface: 0
MIG: 10:50:31 : isPortInterface: 0
MIG: 10:50:31 : isPortInterface: 0
MIG: 10:50:31 : isPortInterface: 0
MIG: 10:50:31 : isPortInterface: 0
MIG: 10:50:31 : isPortInterface: 0
MIG: 10:50:31 : isPortInterface: 0
MIG: 10:50:31 : isPortInterface: 0
MIG: 10:50:31 :  locked false  
MIG: 10:50:31 : HDL Language: Verilog
MIG: 10:50:31 : compInfo: true
MIG: 10:50:31 : Vivado Options xc7a35ti csg324 -1l
MIG: 10:50:31 : 1: xc7a35ti 2: csg324 3: -1l
MIG: 10:50:31 : relative mig path: coregen/ip/xilinx/other/com/xilinx/ip/mig_7series_v4_0/bin/lin64/mig
MIG: 10:50:31 : xilinx_path: /opt/Xilinx/Vivado/2017.2/ids_lite/ISE
MIG: 10:50:31 : I am in catch area
MIG: 10:50:31 : Running /opt/Xilinx/Vivado/2017.2/ids_lite/ISE/coregen/ip/xilinx/other/com/xilinx/ip/mig_7series_v4_0/bin/lin64/mig -cg_exc_inp /home/ramprasad/arty_projects_10-7-2017/arty_linux/arty_linux.srcs/sources_1/bd/arty_linux_p1/ip/arty_linux_p1_mig_7series_0_0/xil_txt.in -cg_exc_out /home/ramprasad/arty_projects_10-7-2017/arty_linux/arty_linux.srcs/sources_1/bd/arty_linux_p1/ip/arty_linux_p1_mig_7series_0_0/xil_txt.out ... 
MIG: 10:50:48 : XML_INPUT_FILE: /home/ramprasad/arty_projects_10-7-2017/arty_linux/arty_linux.srcs/sources_1/bd/arty_linux_p1/ip/arty_linux_p1_mig_7series_0_0/board.prj
MIG: 10:50:48 : Component_Name: arty_linux_p1_mig_7series_0_0
MIG: 10:50:48 : Moving arty_linux_p1_mig_7series_0_0 ...
MIG: 10:50:48 : Moving arty_linux_p1_mig_7series_0_0_xmdf.tcl ...
MIG: 10:50:48 : Moving arty_linux_p1_mig_7series_0_0.veo ...
MIG: 10:50:48 : XGUI hdlLanguage: Verilog
MIG: 10:50:48 : xgui vivado_mode: xpg_bd
MIG: 10:50:48 : xgui hdlLanguage: Verilog -- hdlExt: v
MIG: 10:50:48 : Reading /home/ramprasad/arty_projects_10-7-2017/arty_linux/arty_linux.srcs/sources_1/bd/arty_linux_p1/ip/arty_linux_p1_mig_7series_0_0/arty_linux_p1_mig_7series_0_0/user_design/rtl/arty_linux_p1_mig_7series_0_0_mig.v ...
MIG: 10:50:49 : 1
MIG: 10:50:49 : Inside fn mem: DDR3
MIG: 10:50:49 : detect_uiclk: 83333333
MIG: 10:50:49 : cntrl:  memtype: DDR3
MIG: 10:50:49 : 666
MIG: 10:50:49 :  MMCM_VCO single ctrl param_name: MMCM_VCO --  possibleMaxVcoVal: 666 
MIG: 10:50:49 : 
MIG: 10:50:49 : 1
MIG: 10:50:49 : 83333333
MIG: 10:50:49 : 
MIG: 10:50:49 :  polarity_value: 1
MIG: 10:50:49 : 
MIG: 10:50:49 : 
MIG: 10:50:49 : cntrl:  memtype: DDR3
MIG: 10:50:49 : 
MIG: 10:50:49 :  Valid Param: DDR3_BANK_WIDTH ==> 3
MIG: 10:50:49 : 
MIG: 10:50:49 :  Valid Param: DDR3_CK_WIDTH ==> 1
MIG: 10:50:49 :  Invalid Param: DDR3_COL_WIDTH ==> 10
MIG: 10:50:49 : 
MIG: 10:50:49 :  Valid Param: DDR3_CS_WIDTH ==> 1
MIG: 10:50:49 : 
MIG: 10:50:49 :  Valid Param: DDR3_nCS_PER_RANK ==> 1
MIG: 10:50:49 : 
MIG: 10:50:49 :  Valid Param: DDR3_CKE_WIDTH ==> 1
MIG: 10:50:49 :  Invalid Param: DDR3_DATA_BUF_ADDR_WIDTH ==> 5
MIG: 10:50:49 :  Invalid Param: DDR3_DQ_CNT_WIDTH ==> 4
MIG: 10:50:49 :  Invalid Param: DDR3_DQ_PER_DM ==> 8
MIG: 10:50:49 : 2
MIG: 10:50:49 :  Valid Param: DDR3_DM_WIDTH ==> 2
MIG: 10:50:49 : 16
MIG: 10:50:49 :  Valid Param: DDR3_DQ_WIDTH ==> 16
MIG: 10:50:49 : 2
MIG: 10:50:49 :  Valid Param: DDR3_DQS_WIDTH ==> 2
MIG: 10:50:49 : 
MIG: 10:50:49 :  Valid Param: DDR3_DQS_CNT_WIDTH ==> 1
MIG: 10:50:49 :  Invalid Param: DDR3_DRAM_WIDTH ==> 8
MIG: 10:50:49 : 
MIG: 10:50:49 :  Valid Param: ECC ==> OFF
MIG: 10:50:49 : 16
MIG: 10:50:49 :  Valid Param: DDR3_DATA_WIDTH ==> 16
MIG: 10:50:49 :  Invalid Param: ECC_TEST ==> "OFF"
MIG: 10:50:49 :  Invalid Param: DDR3_PAYLOAD_WIDTH ==> (ECC_TEST == "OFF") ? DATA_WIDTH : DQ_WIDTH
MIG: 10:50:49 :  Invalid Param: DDR3_MEM_ADDR_ORDER ==> "BANK_ROW_COLUMN"
MIG: 10:50:49 :  Invalid Param: DDR3_nBANK_MACHS ==> 4
MIG: 10:50:49 :  Invalid Param: DDR3_RANKS ==> 1
MIG: 10:50:49 : 
MIG: 10:50:49 :  Valid Param: DDR3_ODT_WIDTH ==> 1
MIG: 10:50:49 : 
MIG: 10:50:49 :  Valid Param: DDR3_ROW_WIDTH ==> 14
MIG: 10:50:49 : 28
MIG: 10:50:49 :  Valid Param: DDR3_ADDR_WIDTH ==> 28
MIG: 10:50:49 : 
MIG: 10:50:49 :  Valid Param: DDR3_USE_CS_PORT ==> 1
MIG: 10:50:49 : 
MIG: 10:50:49 :  Valid Param: DDR3_USE_DM_PORT ==> 1
MIG: 10:50:49 : 
MIG: 10:50:49 :  Valid Param: DDR3_USE_ODT_PORT ==> 1
MIG: 10:50:49 :  Invalid Param: DDR3_IS_CLK_SHARED ==> "FALSE"
MIG: 10:50:49 :  Invalid Param: DDR3_PHY_CONTROL_MASTER_BANK ==> 0
MIG: 10:50:49 :  Invalid Param: DDR3_MEM_DENSITY ==> "2Gb"
MIG: 10:50:49 :  Invalid Param: DDR3_MEM_SPEEDGRADE ==> "15E"
MIG: 10:50:49 :  Invalid Param: DDR3_MEM_DEVICE_WIDTH ==> 16
MIG: 10:50:49 :  Invalid Param: DDR3_AL ==> "0"
MIG: 10:50:49 :  Invalid Param: DDR3_nAL ==> 0
MIG: 10:50:49 :  Invalid Param: DDR3_BURST_MODE ==> "8"
MIG: 10:50:49 :  Invalid Param: DDR3_BURST_TYPE ==> "SEQ"
MIG: 10:50:49 :  Invalid Param: DDR3_CL ==> 5
MIG: 10:50:49 :  Invalid Param: DDR3_CWL ==> 5
MIG: 10:50:49 :  Invalid Param: DDR3_OUTPUT_DRV ==> "LOW"
MIG: 10:50:49 :  Invalid Param: DDR3_RTT_NOM ==> "40"
MIG: 10:50:49 :  Invalid Param: DDR3_RTT_WR ==> "OFF"
MIG: 10:50:49 :  Invalid Param: DDR3_ADDR_CMD_MODE ==> "1T"
MIG: 10:50:49 : 
MIG: 10:50:49 :  Valid Param: DDR3_REG_CTRL ==> OFF
MIG: 10:50:49 :  Invalid Param: DDR3_CA_MIRROR ==> "OFF"
MIG: 10:50:49 :  Invalid Param: DDR3_VDD_OP_VOLT ==> "135"
MIG: 10:50:49 :  Invalid Param: DDR3_CLKIN_PERIOD ==> 6000
MIG: 10:50:49 :  Invalid Param: DDR3_CLKFBOUT_MULT ==> 8
MIG: 10:50:49 :  Invalid Param: DDR3_DIVCLK_DIVIDE ==> 1
MIG: 10:50:49 :  Invalid Param: DDR3_CLKOUT0_PHASE ==> 0.0
MIG: 10:50:49 :  Invalid Param: DDR3_CLKOUT0_DIVIDE ==> 2
MIG: 10:50:49 :  Invalid Param: DDR3_CLKOUT1_DIVIDE ==> 4
MIG: 10:50:49 :  Invalid Param: DDR3_CLKOUT2_DIVIDE ==> 64
MIG: 10:50:49 :  Invalid Param: DDR3_CLKOUT3_DIVIDE ==> 16
MIG: 10:50:49 :  Invalid Param: DDR3_MMCM_VCO ==> 666
MIG: 10:50:49 :  Invalid Param: DDR3_MMCM_MULT_F ==> 8
MIG: 10:50:49 :  Invalid Param: DDR3_MMCM_DIVCLK_DIVIDE ==> 1
MIG: 10:50:49 :  Invalid Param: DDR3_tCKE ==> 5625
MIG: 10:50:49 :  Invalid Param: DDR3_tFAW ==> 45000
MIG: 10:50:49 :  Invalid Param: DDR3_tPRDI ==> 1_000_000
MIG: 10:50:49 :  Invalid Param: DDR3_tRAS ==> 36000
MIG: 10:50:49 :  Invalid Param: DDR3_tRCD ==> 13500
MIG: 10:50:49 :  Invalid Param: DDR3_tREFI ==> 7800000
MIG: 10:50:49 :  Invalid Param: DDR3_tRFC ==> 160000
MIG: 10:50:49 :  Invalid Param: DDR3_tRP ==> 13500
MIG: 10:50:49 :  Invalid Param: DDR3_tRRD ==> 7500
MIG: 10:50:49 :  Invalid Param: DDR3_tRTP ==> 7500
MIG: 10:50:49 :  Invalid Param: DDR3_tWTR ==> 7500
MIG: 10:50:49 :  Invalid Param: DDR3_tZQI ==> 128_000_000
MIG: 10:50:49 :  Invalid Param: DDR3_tZQCS ==> 64
MIG: 10:50:49 :  Invalid Param: DDR3_SIM_BYPASS_INIT_CAL ==> "OFF"
MIG: 10:50:49 :  Invalid Param: DDR3_SIMULATION ==> "FALSE"
MIG: 10:50:49 :  Invalid Param: DDR3_BYTE_LANES_B0 ==> 4'b1111
MIG: 10:50:49 :  Invalid Param: DDR3_BYTE_LANES_B1 ==> 4'b0000
MIG: 10:50:49 :  Invalid Param: DDR3_BYTE_LANES_B2 ==> 4'b0000
MIG: 10:50:49 :  Invalid Param: DDR3_BYTE_LANES_B3 ==> 4'b0000
MIG: 10:50:49 :  Invalid Param: DDR3_BYTE_LANES_B4 ==> 4'b0000
MIG: 10:50:49 :  Invalid Param: DDR3_DATA_CTL_B0 ==> 4'b1100
MIG: 10:50:49 :  Invalid Param: DDR3_DATA_CTL_B1 ==> 4'b0000
MIG: 10:50:49 :  Invalid Param: DDR3_DATA_CTL_B2 ==> 4'b0000
MIG: 10:50:49 :  Invalid Param: DDR3_DATA_CTL_B3 ==> 4'b0000
MIG: 10:50:49 :  Invalid Param: DDR3_DATA_CTL_B4 ==> 4'b0000
MIG: 10:50:49 :  Invalid Param: DDR3_PHY_0_BITLANES ==> 48'h3FE_3FE_FFF_BFF
MIG: 10:50:49 :  Invalid Param: DDR3_PHY_1_BITLANES ==> 48'h000_000_000_000
MIG: 10:50:49 :  Invalid Param: DDR3_PHY_2_BITLANES ==> 48'h000_000_000_000
MIG: 10:50:49 :  Invalid Param: DDR3_CK_BYTE_MAP ==> 144'h00_00_00_00_00_00_00_00_00_00_00_00_00_00_00_00_00_00
MIG: 10:50:49 :  Invalid Param: DDR3_ADDR_MAP ==> 192'h000_000_000_002_004_009_007_001_005_006_003_010_012_014_011_01A
MIG: 10:50:49 :  Invalid Param: DDR3_BANK_MAP ==> 36'h01B_017_013
MIG: 10:50:49 :  Invalid Param: DDR3_CAS_MAP ==> 12'h015
MIG: 10:50:49 :  Invalid Param: DDR3_CKE_ODT_BYTE_MAP ==> 8'h00
MIG: 10:50:49 :  Invalid Param: DDR3_CKE_MAP ==> 96'h000_000_000_000_000_000_000_019
MIG: 10:50:49 :  Invalid Param: DDR3_ODT_MAP ==> 96'h000_000_000_000_000_000_000_008
MIG: 10:50:49 :  Invalid Param: DDR3_CS_MAP ==> 120'h000_000_000_000_000_000_000_000_000_00B
MIG: 10:50:49 :  Invalid Param: DDR3_PARITY_MAP ==> 12'h000
MIG: 10:50:49 :  Invalid Param: DDR3_RAS_MAP ==> 12'h016
MIG: 10:50:49 :  Invalid Param: DDR3_WE_MAP ==> 12'h018
MIG: 10:50:49 :  Invalid Param: DDR3_DQS_BYTE_MAP ==> 144'h00_00_00_00_00_00_00_00_00_00_00_00_00_00_00_00_02_03
MIG: 10:50:49 :  Invalid Param: DDR3_DATA0_MAP ==> 96'h034_032_038_035_031_037_036_033
MIG: 10:50:49 :  Invalid Param: DDR3_DATA1_MAP ==> 96'h023_026_022_028_025_027_021_024
MIG: 10:50:49 :  Invalid Param: DDR3_DATA2_MAP ==> 96'h000_000_000_000_000_000_000_000
MIG: 10:50:49 :  Invalid Param: DDR3_DATA3_MAP ==> 96'h000_000_000_000_000_000_000_000
MIG: 10:50:49 :  Invalid Param: DDR3_DATA4_MAP ==> 96'h000_000_000_000_000_000_000_000
MIG: 10:50:49 :  Invalid Param: DDR3_DATA5_MAP ==> 96'h000_000_000_000_000_000_000_000
MIG: 10:50:49 :  Invalid Param: DDR3_DATA6_MAP ==> 96'h000_000_000_000_000_000_000_000
MIG: 10:50:49 :  Invalid Param: DDR3_DATA7_MAP ==> 96'h000_000_000_000_000_000_000_000
MIG: 10:50:49 :  Invalid Param: DDR3_DATA8_MAP ==> 96'h000_000_000_000_000_000_000_000
MIG: 10:50:49 :  Invalid Param: DDR3_DATA9_MAP ==> 96'h000_000_000_000_000_000_000_000
MIG: 10:50:49 :  Invalid Param: DDR3_DATA10_MAP ==> 96'h000_000_000_000_000_000_000_000
MIG: 10:50:49 :  Invalid Param: DDR3_DATA11_MAP ==> 96'h000_000_000_000_000_000_000_000
MIG: 10:50:49 :  Invalid Param: DDR3_DATA12_MAP ==> 96'h000_000_000_000_000_000_000_000
MIG: 10:50:49 :  Invalid Param: DDR3_DATA13_MAP ==> 96'h000_000_000_000_000_000_000_000
MIG: 10:50:49 :  Invalid Param: DDR3_DATA14_MAP ==> 96'h000_000_000_000_000_000_000_000
MIG: 10:50:49 :  Invalid Param: DDR3_DATA15_MAP ==> 96'h000_000_000_000_000_000_000_000
MIG: 10:50:49 :  Invalid Param: DDR3_DATA16_MAP ==> 96'h000_000_000_000_000_000_000_000
MIG: 10:50:49 :  Invalid Param: DDR3_DATA17_MAP ==> 96'h000_000_000_000_000_000_000_000
MIG: 10:50:49 :  Invalid Param: DDR3_MASK0_MAP ==> 108'h000_000_000_000_000_000_000_029_039
MIG: 10:50:49 :  Invalid Param: DDR3_MASK1_MAP ==> 108'h000_000_000_000_000_000_000_000_000
MIG: 10:50:49 :  Invalid Param: DDR3_SLOT_0_CONFIG ==> 8'b0000_0001
MIG: 10:50:49 :  Invalid Param: DDR3_SLOT_1_CONFIG ==> 8'b0000_0000
MIG: 10:50:49 :  Invalid Param: DDR3_IBUF_LPWR_MODE ==> "OFF"
MIG: 10:50:49 :  Invalid Param: DDR3_DATA_IO_IDLE_PWRDWN ==> "ON"
MIG: 10:50:49 :  Invalid Param: DDR3_BANK_TYPE ==> "HR_IO"
MIG: 10:50:49 :  Invalid Param: DDR3_DATA_IO_PRIM_TYPE ==> "HR_LP"
MIG: 10:50:49 :  Invalid Param: DDR3_CKE_ODT_AUX ==> "FALSE"
MIG: 10:50:49 :  Invalid Param: DDR3_USER_REFRESH ==> "OFF"
MIG: 10:50:49 :  Invalid Param: DDR3_WRLVL ==> "ON"
MIG: 10:50:49 :  Invalid Param: DDR3_ORDERING ==> "NORM"
MIG: 10:50:49 :  Invalid Param: DDR3_CALIB_ROW_ADD ==> 16'h0000
MIG: 10:50:49 :  Invalid Param: DDR3_CALIB_COL_ADD ==> 12'h000
MIG: 10:50:49 :  Invalid Param: DDR3_CALIB_BA_ADD ==> 3'h0
MIG: 10:50:49 :  Invalid Param: DDR3_TCQ ==> 100
MIG: 10:50:49 :  Invalid Param: DDR3_IDELAY_ADJ ==> "OFF"
MIG: 10:50:49 :  Invalid Param: DDR3_FINE_PER_BIT ==> "OFF"
MIG: 10:50:49 :  Invalid Param: DDR3_CENTER_COMP_MODE ==> "OFF"
MIG: 10:50:49 :  Invalid Param: DDR3_PI_VAL_ADJ ==> "OFF"
MIG: 10:50:49 :  Invalid Param: DDR3_IODELAY_GRP0 ==> "ARTY_LINUX_P1_MIG_7SERIES_0_0_IODELAY_MIG0"
MIG: 10:50:49 :  Invalid Param: DDR3_IODELAY_GRP1 ==> "ARTY_LINUX_P1_MIG_7SERIES_0_0_IODELAY_MIG1"
MIG: 10:50:49 :  Invalid Param: DDR3_SYSCLK_TYPE ==> "NO_BUFFER"
MIG: 10:50:49 :  Invalid Param: DDR3_REFCLK_TYPE ==> "NO_BUFFER"
MIG: 10:50:49 :  Invalid Param: DDR3_SYS_RST_PORT ==> "FALSE"
MIG: 10:50:49 :  Invalid Param: DDR3_FPGA_SPEED_GRADE ==> 1
MIG: 10:50:49 :  Invalid Param: DDR3_CMD_PIPE_PLUS1 ==> "ON"
MIG: 10:50:49 :  Invalid Param: DDR3_DRAM_TYPE ==> "DDR3"
MIG: 10:50:49 :  Invalid Param: DDR3_CAL_WIDTH ==> "HALF"
MIG: 10:50:49 :  Invalid Param: DDR3_STARVE_LIMIT ==> 2
MIG: 10:50:49 :  Invalid Param: DDR3_REF_CLK_MMCM_IODELAY_CTRL ==> "FALSE"
MIG: 10:50:49 :  Invalid Param: DDR3_REFCLK_FREQ ==> 200.0
MIG: 10:50:49 :  Invalid Param: DDR3_DIFF_TERM_REFCLK ==> "TRUE"
MIG: 10:50:49 :  Invalid Param: DDR3_tCK ==> 3000
MIG: 10:50:49 : 4
MIG: 10:50:49 :  Valid Param: DDR3_nCK_PER_CLK ==> 4
MIG: 10:50:49 :  Invalid Param: DDR3_DIFF_TERM_SYSCLK ==> "TRUE"
MIG: 10:50:49 : 
MIG: 10:50:49 :  Valid Param: UI_EXTRA_CLOCKS ==> FALSE
MIG: 10:50:49 : 
MIG: 10:50:49 :  Valid Param: C_S_AXI_ID_WIDTH ==> 4
MIG: 10:50:49 : 268435456
MIG: 10:50:49 :  Valid Param: C_S_AXI_MEM_SIZE ==> 268435456
MIG: 10:50:49 : 28
MIG: 10:50:49 :  Valid Param: C_S_AXI_ADDR_WIDTH ==> 28
MIG: 10:50:49 : 128
MIG: 10:50:49 :  Valid Param: C_S_AXI_DATA_WIDTH ==> 128
MIG: 10:50:49 :  Invalid Param: DDR3_C_MC_nCK_PER_CLK ==> 4
MIG: 10:50:49 :  Invalid Param: C_S_AXI_SUPPORTS_NARROW_BURST ==> 0
MIG: 10:50:49 :  Invalid Param: DDR3_C_RD_WR_ARB_ALGORITHM ==> "RD_PRI_REG"
MIG: 10:50:49 :  Invalid Param: C_S_AXI_REG_EN0 ==> 20'h00000
MIG: 10:50:49 :  Invalid Param: C_S_AXI_REG_EN1 ==> 20'h00000
MIG: 10:50:49 : 
MIG: 10:50:49 :  Valid Param: C_S_AXI_CTRL_ADDR_WIDTH ==> 32
MIG: 10:50:49 : 
MIG: 10:50:49 :  Valid Param: C_S_AXI_CTRL_DATA_WIDTH ==> 32
MIG: 10:50:49 :  Invalid Param: C_S_AXI_BASEADDR ==> 32'h0000_0000
MIG: 10:50:49 :  Invalid Param: C_ECC_ONOFF_RESET_VALUE ==> 1
MIG: 10:50:49 :  Invalid Param: C_ECC_CE_COUNTER_WIDTH ==> 8
MIG: 10:50:49 : 
MIG: 10:50:49 :  Valid Param: DDR3_DEBUG_PORT ==> OFF
MIG: 10:50:49 : 
MIG: 10:50:49 :  Invalid Param: DDR3_TEMP_MON_CONTROL ==> "INTERNAL"
MIG: 10:50:49 :  Invalid Param: DDR3_FPGA_VOLT_TYPE ==> "N"
MIG: 10:50:49 :  Invalid Param: DDR3_RST_ACT_LOW ==> 1
MIG: 10:50:49 : NOBUF
MIG: 10:50:49 : NOBUF
MIG: 10:50:49 : 
MIG: 10:50:49 : Same Interface
MIG: 10:52:02 : xml_input_file: board.prj
MIG: 10:52:02 : Absolute path of xml_input_file: /home/ramprasad/arty_projects_10-7-2017/arty_linux/arty_linux.srcs/sources_1/bd/arty_linux_p1/ip/arty_linux_p1_mig_7series_0_0/board.prj
MIG: 10:52:02 : In updateAllModelParams
MIG: 10:52:02 : IGN:     <ModuleName>design_1_mig_7series_0_0</ModuleName> <==>     <ModuleName>arty_linux_p1_mig_7series_0_0</ModuleName> 
MIG: 10:52:02 : ERR:     <Version>2.3</Version> <==>     <Version>4.0</Version> 
MIG: 10:52:02 : ################# RUNNING MIG BATCH ###################
MIG: 10:52:02 : Writing IN file for 'arty_linux_p1_mig_7series_0_0'...compDirPath: /opt/Xilinx/Vivado/2017.2/data/ip/xilinx/mig_7series_v4_0... instDirPath: /home/ramprasad/arty_projects_10-7-2017/arty_linux/arty_linux.srcs/sources_1/bd/arty_linux_p1/ip/arty_linux_p1_mig_7series_0_0
MIG: 10:52:02 : synp_flow:  -- synthesis_mode: Other
MIG: 10:52:02 : outputDirectory: /home/ramprasad/arty_projects_10-7-2017/arty_linux/arty_linux.srcs/sources_1/bd/arty_linux_p1/ip/arty_linux_p1_mig_7series_0_0/_tmp/
MIG: 10:52:02 : vivado_mode: xpg_bd
MIG: 10:52:02 : isPortInterface: 0
MIG: 10:52:02 : isPortInterface: 0
MIG: 10:52:02 : isPortInterface: 0
MIG: 10:52:02 : isPortInterface: 0
MIG: 10:52:02 : isPortInterface: 0
MIG: 10:52:02 : isPortInterface: 0
MIG: 10:52:02 : isPortInterface: 0
MIG: 10:52:02 : isPortInterface: 0
MIG: 10:52:02 : isPortInterface: 0
MIG: 10:52:02 : isPortInterface: 0
MIG: 10:52:02 : isPortInterface: 0
MIG: 10:52:02 : isPortInterface: 0
MIG: 10:52:02 : isPortInterface: 0
MIG: 10:52:02 : isPortInterface: 0
MIG: 10:52:02 : isPortInterface: 0
MIG: 10:52:02 : isPortInterface: 0
MIG: 10:52:02 : isPortInterface: 0
MIG: 10:52:02 : isPortInterface: 0
MIG: 10:52:02 : isPortInterface: 0
MIG: 10:52:02 : isPortInterface: 0
MIG: 10:52:02 : isPortInterface: 0
MIG: 10:52:02 : isPortInterface: 0
MIG: 10:52:02 : isPortInterface: 0
MIG: 10:52:02 : isPortInterface: 0
MIG: 10:52:02 : isPortInterface: 0
MIG: 10:52:02 : isPortInterface: 0
MIG: 10:52:02 : isPortInterface: 0
MIG: 10:52:02 : isPortInterface: 0
MIG: 10:52:02 : isPortInterface: 0
MIG: 10:52:02 : isPortInterface: 0
MIG: 10:52:02 : isPortInterface: 0
MIG: 10:52:02 : isPortInterface: 0
MIG: 10:52:02 : isPortInterface: 0
MIG: 10:52:02 : isPortInterface: 0
MIG: 10:52:02 : isPortInterface: 0
MIG: 10:52:02 : isPortInterface: 0
MIG: 10:52:02 : isPortInterface: 0
MIG: 10:52:02 : isPortInterface: 0
MIG: 10:52:02 : isPortInterface: 0
MIG: 10:52:02 : isPortInterface: 0
MIG: 10:52:02 : isPortInterface: 0
MIG: 10:52:02 : isPortInterface: 0
MIG: 10:52:02 : isPortInterface: 0
MIG: 10:52:02 : isPortInterface: 0
MIG: 10:52:02 : isPortInterface: 0
MIG: 10:52:02 : isPortInterface: 0
MIG: 10:52:02 : isPortInterface: 0
MIG: 10:52:02 : isPortInterface: 0
MIG: 10:52:02 : isPortInterface: 0
MIG: 10:52:02 : isPortInterface: 0
MIG: 10:52:02 : isPortInterface: 0
MIG: 10:52:02 : isPortInterface: 0
MIG: 10:52:02 : isPortInterface: 0
MIG: 10:52:02 : isPortInterface: 0
MIG: 10:52:02 : isPortInterface: 0
MIG: 10:52:02 : isPortInterface: 0
MIG: 10:52:02 : isPortInterface: 0
MIG: 10:52:02 : isPortInterface: 0
MIG: 10:52:02 : isPortInterface: 0
MIG: 10:52:02 : isPortInterface: 0
MIG: 10:52:02 : isPortInterface: 0
MIG: 10:52:02 : isPortInterface: 0
MIG: 10:52:02 : isPortInterface: 0
MIG: 10:52:02 : isPortInterface: 0
MIG: 10:52:02 : isPortInterface: 0
MIG: 10:52:02 : isPortInterface: 0
MIG: 10:52:02 : isPortInterface: 0
MIG: 10:52:02 : isPortInterface: 0
MIG: 10:52:02 : isPortInterface: 0
MIG: 10:52:02 : isPortInterface: 0
MIG: 10:52:02 : isPortInterface: 0
MIG: 10:52:02 : isPortInterface: 0
MIG: 10:52:02 : isPortInterface: 0
MIG: 10:52:02 : isPortInterface: 0
MIG: 10:52:02 : isPortInterface: 0
MIG: 10:52:02 : isPortInterface: 0
MIG: 10:52:02 : isPortInterface: 0
MIG: 10:52:02 : isPortInterface: 0
MIG: 10:52:02 : isPortInterface: 0
MIG: 10:52:02 : isPortInterface: 0
MIG: 10:52:02 : isPortInterface: 0
MIG: 10:52:02 : isPortInterface: 0
MIG: 10:52:02 : isPortInterface: 0
MIG: 10:52:02 : isPortInterface: 0
MIG: 10:52:02 : isPortInterface: 0
MIG: 10:52:02 : isPortInterface: 0
MIG: 10:52:02 : isPortInterface: 0
MIG: 10:52:02 : isPortInterface: 0
MIG: 10:52:02 : isPortInterface: 0
MIG: 10:52:02 : isPortInterface: 0
MIG: 10:52:02 : isPortInterface: 0
MIG: 10:52:02 : isPortInterface: 0
MIG: 10:52:02 : isPortInterface: 0
MIG: 10:52:02 : isPortInterface: 0
MIG: 10:52:02 : isPortInterface: 0
MIG: 10:52:02 : isPortInterface: 0
MIG: 10:52:02 : isPortInterface: 0
MIG: 10:52:02 : isPortInterface: 0
MIG: 10:52:02 : isPortInterface: 0
MIG: 10:52:02 : isPortInterface: 0
MIG: 10:52:02 : isPortInterface: 0
MIG: 10:52:02 : isPortInterface: 0
MIG: 10:52:02 : isPortInterface: 0
MIG: 10:52:02 : isPortInterface: 0
MIG: 10:52:02 : isPortInterface: 0
MIG: 10:52:02 : isPortInterface: 0
MIG: 10:52:02 : isPortInterface: 0
MIG: 10:52:02 : isPortInterface: 0
MIG: 10:52:02 : isPortInterface: 0
MIG: 10:52:02 : isPortInterface: 0
MIG: 10:52:02 : isPortInterface: 0
MIG: 10:52:02 : isPortInterface: 0
MIG: 10:52:02 : isPortInterface: 0
MIG: 10:52:02 : isPortInterface: 0
MIG: 10:52:02 : isPortInterface: 0
MIG: 10:52:02 : isPortInterface: 0
MIG: 10:52:02 : isPortInterface: 0
MIG: 10:52:02 : isPortInterface: 0
MIG: 10:52:02 : isPortInterface: 0
MIG: 10:52:02 : isPortInterface: 0
MIG: 10:52:02 : isPortInterface: 0
MIG: 10:52:02 : isPortInterface: 0
MIG: 10:52:02 : isPortInterface: 0
MIG: 10:52:02 : isPortInterface: 1
MIG: 10:52:02 : isPortInterface: 0
MIG: 10:52:02 : isPortInterface: 0
MIG: 10:52:02 : isPortInterface: 0
MIG: 10:52:02 : isPortInterface: 0
MIG: 10:52:02 : isPortInterface: 0
MIG: 10:52:02 : isPortInterface: 0
MIG: 10:52:02 : isPortInterface: 0
MIG: 10:52:02 : isPortInterface: 0
MIG: 10:52:02 : isPortInterface: 0
MIG: 10:52:02 : isPortInterface: 0
MIG: 10:52:02 :  locked false  
MIG: 10:52:02 : HDL Language: Verilog
MIG: 10:52:02 : compInfo: true
MIG: 10:52:02 : Vivado Options xc7a35ti csg324 -1l
MIG: 10:52:02 : 1: xc7a35ti 2: csg324 3: -1l
MIG: 10:52:02 : relative mig path: coregen/ip/xilinx/other/com/xilinx/ip/mig_7series_v4_0/bin/lin64/mig
MIG: 10:52:02 : xilinx_path: /opt/Xilinx/Vivado/2017.2/ids_lite/ISE
MIG: 10:52:02 : I am in catch area
MIG: 10:52:02 : Running /opt/Xilinx/Vivado/2017.2/ids_lite/ISE/coregen/ip/xilinx/other/com/xilinx/ip/mig_7series_v4_0/bin/lin64/mig -cg_exc_inp /home/ramprasad/arty_projects_10-7-2017/arty_linux/arty_linux.srcs/sources_1/bd/arty_linux_p1/ip/arty_linux_p1_mig_7series_0_0/xil_txt.in -cg_exc_out /home/ramprasad/arty_projects_10-7-2017/arty_linux/arty_linux.srcs/sources_1/bd/arty_linux_p1/ip/arty_linux_p1_mig_7series_0_0/xil_txt.out ... 
MIG: 10:52:12 : XML_INPUT_FILE: /home/ramprasad/arty_projects_10-7-2017/arty_linux/arty_linux.srcs/sources_1/bd/arty_linux_p1/ip/arty_linux_p1_mig_7series_0_0/board.prj
MIG: 10:52:12 : Component_Name: arty_linux_p1_mig_7series_0_0
MIG: 10:52:12 : Moving arty_linux_p1_mig_7series_0_0 ...
MIG: 10:52:12 : Moving arty_linux_p1_mig_7series_0_0_xmdf.tcl ...
MIG: 10:52:12 : Moving arty_linux_p1_mig_7series_0_0.veo ...
MIG: 10:52:12 : XGUI hdlLanguage: Verilog
MIG: 10:52:12 : xgui vivado_mode: xpg_bd
MIG: 10:52:12 : xgui hdlLanguage: Verilog -- hdlExt: v
MIG: 10:52:12 : Reading /home/ramprasad/arty_projects_10-7-2017/arty_linux/arty_linux.srcs/sources_1/bd/arty_linux_p1/ip/arty_linux_p1_mig_7series_0_0/arty_linux_p1_mig_7series_0_0/user_design/rtl/arty_linux_p1_mig_7series_0_0_mig.v ...
MIG: 10:52:13 : 
MIG: 10:52:13 : Inside fn mem: DDR3
MIG: 10:52:13 : detect_uiclk: 83333333
MIG: 10:52:13 : cntrl:  memtype: DDR3
MIG: 10:52:13 : 
MIG: 10:52:13 :  MMCM_VCO single ctrl param_name: MMCM_VCO --  possibleMaxVcoVal: 666 
MIG: 10:52:13 : 
MIG: 10:52:13 : 
MIG: 10:52:13 : 
MIG: 10:52:13 : 
MIG: 10:52:13 :  polarity_value: 1
MIG: 10:52:13 : 
MIG: 10:52:13 : 
MIG: 10:52:13 : cntrl:  memtype: DDR3
MIG: 10:52:13 : 
MIG: 10:52:13 :  Valid Param: DDR3_BANK_WIDTH ==> 3
MIG: 10:52:13 : 
MIG: 10:52:13 :  Valid Param: DDR3_CK_WIDTH ==> 1
MIG: 10:52:13 :  Invalid Param: DDR3_COL_WIDTH ==> 10
MIG: 10:52:13 : 
MIG: 10:52:13 :  Valid Param: DDR3_CS_WIDTH ==> 1
MIG: 10:52:13 : 
MIG: 10:52:13 :  Valid Param: DDR3_nCS_PER_RANK ==> 1
MIG: 10:52:13 : 
MIG: 10:52:13 :  Valid Param: DDR3_CKE_WIDTH ==> 1
MIG: 10:52:13 :  Invalid Param: DDR3_DATA_BUF_ADDR_WIDTH ==> 5
MIG: 10:52:13 :  Invalid Param: DDR3_DQ_CNT_WIDTH ==> 4
MIG: 10:52:13 :  Invalid Param: DDR3_DQ_PER_DM ==> 8
MIG: 10:52:13 : 
MIG: 10:52:13 :  Valid Param: DDR3_DM_WIDTH ==> 2
MIG: 10:52:13 : 
MIG: 10:52:13 :  Valid Param: DDR3_DQ_WIDTH ==> 16
MIG: 10:52:13 : 
MIG: 10:52:13 :  Valid Param: DDR3_DQS_WIDTH ==> 2
MIG: 10:52:13 : 
MIG: 10:52:13 :  Valid Param: DDR3_DQS_CNT_WIDTH ==> 1
MIG: 10:52:13 :  Invalid Param: DDR3_DRAM_WIDTH ==> 8
MIG: 10:52:13 : 
MIG: 10:52:13 :  Valid Param: ECC ==> OFF
MIG: 10:52:13 : 
MIG: 10:52:13 :  Valid Param: DDR3_DATA_WIDTH ==> 16
MIG: 10:52:13 :  Invalid Param: ECC_TEST ==> "OFF"
MIG: 10:52:13 :  Invalid Param: DDR3_PAYLOAD_WIDTH ==> (ECC_TEST == "OFF") ? DATA_WIDTH : DQ_WIDTH
MIG: 10:52:13 :  Invalid Param: DDR3_MEM_ADDR_ORDER ==> "BANK_ROW_COLUMN"
MIG: 10:52:13 :  Invalid Param: DDR3_nBANK_MACHS ==> 4
MIG: 10:52:13 :  Invalid Param: DDR3_RANKS ==> 1
MIG: 10:52:13 : 
MIG: 10:52:13 :  Valid Param: DDR3_ODT_WIDTH ==> 1
MIG: 10:52:13 : 
MIG: 10:52:13 :  Valid Param: DDR3_ROW_WIDTH ==> 14
MIG: 10:52:13 : 
MIG: 10:52:13 :  Valid Param: DDR3_ADDR_WIDTH ==> 28
MIG: 10:52:13 : 
MIG: 10:52:13 :  Valid Param: DDR3_USE_CS_PORT ==> 1
MIG: 10:52:13 : 
MIG: 10:52:13 :  Valid Param: DDR3_USE_DM_PORT ==> 1
MIG: 10:52:13 : 
MIG: 10:52:13 :  Valid Param: DDR3_USE_ODT_PORT ==> 1
MIG: 10:52:13 :  Invalid Param: DDR3_IS_CLK_SHARED ==> "FALSE"
MIG: 10:52:13 :  Invalid Param: DDR3_PHY_CONTROL_MASTER_BANK ==> 0
MIG: 10:52:13 :  Invalid Param: DDR3_MEM_DENSITY ==> "2Gb"
MIG: 10:52:13 :  Invalid Param: DDR3_MEM_SPEEDGRADE ==> "15E"
MIG: 10:52:13 :  Invalid Param: DDR3_MEM_DEVICE_WIDTH ==> 16
MIG: 10:52:13 :  Invalid Param: DDR3_AL ==> "0"
MIG: 10:52:13 :  Invalid Param: DDR3_nAL ==> 0
MIG: 10:52:13 :  Invalid Param: DDR3_BURST_MODE ==> "8"
MIG: 10:52:13 :  Invalid Param: DDR3_BURST_TYPE ==> "SEQ"
MIG: 10:52:13 :  Invalid Param: DDR3_CL ==> 5
MIG: 10:52:13 :  Invalid Param: DDR3_CWL ==> 5
MIG: 10:52:13 :  Invalid Param: DDR3_OUTPUT_DRV ==> "LOW"
MIG: 10:52:13 :  Invalid Param: DDR3_RTT_NOM ==> "40"
MIG: 10:52:13 :  Invalid Param: DDR3_RTT_WR ==> "OFF"
MIG: 10:52:13 :  Invalid Param: DDR3_ADDR_CMD_MODE ==> "1T"
MIG: 10:52:13 : 
MIG: 10:52:13 :  Valid Param: DDR3_REG_CTRL ==> OFF
MIG: 10:52:13 :  Invalid Param: DDR3_CA_MIRROR ==> "OFF"
MIG: 10:52:13 :  Invalid Param: DDR3_VDD_OP_VOLT ==> "135"
MIG: 10:52:13 :  Invalid Param: DDR3_CLKIN_PERIOD ==> 6000
MIG: 10:52:13 :  Invalid Param: DDR3_CLKFBOUT_MULT ==> 8
MIG: 10:52:13 :  Invalid Param: DDR3_DIVCLK_DIVIDE ==> 1
MIG: 10:52:13 :  Invalid Param: DDR3_CLKOUT0_PHASE ==> 0.0
MIG: 10:52:13 :  Invalid Param: DDR3_CLKOUT0_DIVIDE ==> 2
MIG: 10:52:13 :  Invalid Param: DDR3_CLKOUT1_DIVIDE ==> 4
MIG: 10:52:13 :  Invalid Param: DDR3_CLKOUT2_DIVIDE ==> 64
MIG: 10:52:13 :  Invalid Param: DDR3_CLKOUT3_DIVIDE ==> 16
MIG: 10:52:13 :  Invalid Param: DDR3_MMCM_VCO ==> 666
MIG: 10:52:13 :  Invalid Param: DDR3_MMCM_MULT_F ==> 8
MIG: 10:52:13 :  Invalid Param: DDR3_MMCM_DIVCLK_DIVIDE ==> 1
MIG: 10:52:13 :  Invalid Param: DDR3_tCKE ==> 5625
MIG: 10:52:13 :  Invalid Param: DDR3_tFAW ==> 45000
MIG: 10:52:13 :  Invalid Param: DDR3_tPRDI ==> 1_000_000
MIG: 10:52:13 :  Invalid Param: DDR3_tRAS ==> 36000
MIG: 10:52:13 :  Invalid Param: DDR3_tRCD ==> 13500
MIG: 10:52:13 :  Invalid Param: DDR3_tREFI ==> 7800000
MIG: 10:52:13 :  Invalid Param: DDR3_tRFC ==> 160000
MIG: 10:52:13 :  Invalid Param: DDR3_tRP ==> 13500
MIG: 10:52:13 :  Invalid Param: DDR3_tRRD ==> 7500
MIG: 10:52:13 :  Invalid Param: DDR3_tRTP ==> 7500
MIG: 10:52:13 :  Invalid Param: DDR3_tWTR ==> 7500
MIG: 10:52:13 :  Invalid Param: DDR3_tZQI ==> 128_000_000
MIG: 10:52:13 :  Invalid Param: DDR3_tZQCS ==> 64
MIG: 10:52:13 :  Invalid Param: DDR3_SIM_BYPASS_INIT_CAL ==> "OFF"
MIG: 10:52:13 :  Invalid Param: DDR3_SIMULATION ==> "FALSE"
MIG: 10:52:13 :  Invalid Param: DDR3_BYTE_LANES_B0 ==> 4'b1111
MIG: 10:52:13 :  Invalid Param: DDR3_BYTE_LANES_B1 ==> 4'b0000
MIG: 10:52:13 :  Invalid Param: DDR3_BYTE_LANES_B2 ==> 4'b0000
MIG: 10:52:13 :  Invalid Param: DDR3_BYTE_LANES_B3 ==> 4'b0000
MIG: 10:52:13 :  Invalid Param: DDR3_BYTE_LANES_B4 ==> 4'b0000
MIG: 10:52:13 :  Invalid Param: DDR3_DATA_CTL_B0 ==> 4'b1100
MIG: 10:52:13 :  Invalid Param: DDR3_DATA_CTL_B1 ==> 4'b0000
MIG: 10:52:13 :  Invalid Param: DDR3_DATA_CTL_B2 ==> 4'b0000
MIG: 10:52:13 :  Invalid Param: DDR3_DATA_CTL_B3 ==> 4'b0000
MIG: 10:52:13 :  Invalid Param: DDR3_DATA_CTL_B4 ==> 4'b0000
MIG: 10:52:13 :  Invalid Param: DDR3_PHY_0_BITLANES ==> 48'h3FE_3FE_FFF_BFF
MIG: 10:52:13 :  Invalid Param: DDR3_PHY_1_BITLANES ==> 48'h000_000_000_000
MIG: 10:52:13 :  Invalid Param: DDR3_PHY_2_BITLANES ==> 48'h000_000_000_000
MIG: 10:52:13 :  Invalid Param: DDR3_CK_BYTE_MAP ==> 144'h00_00_00_00_00_00_00_00_00_00_00_00_00_00_00_00_00_00
MIG: 10:52:13 :  Invalid Param: DDR3_ADDR_MAP ==> 192'h000_000_000_002_004_009_007_001_005_006_003_010_012_014_011_01A
MIG: 10:52:13 :  Invalid Param: DDR3_BANK_MAP ==> 36'h01B_017_013
MIG: 10:52:13 :  Invalid Param: DDR3_CAS_MAP ==> 12'h015
MIG: 10:52:13 :  Invalid Param: DDR3_CKE_ODT_BYTE_MAP ==> 8'h00
MIG: 10:52:13 :  Invalid Param: DDR3_CKE_MAP ==> 96'h000_000_000_000_000_000_000_019
MIG: 10:52:13 :  Invalid Param: DDR3_ODT_MAP ==> 96'h000_000_000_000_000_000_000_008
MIG: 10:52:13 :  Invalid Param: DDR3_CS_MAP ==> 120'h000_000_000_000_000_000_000_000_000_00B
MIG: 10:52:13 :  Invalid Param: DDR3_PARITY_MAP ==> 12'h000
MIG: 10:52:13 :  Invalid Param: DDR3_RAS_MAP ==> 12'h016
MIG: 10:52:13 :  Invalid Param: DDR3_WE_MAP ==> 12'h018
MIG: 10:52:13 :  Invalid Param: DDR3_DQS_BYTE_MAP ==> 144'h00_00_00_00_00_00_00_00_00_00_00_00_00_00_00_00_02_03
MIG: 10:52:13 :  Invalid Param: DDR3_DATA0_MAP ==> 96'h034_032_038_035_031_037_036_033
MIG: 10:52:13 :  Invalid Param: DDR3_DATA1_MAP ==> 96'h023_026_022_028_025_027_021_024
MIG: 10:52:13 :  Invalid Param: DDR3_DATA2_MAP ==> 96'h000_000_000_000_000_000_000_000
MIG: 10:52:13 :  Invalid Param: DDR3_DATA3_MAP ==> 96'h000_000_000_000_000_000_000_000
MIG: 10:52:13 :  Invalid Param: DDR3_DATA4_MAP ==> 96'h000_000_000_000_000_000_000_000
MIG: 10:52:13 :  Invalid Param: DDR3_DATA5_MAP ==> 96'h000_000_000_000_000_000_000_000
MIG: 10:52:13 :  Invalid Param: DDR3_DATA6_MAP ==> 96'h000_000_000_000_000_000_000_000
MIG: 10:52:13 :  Invalid Param: DDR3_DATA7_MAP ==> 96'h000_000_000_000_000_000_000_000
MIG: 10:52:13 :  Invalid Param: DDR3_DATA8_MAP ==> 96'h000_000_000_000_000_000_000_000
MIG: 10:52:13 :  Invalid Param: DDR3_DATA9_MAP ==> 96'h000_000_000_000_000_000_000_000
MIG: 10:52:13 :  Invalid Param: DDR3_DATA10_MAP ==> 96'h000_000_000_000_000_000_000_000
MIG: 10:52:13 :  Invalid Param: DDR3_DATA11_MAP ==> 96'h000_000_000_000_000_000_000_000
MIG: 10:52:13 :  Invalid Param: DDR3_DATA12_MAP ==> 96'h000_000_000_000_000_000_000_000
MIG: 10:52:13 :  Invalid Param: DDR3_DATA13_MAP ==> 96'h000_000_000_000_000_000_000_000
MIG: 10:52:13 :  Invalid Param: DDR3_DATA14_MAP ==> 96'h000_000_000_000_000_000_000_000
MIG: 10:52:13 :  Invalid Param: DDR3_DATA15_MAP ==> 96'h000_000_000_000_000_000_000_000
MIG: 10:52:13 :  Invalid Param: DDR3_DATA16_MAP ==> 96'h000_000_000_000_000_000_000_000
MIG: 10:52:13 :  Invalid Param: DDR3_DATA17_MAP ==> 96'h000_000_000_000_000_000_000_000
MIG: 10:52:13 :  Invalid Param: DDR3_MASK0_MAP ==> 108'h000_000_000_000_000_000_000_029_039
MIG: 10:52:13 :  Invalid Param: DDR3_MASK1_MAP ==> 108'h000_000_000_000_000_000_000_000_000
MIG: 10:52:13 :  Invalid Param: DDR3_SLOT_0_CONFIG ==> 8'b0000_0001
MIG: 10:52:13 :  Invalid Param: DDR3_SLOT_1_CONFIG ==> 8'b0000_0000
MIG: 10:52:13 :  Invalid Param: DDR3_IBUF_LPWR_MODE ==> "OFF"
MIG: 10:52:13 :  Invalid Param: DDR3_DATA_IO_IDLE_PWRDWN ==> "ON"
MIG: 10:52:13 :  Invalid Param: DDR3_BANK_TYPE ==> "HR_IO"
MIG: 10:52:13 :  Invalid Param: DDR3_DATA_IO_PRIM_TYPE ==> "HR_LP"
MIG: 10:52:13 :  Invalid Param: DDR3_CKE_ODT_AUX ==> "FALSE"
MIG: 10:52:13 :  Invalid Param: DDR3_USER_REFRESH ==> "OFF"
MIG: 10:52:13 :  Invalid Param: DDR3_WRLVL ==> "ON"
MIG: 10:52:13 :  Invalid Param: DDR3_ORDERING ==> "NORM"
MIG: 10:52:13 :  Invalid Param: DDR3_CALIB_ROW_ADD ==> 16'h0000
MIG: 10:52:13 :  Invalid Param: DDR3_CALIB_COL_ADD ==> 12'h000
MIG: 10:52:13 :  Invalid Param: DDR3_CALIB_BA_ADD ==> 3'h0
MIG: 10:52:13 :  Invalid Param: DDR3_TCQ ==> 100
MIG: 10:52:13 :  Invalid Param: DDR3_IDELAY_ADJ ==> "OFF"
MIG: 10:52:13 :  Invalid Param: DDR3_FINE_PER_BIT ==> "OFF"
MIG: 10:52:13 :  Invalid Param: DDR3_CENTER_COMP_MODE ==> "OFF"
MIG: 10:52:13 :  Invalid Param: DDR3_PI_VAL_ADJ ==> "OFF"
MIG: 10:52:13 :  Invalid Param: DDR3_IODELAY_GRP0 ==> "ARTY_LINUX_P1_MIG_7SERIES_0_0_IODELAY_MIG0"
MIG: 10:52:13 :  Invalid Param: DDR3_IODELAY_GRP1 ==> "ARTY_LINUX_P1_MIG_7SERIES_0_0_IODELAY_MIG1"
MIG: 10:52:13 :  Invalid Param: DDR3_SYSCLK_TYPE ==> "NO_BUFFER"
MIG: 10:52:13 :  Invalid Param: DDR3_REFCLK_TYPE ==> "NO_BUFFER"
MIG: 10:52:13 :  Invalid Param: DDR3_SYS_RST_PORT ==> "FALSE"
MIG: 10:52:13 :  Invalid Param: DDR3_FPGA_SPEED_GRADE ==> 1
MIG: 10:52:13 :  Invalid Param: DDR3_CMD_PIPE_PLUS1 ==> "ON"
MIG: 10:52:13 :  Invalid Param: DDR3_DRAM_TYPE ==> "DDR3"
MIG: 10:52:13 :  Invalid Param: DDR3_CAL_WIDTH ==> "HALF"
MIG: 10:52:13 :  Invalid Param: DDR3_STARVE_LIMIT ==> 2
MIG: 10:52:13 :  Invalid Param: DDR3_REF_CLK_MMCM_IODELAY_CTRL ==> "FALSE"
MIG: 10:52:13 :  Invalid Param: DDR3_REFCLK_FREQ ==> 200.0
MIG: 10:52:13 :  Invalid Param: DDR3_DIFF_TERM_REFCLK ==> "TRUE"
MIG: 10:52:13 :  Invalid Param: DDR3_tCK ==> 3000
MIG: 10:52:13 : 
MIG: 10:52:13 :  Valid Param: DDR3_nCK_PER_CLK ==> 4
MIG: 10:52:13 :  Invalid Param: DDR3_DIFF_TERM_SYSCLK ==> "TRUE"
MIG: 10:52:13 : 
MIG: 10:52:13 :  Valid Param: UI_EXTRA_CLOCKS ==> FALSE
MIG: 10:52:13 : 
MIG: 10:52:13 :  Valid Param: C_S_AXI_ID_WIDTH ==> 4
MIG: 10:52:13 : 
MIG: 10:52:13 :  Valid Param: C_S_AXI_MEM_SIZE ==> 268435456
MIG: 10:52:13 : 
MIG: 10:52:13 :  Valid Param: C_S_AXI_ADDR_WIDTH ==> 28
MIG: 10:52:13 : 
MIG: 10:52:13 :  Valid Param: C_S_AXI_DATA_WIDTH ==> 128
MIG: 10:52:13 :  Invalid Param: DDR3_C_MC_nCK_PER_CLK ==> 4
MIG: 10:52:13 :  Invalid Param: C_S_AXI_SUPPORTS_NARROW_BURST ==> 0
MIG: 10:52:13 :  Invalid Param: DDR3_C_RD_WR_ARB_ALGORITHM ==> "RD_PRI_REG"
MIG: 10:52:13 :  Invalid Param: C_S_AXI_REG_EN0 ==> 20'h00000
MIG: 10:52:13 :  Invalid Param: C_S_AXI_REG_EN1 ==> 20'h00000
MIG: 10:52:13 : 
MIG: 10:52:13 :  Valid Param: C_S_AXI_CTRL_ADDR_WIDTH ==> 32
MIG: 10:52:13 : 
MIG: 10:52:13 :  Valid Param: C_S_AXI_CTRL_DATA_WIDTH ==> 32
MIG: 10:52:13 :  Invalid Param: C_S_AXI_BASEADDR ==> 32'h0000_0000
MIG: 10:52:13 :  Invalid Param: C_ECC_ONOFF_RESET_VALUE ==> 1
MIG: 10:52:13 :  Invalid Param: C_ECC_CE_COUNTER_WIDTH ==> 8
MIG: 10:52:13 : 
MIG: 10:52:13 :  Valid Param: DDR3_DEBUG_PORT ==> OFF
MIG: 10:52:13 : 
MIG: 10:52:13 :  Invalid Param: DDR3_TEMP_MON_CONTROL ==> "INTERNAL"
MIG: 10:52:13 :  Invalid Param: DDR3_FPGA_VOLT_TYPE ==> "N"
MIG: 10:52:13 :  Invalid Param: DDR3_RST_ACT_LOW ==> 1
MIG: 10:52:13 : 
MIG: 10:52:13 : 
MIG: 10:52:13 : 
MIG: 10:52:13 : Same Interface
MIG: 11:18:00 : Running synthesis.xit
MIG: 11:18:00 : IGN:     <ModuleName>design_1_mig_7series_0_0</ModuleName> <==>     <ModuleName>arty_linux_p1_mig_7series_0_0</ModuleName> 
MIG: 11:18:00 : ERR:     <Version>2.3</Version> <==>     <Version>4.0</Version> 
MIG: 11:18:00 : ################# RUNNING MIG BATCH ###################
MIG: 11:18:00 : Writing IN file for 'arty_linux_p1_mig_7series_0_0'...compDirPath: /opt/Xilinx/Vivado/2017.2/data/ip/xilinx/mig_7series_v4_0... instDirPath: /home/ramprasad/arty_projects_10-7-2017/arty_linux/arty_linux.srcs/sources_1/bd/arty_linux_p1/ip/arty_linux_p1_mig_7series_0_0
MIG: 11:18:00 : synp_flow:  -- synthesis_mode: Other
MIG: 11:18:00 : outputDirectory: /home/ramprasad/arty_projects_10-7-2017/arty_linux/arty_linux.srcs/sources_1/bd/arty_linux_p1/ip/arty_linux_p1_mig_7series_0_0/_tmp/
MIG: 11:18:00 : vivado_mode: xpg_bd
MIG: 11:18:00 : isPortInterface: 0
MIG: 11:18:00 : isPortInterface: 0
MIG: 11:18:00 : isPortInterface: 0
MIG: 11:18:00 : isPortInterface: 0
MIG: 11:18:00 : isPortInterface: 0
MIG: 11:18:00 : isPortInterface: 0
MIG: 11:18:00 : isPortInterface: 0
MIG: 11:18:00 : isPortInterface: 0
MIG: 11:18:00 : isPortInterface: 0
MIG: 11:18:00 : isPortInterface: 0
MIG: 11:18:00 : isPortInterface: 0
MIG: 11:18:00 : isPortInterface: 0
MIG: 11:18:00 : isPortInterface: 0
MIG: 11:18:00 : isPortInterface: 0
MIG: 11:18:00 : isPortInterface: 0
MIG: 11:18:00 : isPortInterface: 0
MIG: 11:18:00 : isPortInterface: 0
MIG: 11:18:00 : isPortInterface: 0
MIG: 11:18:00 : isPortInterface: 0
MIG: 11:18:00 : isPortInterface: 0
MIG: 11:18:00 : isPortInterface: 0
MIG: 11:18:00 : isPortInterface: 0
MIG: 11:18:00 : isPortInterface: 0
MIG: 11:18:00 : isPortInterface: 0
MIG: 11:18:00 : isPortInterface: 0
MIG: 11:18:00 : isPortInterface: 0
MIG: 11:18:00 : isPortInterface: 0
MIG: 11:18:00 : isPortInterface: 0
MIG: 11:18:00 : isPortInterface: 0
MIG: 11:18:00 : isPortInterface: 0
MIG: 11:18:00 : isPortInterface: 0
MIG: 11:18:00 : isPortInterface: 0
MIG: 11:18:00 : isPortInterface: 0
MIG: 11:18:00 : isPortInterface: 0
MIG: 11:18:00 : isPortInterface: 0
MIG: 11:18:00 : isPortInterface: 0
MIG: 11:18:00 : isPortInterface: 0
MIG: 11:18:00 : isPortInterface: 0
MIG: 11:18:00 : isPortInterface: 0
MIG: 11:18:00 : isPortInterface: 0
MIG: 11:18:00 : isPortInterface: 0
MIG: 11:18:00 : isPortInterface: 0
MIG: 11:18:00 : isPortInterface: 0
MIG: 11:18:00 : isPortInterface: 0
MIG: 11:18:00 : isPortInterface: 0
MIG: 11:18:00 : isPortInterface: 0
MIG: 11:18:00 : isPortInterface: 0
MIG: 11:18:00 : isPortInterface: 0
MIG: 11:18:00 : isPortInterface: 0
MIG: 11:18:00 : isPortInterface: 0
MIG: 11:18:00 : isPortInterface: 0
MIG: 11:18:00 : isPortInterface: 0
MIG: 11:18:00 : isPortInterface: 0
MIG: 11:18:00 : isPortInterface: 0
MIG: 11:18:00 : isPortInterface: 0
MIG: 11:18:00 : isPortInterface: 0
MIG: 11:18:00 : isPortInterface: 0
MIG: 11:18:00 : isPortInterface: 0
MIG: 11:18:00 : isPortInterface: 0
MIG: 11:18:00 : isPortInterface: 0
MIG: 11:18:00 : isPortInterface: 0
MIG: 11:18:00 : isPortInterface: 0
MIG: 11:18:00 : isPortInterface: 0
MIG: 11:18:00 : isPortInterface: 0
MIG: 11:18:00 : isPortInterface: 0
MIG: 11:18:00 : isPortInterface: 0
MIG: 11:18:00 : isPortInterface: 0
MIG: 11:18:00 : isPortInterface: 0
MIG: 11:18:00 : isPortInterface: 0
MIG: 11:18:00 : isPortInterface: 0
MIG: 11:18:00 : isPortInterface: 0
MIG: 11:18:00 : isPortInterface: 0
MIG: 11:18:00 : isPortInterface: 0
MIG: 11:18:00 : isPortInterface: 0
MIG: 11:18:00 : isPortInterface: 0
MIG: 11:18:00 : isPortInterface: 0
MIG: 11:18:00 : isPortInterface: 0
MIG: 11:18:00 : isPortInterface: 0
MIG: 11:18:00 : isPortInterface: 0
MIG: 11:18:00 : isPortInterface: 0
MIG: 11:18:00 : isPortInterface: 0
MIG: 11:18:00 : isPortInterface: 0
MIG: 11:18:00 : isPortInterface: 0
MIG: 11:18:00 : isPortInterface: 0
MIG: 11:18:00 : isPortInterface: 0
MIG: 11:18:00 : isPortInterface: 0
MIG: 11:18:00 : isPortInterface: 0
MIG: 11:18:00 : isPortInterface: 0
MIG: 11:18:00 : isPortInterface: 0
MIG: 11:18:00 : isPortInterface: 0
MIG: 11:18:00 : isPortInterface: 0
MIG: 11:18:00 : isPortInterface: 0
MIG: 11:18:00 : isPortInterface: 0
MIG: 11:18:00 : isPortInterface: 0
MIG: 11:18:00 : isPortInterface: 0
MIG: 11:18:00 : isPortInterface: 0
MIG: 11:18:00 : isPortInterface: 0
MIG: 11:18:00 : isPortInterface: 0
MIG: 11:18:00 : isPortInterface: 0
MIG: 11:18:00 : isPortInterface: 0
MIG: 11:18:00 : isPortInterface: 0
MIG: 11:18:00 : isPortInterface: 0
MIG: 11:18:00 : isPortInterface: 0
MIG: 11:18:00 : isPortInterface: 0
MIG: 11:18:00 : isPortInterface: 0
MIG: 11:18:00 : isPortInterface: 0
MIG: 11:18:00 : isPortInterface: 0
MIG: 11:18:00 : isPortInterface: 0
MIG: 11:18:00 : isPortInterface: 0
MIG: 11:18:00 : isPortInterface: 0
MIG: 11:18:00 : isPortInterface: 0
MIG: 11:18:00 : isPortInterface: 0
MIG: 11:18:00 : isPortInterface: 0
MIG: 11:18:00 : isPortInterface: 0
MIG: 11:18:00 : isPortInterface: 0
MIG: 11:18:00 : isPortInterface: 0
MIG: 11:18:00 : isPortInterface: 0
MIG: 11:18:00 : isPortInterface: 0
MIG: 11:18:00 : isPortInterface: 0
MIG: 11:18:00 : isPortInterface: 0
MIG: 11:18:00 : isPortInterface: 0
MIG: 11:18:00 : isPortInterface: 0
MIG: 11:18:00 : isPortInterface: 0
MIG: 11:18:00 : isPortInterface: 1
MIG: 11:18:00 : isPortInterface: 0
MIG: 11:18:00 : isPortInterface: 0
MIG: 11:18:00 : isPortInterface: 0
MIG: 11:18:00 : isPortInterface: 0
MIG: 11:18:00 : isPortInterface: 0
MIG: 11:18:00 : isPortInterface: 0
MIG: 11:18:00 : isPortInterface: 0
MIG: 11:18:00 : isPortInterface: 0
MIG: 11:18:00 : isPortInterface: 0
MIG: 11:18:00 : isPortInterface: 0
MIG: 11:18:00 :  locked false  
MIG: 11:18:00 : HDL Language: Verilog
MIG: 11:18:00 : compInfo: false
MIG: 11:18:00 : Vivado Options xc7a35ti csg324 -1l
MIG: 11:18:00 : 1: xc7a35ti 2: csg324 3: -1l
MIG: 11:18:00 : relative mig path: coregen/ip/xilinx/other/com/xilinx/ip/mig_7series_v4_0/bin/lin64/mig
MIG: 11:18:00 : xilinx_path: /opt/Xilinx/Vivado/2017.2/ids_lite/ISE
MIG: 11:18:00 : I am in catch area
MIG: 11:18:00 : Running /opt/Xilinx/Vivado/2017.2/ids_lite/ISE/coregen/ip/xilinx/other/com/xilinx/ip/mig_7series_v4_0/bin/lin64/mig -cg_exc_inp /home/ramprasad/arty_projects_10-7-2017/arty_linux/arty_linux.srcs/sources_1/bd/arty_linux_p1/ip/arty_linux_p1_mig_7series_0_0/xil_txt.in -cg_exc_out /home/ramprasad/arty_projects_10-7-2017/arty_linux/arty_linux.srcs/sources_1/bd/arty_linux_p1/ip/arty_linux_p1_mig_7series_0_0/xil_txt.out ... 
MIG: 11:18:10 : XML_INPUT_FILE: /home/ramprasad/arty_projects_10-7-2017/arty_linux/arty_linux.srcs/sources_1/bd/arty_linux_p1/ip/arty_linux_p1_mig_7series_0_0/board.prj
MIG: 11:18:10 : Component_Name: arty_linux_p1_mig_7series_0_0
MIG: 11:18:10 : Moving arty_linux_p1_mig_7series_0_0 ...
MIG: 11:18:10 : Moving arty_linux_p1_mig_7series_0_0_xmdf.tcl ...
MIG: 11:18:10 : Moving arty_linux_p1_mig_7series_0_0.veo ...
MIG: 11:18:10 : Running vlog_synth_rpr.xit
MIG: 11:18:10 : IGN:     <ModuleName>design_1_mig_7series_0_0</ModuleName> <==>     <ModuleName>arty_linux_p1_mig_7series_0_0</ModuleName> 
MIG: 11:18:10 : ERR:     <Version>2.3</Version> <==>     <Version>4.0</Version> 
MIG: 11:18:10 : ################# RUNNING MIG BATCH ###################
MIG: 11:18:10 : Writing IN file for 'arty_linux_p1_mig_7series_0_0'...compDirPath: /opt/Xilinx/Vivado/2017.2/data/ip/xilinx/mig_7series_v4_0... instDirPath: /home/ramprasad/arty_projects_10-7-2017/arty_linux/arty_linux.srcs/sources_1/bd/arty_linux_p1/ip/arty_linux_p1_mig_7series_0_0
MIG: 11:18:10 : synp_flow:  -- synthesis_mode: Other
MIG: 11:18:10 : outputDirectory: /home/ramprasad/arty_projects_10-7-2017/arty_linux/arty_linux.srcs/sources_1/bd/arty_linux_p1/ip/arty_linux_p1_mig_7series_0_0/_tmp/
MIG: 11:18:10 : vivado_mode: xpg_bd
MIG: 11:18:10 : isPortInterface: 0
MIG: 11:18:10 : isPortInterface: 0
MIG: 11:18:10 : isPortInterface: 0
MIG: 11:18:10 : isPortInterface: 0
MIG: 11:18:10 : isPortInterface: 0
MIG: 11:18:10 : isPortInterface: 0
MIG: 11:18:10 : isPortInterface: 0
MIG: 11:18:10 : isPortInterface: 0
MIG: 11:18:10 : isPortInterface: 0
MIG: 11:18:10 : isPortInterface: 0
MIG: 11:18:10 : isPortInterface: 0
MIG: 11:18:10 : isPortInterface: 0
MIG: 11:18:10 : isPortInterface: 0
MIG: 11:18:10 : isPortInterface: 0
MIG: 11:18:10 : isPortInterface: 0
MIG: 11:18:10 : isPortInterface: 0
MIG: 11:18:10 : isPortInterface: 0
MIG: 11:18:10 : isPortInterface: 0
MIG: 11:18:10 : isPortInterface: 0
MIG: 11:18:10 : isPortInterface: 0
MIG: 11:18:10 : isPortInterface: 0
MIG: 11:18:10 : isPortInterface: 0
MIG: 11:18:10 : isPortInterface: 0
MIG: 11:18:10 : isPortInterface: 0
MIG: 11:18:10 : isPortInterface: 0
MIG: 11:18:10 : isPortInterface: 0
MIG: 11:18:10 : isPortInterface: 0
MIG: 11:18:10 : isPortInterface: 0
MIG: 11:18:10 : isPortInterface: 0
MIG: 11:18:10 : isPortInterface: 0
MIG: 11:18:10 : isPortInterface: 0
MIG: 11:18:10 : isPortInterface: 0
MIG: 11:18:10 : isPortInterface: 0
MIG: 11:18:10 : isPortInterface: 0
MIG: 11:18:10 : isPortInterface: 0
MIG: 11:18:10 : isPortInterface: 0
MIG: 11:18:10 : isPortInterface: 0
MIG: 11:18:10 : isPortInterface: 0
MIG: 11:18:10 : isPortInterface: 0
MIG: 11:18:10 : isPortInterface: 0
MIG: 11:18:10 : isPortInterface: 0
MIG: 11:18:10 : isPortInterface: 0
MIG: 11:18:10 : isPortInterface: 0
MIG: 11:18:10 : isPortInterface: 0
MIG: 11:18:10 : isPortInterface: 0
MIG: 11:18:10 : isPortInterface: 0
MIG: 11:18:10 : isPortInterface: 0
MIG: 11:18:10 : isPortInterface: 0
MIG: 11:18:10 : isPortInterface: 0
MIG: 11:18:10 : isPortInterface: 0
MIG: 11:18:10 : isPortInterface: 0
MIG: 11:18:10 : isPortInterface: 0
MIG: 11:18:10 : isPortInterface: 0
MIG: 11:18:10 : isPortInterface: 0
MIG: 11:18:10 : isPortInterface: 0
MIG: 11:18:10 : isPortInterface: 0
MIG: 11:18:10 : isPortInterface: 0
MIG: 11:18:10 : isPortInterface: 0
MIG: 11:18:10 : isPortInterface: 0
MIG: 11:18:10 : isPortInterface: 0
MIG: 11:18:10 : isPortInterface: 0
MIG: 11:18:10 : isPortInterface: 0
MIG: 11:18:10 : isPortInterface: 0
MIG: 11:18:10 : isPortInterface: 0
MIG: 11:18:10 : isPortInterface: 0
MIG: 11:18:10 : isPortInterface: 0
MIG: 11:18:10 : isPortInterface: 0
MIG: 11:18:10 : isPortInterface: 0
MIG: 11:18:10 : isPortInterface: 0
MIG: 11:18:10 : isPortInterface: 0
MIG: 11:18:10 : isPortInterface: 0
MIG: 11:18:10 : isPortInterface: 0
MIG: 11:18:10 : isPortInterface: 0
MIG: 11:18:10 : isPortInterface: 0
MIG: 11:18:10 : isPortInterface: 0
MIG: 11:18:10 : isPortInterface: 0
MIG: 11:18:10 : isPortInterface: 0
MIG: 11:18:10 : isPortInterface: 0
MIG: 11:18:10 : isPortInterface: 0
MIG: 11:18:10 : isPortInterface: 0
MIG: 11:18:10 : isPortInterface: 0
MIG: 11:18:10 : isPortInterface: 0
MIG: 11:18:10 : isPortInterface: 0
MIG: 11:18:10 : isPortInterface: 0
MIG: 11:18:10 : isPortInterface: 0
MIG: 11:18:10 : isPortInterface: 0
MIG: 11:18:10 : isPortInterface: 0
MIG: 11:18:10 : isPortInterface: 0
MIG: 11:18:10 : isPortInterface: 0
MIG: 11:18:10 : isPortInterface: 0
MIG: 11:18:10 : isPortInterface: 0
MIG: 11:18:10 : isPortInterface: 0
MIG: 11:18:10 : isPortInterface: 0
MIG: 11:18:10 : isPortInterface: 0
MIG: 11:18:10 : isPortInterface: 0
MIG: 11:18:10 : isPortInterface: 0
MIG: 11:18:10 : isPortInterface: 0
MIG: 11:18:10 : isPortInterface: 0
MIG: 11:18:10 : isPortInterface: 0
MIG: 11:18:10 : isPortInterface: 0
MIG: 11:18:10 : isPortInterface: 0
MIG: 11:18:10 : isPortInterface: 0
MIG: 11:18:10 : isPortInterface: 0
MIG: 11:18:10 : isPortInterface: 0
MIG: 11:18:10 : isPortInterface: 0
MIG: 11:18:10 : isPortInterface: 0
MIG: 11:18:10 : isPortInterface: 0
MIG: 11:18:10 : isPortInterface: 0
MIG: 11:18:10 : isPortInterface: 0
MIG: 11:18:10 : isPortInterface: 0
MIG: 11:18:10 : isPortInterface: 0
MIG: 11:18:10 : isPortInterface: 0
MIG: 11:18:10 : isPortInterface: 0
MIG: 11:18:10 : isPortInterface: 0
MIG: 11:18:10 : isPortInterface: 0
MIG: 11:18:10 : isPortInterface: 0
MIG: 11:18:10 : isPortInterface: 0
MIG: 11:18:10 : isPortInterface: 0
MIG: 11:18:10 : isPortInterface: 0
MIG: 11:18:10 : isPortInterface: 0
MIG: 11:18:10 : isPortInterface: 0
MIG: 11:18:10 : isPortInterface: 0
MIG: 11:18:10 : isPortInterface: 0
MIG: 11:18:10 : isPortInterface: 1
MIG: 11:18:10 : isPortInterface: 0
MIG: 11:18:10 : isPortInterface: 0
MIG: 11:18:10 : isPortInterface: 0
MIG: 11:18:10 : isPortInterface: 0
MIG: 11:18:10 : isPortInterface: 0
MIG: 11:18:10 : isPortInterface: 0
MIG: 11:18:10 : isPortInterface: 0
MIG: 11:18:10 : isPortInterface: 0
MIG: 11:18:10 : isPortInterface: 0
MIG: 11:18:10 : isPortInterface: 0
MIG: 11:18:10 :  locked false  
MIG: 11:18:10 : HDL Language: Verilog
MIG: 11:18:10 : compInfo: false
MIG: 11:18:10 : Vivado Options xc7a35ti csg324 -1l
MIG: 11:18:10 : 1: xc7a35ti 2: csg324 3: -1l
MIG: 11:18:10 : relative mig path: coregen/ip/xilinx/other/com/xilinx/ip/mig_7series_v4_0/bin/lin64/mig
MIG: 11:18:10 : xilinx_path: /opt/Xilinx/Vivado/2017.2/ids_lite/ISE
MIG: 11:18:10 : I am in catch area
MIG: 11:18:10 : Running /opt/Xilinx/Vivado/2017.2/ids_lite/ISE/coregen/ip/xilinx/other/com/xilinx/ip/mig_7series_v4_0/bin/lin64/mig -cg_exc_inp /home/ramprasad/arty_projects_10-7-2017/arty_linux/arty_linux.srcs/sources_1/bd/arty_linux_p1/ip/arty_linux_p1_mig_7series_0_0/xil_txt.in -cg_exc_out /home/ramprasad/arty_projects_10-7-2017/arty_linux/arty_linux.srcs/sources_1/bd/arty_linux_p1/ip/arty_linux_p1_mig_7series_0_0/xil_txt.out ... 
MIG: 11:18:20 : XML_INPUT_FILE: /home/ramprasad/arty_projects_10-7-2017/arty_linux/arty_linux.srcs/sources_1/bd/arty_linux_p1/ip/arty_linux_p1_mig_7series_0_0/board.prj
MIG: 11:18:20 : Component_Name: arty_linux_p1_mig_7series_0_0
MIG: 11:18:20 : Moving arty_linux_p1_mig_7series_0_0 ...
MIG: 11:18:20 : Moving arty_linux_p1_mig_7series_0_0_xmdf.tcl ...
MIG: 11:18:20 : Moving arty_linux_p1_mig_7series_0_0.veo ...
MIG: 11:18:20 : Running simulation.xit
MIG: 11:18:20 : IGN:     <ModuleName>design_1_mig_7series_0_0</ModuleName> <==>     <ModuleName>arty_linux_p1_mig_7series_0_0</ModuleName> 
MIG: 11:18:20 : ERR:     <Version>2.3</Version> <==>     <Version>4.0</Version> 
MIG: 11:18:20 : ################# RUNNING MIG BATCH ###################
MIG: 11:18:20 : Writing IN file for 'arty_linux_p1_mig_7series_0_0'...compDirPath: /opt/Xilinx/Vivado/2017.2/data/ip/xilinx/mig_7series_v4_0... instDirPath: /home/ramprasad/arty_projects_10-7-2017/arty_linux/arty_linux.srcs/sources_1/bd/arty_linux_p1/ip/arty_linux_p1_mig_7series_0_0
MIG: 11:18:20 : synp_flow:  -- synthesis_mode: Other
MIG: 11:18:20 : outputDirectory: /home/ramprasad/arty_projects_10-7-2017/arty_linux/arty_linux.srcs/sources_1/bd/arty_linux_p1/ip/arty_linux_p1_mig_7series_0_0/_tmp/
MIG: 11:18:20 : vivado_mode: xpg_bd
MIG: 11:18:20 : isPortInterface: 0
MIG: 11:18:20 : isPortInterface: 0
MIG: 11:18:20 : isPortInterface: 0
MIG: 11:18:20 : isPortInterface: 0
MIG: 11:18:20 : isPortInterface: 0
MIG: 11:18:20 : isPortInterface: 0
MIG: 11:18:20 : isPortInterface: 0
MIG: 11:18:20 : isPortInterface: 0
MIG: 11:18:20 : isPortInterface: 0
MIG: 11:18:20 : isPortInterface: 0
MIG: 11:18:20 : isPortInterface: 0
MIG: 11:18:20 : isPortInterface: 0
MIG: 11:18:20 : isPortInterface: 0
MIG: 11:18:20 : isPortInterface: 0
MIG: 11:18:20 : isPortInterface: 0
MIG: 11:18:20 : isPortInterface: 0
MIG: 11:18:20 : isPortInterface: 0
MIG: 11:18:20 : isPortInterface: 0
MIG: 11:18:20 : isPortInterface: 0
MIG: 11:18:20 : isPortInterface: 0
MIG: 11:18:20 : isPortInterface: 0
MIG: 11:18:20 : isPortInterface: 0
MIG: 11:18:20 : isPortInterface: 0
MIG: 11:18:20 : isPortInterface: 0
MIG: 11:18:20 : isPortInterface: 0
MIG: 11:18:20 : isPortInterface: 0
MIG: 11:18:20 : isPortInterface: 0
MIG: 11:18:20 : isPortInterface: 0
MIG: 11:18:20 : isPortInterface: 0
MIG: 11:18:20 : isPortInterface: 0
MIG: 11:18:20 : isPortInterface: 0
MIG: 11:18:20 : isPortInterface: 0
MIG: 11:18:20 : isPortInterface: 0
MIG: 11:18:20 : isPortInterface: 0
MIG: 11:18:20 : isPortInterface: 0
MIG: 11:18:20 : isPortInterface: 0
MIG: 11:18:20 : isPortInterface: 0
MIG: 11:18:20 : isPortInterface: 0
MIG: 11:18:20 : isPortInterface: 0
MIG: 11:18:20 : isPortInterface: 0
MIG: 11:18:20 : isPortInterface: 0
MIG: 11:18:20 : isPortInterface: 0
MIG: 11:18:20 : isPortInterface: 0
MIG: 11:18:20 : isPortInterface: 0
MIG: 11:18:20 : isPortInterface: 0
MIG: 11:18:20 : isPortInterface: 0
MIG: 11:18:20 : isPortInterface: 0
MIG: 11:18:20 : isPortInterface: 0
MIG: 11:18:20 : isPortInterface: 0
MIG: 11:18:20 : isPortInterface: 0
MIG: 11:18:20 : isPortInterface: 0
MIG: 11:18:20 : isPortInterface: 0
MIG: 11:18:20 : isPortInterface: 0
MIG: 11:18:20 : isPortInterface: 0
MIG: 11:18:20 : isPortInterface: 0
MIG: 11:18:20 : isPortInterface: 0
MIG: 11:18:20 : isPortInterface: 0
MIG: 11:18:20 : isPortInterface: 0
MIG: 11:18:20 : isPortInterface: 0
MIG: 11:18:20 : isPortInterface: 0
MIG: 11:18:20 : isPortInterface: 0
MIG: 11:18:20 : isPortInterface: 0
MIG: 11:18:20 : isPortInterface: 0
MIG: 11:18:20 : isPortInterface: 0
MIG: 11:18:20 : isPortInterface: 0
MIG: 11:18:20 : isPortInterface: 0
MIG: 11:18:20 : isPortInterface: 0
MIG: 11:18:20 : isPortInterface: 0
MIG: 11:18:20 : isPortInterface: 0
MIG: 11:18:20 : isPortInterface: 0
MIG: 11:18:20 : isPortInterface: 0
MIG: 11:18:20 : isPortInterface: 0
MIG: 11:18:20 : isPortInterface: 0
MIG: 11:18:20 : isPortInterface: 0
MIG: 11:18:20 : isPortInterface: 0
MIG: 11:18:20 : isPortInterface: 0
MIG: 11:18:20 : isPortInterface: 0
MIG: 11:18:20 : isPortInterface: 0
MIG: 11:18:20 : isPortInterface: 0
MIG: 11:18:20 : isPortInterface: 0
MIG: 11:18:20 : isPortInterface: 0
MIG: 11:18:20 : isPortInterface: 0
MIG: 11:18:20 : isPortInterface: 0
MIG: 11:18:20 : isPortInterface: 0
MIG: 11:18:20 : isPortInterface: 0
MIG: 11:18:20 : isPortInterface: 0
MIG: 11:18:20 : isPortInterface: 0
MIG: 11:18:20 : isPortInterface: 0
MIG: 11:18:20 : isPortInterface: 0
MIG: 11:18:20 : isPortInterface: 0
MIG: 11:18:20 : isPortInterface: 0
MIG: 11:18:20 : isPortInterface: 0
MIG: 11:18:20 : isPortInterface: 0
MIG: 11:18:20 : isPortInterface: 0
MIG: 11:18:20 : isPortInterface: 0
MIG: 11:18:20 : isPortInterface: 0
MIG: 11:18:20 : isPortInterface: 0
MIG: 11:18:20 : isPortInterface: 0
MIG: 11:18:20 : isPortInterface: 0
MIG: 11:18:20 : isPortInterface: 0
MIG: 11:18:20 : isPortInterface: 0
MIG: 11:18:20 : isPortInterface: 0
MIG: 11:18:20 : isPortInterface: 0
MIG: 11:18:20 : isPortInterface: 0
MIG: 11:18:20 : isPortInterface: 0
MIG: 11:18:20 : isPortInterface: 0
MIG: 11:18:20 : isPortInterface: 0
MIG: 11:18:20 : isPortInterface: 0
MIG: 11:18:20 : isPortInterface: 0
MIG: 11:18:20 : isPortInterface: 0
MIG: 11:18:20 : isPortInterface: 0
MIG: 11:18:20 : isPortInterface: 0
MIG: 11:18:20 : isPortInterface: 0
MIG: 11:18:20 : isPortInterface: 0
MIG: 11:18:20 : isPortInterface: 0
MIG: 11:18:20 : isPortInterface: 0
MIG: 11:18:20 : isPortInterface: 0
MIG: 11:18:20 : isPortInterface: 0
MIG: 11:18:20 : isPortInterface: 0
MIG: 11:18:20 : isPortInterface: 0
MIG: 11:18:20 : isPortInterface: 0
MIG: 11:18:20 : isPortInterface: 0
MIG: 11:18:20 : isPortInterface: 0
MIG: 11:18:20 : isPortInterface: 1
MIG: 11:18:20 : isPortInterface: 0
MIG: 11:18:20 : isPortInterface: 0
MIG: 11:18:20 : isPortInterface: 0
MIG: 11:18:20 : isPortInterface: 0
MIG: 11:18:20 : isPortInterface: 0
MIG: 11:18:20 : isPortInterface: 0
MIG: 11:18:20 : isPortInterface: 0
MIG: 11:18:20 : isPortInterface: 0
MIG: 11:18:20 : isPortInterface: 0
MIG: 11:18:20 : isPortInterface: 0
MIG: 11:18:20 :  locked false  
MIG: 11:18:20 : HDL Language: Verilog
MIG: 11:18:20 : compInfo: false
MIG: 11:18:20 : Vivado Options xc7a35ti csg324 -1l
MIG: 11:18:20 : 1: xc7a35ti 2: csg324 3: -1l
MIG: 11:18:20 : relative mig path: coregen/ip/xilinx/other/com/xilinx/ip/mig_7series_v4_0/bin/lin64/mig
MIG: 11:18:20 : xilinx_path: /opt/Xilinx/Vivado/2017.2/ids_lite/ISE
MIG: 11:18:20 : I am in catch area
MIG: 11:18:20 : Running /opt/Xilinx/Vivado/2017.2/ids_lite/ISE/coregen/ip/xilinx/other/com/xilinx/ip/mig_7series_v4_0/bin/lin64/mig -cg_exc_inp /home/ramprasad/arty_projects_10-7-2017/arty_linux/arty_linux.srcs/sources_1/bd/arty_linux_p1/ip/arty_linux_p1_mig_7series_0_0/xil_txt.in -cg_exc_out /home/ramprasad/arty_projects_10-7-2017/arty_linux/arty_linux.srcs/sources_1/bd/arty_linux_p1/ip/arty_linux_p1_mig_7series_0_0/xil_txt.out ... 
MIG: 11:18:30 : XML_INPUT_FILE: /home/ramprasad/arty_projects_10-7-2017/arty_linux/arty_linux.srcs/sources_1/bd/arty_linux_p1/ip/arty_linux_p1_mig_7series_0_0/board.prj
MIG: 11:18:30 : Component_Name: arty_linux_p1_mig_7series_0_0
MIG: 11:18:30 : Moving arty_linux_p1_mig_7series_0_0 ...
MIG: 11:18:30 : Moving arty_linux_p1_mig_7series_0_0_xmdf.tcl ...
MIG: 11:18:30 : Moving arty_linux_p1_mig_7series_0_0.veo ...
MIG: 11:18:30 : Running vlog_sim_rpr.xit .. PRASAD DBG1
MIG: 11:18:30 : IGN:     <ModuleName>design_1_mig_7series_0_0</ModuleName> <==>     <ModuleName>arty_linux_p1_mig_7series_0_0</ModuleName> 
MIG: 11:18:30 : ERR:     <Version>2.3</Version> <==>     <Version>4.0</Version> 
MIG: 11:18:30 : ################# RUNNING MIG BATCH ###################
MIG: 11:18:30 : Writing IN file for 'arty_linux_p1_mig_7series_0_0'...compDirPath: /opt/Xilinx/Vivado/2017.2/data/ip/xilinx/mig_7series_v4_0... instDirPath: /home/ramprasad/arty_projects_10-7-2017/arty_linux/arty_linux.srcs/sources_1/bd/arty_linux_p1/ip/arty_linux_p1_mig_7series_0_0
MIG: 11:18:30 : synp_flow:  -- synthesis_mode: Other
MIG: 11:18:30 : outputDirectory: /home/ramprasad/arty_projects_10-7-2017/arty_linux/arty_linux.srcs/sources_1/bd/arty_linux_p1/ip/arty_linux_p1_mig_7series_0_0/_tmp/
MIG: 11:18:30 : vivado_mode: xpg_bd
MIG: 11:18:30 : isPortInterface: 0
MIG: 11:18:30 : isPortInterface: 0
MIG: 11:18:30 : isPortInterface: 0
MIG: 11:18:30 : isPortInterface: 0
MIG: 11:18:30 : isPortInterface: 0
MIG: 11:18:30 : isPortInterface: 0
MIG: 11:18:30 : isPortInterface: 0
MIG: 11:18:30 : isPortInterface: 0
MIG: 11:18:30 : isPortInterface: 0
MIG: 11:18:30 : isPortInterface: 0
MIG: 11:18:30 : isPortInterface: 0
MIG: 11:18:30 : isPortInterface: 0
MIG: 11:18:30 : isPortInterface: 0
MIG: 11:18:30 : isPortInterface: 0
MIG: 11:18:30 : isPortInterface: 0
MIG: 11:18:30 : isPortInterface: 0
MIG: 11:18:30 : isPortInterface: 0
MIG: 11:18:30 : isPortInterface: 0
MIG: 11:18:30 : isPortInterface: 0
MIG: 11:18:30 : isPortInterface: 0
MIG: 11:18:30 : isPortInterface: 0
MIG: 11:18:30 : isPortInterface: 0
MIG: 11:18:30 : isPortInterface: 0
MIG: 11:18:30 : isPortInterface: 0
MIG: 11:18:30 : isPortInterface: 0
MIG: 11:18:30 : isPortInterface: 0
MIG: 11:18:30 : isPortInterface: 0
MIG: 11:18:30 : isPortInterface: 0
MIG: 11:18:30 : isPortInterface: 0
MIG: 11:18:30 : isPortInterface: 0
MIG: 11:18:30 : isPortInterface: 0
MIG: 11:18:30 : isPortInterface: 0
MIG: 11:18:30 : isPortInterface: 0
MIG: 11:18:30 : isPortInterface: 0
MIG: 11:18:30 : isPortInterface: 0
MIG: 11:18:30 : isPortInterface: 0
MIG: 11:18:30 : isPortInterface: 0
MIG: 11:18:30 : isPortInterface: 0
MIG: 11:18:30 : isPortInterface: 0
MIG: 11:18:30 : isPortInterface: 0
MIG: 11:18:30 : isPortInterface: 0
MIG: 11:18:30 : isPortInterface: 0
MIG: 11:18:30 : isPortInterface: 0
MIG: 11:18:30 : isPortInterface: 0
MIG: 11:18:30 : isPortInterface: 0
MIG: 11:18:30 : isPortInterface: 0
MIG: 11:18:30 : isPortInterface: 0
MIG: 11:18:30 : isPortInterface: 0
MIG: 11:18:30 : isPortInterface: 0
MIG: 11:18:30 : isPortInterface: 0
MIG: 11:18:30 : isPortInterface: 0
MIG: 11:18:30 : isPortInterface: 0
MIG: 11:18:30 : isPortInterface: 0
MIG: 11:18:30 : isPortInterface: 0
MIG: 11:18:30 : isPortInterface: 0
MIG: 11:18:30 : isPortInterface: 0
MIG: 11:18:30 : isPortInterface: 0
MIG: 11:18:30 : isPortInterface: 0
MIG: 11:18:30 : isPortInterface: 0
MIG: 11:18:30 : isPortInterface: 0
MIG: 11:18:30 : isPortInterface: 0
MIG: 11:18:30 : isPortInterface: 0
MIG: 11:18:30 : isPortInterface: 0
MIG: 11:18:30 : isPortInterface: 0
MIG: 11:18:30 : isPortInterface: 0
MIG: 11:18:30 : isPortInterface: 0
MIG: 11:18:30 : isPortInterface: 0
MIG: 11:18:30 : isPortInterface: 0
MIG: 11:18:30 : isPortInterface: 0
MIG: 11:18:30 : isPortInterface: 0
MIG: 11:18:30 : isPortInterface: 0
MIG: 11:18:30 : isPortInterface: 0
MIG: 11:18:30 : isPortInterface: 0
MIG: 11:18:30 : isPortInterface: 0
MIG: 11:18:30 : isPortInterface: 0
MIG: 11:18:30 : isPortInterface: 0
MIG: 11:18:30 : isPortInterface: 0
MIG: 11:18:30 : isPortInterface: 0
MIG: 11:18:30 : isPortInterface: 0
MIG: 11:18:30 : isPortInterface: 0
MIG: 11:18:30 : isPortInterface: 0
MIG: 11:18:30 : isPortInterface: 0
MIG: 11:18:30 : isPortInterface: 0
MIG: 11:18:30 : isPortInterface: 0
MIG: 11:18:30 : isPortInterface: 0
MIG: 11:18:30 : isPortInterface: 0
MIG: 11:18:30 : isPortInterface: 0
MIG: 11:18:30 : isPortInterface: 0
MIG: 11:18:30 : isPortInterface: 0
MIG: 11:18:30 : isPortInterface: 0
MIG: 11:18:30 : isPortInterface: 0
MIG: 11:18:30 : isPortInterface: 0
MIG: 11:18:30 : isPortInterface: 0
MIG: 11:18:30 : isPortInterface: 0
MIG: 11:18:30 : isPortInterface: 0
MIG: 11:18:30 : isPortInterface: 0
MIG: 11:18:30 : isPortInterface: 0
MIG: 11:18:30 : isPortInterface: 0
MIG: 11:18:30 : isPortInterface: 0
MIG: 11:18:30 : isPortInterface: 0
MIG: 11:18:30 : isPortInterface: 0
MIG: 11:18:30 : isPortInterface: 0
MIG: 11:18:30 : isPortInterface: 0
MIG: 11:18:30 : isPortInterface: 0
MIG: 11:18:30 : isPortInterface: 0
MIG: 11:18:30 : isPortInterface: 0
MIG: 11:18:30 : isPortInterface: 0
MIG: 11:18:30 : isPortInterface: 0
MIG: 11:18:30 : isPortInterface: 0
MIG: 11:18:30 : isPortInterface: 0
MIG: 11:18:30 : isPortInterface: 0
MIG: 11:18:30 : isPortInterface: 0
MIG: 11:18:30 : isPortInterface: 0
MIG: 11:18:30 : isPortInterface: 0
MIG: 11:18:30 : isPortInterface: 0
MIG: 11:18:30 : isPortInterface: 0
MIG: 11:18:30 : isPortInterface: 0
MIG: 11:18:30 : isPortInterface: 0
MIG: 11:18:30 : isPortInterface: 0
MIG: 11:18:30 : isPortInterface: 0
MIG: 11:18:30 : isPortInterface: 0
MIG: 11:18:30 : isPortInterface: 0
MIG: 11:18:30 : isPortInterface: 0
MIG: 11:18:30 : isPortInterface: 1
MIG: 11:18:30 : isPortInterface: 0
MIG: 11:18:30 : isPortInterface: 0
MIG: 11:18:30 : isPortInterface: 0
MIG: 11:18:30 : isPortInterface: 0
MIG: 11:18:30 : isPortInterface: 0
MIG: 11:18:30 : isPortInterface: 0
MIG: 11:18:30 : isPortInterface: 0
MIG: 11:18:30 : isPortInterface: 0
MIG: 11:18:30 : isPortInterface: 0
MIG: 11:18:30 : isPortInterface: 0
MIG: 11:18:30 :  locked false  
MIG: 11:18:30 : HDL Language: Verilog
MIG: 11:18:30 : compInfo: false
MIG: 11:18:30 : Vivado Options xc7a35ti csg324 -1l
MIG: 11:18:30 : 1: xc7a35ti 2: csg324 3: -1l
MIG: 11:18:30 : relative mig path: coregen/ip/xilinx/other/com/xilinx/ip/mig_7series_v4_0/bin/lin64/mig
MIG: 11:18:30 : xilinx_path: /opt/Xilinx/Vivado/2017.2/ids_lite/ISE
MIG: 11:18:30 : I am in catch area
MIG: 11:18:30 : Running /opt/Xilinx/Vivado/2017.2/ids_lite/ISE/coregen/ip/xilinx/other/com/xilinx/ip/mig_7series_v4_0/bin/lin64/mig -cg_exc_inp /home/ramprasad/arty_projects_10-7-2017/arty_linux/arty_linux.srcs/sources_1/bd/arty_linux_p1/ip/arty_linux_p1_mig_7series_0_0/xil_txt.in -cg_exc_out /home/ramprasad/arty_projects_10-7-2017/arty_linux/arty_linux.srcs/sources_1/bd/arty_linux_p1/ip/arty_linux_p1_mig_7series_0_0/xil_txt.out ... 
MIG: 11:18:39 : XML_INPUT_FILE: /home/ramprasad/arty_projects_10-7-2017/arty_linux/arty_linux.srcs/sources_1/bd/arty_linux_p1/ip/arty_linux_p1_mig_7series_0_0/board.prj
MIG: 11:18:39 : Component_Name: arty_linux_p1_mig_7series_0_0
MIG: 11:18:39 : Moving arty_linux_p1_mig_7series_0_0 ...
MIG: 11:18:39 : Moving arty_linux_p1_mig_7series_0_0_xmdf.tcl ...
MIG: 11:18:39 : Moving arty_linux_p1_mig_7series_0_0.veo ...
MIG: 11:18:40 : Running implementation.xit
MIG: 11:18:40 : IGN:     <ModuleName>design_1_mig_7series_0_0</ModuleName> <==>     <ModuleName>arty_linux_p1_mig_7series_0_0</ModuleName> 
MIG: 11:18:40 : ERR:     <Version>2.3</Version> <==>     <Version>4.0</Version> 
MIG: 11:18:40 : ################# RUNNING MIG BATCH ###################
MIG: 11:18:40 : Writing IN file for 'arty_linux_p1_mig_7series_0_0'...compDirPath: /opt/Xilinx/Vivado/2017.2/data/ip/xilinx/mig_7series_v4_0... instDirPath: /home/ramprasad/arty_projects_10-7-2017/arty_linux/arty_linux.srcs/sources_1/bd/arty_linux_p1/ip/arty_linux_p1_mig_7series_0_0
MIG: 11:18:40 : synp_flow:  -- synthesis_mode: Other
MIG: 11:18:40 : outputDirectory: /home/ramprasad/arty_projects_10-7-2017/arty_linux/arty_linux.srcs/sources_1/bd/arty_linux_p1/ip/arty_linux_p1_mig_7series_0_0/_tmp/
MIG: 11:18:40 : vivado_mode: xpg_bd
MIG: 11:18:40 : isPortInterface: 0
MIG: 11:18:40 : isPortInterface: 0
MIG: 11:18:40 : isPortInterface: 0
MIG: 11:18:40 : isPortInterface: 0
MIG: 11:18:40 : isPortInterface: 0
MIG: 11:18:40 : isPortInterface: 0
MIG: 11:18:40 : isPortInterface: 0
MIG: 11:18:40 : isPortInterface: 0
MIG: 11:18:40 : isPortInterface: 0
MIG: 11:18:40 : isPortInterface: 0
MIG: 11:18:40 : isPortInterface: 0
MIG: 11:18:40 : isPortInterface: 0
MIG: 11:18:40 : isPortInterface: 0
MIG: 11:18:40 : isPortInterface: 0
MIG: 11:18:40 : isPortInterface: 0
MIG: 11:18:40 : isPortInterface: 0
MIG: 11:18:40 : isPortInterface: 0
MIG: 11:18:40 : isPortInterface: 0
MIG: 11:18:40 : isPortInterface: 0
MIG: 11:18:40 : isPortInterface: 0
MIG: 11:18:40 : isPortInterface: 0
MIG: 11:18:40 : isPortInterface: 0
MIG: 11:18:40 : isPortInterface: 0
MIG: 11:18:40 : isPortInterface: 0
MIG: 11:18:40 : isPortInterface: 0
MIG: 11:18:40 : isPortInterface: 0
MIG: 11:18:40 : isPortInterface: 0
MIG: 11:18:40 : isPortInterface: 0
MIG: 11:18:40 : isPortInterface: 0
MIG: 11:18:40 : isPortInterface: 0
MIG: 11:18:40 : isPortInterface: 0
MIG: 11:18:40 : isPortInterface: 0
MIG: 11:18:40 : isPortInterface: 0
MIG: 11:18:40 : isPortInterface: 0
MIG: 11:18:40 : isPortInterface: 0
MIG: 11:18:40 : isPortInterface: 0
MIG: 11:18:40 : isPortInterface: 0
MIG: 11:18:40 : isPortInterface: 0
MIG: 11:18:40 : isPortInterface: 0
MIG: 11:18:40 : isPortInterface: 0
MIG: 11:18:40 : isPortInterface: 0
MIG: 11:18:40 : isPortInterface: 0
MIG: 11:18:40 : isPortInterface: 0
MIG: 11:18:40 : isPortInterface: 0
MIG: 11:18:40 : isPortInterface: 0
MIG: 11:18:40 : isPortInterface: 0
MIG: 11:18:40 : isPortInterface: 0
MIG: 11:18:40 : isPortInterface: 0
MIG: 11:18:40 : isPortInterface: 0
MIG: 11:18:40 : isPortInterface: 0
MIG: 11:18:40 : isPortInterface: 0
MIG: 11:18:40 : isPortInterface: 0
MIG: 11:18:40 : isPortInterface: 0
MIG: 11:18:40 : isPortInterface: 0
MIG: 11:18:40 : isPortInterface: 0
MIG: 11:18:40 : isPortInterface: 0
MIG: 11:18:40 : isPortInterface: 0
MIG: 11:18:40 : isPortInterface: 0
MIG: 11:18:40 : isPortInterface: 0
MIG: 11:18:40 : isPortInterface: 0
MIG: 11:18:40 : isPortInterface: 0
MIG: 11:18:40 : isPortInterface: 0
MIG: 11:18:40 : isPortInterface: 0
MIG: 11:18:40 : isPortInterface: 0
MIG: 11:18:40 : isPortInterface: 0
MIG: 11:18:40 : isPortInterface: 0
MIG: 11:18:40 : isPortInterface: 0
MIG: 11:18:40 : isPortInterface: 0
MIG: 11:18:40 : isPortInterface: 0
MIG: 11:18:40 : isPortInterface: 0
MIG: 11:18:40 : isPortInterface: 0
MIG: 11:18:40 : isPortInterface: 0
MIG: 11:18:40 : isPortInterface: 0
MIG: 11:18:40 : isPortInterface: 0
MIG: 11:18:40 : isPortInterface: 0
MIG: 11:18:40 : isPortInterface: 0
MIG: 11:18:40 : isPortInterface: 0
MIG: 11:18:40 : isPortInterface: 0
MIG: 11:18:40 : isPortInterface: 0
MIG: 11:18:40 : isPortInterface: 0
MIG: 11:18:40 : isPortInterface: 0
MIG: 11:18:40 : isPortInterface: 0
MIG: 11:18:40 : isPortInterface: 0
MIG: 11:18:40 : isPortInterface: 0
MIG: 11:18:40 : isPortInterface: 0
MIG: 11:18:40 : isPortInterface: 0
MIG: 11:18:40 : isPortInterface: 0
MIG: 11:18:40 : isPortInterface: 0
MIG: 11:18:40 : isPortInterface: 0
MIG: 11:18:40 : isPortInterface: 0
MIG: 11:18:40 : isPortInterface: 0
MIG: 11:18:40 : isPortInterface: 0
MIG: 11:18:40 : isPortInterface: 0
MIG: 11:18:40 : isPortInterface: 0
MIG: 11:18:40 : isPortInterface: 0
MIG: 11:18:40 : isPortInterface: 0
MIG: 11:18:40 : isPortInterface: 0
MIG: 11:18:40 : isPortInterface: 0
MIG: 11:18:40 : isPortInterface: 0
MIG: 11:18:40 : isPortInterface: 0
MIG: 11:18:40 : isPortInterface: 0
MIG: 11:18:40 : isPortInterface: 0
MIG: 11:18:40 : isPortInterface: 0
MIG: 11:18:40 : isPortInterface: 0
MIG: 11:18:40 : isPortInterface: 0
MIG: 11:18:40 : isPortInterface: 0
MIG: 11:18:40 : isPortInterface: 0
MIG: 11:18:40 : isPortInterface: 0
MIG: 11:18:40 : isPortInterface: 0
MIG: 11:18:40 : isPortInterface: 0
MIG: 11:18:40 : isPortInterface: 0
MIG: 11:18:40 : isPortInterface: 0
MIG: 11:18:40 : isPortInterface: 0
MIG: 11:18:40 : isPortInterface: 0
MIG: 11:18:40 : isPortInterface: 0
MIG: 11:18:40 : isPortInterface: 0
MIG: 11:18:40 : isPortInterface: 0
MIG: 11:18:40 : isPortInterface: 0
MIG: 11:18:40 : isPortInterface: 0
MIG: 11:18:40 : isPortInterface: 0
MIG: 11:18:40 : isPortInterface: 0
MIG: 11:18:40 : isPortInterface: 0
MIG: 11:18:40 : isPortInterface: 0
MIG: 11:18:40 : isPortInterface: 1
MIG: 11:18:40 : isPortInterface: 0
MIG: 11:18:40 : isPortInterface: 0
MIG: 11:18:40 : isPortInterface: 0
MIG: 11:18:40 : isPortInterface: 0
MIG: 11:18:40 : isPortInterface: 0
MIG: 11:18:40 : isPortInterface: 0
MIG: 11:18:40 : isPortInterface: 0
MIG: 11:18:40 : isPortInterface: 0
MIG: 11:18:40 : isPortInterface: 0
MIG: 11:18:40 : isPortInterface: 0
MIG: 11:18:40 :  locked false  
MIG: 11:18:40 : HDL Language: Verilog
MIG: 11:18:40 : compInfo: false
MIG: 11:18:40 : Vivado Options xc7a35ti csg324 -1l
MIG: 11:18:40 : 1: xc7a35ti 2: csg324 3: -1l
MIG: 11:18:40 : relative mig path: coregen/ip/xilinx/other/com/xilinx/ip/mig_7series_v4_0/bin/lin64/mig
MIG: 11:18:40 : xilinx_path: /opt/Xilinx/Vivado/2017.2/ids_lite/ISE
MIG: 11:18:40 : I am in catch area
MIG: 11:18:40 : Running /opt/Xilinx/Vivado/2017.2/ids_lite/ISE/coregen/ip/xilinx/other/com/xilinx/ip/mig_7series_v4_0/bin/lin64/mig -cg_exc_inp /home/ramprasad/arty_projects_10-7-2017/arty_linux/arty_linux.srcs/sources_1/bd/arty_linux_p1/ip/arty_linux_p1_mig_7series_0_0/xil_txt.in -cg_exc_out /home/ramprasad/arty_projects_10-7-2017/arty_linux/arty_linux.srcs/sources_1/bd/arty_linux_p1/ip/arty_linux_p1_mig_7series_0_0/xil_txt.out ... 
MIG: 11:18:50 : XML_INPUT_FILE: /home/ramprasad/arty_projects_10-7-2017/arty_linux/arty_linux.srcs/sources_1/bd/arty_linux_p1/ip/arty_linux_p1_mig_7series_0_0/board.prj
MIG: 11:18:50 : Component_Name: arty_linux_p1_mig_7series_0_0
MIG: 11:18:50 : Moving arty_linux_p1_mig_7series_0_0 ...
MIG: 11:18:50 : Moving arty_linux_p1_mig_7series_0_0_xmdf.tcl ...
MIG: 11:18:50 : Moving arty_linux_p1_mig_7series_0_0.veo ...
MIG: 20:18:08 : xml_input_file: board.prj
MIG: 20:18:08 : Absolute path of xml_input_file: /home/ramprasad/arty_projects_10-7-2017/arty_linux/arty_linux.srcs/sources_1/bd/arty_linux_p1/ip/arty_linux_p1_mig_7series_0_0/board.prj
MIG: 20:18:08 : xml_input_file: board.prj
MIG: 20:18:08 : Absolute path of xml_input_file: /home/ramprasad/arty_projects_10-7-2017/arty_linux/arty_linux.srcs/sources_1/bd/arty_linux_p1/ip/arty_linux_p1_mig_7series_0_0/board.prj
MIG: 09:56:13 : xml_input_file: board.prj
MIG: 09:56:13 : Absolute path of xml_input_file: /home/ramprasad/arty_projects_10-7-2017/arty_linux/arty_linux.srcs/sources_1/bd/arty_linux_p1/ip/arty_linux_p1_mig_7series_0_0/board.prj
MIG: 09:56:13 : xml_input_file: board.prj
MIG: 09:56:13 : Absolute path of xml_input_file: /home/ramprasad/arty_projects_10-7-2017/arty_linux/arty_linux.srcs/sources_1/bd/arty_linux_p1/ip/arty_linux_p1_mig_7series_0_0/board.prj
